[2024-08-27T22:30:00.422+0000] {processor.py:186} INFO - Started process (PID=101) to work on /home/airflow/.local/lib/python3.12/site-packages/airflow/example_dags/example_latest_only_with_trigger.py
[2024-08-27T22:30:00.423+0000] {processor.py:914} INFO - Processing file /home/airflow/.local/lib/python3.12/site-packages/airflow/example_dags/example_latest_only_with_trigger.py for tasks to queue
[2024-08-27T22:30:00.426+0000] {logging_mixin.py:190} INFO - [2024-08-27T22:30:00.425+0000] {dagbag.py:587} INFO - Filling up the DagBag from /home/airflow/.local/lib/python3.12/site-packages/airflow/example_dags/example_latest_only_with_trigger.py
[2024-08-27T22:30:00.436+0000] {processor.py:925} INFO - DAG(s) 'latest_only_with_trigger' retrieved from /home/airflow/.local/lib/python3.12/site-packages/airflow/example_dags/example_latest_only_with_trigger.py
[2024-08-27T22:30:00.623+0000] {logging_mixin.py:190} INFO - [2024-08-27T22:30:00.623+0000] {override.py:1858} INFO - Created Permission View: can edit on DAG:latest_only_with_trigger
[2024-08-27T22:30:00.650+0000] {logging_mixin.py:190} INFO - [2024-08-27T22:30:00.649+0000] {override.py:1858} INFO - Created Permission View: can delete on DAG:latest_only_with_trigger
[2024-08-27T22:30:00.658+0000] {logging_mixin.py:190} INFO - [2024-08-27T22:30:00.657+0000] {override.py:1858} INFO - Created Permission View: can read on DAG:latest_only_with_trigger
[2024-08-27T22:30:00.658+0000] {logging_mixin.py:190} INFO - [2024-08-27T22:30:00.658+0000] {dag.py:3211} INFO - Sync 1 DAGs
[2024-08-27T22:30:00.681+0000] {logging_mixin.py:190} INFO - [2024-08-27T22:30:00.680+0000] {dag.py:3234} INFO - Creating ORM DAG for latest_only_with_trigger
[2024-08-27T22:30:00.698+0000] {logging_mixin.py:190} INFO - [2024-08-27T22:30:00.697+0000] {dag.py:4138} INFO - Setting next_dagrun for latest_only_with_trigger to 2024-08-27 16:00:00+00:00, run_after=2024-08-27 20:00:00+00:00
[2024-08-27T22:30:00.756+0000] {processor.py:208} INFO - Processing /home/airflow/.local/lib/python3.12/site-packages/airflow/example_dags/example_latest_only_with_trigger.py took 0.343 seconds
[2024-08-27T22:30:31.219+0000] {processor.py:186} INFO - Started process (PID=164) to work on /home/airflow/.local/lib/python3.12/site-packages/airflow/example_dags/example_latest_only_with_trigger.py
[2024-08-27T22:30:31.220+0000] {processor.py:914} INFO - Processing file /home/airflow/.local/lib/python3.12/site-packages/airflow/example_dags/example_latest_only_with_trigger.py for tasks to queue
[2024-08-27T22:30:31.222+0000] {logging_mixin.py:190} INFO - [2024-08-27T22:30:31.222+0000] {dagbag.py:587} INFO - Filling up the DagBag from /home/airflow/.local/lib/python3.12/site-packages/airflow/example_dags/example_latest_only_with_trigger.py
[2024-08-27T22:30:31.230+0000] {processor.py:925} INFO - DAG(s) 'latest_only_with_trigger' retrieved from /home/airflow/.local/lib/python3.12/site-packages/airflow/example_dags/example_latest_only_with_trigger.py
[2024-08-27T22:30:31.262+0000] {logging_mixin.py:190} INFO - [2024-08-27T22:30:31.261+0000] {dag.py:3211} INFO - Sync 1 DAGs
[2024-08-27T22:30:31.314+0000] {logging_mixin.py:190} INFO - [2024-08-27T22:30:31.314+0000] {dag.py:4138} INFO - Setting next_dagrun for latest_only_with_trigger to 2024-08-27 16:00:00+00:00, run_after=2024-08-27 20:00:00+00:00
[2024-08-27T22:30:31.359+0000] {processor.py:208} INFO - Processing /home/airflow/.local/lib/python3.12/site-packages/airflow/example_dags/example_latest_only_with_trigger.py took 0.145 seconds
[2024-08-27T22:30:51.608+0000] {processor.py:186} INFO - Started process (PID=227) to work on /home/airflow/.local/lib/python3.12/site-packages/airflow/example_dags/example_latest_only_with_trigger.py
[2024-08-27T22:30:51.611+0000] {processor.py:914} INFO - Processing file /home/airflow/.local/lib/python3.12/site-packages/airflow/example_dags/example_latest_only_with_trigger.py for tasks to queue
[2024-08-27T22:30:51.649+0000] {logging_mixin.py:190} INFO - [2024-08-27T22:30:51.613+0000] {dagbag.py:587} INFO - Filling up the DagBag from /home/airflow/.local/lib/python3.12/site-packages/airflow/example_dags/example_latest_only_with_trigger.py
[2024-08-27T22:30:51.794+0000] {processor.py:925} INFO - DAG(s) 'latest_only_with_trigger' retrieved from /home/airflow/.local/lib/python3.12/site-packages/airflow/example_dags/example_latest_only_with_trigger.py
[2024-08-27T22:30:51.972+0000] {logging_mixin.py:190} INFO - [2024-08-27T22:30:51.972+0000] {dag.py:3211} INFO - Sync 1 DAGs
[2024-08-27T22:30:52.160+0000] {logging_mixin.py:190} INFO - [2024-08-27T22:30:52.160+0000] {dag.py:4138} INFO - Setting next_dagrun for latest_only_with_trigger to 2024-08-27 16:00:00+00:00, run_after=2024-08-27 20:00:00+00:00
[2024-08-27T22:30:52.334+0000] {processor.py:208} INFO - Processing /home/airflow/.local/lib/python3.12/site-packages/airflow/example_dags/example_latest_only_with_trigger.py took 0.807 seconds
[2024-08-27T22:31:22.808+0000] {processor.py:186} INFO - Started process (PID=289) to work on /home/airflow/.local/lib/python3.12/site-packages/airflow/example_dags/example_latest_only_with_trigger.py
[2024-08-27T22:31:22.812+0000] {processor.py:914} INFO - Processing file /home/airflow/.local/lib/python3.12/site-packages/airflow/example_dags/example_latest_only_with_trigger.py for tasks to queue
[2024-08-27T22:31:22.817+0000] {logging_mixin.py:190} INFO - [2024-08-27T22:31:22.817+0000] {dagbag.py:587} INFO - Filling up the DagBag from /home/airflow/.local/lib/python3.12/site-packages/airflow/example_dags/example_latest_only_with_trigger.py
[2024-08-27T22:31:22.830+0000] {processor.py:925} INFO - DAG(s) 'latest_only_with_trigger' retrieved from /home/airflow/.local/lib/python3.12/site-packages/airflow/example_dags/example_latest_only_with_trigger.py
[2024-08-27T22:31:22.877+0000] {logging_mixin.py:190} INFO - [2024-08-27T22:31:22.877+0000] {dag.py:3211} INFO - Sync 1 DAGs
[2024-08-27T22:31:22.907+0000] {logging_mixin.py:190} INFO - [2024-08-27T22:31:22.907+0000] {dag.py:4138} INFO - Setting next_dagrun for latest_only_with_trigger to 2024-08-27 16:00:00+00:00, run_after=2024-08-27 20:00:00+00:00
[2024-08-27T22:31:22.943+0000] {processor.py:208} INFO - Processing /home/airflow/.local/lib/python3.12/site-packages/airflow/example_dags/example_latest_only_with_trigger.py took 0.144 seconds
[2024-08-27T22:31:53.505+0000] {processor.py:186} INFO - Started process (PID=350) to work on /home/airflow/.local/lib/python3.12/site-packages/airflow/example_dags/example_latest_only_with_trigger.py
[2024-08-27T22:31:53.509+0000] {processor.py:914} INFO - Processing file /home/airflow/.local/lib/python3.12/site-packages/airflow/example_dags/example_latest_only_with_trigger.py for tasks to queue
[2024-08-27T22:31:53.512+0000] {logging_mixin.py:190} INFO - [2024-08-27T22:31:53.511+0000] {dagbag.py:587} INFO - Filling up the DagBag from /home/airflow/.local/lib/python3.12/site-packages/airflow/example_dags/example_latest_only_with_trigger.py
[2024-08-27T22:31:53.522+0000] {processor.py:925} INFO - DAG(s) 'latest_only_with_trigger' retrieved from /home/airflow/.local/lib/python3.12/site-packages/airflow/example_dags/example_latest_only_with_trigger.py
[2024-08-27T22:31:53.704+0000] {logging_mixin.py:190} INFO - [2024-08-27T22:31:53.703+0000] {dag.py:3211} INFO - Sync 1 DAGs
[2024-08-27T22:31:53.831+0000] {logging_mixin.py:190} INFO - [2024-08-27T22:31:53.830+0000] {dag.py:4138} INFO - Setting next_dagrun for latest_only_with_trigger to 2024-08-27 16:00:00+00:00, run_after=2024-08-27 20:00:00+00:00
[2024-08-27T22:31:53.892+0000] {processor.py:208} INFO - Processing /home/airflow/.local/lib/python3.12/site-packages/airflow/example_dags/example_latest_only_with_trigger.py took 0.418 seconds
[2024-08-27T22:32:24.008+0000] {processor.py:186} INFO - Started process (PID=411) to work on /home/airflow/.local/lib/python3.12/site-packages/airflow/example_dags/example_latest_only_with_trigger.py
[2024-08-27T22:32:24.011+0000] {processor.py:914} INFO - Processing file /home/airflow/.local/lib/python3.12/site-packages/airflow/example_dags/example_latest_only_with_trigger.py for tasks to queue
[2024-08-27T22:32:24.015+0000] {logging_mixin.py:190} INFO - [2024-08-27T22:32:24.014+0000] {dagbag.py:587} INFO - Filling up the DagBag from /home/airflow/.local/lib/python3.12/site-packages/airflow/example_dags/example_latest_only_with_trigger.py
[2024-08-27T22:32:24.023+0000] {processor.py:925} INFO - DAG(s) 'latest_only_with_trigger' retrieved from /home/airflow/.local/lib/python3.12/site-packages/airflow/example_dags/example_latest_only_with_trigger.py
[2024-08-27T22:32:24.064+0000] {logging_mixin.py:190} INFO - [2024-08-27T22:32:24.064+0000] {dag.py:3211} INFO - Sync 1 DAGs
[2024-08-27T22:32:24.116+0000] {logging_mixin.py:190} INFO - [2024-08-27T22:32:24.107+0000] {dag.py:4138} INFO - Setting next_dagrun for latest_only_with_trigger to 2024-08-27 16:00:00+00:00, run_after=2024-08-27 20:00:00+00:00
[2024-08-27T22:32:24.172+0000] {processor.py:208} INFO - Processing /home/airflow/.local/lib/python3.12/site-packages/airflow/example_dags/example_latest_only_with_trigger.py took 0.179 seconds
[2024-08-27T22:32:54.767+0000] {processor.py:186} INFO - Started process (PID=474) to work on /home/airflow/.local/lib/python3.12/site-packages/airflow/example_dags/example_latest_only_with_trigger.py
[2024-08-27T22:32:54.768+0000] {processor.py:914} INFO - Processing file /home/airflow/.local/lib/python3.12/site-packages/airflow/example_dags/example_latest_only_with_trigger.py for tasks to queue
[2024-08-27T22:32:54.775+0000] {logging_mixin.py:190} INFO - [2024-08-27T22:32:54.774+0000] {dagbag.py:587} INFO - Filling up the DagBag from /home/airflow/.local/lib/python3.12/site-packages/airflow/example_dags/example_latest_only_with_trigger.py
[2024-08-27T22:32:54.788+0000] {processor.py:925} INFO - DAG(s) 'latest_only_with_trigger' retrieved from /home/airflow/.local/lib/python3.12/site-packages/airflow/example_dags/example_latest_only_with_trigger.py
[2024-08-27T22:32:54.829+0000] {logging_mixin.py:190} INFO - [2024-08-27T22:32:54.829+0000] {dag.py:3211} INFO - Sync 1 DAGs
[2024-08-27T22:32:54.870+0000] {logging_mixin.py:190} INFO - [2024-08-27T22:32:54.869+0000] {dag.py:4138} INFO - Setting next_dagrun for latest_only_with_trigger to 2024-08-27 16:00:00+00:00, run_after=2024-08-27 20:00:00+00:00
[2024-08-27T22:32:54.892+0000] {processor.py:208} INFO - Processing /home/airflow/.local/lib/python3.12/site-packages/airflow/example_dags/example_latest_only_with_trigger.py took 0.144 seconds
[2024-08-27T22:33:24.939+0000] {processor.py:186} INFO - Started process (PID=535) to work on /home/airflow/.local/lib/python3.12/site-packages/airflow/example_dags/example_latest_only_with_trigger.py
[2024-08-27T22:33:24.941+0000] {processor.py:914} INFO - Processing file /home/airflow/.local/lib/python3.12/site-packages/airflow/example_dags/example_latest_only_with_trigger.py for tasks to queue
[2024-08-27T22:33:24.944+0000] {logging_mixin.py:190} INFO - [2024-08-27T22:33:24.943+0000] {dagbag.py:587} INFO - Filling up the DagBag from /home/airflow/.local/lib/python3.12/site-packages/airflow/example_dags/example_latest_only_with_trigger.py
[2024-08-27T22:33:24.952+0000] {processor.py:925} INFO - DAG(s) 'latest_only_with_trigger' retrieved from /home/airflow/.local/lib/python3.12/site-packages/airflow/example_dags/example_latest_only_with_trigger.py
[2024-08-27T22:33:24.986+0000] {logging_mixin.py:190} INFO - [2024-08-27T22:33:24.985+0000] {dag.py:3211} INFO - Sync 1 DAGs
[2024-08-27T22:33:25.013+0000] {logging_mixin.py:190} INFO - [2024-08-27T22:33:25.013+0000] {dag.py:4138} INFO - Setting next_dagrun for latest_only_with_trigger to 2024-08-27 16:00:00+00:00, run_after=2024-08-27 20:00:00+00:00
[2024-08-27T22:33:25.044+0000] {processor.py:208} INFO - Processing /home/airflow/.local/lib/python3.12/site-packages/airflow/example_dags/example_latest_only_with_trigger.py took 0.111 seconds
[2024-08-27T22:33:58.982+0000] {processor.py:186} INFO - Started process (PID=597) to work on /home/airflow/.local/lib/python3.12/site-packages/airflow/example_dags/example_latest_only_with_trigger.py
[2024-08-27T22:33:58.999+0000] {processor.py:914} INFO - Processing file /home/airflow/.local/lib/python3.12/site-packages/airflow/example_dags/example_latest_only_with_trigger.py for tasks to queue
[2024-08-27T22:33:59.001+0000] {logging_mixin.py:190} INFO - [2024-08-27T22:33:59.001+0000] {dagbag.py:587} INFO - Filling up the DagBag from /home/airflow/.local/lib/python3.12/site-packages/airflow/example_dags/example_latest_only_with_trigger.py
[2024-08-27T22:33:59.030+0000] {processor.py:925} INFO - DAG(s) 'latest_only_with_trigger' retrieved from /home/airflow/.local/lib/python3.12/site-packages/airflow/example_dags/example_latest_only_with_trigger.py
[2024-08-27T22:33:59.120+0000] {logging_mixin.py:190} INFO - [2024-08-27T22:33:59.120+0000] {dag.py:3211} INFO - Sync 1 DAGs
[2024-08-27T22:33:59.157+0000] {logging_mixin.py:190} INFO - [2024-08-27T22:33:59.155+0000] {dag.py:4138} INFO - Setting next_dagrun for latest_only_with_trigger to 2024-08-27 16:00:00+00:00, run_after=2024-08-27 20:00:00+00:00
[2024-08-27T22:33:59.189+0000] {processor.py:208} INFO - Processing /home/airflow/.local/lib/python3.12/site-packages/airflow/example_dags/example_latest_only_with_trigger.py took 0.262 seconds
[2024-08-27T22:36:44.960+0000] {processor.py:186} INFO - Started process (PID=101) to work on /home/airflow/.local/lib/python3.12/site-packages/airflow/example_dags/example_latest_only_with_trigger.py
[2024-08-27T22:36:44.999+0000] {processor.py:914} INFO - Processing file /home/airflow/.local/lib/python3.12/site-packages/airflow/example_dags/example_latest_only_with_trigger.py for tasks to queue
[2024-08-27T22:36:45.003+0000] {logging_mixin.py:190} INFO - [2024-08-27T22:36:45.003+0000] {dagbag.py:587} INFO - Filling up the DagBag from /home/airflow/.local/lib/python3.12/site-packages/airflow/example_dags/example_latest_only_with_trigger.py
[2024-08-27T22:36:45.094+0000] {processor.py:925} INFO - DAG(s) 'latest_only_with_trigger' retrieved from /home/airflow/.local/lib/python3.12/site-packages/airflow/example_dags/example_latest_only_with_trigger.py
[2024-08-27T22:36:45.527+0000] {logging_mixin.py:190} INFO - [2024-08-27T22:36:45.526+0000] {override.py:1858} INFO - Created Permission View: can delete on DAG:latest_only_with_trigger
[2024-08-27T22:36:45.562+0000] {logging_mixin.py:190} INFO - [2024-08-27T22:36:45.562+0000] {override.py:1858} INFO - Created Permission View: can edit on DAG:latest_only_with_trigger
[2024-08-27T22:36:45.583+0000] {logging_mixin.py:190} INFO - [2024-08-27T22:36:45.583+0000] {override.py:1858} INFO - Created Permission View: can read on DAG:latest_only_with_trigger
[2024-08-27T22:36:45.584+0000] {logging_mixin.py:190} INFO - [2024-08-27T22:36:45.583+0000] {dag.py:3211} INFO - Sync 1 DAGs
[2024-08-27T22:36:45.614+0000] {logging_mixin.py:190} INFO - [2024-08-27T22:36:45.613+0000] {dag.py:3234} INFO - Creating ORM DAG for latest_only_with_trigger
[2024-08-27T22:36:45.659+0000] {logging_mixin.py:190} INFO - [2024-08-27T22:36:45.658+0000] {dag.py:4138} INFO - Setting next_dagrun for latest_only_with_trigger to 2024-08-27 16:00:00+00:00, run_after=2024-08-27 20:00:00+00:00
[2024-08-27T22:36:45.738+0000] {processor.py:208} INFO - Processing /home/airflow/.local/lib/python3.12/site-packages/airflow/example_dags/example_latest_only_with_trigger.py took 0.785 seconds
[2024-08-27T22:37:16.426+0000] {processor.py:186} INFO - Started process (PID=163) to work on /home/airflow/.local/lib/python3.12/site-packages/airflow/example_dags/example_latest_only_with_trigger.py
[2024-08-27T22:37:16.427+0000] {processor.py:914} INFO - Processing file /home/airflow/.local/lib/python3.12/site-packages/airflow/example_dags/example_latest_only_with_trigger.py for tasks to queue
[2024-08-27T22:37:16.428+0000] {logging_mixin.py:190} INFO - [2024-08-27T22:37:16.428+0000] {dagbag.py:587} INFO - Filling up the DagBag from /home/airflow/.local/lib/python3.12/site-packages/airflow/example_dags/example_latest_only_with_trigger.py
[2024-08-27T22:37:16.437+0000] {processor.py:925} INFO - DAG(s) 'latest_only_with_trigger' retrieved from /home/airflow/.local/lib/python3.12/site-packages/airflow/example_dags/example_latest_only_with_trigger.py
[2024-08-27T22:37:16.466+0000] {logging_mixin.py:190} INFO - [2024-08-27T22:37:16.466+0000] {dag.py:3211} INFO - Sync 1 DAGs
[2024-08-27T22:37:16.503+0000] {logging_mixin.py:190} INFO - [2024-08-27T22:37:16.503+0000] {dag.py:4138} INFO - Setting next_dagrun for latest_only_with_trigger to 2024-08-27 16:00:00+00:00, run_after=2024-08-27 20:00:00+00:00
[2024-08-27T22:37:16.531+0000] {processor.py:208} INFO - Processing /home/airflow/.local/lib/python3.12/site-packages/airflow/example_dags/example_latest_only_with_trigger.py took 0.110 seconds
[2024-08-27T22:37:46.848+0000] {processor.py:186} INFO - Started process (PID=225) to work on /home/airflow/.local/lib/python3.12/site-packages/airflow/example_dags/example_latest_only_with_trigger.py
[2024-08-27T22:37:46.849+0000] {processor.py:914} INFO - Processing file /home/airflow/.local/lib/python3.12/site-packages/airflow/example_dags/example_latest_only_with_trigger.py for tasks to queue
[2024-08-27T22:37:46.851+0000] {logging_mixin.py:190} INFO - [2024-08-27T22:37:46.851+0000] {dagbag.py:587} INFO - Filling up the DagBag from /home/airflow/.local/lib/python3.12/site-packages/airflow/example_dags/example_latest_only_with_trigger.py
[2024-08-27T22:37:46.861+0000] {processor.py:925} INFO - DAG(s) 'latest_only_with_trigger' retrieved from /home/airflow/.local/lib/python3.12/site-packages/airflow/example_dags/example_latest_only_with_trigger.py
[2024-08-27T22:37:46.895+0000] {logging_mixin.py:190} INFO - [2024-08-27T22:37:46.894+0000] {dag.py:3211} INFO - Sync 1 DAGs
[2024-08-27T22:37:46.971+0000] {logging_mixin.py:190} INFO - [2024-08-27T22:37:46.971+0000] {dag.py:4138} INFO - Setting next_dagrun for latest_only_with_trigger to 2024-08-27 16:00:00+00:00, run_after=2024-08-27 20:00:00+00:00
[2024-08-27T22:37:47.032+0000] {processor.py:208} INFO - Processing /home/airflow/.local/lib/python3.12/site-packages/airflow/example_dags/example_latest_only_with_trigger.py took 0.191 seconds
