[2024-08-27T22:30:03.853+0000] {processor.py:186} INFO - Started process (PID=116) to work on /home/airflow/.local/lib/python3.12/site-packages/airflow/example_dags/example_short_circuit_operator.py
[2024-08-27T22:30:03.854+0000] {processor.py:914} INFO - Processing file /home/airflow/.local/lib/python3.12/site-packages/airflow/example_dags/example_short_circuit_operator.py for tasks to queue
[2024-08-27T22:30:03.856+0000] {logging_mixin.py:190} INFO - [2024-08-27T22:30:03.856+0000] {dagbag.py:587} INFO - Filling up the DagBag from /home/airflow/.local/lib/python3.12/site-packages/airflow/example_dags/example_short_circuit_operator.py
[2024-08-27T22:30:03.867+0000] {processor.py:925} INFO - DAG(s) 'example_short_circuit_operator' retrieved from /home/airflow/.local/lib/python3.12/site-packages/airflow/example_dags/example_short_circuit_operator.py
[2024-08-27T22:30:04.023+0000] {logging_mixin.py:190} INFO - [2024-08-27T22:30:04.022+0000] {override.py:1858} INFO - Created Permission View: can edit on DAG:example_short_circuit_operator
[2024-08-27T22:30:04.041+0000] {logging_mixin.py:190} INFO - [2024-08-27T22:30:04.040+0000] {override.py:1858} INFO - Created Permission View: can delete on DAG:example_short_circuit_operator
[2024-08-27T22:30:04.050+0000] {logging_mixin.py:190} INFO - [2024-08-27T22:30:04.049+0000] {override.py:1858} INFO - Created Permission View: can read on DAG:example_short_circuit_operator
[2024-08-27T22:30:04.050+0000] {logging_mixin.py:190} INFO - [2024-08-27T22:30:04.050+0000] {dag.py:3211} INFO - Sync 1 DAGs
[2024-08-27T22:30:04.071+0000] {logging_mixin.py:190} INFO - [2024-08-27T22:30:04.070+0000] {dag.py:3234} INFO - Creating ORM DAG for example_short_circuit_operator
[2024-08-27T22:30:04.094+0000] {logging_mixin.py:190} INFO - [2024-08-27T22:30:04.093+0000] {dag.py:4138} INFO - Setting next_dagrun for example_short_circuit_operator to 2024-08-26 00:00:00+00:00, run_after=2024-08-27 00:00:00+00:00
[2024-08-27T22:30:04.132+0000] {processor.py:208} INFO - Processing /home/airflow/.local/lib/python3.12/site-packages/airflow/example_dags/example_short_circuit_operator.py took 0.286 seconds
[2024-08-27T22:30:35.004+0000] {processor.py:186} INFO - Started process (PID=179) to work on /home/airflow/.local/lib/python3.12/site-packages/airflow/example_dags/example_short_circuit_operator.py
[2024-08-27T22:30:35.017+0000] {processor.py:914} INFO - Processing file /home/airflow/.local/lib/python3.12/site-packages/airflow/example_dags/example_short_circuit_operator.py for tasks to queue
[2024-08-27T22:30:35.020+0000] {logging_mixin.py:190} INFO - [2024-08-27T22:30:35.019+0000] {dagbag.py:587} INFO - Filling up the DagBag from /home/airflow/.local/lib/python3.12/site-packages/airflow/example_dags/example_short_circuit_operator.py
[2024-08-27T22:30:35.042+0000] {processor.py:925} INFO - DAG(s) 'example_short_circuit_operator' retrieved from /home/airflow/.local/lib/python3.12/site-packages/airflow/example_dags/example_short_circuit_operator.py
[2024-08-27T22:30:36.158+0000] {logging_mixin.py:190} INFO - [2024-08-27T22:30:36.157+0000] {dag.py:3211} INFO - Sync 1 DAGs
[2024-08-27T22:30:36.189+0000] {logging_mixin.py:190} INFO - [2024-08-27T22:30:36.189+0000] {dag.py:4138} INFO - Setting next_dagrun for example_short_circuit_operator to 2024-08-26 00:00:00+00:00, run_after=2024-08-27 00:00:00+00:00
[2024-08-27T22:30:36.223+0000] {processor.py:208} INFO - Processing /home/airflow/.local/lib/python3.12/site-packages/airflow/example_dags/example_short_circuit_operator.py took 1.240 seconds
[2024-08-27T22:30:56.930+0000] {processor.py:186} INFO - Started process (PID=242) to work on /home/airflow/.local/lib/python3.12/site-packages/airflow/example_dags/example_short_circuit_operator.py
[2024-08-27T22:30:56.940+0000] {processor.py:914} INFO - Processing file /home/airflow/.local/lib/python3.12/site-packages/airflow/example_dags/example_short_circuit_operator.py for tasks to queue
[2024-08-27T22:30:56.961+0000] {logging_mixin.py:190} INFO - [2024-08-27T22:30:56.961+0000] {dagbag.py:587} INFO - Filling up the DagBag from /home/airflow/.local/lib/python3.12/site-packages/airflow/example_dags/example_short_circuit_operator.py
[2024-08-27T22:30:57.057+0000] {processor.py:925} INFO - DAG(s) 'example_short_circuit_operator' retrieved from /home/airflow/.local/lib/python3.12/site-packages/airflow/example_dags/example_short_circuit_operator.py
[2024-08-27T22:30:57.223+0000] {logging_mixin.py:190} INFO - [2024-08-27T22:30:57.223+0000] {dag.py:3211} INFO - Sync 1 DAGs
[2024-08-27T22:30:57.409+0000] {logging_mixin.py:190} INFO - [2024-08-27T22:30:57.398+0000] {dag.py:4138} INFO - Setting next_dagrun for example_short_circuit_operator to 2024-08-26 00:00:00+00:00, run_after=2024-08-27 00:00:00+00:00
[2024-08-27T22:30:57.537+0000] {processor.py:208} INFO - Processing /home/airflow/.local/lib/python3.12/site-packages/airflow/example_dags/example_short_circuit_operator.py took 0.657 seconds
[2024-08-27T22:31:28.529+0000] {processor.py:186} INFO - Started process (PID=303) to work on /home/airflow/.local/lib/python3.12/site-packages/airflow/example_dags/example_short_circuit_operator.py
[2024-08-27T22:31:28.539+0000] {processor.py:914} INFO - Processing file /home/airflow/.local/lib/python3.12/site-packages/airflow/example_dags/example_short_circuit_operator.py for tasks to queue
[2024-08-27T22:31:28.542+0000] {logging_mixin.py:190} INFO - [2024-08-27T22:31:28.542+0000] {dagbag.py:587} INFO - Filling up the DagBag from /home/airflow/.local/lib/python3.12/site-packages/airflow/example_dags/example_short_circuit_operator.py
[2024-08-27T22:31:28.558+0000] {processor.py:925} INFO - DAG(s) 'example_short_circuit_operator' retrieved from /home/airflow/.local/lib/python3.12/site-packages/airflow/example_dags/example_short_circuit_operator.py
[2024-08-27T22:31:28.620+0000] {logging_mixin.py:190} INFO - [2024-08-27T22:31:28.620+0000] {dag.py:3211} INFO - Sync 1 DAGs
[2024-08-27T22:31:28.665+0000] {logging_mixin.py:190} INFO - [2024-08-27T22:31:28.664+0000] {dag.py:4138} INFO - Setting next_dagrun for example_short_circuit_operator to 2024-08-26 00:00:00+00:00, run_after=2024-08-27 00:00:00+00:00
[2024-08-27T22:31:28.697+0000] {processor.py:208} INFO - Processing /home/airflow/.local/lib/python3.12/site-packages/airflow/example_dags/example_short_circuit_operator.py took 0.175 seconds
[2024-08-27T22:31:58.941+0000] {processor.py:186} INFO - Started process (PID=364) to work on /home/airflow/.local/lib/python3.12/site-packages/airflow/example_dags/example_short_circuit_operator.py
[2024-08-27T22:31:58.958+0000] {processor.py:914} INFO - Processing file /home/airflow/.local/lib/python3.12/site-packages/airflow/example_dags/example_short_circuit_operator.py for tasks to queue
[2024-08-27T22:31:58.961+0000] {logging_mixin.py:190} INFO - [2024-08-27T22:31:58.961+0000] {dagbag.py:587} INFO - Filling up the DagBag from /home/airflow/.local/lib/python3.12/site-packages/airflow/example_dags/example_short_circuit_operator.py
[2024-08-27T22:31:58.976+0000] {processor.py:925} INFO - DAG(s) 'example_short_circuit_operator' retrieved from /home/airflow/.local/lib/python3.12/site-packages/airflow/example_dags/example_short_circuit_operator.py
[2024-08-27T22:31:59.103+0000] {logging_mixin.py:190} INFO - [2024-08-27T22:31:59.102+0000] {dag.py:3211} INFO - Sync 1 DAGs
[2024-08-27T22:31:59.153+0000] {logging_mixin.py:190} INFO - [2024-08-27T22:31:59.152+0000] {dag.py:4138} INFO - Setting next_dagrun for example_short_circuit_operator to 2024-08-26 00:00:00+00:00, run_after=2024-08-27 00:00:00+00:00
[2024-08-27T22:31:59.202+0000] {processor.py:208} INFO - Processing /home/airflow/.local/lib/python3.12/site-packages/airflow/example_dags/example_short_circuit_operator.py took 0.268 seconds
[2024-08-27T22:32:29.943+0000] {processor.py:186} INFO - Started process (PID=426) to work on /home/airflow/.local/lib/python3.12/site-packages/airflow/example_dags/example_short_circuit_operator.py
[2024-08-27T22:32:29.945+0000] {processor.py:914} INFO - Processing file /home/airflow/.local/lib/python3.12/site-packages/airflow/example_dags/example_short_circuit_operator.py for tasks to queue
[2024-08-27T22:32:29.947+0000] {logging_mixin.py:190} INFO - [2024-08-27T22:32:29.947+0000] {dagbag.py:587} INFO - Filling up the DagBag from /home/airflow/.local/lib/python3.12/site-packages/airflow/example_dags/example_short_circuit_operator.py
[2024-08-27T22:32:29.957+0000] {processor.py:925} INFO - DAG(s) 'example_short_circuit_operator' retrieved from /home/airflow/.local/lib/python3.12/site-packages/airflow/example_dags/example_short_circuit_operator.py
[2024-08-27T22:32:29.986+0000] {logging_mixin.py:190} INFO - [2024-08-27T22:32:29.986+0000] {dag.py:3211} INFO - Sync 1 DAGs
[2024-08-27T22:32:30.016+0000] {logging_mixin.py:190} INFO - [2024-08-27T22:32:30.015+0000] {dag.py:4138} INFO - Setting next_dagrun for example_short_circuit_operator to 2024-08-26 00:00:00+00:00, run_after=2024-08-27 00:00:00+00:00
[2024-08-27T22:32:30.046+0000] {processor.py:208} INFO - Processing /home/airflow/.local/lib/python3.12/site-packages/airflow/example_dags/example_short_circuit_operator.py took 0.110 seconds
[2024-08-27T22:33:00.134+0000] {processor.py:186} INFO - Started process (PID=488) to work on /home/airflow/.local/lib/python3.12/site-packages/airflow/example_dags/example_short_circuit_operator.py
[2024-08-27T22:33:00.136+0000] {processor.py:914} INFO - Processing file /home/airflow/.local/lib/python3.12/site-packages/airflow/example_dags/example_short_circuit_operator.py for tasks to queue
[2024-08-27T22:33:00.139+0000] {logging_mixin.py:190} INFO - [2024-08-27T22:33:00.138+0000] {dagbag.py:587} INFO - Filling up the DagBag from /home/airflow/.local/lib/python3.12/site-packages/airflow/example_dags/example_short_circuit_operator.py
[2024-08-27T22:33:00.155+0000] {processor.py:925} INFO - DAG(s) 'example_short_circuit_operator' retrieved from /home/airflow/.local/lib/python3.12/site-packages/airflow/example_dags/example_short_circuit_operator.py
[2024-08-27T22:33:00.214+0000] {logging_mixin.py:190} INFO - [2024-08-27T22:33:00.212+0000] {dag.py:3211} INFO - Sync 1 DAGs
[2024-08-27T22:33:00.271+0000] {logging_mixin.py:190} INFO - [2024-08-27T22:33:00.271+0000] {dag.py:4138} INFO - Setting next_dagrun for example_short_circuit_operator to 2024-08-26 00:00:00+00:00, run_after=2024-08-27 00:00:00+00:00
[2024-08-27T22:33:00.349+0000] {processor.py:208} INFO - Processing /home/airflow/.local/lib/python3.12/site-packages/airflow/example_dags/example_short_circuit_operator.py took 0.222 seconds
[2024-08-27T22:33:31.216+0000] {processor.py:186} INFO - Started process (PID=550) to work on /home/airflow/.local/lib/python3.12/site-packages/airflow/example_dags/example_short_circuit_operator.py
[2024-08-27T22:33:31.219+0000] {processor.py:914} INFO - Processing file /home/airflow/.local/lib/python3.12/site-packages/airflow/example_dags/example_short_circuit_operator.py for tasks to queue
[2024-08-27T22:33:31.222+0000] {logging_mixin.py:190} INFO - [2024-08-27T22:33:31.221+0000] {dagbag.py:587} INFO - Filling up the DagBag from /home/airflow/.local/lib/python3.12/site-packages/airflow/example_dags/example_short_circuit_operator.py
[2024-08-27T22:33:31.233+0000] {processor.py:925} INFO - DAG(s) 'example_short_circuit_operator' retrieved from /home/airflow/.local/lib/python3.12/site-packages/airflow/example_dags/example_short_circuit_operator.py
[2024-08-27T22:33:31.307+0000] {logging_mixin.py:190} INFO - [2024-08-27T22:33:31.307+0000] {dag.py:3211} INFO - Sync 1 DAGs
[2024-08-27T22:33:31.440+0000] {logging_mixin.py:190} INFO - [2024-08-27T22:33:31.440+0000] {dag.py:4138} INFO - Setting next_dagrun for example_short_circuit_operator to 2024-08-26 00:00:00+00:00, run_after=2024-08-27 00:00:00+00:00
[2024-08-27T22:33:31.529+0000] {processor.py:208} INFO - Processing /home/airflow/.local/lib/python3.12/site-packages/airflow/example_dags/example_short_circuit_operator.py took 0.318 seconds
[2024-08-27T22:36:53.387+0000] {processor.py:186} INFO - Started process (PID=116) to work on /home/airflow/.local/lib/python3.12/site-packages/airflow/example_dags/example_short_circuit_operator.py
[2024-08-27T22:36:53.440+0000] {processor.py:914} INFO - Processing file /home/airflow/.local/lib/python3.12/site-packages/airflow/example_dags/example_short_circuit_operator.py for tasks to queue
[2024-08-27T22:36:53.463+0000] {logging_mixin.py:190} INFO - [2024-08-27T22:36:53.463+0000] {dagbag.py:587} INFO - Filling up the DagBag from /home/airflow/.local/lib/python3.12/site-packages/airflow/example_dags/example_short_circuit_operator.py
[2024-08-27T22:36:53.553+0000] {processor.py:925} INFO - DAG(s) 'example_short_circuit_operator' retrieved from /home/airflow/.local/lib/python3.12/site-packages/airflow/example_dags/example_short_circuit_operator.py
[2024-08-27T22:36:54.061+0000] {logging_mixin.py:190} INFO - [2024-08-27T22:36:54.060+0000] {override.py:1858} INFO - Created Permission View: can delete on DAG:example_short_circuit_operator
[2024-08-27T22:36:54.110+0000] {logging_mixin.py:190} INFO - [2024-08-27T22:36:54.110+0000] {override.py:1858} INFO - Created Permission View: can edit on DAG:example_short_circuit_operator
[2024-08-27T22:36:54.159+0000] {logging_mixin.py:190} INFO - [2024-08-27T22:36:54.154+0000] {override.py:1858} INFO - Created Permission View: can read on DAG:example_short_circuit_operator
[2024-08-27T22:36:54.161+0000] {logging_mixin.py:190} INFO - [2024-08-27T22:36:54.160+0000] {dag.py:3211} INFO - Sync 1 DAGs
[2024-08-27T22:36:54.248+0000] {logging_mixin.py:190} INFO - [2024-08-27T22:36:54.248+0000] {dag.py:3234} INFO - Creating ORM DAG for example_short_circuit_operator
[2024-08-27T22:36:54.271+0000] {logging_mixin.py:190} INFO - [2024-08-27T22:36:54.264+0000] {dag.py:4138} INFO - Setting next_dagrun for example_short_circuit_operator to 2024-08-26 00:00:00+00:00, run_after=2024-08-27 00:00:00+00:00
[2024-08-27T22:36:54.323+0000] {processor.py:208} INFO - Processing /home/airflow/.local/lib/python3.12/site-packages/airflow/example_dags/example_short_circuit_operator.py took 0.953 seconds
[2024-08-27T22:37:24.453+0000] {processor.py:186} INFO - Started process (PID=177) to work on /home/airflow/.local/lib/python3.12/site-packages/airflow/example_dags/example_short_circuit_operator.py
[2024-08-27T22:37:24.455+0000] {processor.py:914} INFO - Processing file /home/airflow/.local/lib/python3.12/site-packages/airflow/example_dags/example_short_circuit_operator.py for tasks to queue
[2024-08-27T22:37:24.476+0000] {logging_mixin.py:190} INFO - [2024-08-27T22:37:24.476+0000] {dagbag.py:587} INFO - Filling up the DagBag from /home/airflow/.local/lib/python3.12/site-packages/airflow/example_dags/example_short_circuit_operator.py
[2024-08-27T22:37:24.505+0000] {processor.py:925} INFO - DAG(s) 'example_short_circuit_operator' retrieved from /home/airflow/.local/lib/python3.12/site-packages/airflow/example_dags/example_short_circuit_operator.py
[2024-08-27T22:37:24.643+0000] {logging_mixin.py:190} INFO - [2024-08-27T22:37:24.642+0000] {dag.py:3211} INFO - Sync 1 DAGs
[2024-08-27T22:37:24.757+0000] {logging_mixin.py:190} INFO - [2024-08-27T22:37:24.756+0000] {dag.py:4138} INFO - Setting next_dagrun for example_short_circuit_operator to 2024-08-26 00:00:00+00:00, run_after=2024-08-27 00:00:00+00:00
[2024-08-27T22:37:24.802+0000] {processor.py:208} INFO - Processing /home/airflow/.local/lib/python3.12/site-packages/airflow/example_dags/example_short_circuit_operator.py took 0.362 seconds
