[2024-08-27T22:29:58.521+0000] {processor.py:186} INFO - Started process (PID=91) to work on /home/airflow/.local/lib/python3.12/site-packages/airflow/example_dags/example_branch_operator.py
[2024-08-27T22:29:58.522+0000] {processor.py:914} INFO - Processing file /home/airflow/.local/lib/python3.12/site-packages/airflow/example_dags/example_branch_operator.py for tasks to queue
[2024-08-27T22:29:58.524+0000] {logging_mixin.py:190} INFO - [2024-08-27T22:29:58.523+0000] {dagbag.py:587} INFO - Filling up the DagBag from /home/airflow/.local/lib/python3.12/site-packages/airflow/example_dags/example_branch_operator.py
[2024-08-27T22:29:58.545+0000] {processor.py:925} INFO - DAG(s) 'example_branch_operator' retrieved from /home/airflow/.local/lib/python3.12/site-packages/airflow/example_dags/example_branch_operator.py
[2024-08-27T22:29:58.681+0000] {logging_mixin.py:190} INFO - [2024-08-27T22:29:58.681+0000] {override.py:1858} INFO - Created Permission View: can edit on DAG:example_branch_operator
[2024-08-27T22:29:58.693+0000] {logging_mixin.py:190} INFO - [2024-08-27T22:29:58.693+0000] {override.py:1858} INFO - Created Permission View: can delete on DAG:example_branch_operator
[2024-08-27T22:29:58.703+0000] {logging_mixin.py:190} INFO - [2024-08-27T22:29:58.703+0000] {override.py:1858} INFO - Created Permission View: can read on DAG:example_branch_operator
[2024-08-27T22:29:58.703+0000] {logging_mixin.py:190} INFO - [2024-08-27T22:29:58.703+0000] {dag.py:3211} INFO - Sync 1 DAGs
[2024-08-27T22:29:58.716+0000] {logging_mixin.py:190} INFO - [2024-08-27T22:29:58.715+0000] {dag.py:3234} INFO - Creating ORM DAG for example_branch_operator
[2024-08-27T22:29:58.728+0000] {logging_mixin.py:190} INFO - [2024-08-27T22:29:58.728+0000] {dag.py:4138} INFO - Setting next_dagrun for example_branch_operator to 2024-08-26 00:00:00+00:00, run_after=2024-08-27 00:00:00+00:00
[2024-08-27T22:29:58.750+0000] {processor.py:208} INFO - Processing /home/airflow/.local/lib/python3.12/site-packages/airflow/example_dags/example_branch_operator.py took 0.235 seconds
[2024-08-27T22:30:28.921+0000] {processor.py:186} INFO - Started process (PID=154) to work on /home/airflow/.local/lib/python3.12/site-packages/airflow/example_dags/example_branch_operator.py
[2024-08-27T22:30:28.924+0000] {processor.py:914} INFO - Processing file /home/airflow/.local/lib/python3.12/site-packages/airflow/example_dags/example_branch_operator.py for tasks to queue
[2024-08-27T22:30:28.927+0000] {logging_mixin.py:190} INFO - [2024-08-27T22:30:28.926+0000] {dagbag.py:587} INFO - Filling up the DagBag from /home/airflow/.local/lib/python3.12/site-packages/airflow/example_dags/example_branch_operator.py
[2024-08-27T22:30:28.959+0000] {processor.py:925} INFO - DAG(s) 'example_branch_operator' retrieved from /home/airflow/.local/lib/python3.12/site-packages/airflow/example_dags/example_branch_operator.py
[2024-08-27T22:30:29.023+0000] {logging_mixin.py:190} INFO - [2024-08-27T22:30:29.022+0000] {dag.py:3211} INFO - Sync 1 DAGs
[2024-08-27T22:30:29.057+0000] {logging_mixin.py:190} INFO - [2024-08-27T22:30:29.056+0000] {dag.py:4138} INFO - Setting next_dagrun for example_branch_operator to 2024-08-26 00:00:00+00:00, run_after=2024-08-27 00:00:00+00:00
[2024-08-27T22:30:29.084+0000] {processor.py:208} INFO - Processing /home/airflow/.local/lib/python3.12/site-packages/airflow/example_dags/example_branch_operator.py took 0.171 seconds
[2024-08-27T22:30:47.908+0000] {processor.py:186} INFO - Started process (PID=217) to work on /home/airflow/.local/lib/python3.12/site-packages/airflow/example_dags/example_branch_operator.py
[2024-08-27T22:30:47.926+0000] {processor.py:914} INFO - Processing file /home/airflow/.local/lib/python3.12/site-packages/airflow/example_dags/example_branch_operator.py for tasks to queue
[2024-08-27T22:30:47.931+0000] {logging_mixin.py:190} INFO - [2024-08-27T22:30:47.930+0000] {dagbag.py:587} INFO - Filling up the DagBag from /home/airflow/.local/lib/python3.12/site-packages/airflow/example_dags/example_branch_operator.py
[2024-08-27T22:30:47.998+0000] {processor.py:925} INFO - DAG(s) 'example_branch_operator' retrieved from /home/airflow/.local/lib/python3.12/site-packages/airflow/example_dags/example_branch_operator.py
[2024-08-27T22:30:48.235+0000] {logging_mixin.py:190} INFO - [2024-08-27T22:30:48.234+0000] {dag.py:3211} INFO - Sync 1 DAGs
[2024-08-27T22:30:48.382+0000] {logging_mixin.py:190} INFO - [2024-08-27T22:30:48.381+0000] {dag.py:4138} INFO - Setting next_dagrun for example_branch_operator to 2024-08-26 00:00:00+00:00, run_after=2024-08-27 00:00:00+00:00
[2024-08-27T22:30:48.470+0000] {processor.py:208} INFO - Processing /home/airflow/.local/lib/python3.12/site-packages/airflow/example_dags/example_branch_operator.py took 0.581 seconds
[2024-08-27T22:31:18.696+0000] {processor.py:186} INFO - Started process (PID=279) to work on /home/airflow/.local/lib/python3.12/site-packages/airflow/example_dags/example_branch_operator.py
[2024-08-27T22:31:18.711+0000] {processor.py:914} INFO - Processing file /home/airflow/.local/lib/python3.12/site-packages/airflow/example_dags/example_branch_operator.py for tasks to queue
[2024-08-27T22:31:18.722+0000] {logging_mixin.py:190} INFO - [2024-08-27T22:31:18.713+0000] {dagbag.py:587} INFO - Filling up the DagBag from /home/airflow/.local/lib/python3.12/site-packages/airflow/example_dags/example_branch_operator.py
[2024-08-27T22:31:18.814+0000] {processor.py:925} INFO - DAG(s) 'example_branch_operator' retrieved from /home/airflow/.local/lib/python3.12/site-packages/airflow/example_dags/example_branch_operator.py
[2024-08-27T22:31:18.894+0000] {logging_mixin.py:190} INFO - [2024-08-27T22:31:18.893+0000] {dag.py:3211} INFO - Sync 1 DAGs
[2024-08-27T22:31:18.964+0000] {logging_mixin.py:190} INFO - [2024-08-27T22:31:18.963+0000] {dag.py:4138} INFO - Setting next_dagrun for example_branch_operator to 2024-08-26 00:00:00+00:00, run_after=2024-08-27 00:00:00+00:00
[2024-08-27T22:31:19.039+0000] {processor.py:208} INFO - Processing /home/airflow/.local/lib/python3.12/site-packages/airflow/example_dags/example_branch_operator.py took 0.364 seconds
[2024-08-27T22:31:49.141+0000] {processor.py:186} INFO - Started process (PID=340) to work on /home/airflow/.local/lib/python3.12/site-packages/airflow/example_dags/example_branch_operator.py
[2024-08-27T22:31:49.143+0000] {processor.py:914} INFO - Processing file /home/airflow/.local/lib/python3.12/site-packages/airflow/example_dags/example_branch_operator.py for tasks to queue
[2024-08-27T22:31:49.145+0000] {logging_mixin.py:190} INFO - [2024-08-27T22:31:49.145+0000] {dagbag.py:587} INFO - Filling up the DagBag from /home/airflow/.local/lib/python3.12/site-packages/airflow/example_dags/example_branch_operator.py
[2024-08-27T22:31:49.175+0000] {processor.py:925} INFO - DAG(s) 'example_branch_operator' retrieved from /home/airflow/.local/lib/python3.12/site-packages/airflow/example_dags/example_branch_operator.py
[2024-08-27T22:31:49.274+0000] {logging_mixin.py:190} INFO - [2024-08-27T22:31:49.274+0000] {dag.py:3211} INFO - Sync 1 DAGs
[2024-08-27T22:31:49.364+0000] {logging_mixin.py:190} INFO - [2024-08-27T22:31:49.364+0000] {dag.py:4138} INFO - Setting next_dagrun for example_branch_operator to 2024-08-26 00:00:00+00:00, run_after=2024-08-27 00:00:00+00:00
[2024-08-27T22:31:49.424+0000] {processor.py:208} INFO - Processing /home/airflow/.local/lib/python3.12/site-packages/airflow/example_dags/example_branch_operator.py took 0.315 seconds
[2024-08-27T22:32:19.566+0000] {processor.py:186} INFO - Started process (PID=403) to work on /home/airflow/.local/lib/python3.12/site-packages/airflow/example_dags/example_branch_operator.py
[2024-08-27T22:32:19.570+0000] {processor.py:914} INFO - Processing file /home/airflow/.local/lib/python3.12/site-packages/airflow/example_dags/example_branch_operator.py for tasks to queue
[2024-08-27T22:32:19.573+0000] {logging_mixin.py:190} INFO - [2024-08-27T22:32:19.573+0000] {dagbag.py:587} INFO - Filling up the DagBag from /home/airflow/.local/lib/python3.12/site-packages/airflow/example_dags/example_branch_operator.py
[2024-08-27T22:32:19.599+0000] {processor.py:925} INFO - DAG(s) 'example_branch_operator' retrieved from /home/airflow/.local/lib/python3.12/site-packages/airflow/example_dags/example_branch_operator.py
[2024-08-27T22:32:19.648+0000] {logging_mixin.py:190} INFO - [2024-08-27T22:32:19.648+0000] {dag.py:3211} INFO - Sync 1 DAGs
[2024-08-27T22:32:19.683+0000] {logging_mixin.py:190} INFO - [2024-08-27T22:32:19.683+0000] {dag.py:4138} INFO - Setting next_dagrun for example_branch_operator to 2024-08-26 00:00:00+00:00, run_after=2024-08-27 00:00:00+00:00
[2024-08-27T22:32:19.708+0000] {processor.py:208} INFO - Processing /home/airflow/.local/lib/python3.12/site-packages/airflow/example_dags/example_branch_operator.py took 0.153 seconds
[2024-08-27T22:32:51.099+0000] {processor.py:186} INFO - Started process (PID=464) to work on /home/airflow/.local/lib/python3.12/site-packages/airflow/example_dags/example_branch_operator.py
[2024-08-27T22:32:51.110+0000] {processor.py:914} INFO - Processing file /home/airflow/.local/lib/python3.12/site-packages/airflow/example_dags/example_branch_operator.py for tasks to queue
[2024-08-27T22:32:51.112+0000] {logging_mixin.py:190} INFO - [2024-08-27T22:32:51.112+0000] {dagbag.py:587} INFO - Filling up the DagBag from /home/airflow/.local/lib/python3.12/site-packages/airflow/example_dags/example_branch_operator.py
[2024-08-27T22:32:51.239+0000] {processor.py:925} INFO - DAG(s) 'example_branch_operator' retrieved from /home/airflow/.local/lib/python3.12/site-packages/airflow/example_dags/example_branch_operator.py
[2024-08-27T22:32:51.304+0000] {logging_mixin.py:190} INFO - [2024-08-27T22:32:51.303+0000] {dag.py:3211} INFO - Sync 1 DAGs
[2024-08-27T22:32:51.339+0000] {logging_mixin.py:190} INFO - [2024-08-27T22:32:51.339+0000] {dag.py:4138} INFO - Setting next_dagrun for example_branch_operator to 2024-08-26 00:00:00+00:00, run_after=2024-08-27 00:00:00+00:00
[2024-08-27T22:32:51.373+0000] {processor.py:208} INFO - Processing /home/airflow/.local/lib/python3.12/site-packages/airflow/example_dags/example_branch_operator.py took 0.291 seconds
[2024-08-27T22:33:21.573+0000] {processor.py:186} INFO - Started process (PID=526) to work on /home/airflow/.local/lib/python3.12/site-packages/airflow/example_dags/example_branch_operator.py
[2024-08-27T22:33:21.578+0000] {processor.py:914} INFO - Processing file /home/airflow/.local/lib/python3.12/site-packages/airflow/example_dags/example_branch_operator.py for tasks to queue
[2024-08-27T22:33:21.580+0000] {logging_mixin.py:190} INFO - [2024-08-27T22:33:21.580+0000] {dagbag.py:587} INFO - Filling up the DagBag from /home/airflow/.local/lib/python3.12/site-packages/airflow/example_dags/example_branch_operator.py
[2024-08-27T22:33:21.608+0000] {processor.py:925} INFO - DAG(s) 'example_branch_operator' retrieved from /home/airflow/.local/lib/python3.12/site-packages/airflow/example_dags/example_branch_operator.py
[2024-08-27T22:33:21.651+0000] {logging_mixin.py:190} INFO - [2024-08-27T22:33:21.650+0000] {dag.py:3211} INFO - Sync 1 DAGs
[2024-08-27T22:33:21.679+0000] {logging_mixin.py:190} INFO - [2024-08-27T22:33:21.678+0000] {dag.py:4138} INFO - Setting next_dagrun for example_branch_operator to 2024-08-26 00:00:00+00:00, run_after=2024-08-27 00:00:00+00:00
[2024-08-27T22:33:21.705+0000] {processor.py:208} INFO - Processing /home/airflow/.local/lib/python3.12/site-packages/airflow/example_dags/example_branch_operator.py took 0.138 seconds
[2024-08-27T22:33:54.417+0000] {processor.py:186} INFO - Started process (PID=587) to work on /home/airflow/.local/lib/python3.12/site-packages/airflow/example_dags/example_branch_operator.py
[2024-08-27T22:33:54.453+0000] {processor.py:914} INFO - Processing file /home/airflow/.local/lib/python3.12/site-packages/airflow/example_dags/example_branch_operator.py for tasks to queue
[2024-08-27T22:33:54.489+0000] {logging_mixin.py:190} INFO - [2024-08-27T22:33:54.488+0000] {dagbag.py:587} INFO - Filling up the DagBag from /home/airflow/.local/lib/python3.12/site-packages/airflow/example_dags/example_branch_operator.py
[2024-08-27T22:33:54.612+0000] {processor.py:925} INFO - DAG(s) 'example_branch_operator' retrieved from /home/airflow/.local/lib/python3.12/site-packages/airflow/example_dags/example_branch_operator.py
[2024-08-27T22:33:55.054+0000] {logging_mixin.py:190} INFO - [2024-08-27T22:33:55.037+0000] {dag.py:3211} INFO - Sync 1 DAGs
[2024-08-27T22:33:55.323+0000] {logging_mixin.py:190} INFO - [2024-08-27T22:33:55.273+0000] {dag.py:4138} INFO - Setting next_dagrun for example_branch_operator to 2024-08-26 00:00:00+00:00, run_after=2024-08-27 00:00:00+00:00
[2024-08-27T22:33:55.603+0000] {processor.py:208} INFO - Processing /home/airflow/.local/lib/python3.12/site-packages/airflow/example_dags/example_branch_operator.py took 1.245 seconds
[2024-08-27T22:36:40.248+0000] {processor.py:186} INFO - Started process (PID=91) to work on /home/airflow/.local/lib/python3.12/site-packages/airflow/example_dags/example_branch_operator.py
[2024-08-27T22:36:40.250+0000] {processor.py:914} INFO - Processing file /home/airflow/.local/lib/python3.12/site-packages/airflow/example_dags/example_branch_operator.py for tasks to queue
[2024-08-27T22:36:40.252+0000] {logging_mixin.py:190} INFO - [2024-08-27T22:36:40.252+0000] {dagbag.py:587} INFO - Filling up the DagBag from /home/airflow/.local/lib/python3.12/site-packages/airflow/example_dags/example_branch_operator.py
[2024-08-27T22:36:40.282+0000] {processor.py:925} INFO - DAG(s) 'example_branch_operator' retrieved from /home/airflow/.local/lib/python3.12/site-packages/airflow/example_dags/example_branch_operator.py
[2024-08-27T22:36:40.461+0000] {logging_mixin.py:190} INFO - [2024-08-27T22:36:40.460+0000] {override.py:1858} INFO - Created Permission View: can delete on DAG:example_branch_operator
[2024-08-27T22:36:40.479+0000] {logging_mixin.py:190} INFO - [2024-08-27T22:36:40.478+0000] {override.py:1858} INFO - Created Permission View: can edit on DAG:example_branch_operator
[2024-08-27T22:36:40.489+0000] {logging_mixin.py:190} INFO - [2024-08-27T22:36:40.489+0000] {override.py:1858} INFO - Created Permission View: can read on DAG:example_branch_operator
[2024-08-27T22:36:40.490+0000] {logging_mixin.py:190} INFO - [2024-08-27T22:36:40.490+0000] {dag.py:3211} INFO - Sync 1 DAGs
[2024-08-27T22:36:40.513+0000] {logging_mixin.py:190} INFO - [2024-08-27T22:36:40.512+0000] {dag.py:3234} INFO - Creating ORM DAG for example_branch_operator
[2024-08-27T22:36:40.533+0000] {logging_mixin.py:190} INFO - [2024-08-27T22:36:40.530+0000] {dag.py:4138} INFO - Setting next_dagrun for example_branch_operator to 2024-08-26 00:00:00+00:00, run_after=2024-08-27 00:00:00+00:00
[2024-08-27T22:36:40.562+0000] {processor.py:208} INFO - Processing /home/airflow/.local/lib/python3.12/site-packages/airflow/example_dags/example_branch_operator.py took 0.324 seconds
[2024-08-27T22:37:11.555+0000] {processor.py:186} INFO - Started process (PID=153) to work on /home/airflow/.local/lib/python3.12/site-packages/airflow/example_dags/example_branch_operator.py
[2024-08-27T22:37:11.556+0000] {processor.py:914} INFO - Processing file /home/airflow/.local/lib/python3.12/site-packages/airflow/example_dags/example_branch_operator.py for tasks to queue
[2024-08-27T22:37:11.613+0000] {logging_mixin.py:190} INFO - [2024-08-27T22:37:11.612+0000] {dagbag.py:587} INFO - Filling up the DagBag from /home/airflow/.local/lib/python3.12/site-packages/airflow/example_dags/example_branch_operator.py
[2024-08-27T22:37:11.816+0000] {processor.py:925} INFO - DAG(s) 'example_branch_operator' retrieved from /home/airflow/.local/lib/python3.12/site-packages/airflow/example_dags/example_branch_operator.py
[2024-08-27T22:37:11.962+0000] {logging_mixin.py:190} INFO - [2024-08-27T22:37:11.962+0000] {dag.py:3211} INFO - Sync 1 DAGs
[2024-08-27T22:37:12.142+0000] {logging_mixin.py:190} INFO - [2024-08-27T22:37:12.141+0000] {dag.py:4138} INFO - Setting next_dagrun for example_branch_operator to 2024-08-26 00:00:00+00:00, run_after=2024-08-27 00:00:00+00:00
[2024-08-27T22:37:12.304+0000] {processor.py:208} INFO - Processing /home/airflow/.local/lib/python3.12/site-packages/airflow/example_dags/example_branch_operator.py took 0.819 seconds
[2024-08-27T22:37:42.500+0000] {processor.py:186} INFO - Started process (PID=215) to work on /home/airflow/.local/lib/python3.12/site-packages/airflow/example_dags/example_branch_operator.py
[2024-08-27T22:37:42.501+0000] {processor.py:914} INFO - Processing file /home/airflow/.local/lib/python3.12/site-packages/airflow/example_dags/example_branch_operator.py for tasks to queue
[2024-08-27T22:37:42.504+0000] {logging_mixin.py:190} INFO - [2024-08-27T22:37:42.504+0000] {dagbag.py:587} INFO - Filling up the DagBag from /home/airflow/.local/lib/python3.12/site-packages/airflow/example_dags/example_branch_operator.py
[2024-08-27T22:37:42.530+0000] {processor.py:925} INFO - DAG(s) 'example_branch_operator' retrieved from /home/airflow/.local/lib/python3.12/site-packages/airflow/example_dags/example_branch_operator.py
[2024-08-27T22:37:42.579+0000] {logging_mixin.py:190} INFO - [2024-08-27T22:37:42.579+0000] {dag.py:3211} INFO - Sync 1 DAGs
[2024-08-27T22:37:42.613+0000] {logging_mixin.py:190} INFO - [2024-08-27T22:37:42.612+0000] {dag.py:4138} INFO - Setting next_dagrun for example_branch_operator to 2024-08-26 00:00:00+00:00, run_after=2024-08-27 00:00:00+00:00
[2024-08-27T22:37:42.652+0000] {processor.py:208} INFO - Processing /home/airflow/.local/lib/python3.12/site-packages/airflow/example_dags/example_branch_operator.py took 0.160 seconds
