[2024-08-27T22:30:02.954+0000] {processor.py:186} INFO - Started process (PID=111) to work on /home/airflow/.local/lib/python3.12/site-packages/airflow/example_dags/example_time_delta_sensor_async.py
[2024-08-27T22:30:02.955+0000] {processor.py:914} INFO - Processing file /home/airflow/.local/lib/python3.12/site-packages/airflow/example_dags/example_time_delta_sensor_async.py for tasks to queue
[2024-08-27T22:30:02.957+0000] {logging_mixin.py:190} INFO - [2024-08-27T22:30:02.957+0000] {dagbag.py:587} INFO - Filling up the DagBag from /home/airflow/.local/lib/python3.12/site-packages/airflow/example_dags/example_time_delta_sensor_async.py
[2024-08-27T22:30:02.970+0000] {processor.py:925} INFO - DAG(s) 'example_time_delta_sensor_async' retrieved from /home/airflow/.local/lib/python3.12/site-packages/airflow/example_dags/example_time_delta_sensor_async.py
[2024-08-27T22:30:03.126+0000] {logging_mixin.py:190} INFO - [2024-08-27T22:30:03.125+0000] {override.py:1858} INFO - Created Permission View: can edit on DAG:example_time_delta_sensor_async
[2024-08-27T22:30:03.139+0000] {logging_mixin.py:190} INFO - [2024-08-27T22:30:03.139+0000] {override.py:1858} INFO - Created Permission View: can delete on DAG:example_time_delta_sensor_async
[2024-08-27T22:30:03.148+0000] {logging_mixin.py:190} INFO - [2024-08-27T22:30:03.148+0000] {override.py:1858} INFO - Created Permission View: can read on DAG:example_time_delta_sensor_async
[2024-08-27T22:30:03.148+0000] {logging_mixin.py:190} INFO - [2024-08-27T22:30:03.148+0000] {dag.py:3211} INFO - Sync 1 DAGs
[2024-08-27T22:30:03.163+0000] {logging_mixin.py:190} INFO - [2024-08-27T22:30:03.163+0000] {dag.py:3234} INFO - Creating ORM DAG for example_time_delta_sensor_async
[2024-08-27T22:30:03.164+0000] {logging_mixin.py:190} INFO - [2024-08-27T22:30:03.164+0000] {dag.py:4138} INFO - Setting next_dagrun for example_time_delta_sensor_async to None, run_after=None
[2024-08-27T22:30:03.196+0000] {processor.py:208} INFO - Processing /home/airflow/.local/lib/python3.12/site-packages/airflow/example_dags/example_time_delta_sensor_async.py took 0.251 seconds
[2024-08-27T22:30:33.547+0000] {processor.py:186} INFO - Started process (PID=174) to work on /home/airflow/.local/lib/python3.12/site-packages/airflow/example_dags/example_time_delta_sensor_async.py
[2024-08-27T22:30:33.548+0000] {processor.py:914} INFO - Processing file /home/airflow/.local/lib/python3.12/site-packages/airflow/example_dags/example_time_delta_sensor_async.py for tasks to queue
[2024-08-27T22:30:33.553+0000] {logging_mixin.py:190} INFO - [2024-08-27T22:30:33.552+0000] {dagbag.py:587} INFO - Filling up the DagBag from /home/airflow/.local/lib/python3.12/site-packages/airflow/example_dags/example_time_delta_sensor_async.py
[2024-08-27T22:30:33.568+0000] {processor.py:925} INFO - DAG(s) 'example_time_delta_sensor_async' retrieved from /home/airflow/.local/lib/python3.12/site-packages/airflow/example_dags/example_time_delta_sensor_async.py
[2024-08-27T22:30:33.608+0000] {logging_mixin.py:190} INFO - [2024-08-27T22:30:33.608+0000] {dag.py:3211} INFO - Sync 1 DAGs
[2024-08-27T22:30:33.633+0000] {logging_mixin.py:190} INFO - [2024-08-27T22:30:33.632+0000] {dag.py:4138} INFO - Setting next_dagrun for example_time_delta_sensor_async to None, run_after=None
[2024-08-27T22:30:33.674+0000] {processor.py:208} INFO - Processing /home/airflow/.local/lib/python3.12/site-packages/airflow/example_dags/example_time_delta_sensor_async.py took 0.134 seconds
[2024-08-27T22:30:55.514+0000] {processor.py:186} INFO - Started process (PID=237) to work on /home/airflow/.local/lib/python3.12/site-packages/airflow/example_dags/example_time_delta_sensor_async.py
[2024-08-27T22:30:55.519+0000] {processor.py:914} INFO - Processing file /home/airflow/.local/lib/python3.12/site-packages/airflow/example_dags/example_time_delta_sensor_async.py for tasks to queue
[2024-08-27T22:30:55.524+0000] {logging_mixin.py:190} INFO - [2024-08-27T22:30:55.524+0000] {dagbag.py:587} INFO - Filling up the DagBag from /home/airflow/.local/lib/python3.12/site-packages/airflow/example_dags/example_time_delta_sensor_async.py
[2024-08-27T22:30:55.584+0000] {processor.py:925} INFO - DAG(s) 'example_time_delta_sensor_async' retrieved from /home/airflow/.local/lib/python3.12/site-packages/airflow/example_dags/example_time_delta_sensor_async.py
[2024-08-27T22:30:55.692+0000] {logging_mixin.py:190} INFO - [2024-08-27T22:30:55.689+0000] {dag.py:3211} INFO - Sync 1 DAGs
[2024-08-27T22:30:55.737+0000] {logging_mixin.py:190} INFO - [2024-08-27T22:30:55.737+0000] {dag.py:4138} INFO - Setting next_dagrun for example_time_delta_sensor_async to None, run_after=None
[2024-08-27T22:30:55.812+0000] {processor.py:208} INFO - Processing /home/airflow/.local/lib/python3.12/site-packages/airflow/example_dags/example_time_delta_sensor_async.py took 0.362 seconds
[2024-08-27T22:31:26.183+0000] {processor.py:186} INFO - Started process (PID=299) to work on /home/airflow/.local/lib/python3.12/site-packages/airflow/example_dags/example_time_delta_sensor_async.py
[2024-08-27T22:31:26.184+0000] {processor.py:914} INFO - Processing file /home/airflow/.local/lib/python3.12/site-packages/airflow/example_dags/example_time_delta_sensor_async.py for tasks to queue
[2024-08-27T22:31:26.189+0000] {logging_mixin.py:190} INFO - [2024-08-27T22:31:26.187+0000] {dagbag.py:587} INFO - Filling up the DagBag from /home/airflow/.local/lib/python3.12/site-packages/airflow/example_dags/example_time_delta_sensor_async.py
[2024-08-27T22:31:26.197+0000] {processor.py:925} INFO - DAG(s) 'example_time_delta_sensor_async' retrieved from /home/airflow/.local/lib/python3.12/site-packages/airflow/example_dags/example_time_delta_sensor_async.py
[2024-08-27T22:31:26.227+0000] {logging_mixin.py:190} INFO - [2024-08-27T22:31:26.226+0000] {dag.py:3211} INFO - Sync 1 DAGs
[2024-08-27T22:31:26.247+0000] {logging_mixin.py:190} INFO - [2024-08-27T22:31:26.246+0000] {dag.py:4138} INFO - Setting next_dagrun for example_time_delta_sensor_async to None, run_after=None
[2024-08-27T22:31:26.271+0000] {processor.py:208} INFO - Processing /home/airflow/.local/lib/python3.12/site-packages/airflow/example_dags/example_time_delta_sensor_async.py took 0.111 seconds
[2024-08-27T22:31:56.883+0000] {processor.py:186} INFO - Started process (PID=360) to work on /home/airflow/.local/lib/python3.12/site-packages/airflow/example_dags/example_time_delta_sensor_async.py
[2024-08-27T22:31:56.894+0000] {processor.py:914} INFO - Processing file /home/airflow/.local/lib/python3.12/site-packages/airflow/example_dags/example_time_delta_sensor_async.py for tasks to queue
[2024-08-27T22:31:56.896+0000] {logging_mixin.py:190} INFO - [2024-08-27T22:31:56.896+0000] {dagbag.py:587} INFO - Filling up the DagBag from /home/airflow/.local/lib/python3.12/site-packages/airflow/example_dags/example_time_delta_sensor_async.py
[2024-08-27T22:31:56.931+0000] {processor.py:925} INFO - DAG(s) 'example_time_delta_sensor_async' retrieved from /home/airflow/.local/lib/python3.12/site-packages/airflow/example_dags/example_time_delta_sensor_async.py
[2024-08-27T22:31:57.065+0000] {logging_mixin.py:190} INFO - [2024-08-27T22:31:57.065+0000] {dag.py:3211} INFO - Sync 1 DAGs
[2024-08-27T22:31:57.126+0000] {logging_mixin.py:190} INFO - [2024-08-27T22:31:57.125+0000] {dag.py:4138} INFO - Setting next_dagrun for example_time_delta_sensor_async to None, run_after=None
[2024-08-27T22:31:57.202+0000] {processor.py:208} INFO - Processing /home/airflow/.local/lib/python3.12/site-packages/airflow/example_dags/example_time_delta_sensor_async.py took 0.330 seconds
[2024-08-27T22:32:27.555+0000] {processor.py:186} INFO - Started process (PID=422) to work on /home/airflow/.local/lib/python3.12/site-packages/airflow/example_dags/example_time_delta_sensor_async.py
[2024-08-27T22:32:27.556+0000] {processor.py:914} INFO - Processing file /home/airflow/.local/lib/python3.12/site-packages/airflow/example_dags/example_time_delta_sensor_async.py for tasks to queue
[2024-08-27T22:32:27.558+0000] {logging_mixin.py:190} INFO - [2024-08-27T22:32:27.558+0000] {dagbag.py:587} INFO - Filling up the DagBag from /home/airflow/.local/lib/python3.12/site-packages/airflow/example_dags/example_time_delta_sensor_async.py
[2024-08-27T22:32:27.565+0000] {processor.py:925} INFO - DAG(s) 'example_time_delta_sensor_async' retrieved from /home/airflow/.local/lib/python3.12/site-packages/airflow/example_dags/example_time_delta_sensor_async.py
[2024-08-27T22:32:27.588+0000] {logging_mixin.py:190} INFO - [2024-08-27T22:32:27.588+0000] {dag.py:3211} INFO - Sync 1 DAGs
[2024-08-27T22:32:27.603+0000] {logging_mixin.py:190} INFO - [2024-08-27T22:32:27.603+0000] {dag.py:4138} INFO - Setting next_dagrun for example_time_delta_sensor_async to None, run_after=None
[2024-08-27T22:32:27.620+0000] {processor.py:208} INFO - Processing /home/airflow/.local/lib/python3.12/site-packages/airflow/example_dags/example_time_delta_sensor_async.py took 0.075 seconds
[2024-08-27T22:32:58.283+0000] {processor.py:186} INFO - Started process (PID=484) to work on /home/airflow/.local/lib/python3.12/site-packages/airflow/example_dags/example_time_delta_sensor_async.py
[2024-08-27T22:32:58.286+0000] {processor.py:914} INFO - Processing file /home/airflow/.local/lib/python3.12/site-packages/airflow/example_dags/example_time_delta_sensor_async.py for tasks to queue
[2024-08-27T22:32:58.303+0000] {logging_mixin.py:190} INFO - [2024-08-27T22:32:58.297+0000] {dagbag.py:587} INFO - Filling up the DagBag from /home/airflow/.local/lib/python3.12/site-packages/airflow/example_dags/example_time_delta_sensor_async.py
[2024-08-27T22:32:58.328+0000] {processor.py:925} INFO - DAG(s) 'example_time_delta_sensor_async' retrieved from /home/airflow/.local/lib/python3.12/site-packages/airflow/example_dags/example_time_delta_sensor_async.py
[2024-08-27T22:32:58.469+0000] {logging_mixin.py:190} INFO - [2024-08-27T22:32:58.468+0000] {dag.py:3211} INFO - Sync 1 DAGs
[2024-08-27T22:32:58.585+0000] {logging_mixin.py:190} INFO - [2024-08-27T22:32:58.585+0000] {dag.py:4138} INFO - Setting next_dagrun for example_time_delta_sensor_async to None, run_after=None
[2024-08-27T22:32:58.712+0000] {processor.py:208} INFO - Processing /home/airflow/.local/lib/python3.12/site-packages/airflow/example_dags/example_time_delta_sensor_async.py took 0.441 seconds
[2024-08-27T22:33:29.680+0000] {processor.py:186} INFO - Started process (PID=546) to work on /home/airflow/.local/lib/python3.12/site-packages/airflow/example_dags/example_time_delta_sensor_async.py
[2024-08-27T22:33:29.682+0000] {processor.py:914} INFO - Processing file /home/airflow/.local/lib/python3.12/site-packages/airflow/example_dags/example_time_delta_sensor_async.py for tasks to queue
[2024-08-27T22:33:29.685+0000] {logging_mixin.py:190} INFO - [2024-08-27T22:33:29.685+0000] {dagbag.py:587} INFO - Filling up the DagBag from /home/airflow/.local/lib/python3.12/site-packages/airflow/example_dags/example_time_delta_sensor_async.py
[2024-08-27T22:33:29.700+0000] {processor.py:925} INFO - DAG(s) 'example_time_delta_sensor_async' retrieved from /home/airflow/.local/lib/python3.12/site-packages/airflow/example_dags/example_time_delta_sensor_async.py
[2024-08-27T22:33:29.744+0000] {logging_mixin.py:190} INFO - [2024-08-27T22:33:29.744+0000] {dag.py:3211} INFO - Sync 1 DAGs
[2024-08-27T22:33:29.772+0000] {logging_mixin.py:190} INFO - [2024-08-27T22:33:29.770+0000] {dag.py:4138} INFO - Setting next_dagrun for example_time_delta_sensor_async to None, run_after=None
[2024-08-27T22:33:29.831+0000] {processor.py:208} INFO - Processing /home/airflow/.local/lib/python3.12/site-packages/airflow/example_dags/example_time_delta_sensor_async.py took 0.157 seconds
[2024-08-27T22:36:50.823+0000] {processor.py:186} INFO - Started process (PID=111) to work on /home/airflow/.local/lib/python3.12/site-packages/airflow/example_dags/example_time_delta_sensor_async.py
[2024-08-27T22:36:50.827+0000] {processor.py:914} INFO - Processing file /home/airflow/.local/lib/python3.12/site-packages/airflow/example_dags/example_time_delta_sensor_async.py for tasks to queue
[2024-08-27T22:36:50.831+0000] {logging_mixin.py:190} INFO - [2024-08-27T22:36:50.831+0000] {dagbag.py:587} INFO - Filling up the DagBag from /home/airflow/.local/lib/python3.12/site-packages/airflow/example_dags/example_time_delta_sensor_async.py
[2024-08-27T22:36:50.858+0000] {processor.py:925} INFO - DAG(s) 'example_time_delta_sensor_async' retrieved from /home/airflow/.local/lib/python3.12/site-packages/airflow/example_dags/example_time_delta_sensor_async.py
[2024-08-27T22:36:51.163+0000] {logging_mixin.py:190} INFO - [2024-08-27T22:36:51.162+0000] {override.py:1858} INFO - Created Permission View: can delete on DAG:example_time_delta_sensor_async
[2024-08-27T22:36:51.188+0000] {logging_mixin.py:190} INFO - [2024-08-27T22:36:51.187+0000] {override.py:1858} INFO - Created Permission View: can edit on DAG:example_time_delta_sensor_async
[2024-08-27T22:36:51.197+0000] {logging_mixin.py:190} INFO - [2024-08-27T22:36:51.196+0000] {override.py:1858} INFO - Created Permission View: can read on DAG:example_time_delta_sensor_async
[2024-08-27T22:36:51.200+0000] {logging_mixin.py:190} INFO - [2024-08-27T22:36:51.197+0000] {dag.py:3211} INFO - Sync 1 DAGs
[2024-08-27T22:36:51.239+0000] {logging_mixin.py:190} INFO - [2024-08-27T22:36:51.238+0000] {dag.py:3234} INFO - Creating ORM DAG for example_time_delta_sensor_async
[2024-08-27T22:36:51.239+0000] {logging_mixin.py:190} INFO - [2024-08-27T22:36:51.239+0000] {dag.py:4138} INFO - Setting next_dagrun for example_time_delta_sensor_async to None, run_after=None
[2024-08-27T22:36:51.283+0000] {processor.py:208} INFO - Processing /home/airflow/.local/lib/python3.12/site-packages/airflow/example_dags/example_time_delta_sensor_async.py took 0.477 seconds
[2024-08-27T22:37:21.832+0000] {processor.py:186} INFO - Started process (PID=173) to work on /home/airflow/.local/lib/python3.12/site-packages/airflow/example_dags/example_time_delta_sensor_async.py
[2024-08-27T22:37:21.833+0000] {processor.py:914} INFO - Processing file /home/airflow/.local/lib/python3.12/site-packages/airflow/example_dags/example_time_delta_sensor_async.py for tasks to queue
[2024-08-27T22:37:21.838+0000] {logging_mixin.py:190} INFO - [2024-08-27T22:37:21.837+0000] {dagbag.py:587} INFO - Filling up the DagBag from /home/airflow/.local/lib/python3.12/site-packages/airflow/example_dags/example_time_delta_sensor_async.py
[2024-08-27T22:37:21.849+0000] {processor.py:925} INFO - DAG(s) 'example_time_delta_sensor_async' retrieved from /home/airflow/.local/lib/python3.12/site-packages/airflow/example_dags/example_time_delta_sensor_async.py
[2024-08-27T22:37:21.913+0000] {logging_mixin.py:190} INFO - [2024-08-27T22:37:21.912+0000] {dag.py:3211} INFO - Sync 1 DAGs
[2024-08-27T22:37:21.958+0000] {logging_mixin.py:190} INFO - [2024-08-27T22:37:21.958+0000] {dag.py:4138} INFO - Setting next_dagrun for example_time_delta_sensor_async to None, run_after=None
[2024-08-27T22:37:21.989+0000] {processor.py:208} INFO - Processing /home/airflow/.local/lib/python3.12/site-packages/airflow/example_dags/example_time_delta_sensor_async.py took 0.167 seconds
