[2024-08-27T22:29:59.671+0000] {processor.py:186} INFO - Started process (PID=98) to work on /home/airflow/.local/lib/python3.12/site-packages/airflow/example_dags/example_python_decorator.py
[2024-08-27T22:29:59.672+0000] {processor.py:914} INFO - Processing file /home/airflow/.local/lib/python3.12/site-packages/airflow/example_dags/example_python_decorator.py for tasks to queue
[2024-08-27T22:29:59.674+0000] {logging_mixin.py:190} INFO - [2024-08-27T22:29:59.674+0000] {dagbag.py:587} INFO - Filling up the DagBag from /home/airflow/.local/lib/python3.12/site-packages/airflow/example_dags/example_python_decorator.py
[2024-08-27T22:29:59.697+0000] {processor.py:925} INFO - DAG(s) 'example_python_decorator' retrieved from /home/airflow/.local/lib/python3.12/site-packages/airflow/example_dags/example_python_decorator.py
[2024-08-27T22:29:59.852+0000] {logging_mixin.py:190} INFO - [2024-08-27T22:29:59.851+0000] {override.py:1858} INFO - Created Permission View: can edit on DAG:example_python_decorator
[2024-08-27T22:29:59.864+0000] {logging_mixin.py:190} INFO - [2024-08-27T22:29:59.864+0000] {override.py:1858} INFO - Created Permission View: can delete on DAG:example_python_decorator
[2024-08-27T22:29:59.874+0000] {logging_mixin.py:190} INFO - [2024-08-27T22:29:59.874+0000] {override.py:1858} INFO - Created Permission View: can read on DAG:example_python_decorator
[2024-08-27T22:29:59.875+0000] {logging_mixin.py:190} INFO - [2024-08-27T22:29:59.875+0000] {dag.py:3211} INFO - Sync 1 DAGs
[2024-08-27T22:29:59.891+0000] {logging_mixin.py:190} INFO - [2024-08-27T22:29:59.891+0000] {dag.py:3234} INFO - Creating ORM DAG for example_python_decorator
[2024-08-27T22:29:59.892+0000] {logging_mixin.py:190} INFO - [2024-08-27T22:29:59.891+0000] {dag.py:4138} INFO - Setting next_dagrun for example_python_decorator to None, run_after=None
[2024-08-27T22:29:59.921+0000] {processor.py:208} INFO - Processing /home/airflow/.local/lib/python3.12/site-packages/airflow/example_dags/example_python_decorator.py took 0.258 seconds
[2024-08-27T22:30:30.666+0000] {processor.py:186} INFO - Started process (PID=161) to work on /home/airflow/.local/lib/python3.12/site-packages/airflow/example_dags/example_python_decorator.py
[2024-08-27T22:30:30.669+0000] {processor.py:914} INFO - Processing file /home/airflow/.local/lib/python3.12/site-packages/airflow/example_dags/example_python_decorator.py for tasks to queue
[2024-08-27T22:30:30.672+0000] {logging_mixin.py:190} INFO - [2024-08-27T22:30:30.672+0000] {dagbag.py:587} INFO - Filling up the DagBag from /home/airflow/.local/lib/python3.12/site-packages/airflow/example_dags/example_python_decorator.py
[2024-08-27T22:30:30.696+0000] {processor.py:925} INFO - DAG(s) 'example_python_decorator' retrieved from /home/airflow/.local/lib/python3.12/site-packages/airflow/example_dags/example_python_decorator.py
[2024-08-27T22:30:30.781+0000] {logging_mixin.py:190} INFO - [2024-08-27T22:30:30.780+0000] {dag.py:3211} INFO - Sync 1 DAGs
[2024-08-27T22:30:30.808+0000] {logging_mixin.py:190} INFO - [2024-08-27T22:30:30.808+0000] {dag.py:4138} INFO - Setting next_dagrun for example_python_decorator to None, run_after=None
[2024-08-27T22:30:30.845+0000] {processor.py:208} INFO - Processing /home/airflow/.local/lib/python3.12/site-packages/airflow/example_dags/example_python_decorator.py took 0.185 seconds
[2024-08-27T22:30:50.167+0000] {processor.py:186} INFO - Started process (PID=224) to work on /home/airflow/.local/lib/python3.12/site-packages/airflow/example_dags/example_python_decorator.py
[2024-08-27T22:30:50.171+0000] {processor.py:914} INFO - Processing file /home/airflow/.local/lib/python3.12/site-packages/airflow/example_dags/example_python_decorator.py for tasks to queue
[2024-08-27T22:30:50.173+0000] {logging_mixin.py:190} INFO - [2024-08-27T22:30:50.173+0000] {dagbag.py:587} INFO - Filling up the DagBag from /home/airflow/.local/lib/python3.12/site-packages/airflow/example_dags/example_python_decorator.py
[2024-08-27T22:30:50.259+0000] {processor.py:925} INFO - DAG(s) 'example_python_decorator' retrieved from /home/airflow/.local/lib/python3.12/site-packages/airflow/example_dags/example_python_decorator.py
[2024-08-27T22:30:50.401+0000] {logging_mixin.py:190} INFO - [2024-08-27T22:30:50.400+0000] {dag.py:3211} INFO - Sync 1 DAGs
[2024-08-27T22:30:50.481+0000] {logging_mixin.py:190} INFO - [2024-08-27T22:30:50.481+0000] {dag.py:4138} INFO - Setting next_dagrun for example_python_decorator to None, run_after=None
[2024-08-27T22:30:50.627+0000] {processor.py:208} INFO - Processing /home/airflow/.local/lib/python3.12/site-packages/airflow/example_dags/example_python_decorator.py took 0.478 seconds
[2024-08-27T22:31:21.431+0000] {processor.py:186} INFO - Started process (PID=286) to work on /home/airflow/.local/lib/python3.12/site-packages/airflow/example_dags/example_python_decorator.py
[2024-08-27T22:31:21.432+0000] {processor.py:914} INFO - Processing file /home/airflow/.local/lib/python3.12/site-packages/airflow/example_dags/example_python_decorator.py for tasks to queue
[2024-08-27T22:31:21.435+0000] {logging_mixin.py:190} INFO - [2024-08-27T22:31:21.435+0000] {dagbag.py:587} INFO - Filling up the DagBag from /home/airflow/.local/lib/python3.12/site-packages/airflow/example_dags/example_python_decorator.py
[2024-08-27T22:31:21.452+0000] {processor.py:925} INFO - DAG(s) 'example_python_decorator' retrieved from /home/airflow/.local/lib/python3.12/site-packages/airflow/example_dags/example_python_decorator.py
[2024-08-27T22:31:21.488+0000] {logging_mixin.py:190} INFO - [2024-08-27T22:31:21.488+0000] {dag.py:3211} INFO - Sync 1 DAGs
[2024-08-27T22:31:21.528+0000] {logging_mixin.py:190} INFO - [2024-08-27T22:31:21.528+0000] {dag.py:4138} INFO - Setting next_dagrun for example_python_decorator to None, run_after=None
[2024-08-27T22:31:21.561+0000] {processor.py:208} INFO - Processing /home/airflow/.local/lib/python3.12/site-packages/airflow/example_dags/example_python_decorator.py took 0.135 seconds
[2024-08-27T22:31:51.877+0000] {processor.py:186} INFO - Started process (PID=347) to work on /home/airflow/.local/lib/python3.12/site-packages/airflow/example_dags/example_python_decorator.py
[2024-08-27T22:31:51.882+0000] {processor.py:914} INFO - Processing file /home/airflow/.local/lib/python3.12/site-packages/airflow/example_dags/example_python_decorator.py for tasks to queue
[2024-08-27T22:31:51.884+0000] {logging_mixin.py:190} INFO - [2024-08-27T22:31:51.884+0000] {dagbag.py:587} INFO - Filling up the DagBag from /home/airflow/.local/lib/python3.12/site-packages/airflow/example_dags/example_python_decorator.py
[2024-08-27T22:31:51.933+0000] {processor.py:925} INFO - DAG(s) 'example_python_decorator' retrieved from /home/airflow/.local/lib/python3.12/site-packages/airflow/example_dags/example_python_decorator.py
[2024-08-27T22:31:52.021+0000] {logging_mixin.py:190} INFO - [2024-08-27T22:31:52.021+0000] {dag.py:3211} INFO - Sync 1 DAGs
[2024-08-27T22:31:52.108+0000] {logging_mixin.py:190} INFO - [2024-08-27T22:31:52.108+0000] {dag.py:4138} INFO - Setting next_dagrun for example_python_decorator to None, run_after=None
[2024-08-27T22:31:52.205+0000] {processor.py:208} INFO - Processing /home/airflow/.local/lib/python3.12/site-packages/airflow/example_dags/example_python_decorator.py took 0.345 seconds
[2024-08-27T22:32:22.322+0000] {processor.py:186} INFO - Started process (PID=408) to work on /home/airflow/.local/lib/python3.12/site-packages/airflow/example_dags/example_python_decorator.py
[2024-08-27T22:32:22.324+0000] {processor.py:914} INFO - Processing file /home/airflow/.local/lib/python3.12/site-packages/airflow/example_dags/example_python_decorator.py for tasks to queue
[2024-08-27T22:32:22.327+0000] {logging_mixin.py:190} INFO - [2024-08-27T22:32:22.327+0000] {dagbag.py:587} INFO - Filling up the DagBag from /home/airflow/.local/lib/python3.12/site-packages/airflow/example_dags/example_python_decorator.py
[2024-08-27T22:32:22.347+0000] {processor.py:925} INFO - DAG(s) 'example_python_decorator' retrieved from /home/airflow/.local/lib/python3.12/site-packages/airflow/example_dags/example_python_decorator.py
[2024-08-27T22:32:22.381+0000] {logging_mixin.py:190} INFO - [2024-08-27T22:32:22.381+0000] {dag.py:3211} INFO - Sync 1 DAGs
[2024-08-27T22:32:22.403+0000] {logging_mixin.py:190} INFO - [2024-08-27T22:32:22.403+0000] {dag.py:4138} INFO - Setting next_dagrun for example_python_decorator to None, run_after=None
[2024-08-27T22:32:22.437+0000] {processor.py:208} INFO - Processing /home/airflow/.local/lib/python3.12/site-packages/airflow/example_dags/example_python_decorator.py took 0.127 seconds
[2024-08-27T22:32:52.791+0000] {processor.py:186} INFO - Started process (PID=470) to work on /home/airflow/.local/lib/python3.12/site-packages/airflow/example_dags/example_python_decorator.py
[2024-08-27T22:32:52.791+0000] {processor.py:914} INFO - Processing file /home/airflow/.local/lib/python3.12/site-packages/airflow/example_dags/example_python_decorator.py for tasks to queue
[2024-08-27T22:32:52.794+0000] {logging_mixin.py:190} INFO - [2024-08-27T22:32:52.793+0000] {dagbag.py:587} INFO - Filling up the DagBag from /home/airflow/.local/lib/python3.12/site-packages/airflow/example_dags/example_python_decorator.py
[2024-08-27T22:32:52.816+0000] {processor.py:925} INFO - DAG(s) 'example_python_decorator' retrieved from /home/airflow/.local/lib/python3.12/site-packages/airflow/example_dags/example_python_decorator.py
[2024-08-27T22:32:52.865+0000] {logging_mixin.py:190} INFO - [2024-08-27T22:32:52.865+0000] {dag.py:3211} INFO - Sync 1 DAGs
[2024-08-27T22:32:52.886+0000] {logging_mixin.py:190} INFO - [2024-08-27T22:32:52.886+0000] {dag.py:4138} INFO - Setting next_dagrun for example_python_decorator to None, run_after=None
[2024-08-27T22:32:52.930+0000] {processor.py:208} INFO - Processing /home/airflow/.local/lib/python3.12/site-packages/airflow/example_dags/example_python_decorator.py took 0.147 seconds
[2024-08-27T22:33:23.017+0000] {processor.py:186} INFO - Started process (PID=531) to work on /home/airflow/.local/lib/python3.12/site-packages/airflow/example_dags/example_python_decorator.py
[2024-08-27T22:33:23.019+0000] {processor.py:914} INFO - Processing file /home/airflow/.local/lib/python3.12/site-packages/airflow/example_dags/example_python_decorator.py for tasks to queue
[2024-08-27T22:33:23.028+0000] {logging_mixin.py:190} INFO - [2024-08-27T22:33:23.028+0000] {dagbag.py:587} INFO - Filling up the DagBag from /home/airflow/.local/lib/python3.12/site-packages/airflow/example_dags/example_python_decorator.py
[2024-08-27T22:33:23.064+0000] {processor.py:925} INFO - DAG(s) 'example_python_decorator' retrieved from /home/airflow/.local/lib/python3.12/site-packages/airflow/example_dags/example_python_decorator.py
[2024-08-27T22:33:23.123+0000] {logging_mixin.py:190} INFO - [2024-08-27T22:33:23.122+0000] {dag.py:3211} INFO - Sync 1 DAGs
[2024-08-27T22:33:23.160+0000] {logging_mixin.py:190} INFO - [2024-08-27T22:33:23.159+0000] {dag.py:4138} INFO - Setting next_dagrun for example_python_decorator to None, run_after=None
[2024-08-27T22:33:23.205+0000] {processor.py:208} INFO - Processing /home/airflow/.local/lib/python3.12/site-packages/airflow/example_dags/example_python_decorator.py took 0.198 seconds
[2024-08-27T22:33:56.925+0000] {processor.py:186} INFO - Started process (PID=593) to work on /home/airflow/.local/lib/python3.12/site-packages/airflow/example_dags/example_python_decorator.py
[2024-08-27T22:33:56.937+0000] {processor.py:914} INFO - Processing file /home/airflow/.local/lib/python3.12/site-packages/airflow/example_dags/example_python_decorator.py for tasks to queue
[2024-08-27T22:33:56.951+0000] {logging_mixin.py:190} INFO - [2024-08-27T22:33:56.949+0000] {dagbag.py:587} INFO - Filling up the DagBag from /home/airflow/.local/lib/python3.12/site-packages/airflow/example_dags/example_python_decorator.py
[2024-08-27T22:33:57.170+0000] {processor.py:925} INFO - DAG(s) 'example_python_decorator' retrieved from /home/airflow/.local/lib/python3.12/site-packages/airflow/example_dags/example_python_decorator.py
[2024-08-27T22:33:57.570+0000] {logging_mixin.py:190} INFO - [2024-08-27T22:33:57.569+0000] {dag.py:3211} INFO - Sync 1 DAGs
[2024-08-27T22:33:57.887+0000] {logging_mixin.py:190} INFO - [2024-08-27T22:33:57.887+0000] {dag.py:4138} INFO - Setting next_dagrun for example_python_decorator to None, run_after=None
[2024-08-27T22:33:58.054+0000] {processor.py:208} INFO - Processing /home/airflow/.local/lib/python3.12/site-packages/airflow/example_dags/example_python_decorator.py took 1.199 seconds
[2024-08-27T22:36:43.243+0000] {processor.py:186} INFO - Started process (PID=98) to work on /home/airflow/.local/lib/python3.12/site-packages/airflow/example_dags/example_python_decorator.py
[2024-08-27T22:36:43.248+0000] {processor.py:914} INFO - Processing file /home/airflow/.local/lib/python3.12/site-packages/airflow/example_dags/example_python_decorator.py for tasks to queue
[2024-08-27T22:36:43.255+0000] {logging_mixin.py:190} INFO - [2024-08-27T22:36:43.253+0000] {dagbag.py:587} INFO - Filling up the DagBag from /home/airflow/.local/lib/python3.12/site-packages/airflow/example_dags/example_python_decorator.py
[2024-08-27T22:36:43.300+0000] {processor.py:925} INFO - DAG(s) 'example_python_decorator' retrieved from /home/airflow/.local/lib/python3.12/site-packages/airflow/example_dags/example_python_decorator.py
[2024-08-27T22:36:43.532+0000] {logging_mixin.py:190} INFO - [2024-08-27T22:36:43.531+0000] {override.py:1858} INFO - Created Permission View: can delete on DAG:example_python_decorator
[2024-08-27T22:36:43.553+0000] {logging_mixin.py:190} INFO - [2024-08-27T22:36:43.551+0000] {override.py:1858} INFO - Created Permission View: can edit on DAG:example_python_decorator
[2024-08-27T22:36:43.579+0000] {logging_mixin.py:190} INFO - [2024-08-27T22:36:43.579+0000] {override.py:1858} INFO - Created Permission View: can read on DAG:example_python_decorator
[2024-08-27T22:36:43.580+0000] {logging_mixin.py:190} INFO - [2024-08-27T22:36:43.580+0000] {dag.py:3211} INFO - Sync 1 DAGs
[2024-08-27T22:36:43.631+0000] {logging_mixin.py:190} INFO - [2024-08-27T22:36:43.631+0000] {dag.py:3234} INFO - Creating ORM DAG for example_python_decorator
[2024-08-27T22:36:43.632+0000] {logging_mixin.py:190} INFO - [2024-08-27T22:36:43.632+0000] {dag.py:4138} INFO - Setting next_dagrun for example_python_decorator to None, run_after=None
[2024-08-27T22:36:43.726+0000] {processor.py:208} INFO - Processing /home/airflow/.local/lib/python3.12/site-packages/airflow/example_dags/example_python_decorator.py took 0.516 seconds
[2024-08-27T22:37:13.819+0000] {processor.py:186} INFO - Started process (PID=159) to work on /home/airflow/.local/lib/python3.12/site-packages/airflow/example_dags/example_python_decorator.py
[2024-08-27T22:37:13.820+0000] {processor.py:914} INFO - Processing file /home/airflow/.local/lib/python3.12/site-packages/airflow/example_dags/example_python_decorator.py for tasks to queue
[2024-08-27T22:37:13.826+0000] {logging_mixin.py:190} INFO - [2024-08-27T22:37:13.826+0000] {dagbag.py:587} INFO - Filling up the DagBag from /home/airflow/.local/lib/python3.12/site-packages/airflow/example_dags/example_python_decorator.py
[2024-08-27T22:37:13.851+0000] {processor.py:925} INFO - DAG(s) 'example_python_decorator' retrieved from /home/airflow/.local/lib/python3.12/site-packages/airflow/example_dags/example_python_decorator.py
[2024-08-27T22:37:13.899+0000] {logging_mixin.py:190} INFO - [2024-08-27T22:37:13.899+0000] {dag.py:3211} INFO - Sync 1 DAGs
[2024-08-27T22:37:13.931+0000] {logging_mixin.py:190} INFO - [2024-08-27T22:37:13.931+0000] {dag.py:4138} INFO - Setting next_dagrun for example_python_decorator to None, run_after=None
[2024-08-27T22:37:13.966+0000] {processor.py:208} INFO - Processing /home/airflow/.local/lib/python3.12/site-packages/airflow/example_dags/example_python_decorator.py took 0.160 seconds
[2024-08-27T22:37:44.439+0000] {processor.py:186} INFO - Started process (PID=221) to work on /home/airflow/.local/lib/python3.12/site-packages/airflow/example_dags/example_python_decorator.py
[2024-08-27T22:37:44.441+0000] {processor.py:914} INFO - Processing file /home/airflow/.local/lib/python3.12/site-packages/airflow/example_dags/example_python_decorator.py for tasks to queue
[2024-08-27T22:37:44.447+0000] {logging_mixin.py:190} INFO - [2024-08-27T22:37:44.446+0000] {dagbag.py:587} INFO - Filling up the DagBag from /home/airflow/.local/lib/python3.12/site-packages/airflow/example_dags/example_python_decorator.py
[2024-08-27T22:37:44.466+0000] {processor.py:925} INFO - DAG(s) 'example_python_decorator' retrieved from /home/airflow/.local/lib/python3.12/site-packages/airflow/example_dags/example_python_decorator.py
[2024-08-27T22:37:44.503+0000] {logging_mixin.py:190} INFO - [2024-08-27T22:37:44.503+0000] {dag.py:3211} INFO - Sync 1 DAGs
[2024-08-27T22:37:44.525+0000] {logging_mixin.py:190} INFO - [2024-08-27T22:37:44.524+0000] {dag.py:4138} INFO - Setting next_dagrun for example_python_decorator to None, run_after=None
[2024-08-27T22:37:44.554+0000] {processor.py:208} INFO - Processing /home/airflow/.local/lib/python3.12/site-packages/airflow/example_dags/example_python_decorator.py took 0.127 seconds
