[2024-08-27T22:29:58.159+0000] {processor.py:186} INFO - Started process (PID=89) to work on /home/airflow/.local/lib/python3.12/site-packages/airflow/example_dags/example_nested_branch_dag.py
[2024-08-27T22:29:58.160+0000] {processor.py:914} INFO - Processing file /home/airflow/.local/lib/python3.12/site-packages/airflow/example_dags/example_nested_branch_dag.py for tasks to queue
[2024-08-27T22:29:58.164+0000] {logging_mixin.py:190} INFO - [2024-08-27T22:29:58.163+0000] {dagbag.py:587} INFO - Filling up the DagBag from /home/airflow/.local/lib/python3.12/site-packages/airflow/example_dags/example_nested_branch_dag.py
[2024-08-27T22:29:58.197+0000] {processor.py:925} INFO - DAG(s) 'example_nested_branch_dag' retrieved from /home/airflow/.local/lib/python3.12/site-packages/airflow/example_dags/example_nested_branch_dag.py
[2024-08-27T22:29:58.405+0000] {logging_mixin.py:190} INFO - [2024-08-27T22:29:58.404+0000] {override.py:1858} INFO - Created Permission View: can edit on DAG:example_nested_branch_dag
[2024-08-27T22:29:58.419+0000] {logging_mixin.py:190} INFO - [2024-08-27T22:29:58.419+0000] {override.py:1858} INFO - Created Permission View: can delete on DAG:example_nested_branch_dag
[2024-08-27T22:29:58.426+0000] {logging_mixin.py:190} INFO - [2024-08-27T22:29:58.426+0000] {override.py:1858} INFO - Created Permission View: can read on DAG:example_nested_branch_dag
[2024-08-27T22:29:58.427+0000] {logging_mixin.py:190} INFO - [2024-08-27T22:29:58.427+0000] {dag.py:3211} INFO - Sync 1 DAGs
[2024-08-27T22:29:58.440+0000] {logging_mixin.py:190} INFO - [2024-08-27T22:29:58.440+0000] {dag.py:3234} INFO - Creating ORM DAG for example_nested_branch_dag
[2024-08-27T22:29:58.453+0000] {logging_mixin.py:190} INFO - [2024-08-27T22:29:58.452+0000] {dag.py:4138} INFO - Setting next_dagrun for example_nested_branch_dag to 2024-08-26 00:00:00+00:00, run_after=2024-08-27 00:00:00+00:00
[2024-08-27T22:29:58.477+0000] {processor.py:208} INFO - Processing /home/airflow/.local/lib/python3.12/site-packages/airflow/example_dags/example_nested_branch_dag.py took 0.324 seconds
[2024-08-27T22:30:28.723+0000] {processor.py:186} INFO - Started process (PID=152) to work on /home/airflow/.local/lib/python3.12/site-packages/airflow/example_dags/example_nested_branch_dag.py
[2024-08-27T22:30:28.728+0000] {processor.py:914} INFO - Processing file /home/airflow/.local/lib/python3.12/site-packages/airflow/example_dags/example_nested_branch_dag.py for tasks to queue
[2024-08-27T22:30:28.731+0000] {logging_mixin.py:190} INFO - [2024-08-27T22:30:28.730+0000] {dagbag.py:587} INFO - Filling up the DagBag from /home/airflow/.local/lib/python3.12/site-packages/airflow/example_dags/example_nested_branch_dag.py
[2024-08-27T22:30:28.753+0000] {processor.py:925} INFO - DAG(s) 'example_nested_branch_dag' retrieved from /home/airflow/.local/lib/python3.12/site-packages/airflow/example_dags/example_nested_branch_dag.py
[2024-08-27T22:30:28.788+0000] {logging_mixin.py:190} INFO - [2024-08-27T22:30:28.787+0000] {dag.py:3211} INFO - Sync 1 DAGs
[2024-08-27T22:30:28.823+0000] {logging_mixin.py:190} INFO - [2024-08-27T22:30:28.823+0000] {dag.py:4138} INFO - Setting next_dagrun for example_nested_branch_dag to 2024-08-26 00:00:00+00:00, run_after=2024-08-27 00:00:00+00:00
[2024-08-27T22:30:28.863+0000] {processor.py:208} INFO - Processing /home/airflow/.local/lib/python3.12/site-packages/airflow/example_dags/example_nested_branch_dag.py took 0.147 seconds
[2024-08-27T22:30:47.257+0000] {processor.py:186} INFO - Started process (PID=215) to work on /home/airflow/.local/lib/python3.12/site-packages/airflow/example_dags/example_nested_branch_dag.py
[2024-08-27T22:30:47.264+0000] {processor.py:914} INFO - Processing file /home/airflow/.local/lib/python3.12/site-packages/airflow/example_dags/example_nested_branch_dag.py for tasks to queue
[2024-08-27T22:30:47.286+0000] {logging_mixin.py:190} INFO - [2024-08-27T22:30:47.285+0000] {dagbag.py:587} INFO - Filling up the DagBag from /home/airflow/.local/lib/python3.12/site-packages/airflow/example_dags/example_nested_branch_dag.py
[2024-08-27T22:30:47.393+0000] {processor.py:925} INFO - DAG(s) 'example_nested_branch_dag' retrieved from /home/airflow/.local/lib/python3.12/site-packages/airflow/example_dags/example_nested_branch_dag.py
[2024-08-27T22:30:47.543+0000] {logging_mixin.py:190} INFO - [2024-08-27T22:30:47.543+0000] {dag.py:3211} INFO - Sync 1 DAGs
[2024-08-27T22:30:47.666+0000] {logging_mixin.py:190} INFO - [2024-08-27T22:30:47.665+0000] {dag.py:4138} INFO - Setting next_dagrun for example_nested_branch_dag to 2024-08-26 00:00:00+00:00, run_after=2024-08-27 00:00:00+00:00
[2024-08-27T22:30:47.787+0000] {processor.py:208} INFO - Processing /home/airflow/.local/lib/python3.12/site-packages/airflow/example_dags/example_nested_branch_dag.py took 0.572 seconds
[2024-08-27T22:31:18.427+0000] {processor.py:186} INFO - Started process (PID=277) to work on /home/airflow/.local/lib/python3.12/site-packages/airflow/example_dags/example_nested_branch_dag.py
[2024-08-27T22:31:18.430+0000] {processor.py:914} INFO - Processing file /home/airflow/.local/lib/python3.12/site-packages/airflow/example_dags/example_nested_branch_dag.py for tasks to queue
[2024-08-27T22:31:18.434+0000] {logging_mixin.py:190} INFO - [2024-08-27T22:31:18.434+0000] {dagbag.py:587} INFO - Filling up the DagBag from /home/airflow/.local/lib/python3.12/site-packages/airflow/example_dags/example_nested_branch_dag.py
[2024-08-27T22:31:18.468+0000] {processor.py:925} INFO - DAG(s) 'example_nested_branch_dag' retrieved from /home/airflow/.local/lib/python3.12/site-packages/airflow/example_dags/example_nested_branch_dag.py
[2024-08-27T22:31:18.549+0000] {logging_mixin.py:190} INFO - [2024-08-27T22:31:18.548+0000] {dag.py:3211} INFO - Sync 1 DAGs
[2024-08-27T22:31:18.594+0000] {logging_mixin.py:190} INFO - [2024-08-27T22:31:18.594+0000] {dag.py:4138} INFO - Setting next_dagrun for example_nested_branch_dag to 2024-08-26 00:00:00+00:00, run_after=2024-08-27 00:00:00+00:00
[2024-08-27T22:31:18.635+0000] {processor.py:208} INFO - Processing /home/airflow/.local/lib/python3.12/site-packages/airflow/example_dags/example_nested_branch_dag.py took 0.217 seconds
[2024-08-27T22:31:48.770+0000] {processor.py:186} INFO - Started process (PID=338) to work on /home/airflow/.local/lib/python3.12/site-packages/airflow/example_dags/example_nested_branch_dag.py
[2024-08-27T22:31:48.773+0000] {processor.py:914} INFO - Processing file /home/airflow/.local/lib/python3.12/site-packages/airflow/example_dags/example_nested_branch_dag.py for tasks to queue
[2024-08-27T22:31:48.776+0000] {logging_mixin.py:190} INFO - [2024-08-27T22:31:48.776+0000] {dagbag.py:587} INFO - Filling up the DagBag from /home/airflow/.local/lib/python3.12/site-packages/airflow/example_dags/example_nested_branch_dag.py
[2024-08-27T22:31:48.811+0000] {processor.py:925} INFO - DAG(s) 'example_nested_branch_dag' retrieved from /home/airflow/.local/lib/python3.12/site-packages/airflow/example_dags/example_nested_branch_dag.py
[2024-08-27T22:31:48.897+0000] {logging_mixin.py:190} INFO - [2024-08-27T22:31:48.897+0000] {dag.py:3211} INFO - Sync 1 DAGs
[2024-08-27T22:31:48.952+0000] {logging_mixin.py:190} INFO - [2024-08-27T22:31:48.952+0000] {dag.py:4138} INFO - Setting next_dagrun for example_nested_branch_dag to 2024-08-26 00:00:00+00:00, run_after=2024-08-27 00:00:00+00:00
[2024-08-27T22:31:49.011+0000] {processor.py:208} INFO - Processing /home/airflow/.local/lib/python3.12/site-packages/airflow/example_dags/example_nested_branch_dag.py took 0.253 seconds
[2024-08-27T22:32:19.200+0000] {processor.py:186} INFO - Started process (PID=400) to work on /home/airflow/.local/lib/python3.12/site-packages/airflow/example_dags/example_nested_branch_dag.py
[2024-08-27T22:32:19.203+0000] {processor.py:914} INFO - Processing file /home/airflow/.local/lib/python3.12/site-packages/airflow/example_dags/example_nested_branch_dag.py for tasks to queue
[2024-08-27T22:32:19.208+0000] {logging_mixin.py:190} INFO - [2024-08-27T22:32:19.207+0000] {dagbag.py:587} INFO - Filling up the DagBag from /home/airflow/.local/lib/python3.12/site-packages/airflow/example_dags/example_nested_branch_dag.py
[2024-08-27T22:32:19.224+0000] {processor.py:925} INFO - DAG(s) 'example_nested_branch_dag' retrieved from /home/airflow/.local/lib/python3.12/site-packages/airflow/example_dags/example_nested_branch_dag.py
[2024-08-27T22:32:19.258+0000] {logging_mixin.py:190} INFO - [2024-08-27T22:32:19.258+0000] {dag.py:3211} INFO - Sync 1 DAGs
[2024-08-27T22:32:19.293+0000] {logging_mixin.py:190} INFO - [2024-08-27T22:32:19.293+0000] {dag.py:4138} INFO - Setting next_dagrun for example_nested_branch_dag to 2024-08-26 00:00:00+00:00, run_after=2024-08-27 00:00:00+00:00
[2024-08-27T22:32:19.324+0000] {processor.py:208} INFO - Processing /home/airflow/.local/lib/python3.12/site-packages/airflow/example_dags/example_nested_branch_dag.py took 0.132 seconds
[2024-08-27T22:32:50.736+0000] {processor.py:186} INFO - Started process (PID=462) to work on /home/airflow/.local/lib/python3.12/site-packages/airflow/example_dags/example_nested_branch_dag.py
[2024-08-27T22:32:50.737+0000] {processor.py:914} INFO - Processing file /home/airflow/.local/lib/python3.12/site-packages/airflow/example_dags/example_nested_branch_dag.py for tasks to queue
[2024-08-27T22:32:50.740+0000] {logging_mixin.py:190} INFO - [2024-08-27T22:32:50.740+0000] {dagbag.py:587} INFO - Filling up the DagBag from /home/airflow/.local/lib/python3.12/site-packages/airflow/example_dags/example_nested_branch_dag.py
[2024-08-27T22:32:50.757+0000] {processor.py:925} INFO - DAG(s) 'example_nested_branch_dag' retrieved from /home/airflow/.local/lib/python3.12/site-packages/airflow/example_dags/example_nested_branch_dag.py
[2024-08-27T22:32:50.809+0000] {logging_mixin.py:190} INFO - [2024-08-27T22:32:50.809+0000] {dag.py:3211} INFO - Sync 1 DAGs
[2024-08-27T22:32:50.846+0000] {logging_mixin.py:190} INFO - [2024-08-27T22:32:50.845+0000] {dag.py:4138} INFO - Setting next_dagrun for example_nested_branch_dag to 2024-08-26 00:00:00+00:00, run_after=2024-08-27 00:00:00+00:00
[2024-08-27T22:32:50.874+0000] {processor.py:208} INFO - Processing /home/airflow/.local/lib/python3.12/site-packages/airflow/example_dags/example_nested_branch_dag.py took 0.147 seconds
[2024-08-27T22:33:21.370+0000] {processor.py:186} INFO - Started process (PID=524) to work on /home/airflow/.local/lib/python3.12/site-packages/airflow/example_dags/example_nested_branch_dag.py
[2024-08-27T22:33:21.371+0000] {processor.py:914} INFO - Processing file /home/airflow/.local/lib/python3.12/site-packages/airflow/example_dags/example_nested_branch_dag.py for tasks to queue
[2024-08-27T22:33:21.374+0000] {logging_mixin.py:190} INFO - [2024-08-27T22:33:21.373+0000] {dagbag.py:587} INFO - Filling up the DagBag from /home/airflow/.local/lib/python3.12/site-packages/airflow/example_dags/example_nested_branch_dag.py
[2024-08-27T22:33:21.400+0000] {processor.py:925} INFO - DAG(s) 'example_nested_branch_dag' retrieved from /home/airflow/.local/lib/python3.12/site-packages/airflow/example_dags/example_nested_branch_dag.py
[2024-08-27T22:33:21.473+0000] {logging_mixin.py:190} INFO - [2024-08-27T22:33:21.473+0000] {dag.py:3211} INFO - Sync 1 DAGs
[2024-08-27T22:33:21.505+0000] {logging_mixin.py:190} INFO - [2024-08-27T22:33:21.505+0000] {dag.py:4138} INFO - Setting next_dagrun for example_nested_branch_dag to 2024-08-26 00:00:00+00:00, run_after=2024-08-27 00:00:00+00:00
[2024-08-27T22:33:21.534+0000] {processor.py:208} INFO - Processing /home/airflow/.local/lib/python3.12/site-packages/airflow/example_dags/example_nested_branch_dag.py took 0.187 seconds
[2024-08-27T22:33:53.741+0000] {processor.py:186} INFO - Started process (PID=585) to work on /home/airflow/.local/lib/python3.12/site-packages/airflow/example_dags/example_nested_branch_dag.py
[2024-08-27T22:33:53.789+0000] {processor.py:914} INFO - Processing file /home/airflow/.local/lib/python3.12/site-packages/airflow/example_dags/example_nested_branch_dag.py for tasks to queue
[2024-08-27T22:33:53.796+0000] {logging_mixin.py:190} INFO - [2024-08-27T22:33:53.796+0000] {dagbag.py:587} INFO - Filling up the DagBag from /home/airflow/.local/lib/python3.12/site-packages/airflow/example_dags/example_nested_branch_dag.py
[2024-08-27T22:33:53.826+0000] {processor.py:925} INFO - DAG(s) 'example_nested_branch_dag' retrieved from /home/airflow/.local/lib/python3.12/site-packages/airflow/example_dags/example_nested_branch_dag.py
[2024-08-27T22:33:54.026+0000] {logging_mixin.py:190} INFO - [2024-08-27T22:33:54.025+0000] {dag.py:3211} INFO - Sync 1 DAGs
[2024-08-27T22:33:54.089+0000] {logging_mixin.py:190} INFO - [2024-08-27T22:33:54.088+0000] {dag.py:4138} INFO - Setting next_dagrun for example_nested_branch_dag to 2024-08-26 00:00:00+00:00, run_after=2024-08-27 00:00:00+00:00
[2024-08-27T22:33:54.128+0000] {processor.py:208} INFO - Processing /home/airflow/.local/lib/python3.12/site-packages/airflow/example_dags/example_nested_branch_dag.py took 0.428 seconds
[2024-08-27T22:36:38.632+0000] {processor.py:186} INFO - Started process (PID=84) to work on /home/airflow/.local/lib/python3.12/site-packages/airflow/example_dags/example_nested_branch_dag.py
[2024-08-27T22:36:38.652+0000] {processor.py:914} INFO - Processing file /home/airflow/.local/lib/python3.12/site-packages/airflow/example_dags/example_nested_branch_dag.py for tasks to queue
[2024-08-27T22:36:38.697+0000] {logging_mixin.py:190} INFO - [2024-08-27T22:36:38.654+0000] {dagbag.py:587} INFO - Filling up the DagBag from /home/airflow/.local/lib/python3.12/site-packages/airflow/example_dags/example_nested_branch_dag.py
[2024-08-27T22:36:38.838+0000] {processor.py:925} INFO - DAG(s) 'example_nested_branch_dag' retrieved from /home/airflow/.local/lib/python3.12/site-packages/airflow/example_dags/example_nested_branch_dag.py
[2024-08-27T22:36:39.430+0000] {logging_mixin.py:190} INFO - [2024-08-27T22:36:39.429+0000] {override.py:1858} INFO - Created Permission View: can delete on DAG:example_nested_branch_dag
[2024-08-27T22:36:39.495+0000] {logging_mixin.py:190} INFO - [2024-08-27T22:36:39.495+0000] {override.py:1858} INFO - Created Permission View: can edit on DAG:example_nested_branch_dag
[2024-08-27T22:36:39.541+0000] {logging_mixin.py:190} INFO - [2024-08-27T22:36:39.540+0000] {override.py:1858} INFO - Created Permission View: can read on DAG:example_nested_branch_dag
[2024-08-27T22:36:39.542+0000] {logging_mixin.py:190} INFO - [2024-08-27T22:36:39.541+0000] {dag.py:3211} INFO - Sync 1 DAGs
[2024-08-27T22:36:39.673+0000] {logging_mixin.py:190} INFO - [2024-08-27T22:36:39.672+0000] {dag.py:3234} INFO - Creating ORM DAG for example_nested_branch_dag
[2024-08-27T22:36:39.708+0000] {logging_mixin.py:190} INFO - [2024-08-27T22:36:39.707+0000] {dag.py:4138} INFO - Setting next_dagrun for example_nested_branch_dag to 2024-08-26 00:00:00+00:00, run_after=2024-08-27 00:00:00+00:00
[2024-08-27T22:36:39.797+0000] {processor.py:208} INFO - Processing /home/airflow/.local/lib/python3.12/site-packages/airflow/example_dags/example_nested_branch_dag.py took 1.286 seconds
[2024-08-27T22:37:10.256+0000] {processor.py:186} INFO - Started process (PID=151) to work on /home/airflow/.local/lib/python3.12/site-packages/airflow/example_dags/example_nested_branch_dag.py
[2024-08-27T22:37:10.263+0000] {processor.py:914} INFO - Processing file /home/airflow/.local/lib/python3.12/site-packages/airflow/example_dags/example_nested_branch_dag.py for tasks to queue
[2024-08-27T22:37:10.273+0000] {logging_mixin.py:190} INFO - [2024-08-27T22:37:10.272+0000] {dagbag.py:587} INFO - Filling up the DagBag from /home/airflow/.local/lib/python3.12/site-packages/airflow/example_dags/example_nested_branch_dag.py
[2024-08-27T22:37:10.370+0000] {processor.py:925} INFO - DAG(s) 'example_nested_branch_dag' retrieved from /home/airflow/.local/lib/python3.12/site-packages/airflow/example_dags/example_nested_branch_dag.py
[2024-08-27T22:37:10.441+0000] {logging_mixin.py:190} INFO - [2024-08-27T22:37:10.440+0000] {dag.py:3211} INFO - Sync 1 DAGs
[2024-08-27T22:37:10.512+0000] {logging_mixin.py:190} INFO - [2024-08-27T22:37:10.511+0000] {dag.py:4138} INFO - Setting next_dagrun for example_nested_branch_dag to 2024-08-26 00:00:00+00:00, run_after=2024-08-27 00:00:00+00:00
[2024-08-27T22:37:10.539+0000] {processor.py:208} INFO - Processing /home/airflow/.local/lib/python3.12/site-packages/airflow/example_dags/example_nested_branch_dag.py took 0.316 seconds
[2024-08-27T22:37:41.039+0000] {processor.py:186} INFO - Started process (PID=213) to work on /home/airflow/.local/lib/python3.12/site-packages/airflow/example_dags/example_nested_branch_dag.py
[2024-08-27T22:37:41.043+0000] {processor.py:914} INFO - Processing file /home/airflow/.local/lib/python3.12/site-packages/airflow/example_dags/example_nested_branch_dag.py for tasks to queue
[2024-08-27T22:37:41.045+0000] {logging_mixin.py:190} INFO - [2024-08-27T22:37:41.045+0000] {dagbag.py:587} INFO - Filling up the DagBag from /home/airflow/.local/lib/python3.12/site-packages/airflow/example_dags/example_nested_branch_dag.py
[2024-08-27T22:37:41.059+0000] {processor.py:925} INFO - DAG(s) 'example_nested_branch_dag' retrieved from /home/airflow/.local/lib/python3.12/site-packages/airflow/example_dags/example_nested_branch_dag.py
[2024-08-27T22:37:41.102+0000] {logging_mixin.py:190} INFO - [2024-08-27T22:37:41.100+0000] {dag.py:3211} INFO - Sync 1 DAGs
[2024-08-27T22:37:41.152+0000] {logging_mixin.py:190} INFO - [2024-08-27T22:37:41.152+0000] {dag.py:4138} INFO - Setting next_dagrun for example_nested_branch_dag to 2024-08-26 00:00:00+00:00, run_after=2024-08-27 00:00:00+00:00
[2024-08-27T22:37:41.184+0000] {processor.py:208} INFO - Processing /home/airflow/.local/lib/python3.12/site-packages/airflow/example_dags/example_nested_branch_dag.py took 0.156 seconds
