[2024-08-27T22:29:58.794+0000] {processor.py:186} INFO - Started process (PID=93) to work on /home/airflow/.local/lib/python3.12/site-packages/airflow/example_dags/example_subdag_operator.py
[2024-08-27T22:29:58.795+0000] {processor.py:914} INFO - Processing file /home/airflow/.local/lib/python3.12/site-packages/airflow/example_dags/example_subdag_operator.py for tasks to queue
[2024-08-27T22:29:58.798+0000] {logging_mixin.py:190} INFO - [2024-08-27T22:29:58.797+0000] {dagbag.py:587} INFO - Filling up the DagBag from /home/airflow/.local/lib/python3.12/site-packages/airflow/example_dags/example_subdag_operator.py
[2024-08-27T22:29:58.838+0000] {processor.py:925} INFO - DAG(s) 'example_subdag_operator.section-1', 'example_subdag_operator.section-2', 'example_subdag_operator' retrieved from /home/airflow/.local/lib/python3.12/site-packages/airflow/example_dags/example_subdag_operator.py
[2024-08-27T22:29:58.958+0000] {logging_mixin.py:190} INFO - [2024-08-27T22:29:58.958+0000] {override.py:1858} INFO - Created Permission View: can edit on DAG:example_subdag_operator
[2024-08-27T22:29:58.975+0000] {logging_mixin.py:190} INFO - [2024-08-27T22:29:58.974+0000] {override.py:1858} INFO - Created Permission View: can delete on DAG:example_subdag_operator
[2024-08-27T22:29:58.987+0000] {logging_mixin.py:190} INFO - [2024-08-27T22:29:58.985+0000] {override.py:1858} INFO - Created Permission View: can read on DAG:example_subdag_operator
[2024-08-27T22:29:58.990+0000] {logging_mixin.py:190} INFO - [2024-08-27T22:29:58.989+0000] {dag.py:3211} INFO - Sync 3 DAGs
[2024-08-27T22:29:59.009+0000] {logging_mixin.py:190} INFO - [2024-08-27T22:29:59.008+0000] {dag.py:3234} INFO - Creating ORM DAG for example_subdag_operator.section-2
[2024-08-27T22:29:59.010+0000] {logging_mixin.py:190} INFO - [2024-08-27T22:29:59.010+0000] {dag.py:3234} INFO - Creating ORM DAG for example_subdag_operator.section-1
[2024-08-27T22:29:59.011+0000] {logging_mixin.py:190} INFO - [2024-08-27T22:29:59.011+0000] {dag.py:3234} INFO - Creating ORM DAG for example_subdag_operator
[2024-08-27T22:29:59.028+0000] {logging_mixin.py:190} INFO - [2024-08-27T22:29:59.028+0000] {dag.py:4138} INFO - Setting next_dagrun for example_subdag_operator to 2022-01-01 00:00:00+00:00, run_after=2022-01-01 00:00:00+00:00
[2024-08-27T22:29:59.029+0000] {logging_mixin.py:190} INFO - [2024-08-27T22:29:59.029+0000] {dag.py:4138} INFO - Setting next_dagrun for example_subdag_operator.section-1 to None, run_after=None
[2024-08-27T22:29:59.029+0000] {logging_mixin.py:190} INFO - [2024-08-27T22:29:59.029+0000] {dag.py:4138} INFO - Setting next_dagrun for example_subdag_operator.section-2 to None, run_after=None
[2024-08-27T22:29:59.053+0000] {logging_mixin.py:190} INFO - [2024-08-27T22:29:59.053+0000] {dag.py:3211} INFO - Sync 2 DAGs
[2024-08-27T22:29:59.060+0000] {logging_mixin.py:190} INFO - [2024-08-27T22:29:59.060+0000] {dag.py:4138} INFO - Setting next_dagrun for example_subdag_operator.section-1 to None, run_after=None
[2024-08-27T22:29:59.068+0000] {logging_mixin.py:190} INFO - [2024-08-27T22:29:59.068+0000] {dag.py:4138} INFO - Setting next_dagrun for example_subdag_operator.section-2 to None, run_after=None
[2024-08-27T22:29:59.082+0000] {processor.py:208} INFO - Processing /home/airflow/.local/lib/python3.12/site-packages/airflow/example_dags/example_subdag_operator.py took 0.295 seconds
[2024-08-27T22:30:29.153+0000] {processor.py:186} INFO - Started process (PID=156) to work on /home/airflow/.local/lib/python3.12/site-packages/airflow/example_dags/example_subdag_operator.py
[2024-08-27T22:30:29.157+0000] {processor.py:914} INFO - Processing file /home/airflow/.local/lib/python3.12/site-packages/airflow/example_dags/example_subdag_operator.py for tasks to queue
[2024-08-27T22:30:29.162+0000] {logging_mixin.py:190} INFO - [2024-08-27T22:30:29.161+0000] {dagbag.py:587} INFO - Filling up the DagBag from /home/airflow/.local/lib/python3.12/site-packages/airflow/example_dags/example_subdag_operator.py
[2024-08-27T22:30:29.208+0000] {processor.py:925} INFO - DAG(s) 'example_subdag_operator.section-1', 'example_subdag_operator.section-2', 'example_subdag_operator' retrieved from /home/airflow/.local/lib/python3.12/site-packages/airflow/example_dags/example_subdag_operator.py
[2024-08-27T22:30:29.247+0000] {logging_mixin.py:190} INFO - [2024-08-27T22:30:29.247+0000] {dag.py:3211} INFO - Sync 3 DAGs
[2024-08-27T22:30:29.280+0000] {logging_mixin.py:190} INFO - [2024-08-27T22:30:29.280+0000] {dag.py:4138} INFO - Setting next_dagrun for example_subdag_operator to 2022-01-01 00:00:00+00:00, run_after=2022-01-01 00:00:00+00:00
[2024-08-27T22:30:29.286+0000] {logging_mixin.py:190} INFO - [2024-08-27T22:30:29.286+0000] {dag.py:4138} INFO - Setting next_dagrun for example_subdag_operator.section-1 to None, run_after=None
[2024-08-27T22:30:29.289+0000] {logging_mixin.py:190} INFO - [2024-08-27T22:30:29.289+0000] {dag.py:4138} INFO - Setting next_dagrun for example_subdag_operator.section-2 to None, run_after=None
[2024-08-27T22:30:29.300+0000] {logging_mixin.py:190} INFO - [2024-08-27T22:30:29.300+0000] {dag.py:3211} INFO - Sync 2 DAGs
[2024-08-27T22:30:29.311+0000] {logging_mixin.py:190} INFO - [2024-08-27T22:30:29.311+0000] {dag.py:4138} INFO - Setting next_dagrun for example_subdag_operator.section-1 to None, run_after=None
[2024-08-27T22:30:29.312+0000] {logging_mixin.py:190} INFO - [2024-08-27T22:30:29.312+0000] {dag.py:4138} INFO - Setting next_dagrun for example_subdag_operator.section-2 to None, run_after=None
[2024-08-27T22:30:29.328+0000] {processor.py:208} INFO - Processing /home/airflow/.local/lib/python3.12/site-packages/airflow/example_dags/example_subdag_operator.py took 0.188 seconds
[2024-08-27T22:30:48.582+0000] {processor.py:186} INFO - Started process (PID=219) to work on /home/airflow/.local/lib/python3.12/site-packages/airflow/example_dags/example_subdag_operator.py
[2024-08-27T22:30:48.585+0000] {processor.py:914} INFO - Processing file /home/airflow/.local/lib/python3.12/site-packages/airflow/example_dags/example_subdag_operator.py for tasks to queue
[2024-08-27T22:30:48.587+0000] {logging_mixin.py:190} INFO - [2024-08-27T22:30:48.587+0000] {dagbag.py:587} INFO - Filling up the DagBag from /home/airflow/.local/lib/python3.12/site-packages/airflow/example_dags/example_subdag_operator.py
[2024-08-27T22:30:48.670+0000] {processor.py:925} INFO - DAG(s) 'example_subdag_operator.section-1', 'example_subdag_operator.section-2', 'example_subdag_operator' retrieved from /home/airflow/.local/lib/python3.12/site-packages/airflow/example_dags/example_subdag_operator.py
[2024-08-27T22:30:48.688+0000] {logging_mixin.py:190} INFO - [2024-08-27T22:30:48.688+0000] {dag.py:3211} INFO - Sync 3 DAGs
[2024-08-27T22:30:48.714+0000] {logging_mixin.py:190} INFO - [2024-08-27T22:30:48.714+0000] {dag.py:4138} INFO - Setting next_dagrun for example_subdag_operator to 2022-01-01 00:00:00+00:00, run_after=2022-01-01 00:00:00+00:00
[2024-08-27T22:30:48.719+0000] {logging_mixin.py:190} INFO - [2024-08-27T22:30:48.718+0000] {dag.py:4138} INFO - Setting next_dagrun for example_subdag_operator.section-1 to None, run_after=None
[2024-08-27T22:30:48.721+0000] {logging_mixin.py:190} INFO - [2024-08-27T22:30:48.721+0000] {dag.py:4138} INFO - Setting next_dagrun for example_subdag_operator.section-2 to None, run_after=None
[2024-08-27T22:30:48.731+0000] {logging_mixin.py:190} INFO - [2024-08-27T22:30:48.730+0000] {dag.py:3211} INFO - Sync 2 DAGs
[2024-08-27T22:30:48.739+0000] {logging_mixin.py:190} INFO - [2024-08-27T22:30:48.739+0000] {dag.py:4138} INFO - Setting next_dagrun for example_subdag_operator.section-1 to None, run_after=None
[2024-08-27T22:30:48.739+0000] {logging_mixin.py:190} INFO - [2024-08-27T22:30:48.739+0000] {dag.py:4138} INFO - Setting next_dagrun for example_subdag_operator.section-2 to None, run_after=None
[2024-08-27T22:30:48.753+0000] {processor.py:208} INFO - Processing /home/airflow/.local/lib/python3.12/site-packages/airflow/example_dags/example_subdag_operator.py took 0.177 seconds
[2024-08-27T22:31:19.001+0000] {processor.py:186} INFO - Started process (PID=281) to work on /home/airflow/.local/lib/python3.12/site-packages/airflow/example_dags/example_subdag_operator.py
[2024-08-27T22:31:19.006+0000] {processor.py:914} INFO - Processing file /home/airflow/.local/lib/python3.12/site-packages/airflow/example_dags/example_subdag_operator.py for tasks to queue
[2024-08-27T22:31:19.008+0000] {logging_mixin.py:190} INFO - [2024-08-27T22:31:19.008+0000] {dagbag.py:587} INFO - Filling up the DagBag from /home/airflow/.local/lib/python3.12/site-packages/airflow/example_dags/example_subdag_operator.py
[2024-08-27T22:31:19.055+0000] {processor.py:925} INFO - DAG(s) 'example_subdag_operator.section-1', 'example_subdag_operator.section-2', 'example_subdag_operator' retrieved from /home/airflow/.local/lib/python3.12/site-packages/airflow/example_dags/example_subdag_operator.py
[2024-08-27T22:31:19.076+0000] {logging_mixin.py:190} INFO - [2024-08-27T22:31:19.075+0000] {dag.py:3211} INFO - Sync 3 DAGs
[2024-08-27T22:31:19.107+0000] {logging_mixin.py:190} INFO - [2024-08-27T22:31:19.106+0000] {dag.py:4138} INFO - Setting next_dagrun for example_subdag_operator to 2022-01-01 00:00:00+00:00, run_after=2022-01-01 00:00:00+00:00
[2024-08-27T22:31:19.115+0000] {logging_mixin.py:190} INFO - [2024-08-27T22:31:19.115+0000] {dag.py:4138} INFO - Setting next_dagrun for example_subdag_operator.section-1 to None, run_after=None
[2024-08-27T22:31:19.117+0000] {logging_mixin.py:190} INFO - [2024-08-27T22:31:19.117+0000] {dag.py:4138} INFO - Setting next_dagrun for example_subdag_operator.section-2 to None, run_after=None
[2024-08-27T22:31:19.128+0000] {logging_mixin.py:190} INFO - [2024-08-27T22:31:19.127+0000] {dag.py:3211} INFO - Sync 2 DAGs
[2024-08-27T22:31:19.138+0000] {logging_mixin.py:190} INFO - [2024-08-27T22:31:19.137+0000] {dag.py:4138} INFO - Setting next_dagrun for example_subdag_operator.section-1 to None, run_after=None
[2024-08-27T22:31:19.138+0000] {logging_mixin.py:190} INFO - [2024-08-27T22:31:19.138+0000] {dag.py:4138} INFO - Setting next_dagrun for example_subdag_operator.section-2 to None, run_after=None
[2024-08-27T22:31:19.163+0000] {processor.py:208} INFO - Processing /home/airflow/.local/lib/python3.12/site-packages/airflow/example_dags/example_subdag_operator.py took 0.171 seconds
[2024-08-27T22:31:49.378+0000] {processor.py:186} INFO - Started process (PID=342) to work on /home/airflow/.local/lib/python3.12/site-packages/airflow/example_dags/example_subdag_operator.py
[2024-08-27T22:31:49.381+0000] {processor.py:914} INFO - Processing file /home/airflow/.local/lib/python3.12/site-packages/airflow/example_dags/example_subdag_operator.py for tasks to queue
[2024-08-27T22:31:49.384+0000] {logging_mixin.py:190} INFO - [2024-08-27T22:31:49.384+0000] {dagbag.py:587} INFO - Filling up the DagBag from /home/airflow/.local/lib/python3.12/site-packages/airflow/example_dags/example_subdag_operator.py
[2024-08-27T22:31:49.437+0000] {processor.py:925} INFO - DAG(s) 'example_subdag_operator.section-1', 'example_subdag_operator.section-2', 'example_subdag_operator' retrieved from /home/airflow/.local/lib/python3.12/site-packages/airflow/example_dags/example_subdag_operator.py
[2024-08-27T22:31:49.464+0000] {logging_mixin.py:190} INFO - [2024-08-27T22:31:49.464+0000] {dag.py:3211} INFO - Sync 3 DAGs
[2024-08-27T22:31:49.492+0000] {logging_mixin.py:190} INFO - [2024-08-27T22:31:49.492+0000] {dag.py:4138} INFO - Setting next_dagrun for example_subdag_operator to 2022-01-01 00:00:00+00:00, run_after=2022-01-01 00:00:00+00:00
[2024-08-27T22:31:49.499+0000] {logging_mixin.py:190} INFO - [2024-08-27T22:31:49.498+0000] {dag.py:4138} INFO - Setting next_dagrun for example_subdag_operator.section-1 to None, run_after=None
[2024-08-27T22:31:49.500+0000] {logging_mixin.py:190} INFO - [2024-08-27T22:31:49.500+0000] {dag.py:4138} INFO - Setting next_dagrun for example_subdag_operator.section-2 to None, run_after=None
[2024-08-27T22:31:49.509+0000] {logging_mixin.py:190} INFO - [2024-08-27T22:31:49.509+0000] {dag.py:3211} INFO - Sync 2 DAGs
[2024-08-27T22:31:49.517+0000] {logging_mixin.py:190} INFO - [2024-08-27T22:31:49.517+0000] {dag.py:4138} INFO - Setting next_dagrun for example_subdag_operator.section-1 to None, run_after=None
[2024-08-27T22:31:49.518+0000] {logging_mixin.py:190} INFO - [2024-08-27T22:31:49.518+0000] {dag.py:4138} INFO - Setting next_dagrun for example_subdag_operator.section-2 to None, run_after=None
[2024-08-27T22:31:49.533+0000] {processor.py:208} INFO - Processing /home/airflow/.local/lib/python3.12/site-packages/airflow/example_dags/example_subdag_operator.py took 0.162 seconds
[2024-08-27T22:32:19.755+0000] {processor.py:186} INFO - Started process (PID=404) to work on /home/airflow/.local/lib/python3.12/site-packages/airflow/example_dags/example_subdag_operator.py
[2024-08-27T22:32:19.758+0000] {processor.py:914} INFO - Processing file /home/airflow/.local/lib/python3.12/site-packages/airflow/example_dags/example_subdag_operator.py for tasks to queue
[2024-08-27T22:32:19.761+0000] {logging_mixin.py:190} INFO - [2024-08-27T22:32:19.761+0000] {dagbag.py:587} INFO - Filling up the DagBag from /home/airflow/.local/lib/python3.12/site-packages/airflow/example_dags/example_subdag_operator.py
[2024-08-27T22:32:19.803+0000] {processor.py:925} INFO - DAG(s) 'example_subdag_operator.section-1', 'example_subdag_operator.section-2', 'example_subdag_operator' retrieved from /home/airflow/.local/lib/python3.12/site-packages/airflow/example_dags/example_subdag_operator.py
[2024-08-27T22:32:19.823+0000] {logging_mixin.py:190} INFO - [2024-08-27T22:32:19.823+0000] {dag.py:3211} INFO - Sync 3 DAGs
[2024-08-27T22:32:19.862+0000] {logging_mixin.py:190} INFO - [2024-08-27T22:32:19.862+0000] {dag.py:4138} INFO - Setting next_dagrun for example_subdag_operator to 2022-01-01 00:00:00+00:00, run_after=2022-01-01 00:00:00+00:00
[2024-08-27T22:32:19.869+0000] {logging_mixin.py:190} INFO - [2024-08-27T22:32:19.869+0000] {dag.py:4138} INFO - Setting next_dagrun for example_subdag_operator.section-1 to None, run_after=None
[2024-08-27T22:32:19.872+0000] {logging_mixin.py:190} INFO - [2024-08-27T22:32:19.871+0000] {dag.py:4138} INFO - Setting next_dagrun for example_subdag_operator.section-2 to None, run_after=None
[2024-08-27T22:32:19.882+0000] {logging_mixin.py:190} INFO - [2024-08-27T22:32:19.882+0000] {dag.py:3211} INFO - Sync 2 DAGs
[2024-08-27T22:32:19.891+0000] {logging_mixin.py:190} INFO - [2024-08-27T22:32:19.891+0000] {dag.py:4138} INFO - Setting next_dagrun for example_subdag_operator.section-1 to None, run_after=None
[2024-08-27T22:32:19.892+0000] {logging_mixin.py:190} INFO - [2024-08-27T22:32:19.892+0000] {dag.py:4138} INFO - Setting next_dagrun for example_subdag_operator.section-2 to None, run_after=None
[2024-08-27T22:32:19.919+0000] {processor.py:208} INFO - Processing /home/airflow/.local/lib/python3.12/site-packages/airflow/example_dags/example_subdag_operator.py took 0.175 seconds
[2024-08-27T22:32:51.504+0000] {processor.py:186} INFO - Started process (PID=466) to work on /home/airflow/.local/lib/python3.12/site-packages/airflow/example_dags/example_subdag_operator.py
[2024-08-27T22:32:51.505+0000] {processor.py:914} INFO - Processing file /home/airflow/.local/lib/python3.12/site-packages/airflow/example_dags/example_subdag_operator.py for tasks to queue
[2024-08-27T22:32:51.515+0000] {logging_mixin.py:190} INFO - [2024-08-27T22:32:51.514+0000] {dagbag.py:587} INFO - Filling up the DagBag from /home/airflow/.local/lib/python3.12/site-packages/airflow/example_dags/example_subdag_operator.py
[2024-08-27T22:32:51.684+0000] {processor.py:925} INFO - DAG(s) 'example_subdag_operator.section-1', 'example_subdag_operator.section-2', 'example_subdag_operator' retrieved from /home/airflow/.local/lib/python3.12/site-packages/airflow/example_dags/example_subdag_operator.py
[2024-08-27T22:32:51.759+0000] {logging_mixin.py:190} INFO - [2024-08-27T22:32:51.759+0000] {dag.py:3211} INFO - Sync 3 DAGs
[2024-08-27T22:32:51.807+0000] {logging_mixin.py:190} INFO - [2024-08-27T22:32:51.807+0000] {dag.py:4138} INFO - Setting next_dagrun for example_subdag_operator to 2022-01-01 00:00:00+00:00, run_after=2022-01-01 00:00:00+00:00
[2024-08-27T22:32:51.838+0000] {logging_mixin.py:190} INFO - [2024-08-27T22:32:51.837+0000] {dag.py:4138} INFO - Setting next_dagrun for example_subdag_operator.section-1 to None, run_after=None
[2024-08-27T22:32:51.847+0000] {logging_mixin.py:190} INFO - [2024-08-27T22:32:51.846+0000] {dag.py:4138} INFO - Setting next_dagrun for example_subdag_operator.section-2 to None, run_after=None
[2024-08-27T22:32:51.873+0000] {logging_mixin.py:190} INFO - [2024-08-27T22:32:51.872+0000] {dag.py:3211} INFO - Sync 2 DAGs
[2024-08-27T22:32:51.928+0000] {logging_mixin.py:190} INFO - [2024-08-27T22:32:51.928+0000] {dag.py:4138} INFO - Setting next_dagrun for example_subdag_operator.section-1 to None, run_after=None
[2024-08-27T22:32:51.929+0000] {logging_mixin.py:190} INFO - [2024-08-27T22:32:51.929+0000] {dag.py:4138} INFO - Setting next_dagrun for example_subdag_operator.section-2 to None, run_after=None
[2024-08-27T22:32:52.040+0000] {processor.py:208} INFO - Processing /home/airflow/.local/lib/python3.12/site-packages/airflow/example_dags/example_subdag_operator.py took 0.546 seconds
[2024-08-27T22:33:22.609+0000] {processor.py:186} INFO - Started process (PID=528) to work on /home/airflow/.local/lib/python3.12/site-packages/airflow/example_dags/example_subdag_operator.py
[2024-08-27T22:33:22.610+0000] {processor.py:914} INFO - Processing file /home/airflow/.local/lib/python3.12/site-packages/airflow/example_dags/example_subdag_operator.py for tasks to queue
[2024-08-27T22:33:22.612+0000] {logging_mixin.py:190} INFO - [2024-08-27T22:33:22.612+0000] {dagbag.py:587} INFO - Filling up the DagBag from /home/airflow/.local/lib/python3.12/site-packages/airflow/example_dags/example_subdag_operator.py
[2024-08-27T22:33:22.672+0000] {processor.py:925} INFO - DAG(s) 'example_subdag_operator.section-1', 'example_subdag_operator.section-2', 'example_subdag_operator' retrieved from /home/airflow/.local/lib/python3.12/site-packages/airflow/example_dags/example_subdag_operator.py
[2024-08-27T22:33:22.696+0000] {logging_mixin.py:190} INFO - [2024-08-27T22:33:22.696+0000] {dag.py:3211} INFO - Sync 3 DAGs
[2024-08-27T22:33:22.744+0000] {logging_mixin.py:190} INFO - [2024-08-27T22:33:22.743+0000] {dag.py:4138} INFO - Setting next_dagrun for example_subdag_operator to 2022-01-01 00:00:00+00:00, run_after=2022-01-01 00:00:00+00:00
[2024-08-27T22:33:22.749+0000] {logging_mixin.py:190} INFO - [2024-08-27T22:33:22.748+0000] {dag.py:4138} INFO - Setting next_dagrun for example_subdag_operator.section-1 to None, run_after=None
[2024-08-27T22:33:22.751+0000] {logging_mixin.py:190} INFO - [2024-08-27T22:33:22.751+0000] {dag.py:4138} INFO - Setting next_dagrun for example_subdag_operator.section-2 to None, run_after=None
[2024-08-27T22:33:22.768+0000] {logging_mixin.py:190} INFO - [2024-08-27T22:33:22.767+0000] {dag.py:3211} INFO - Sync 2 DAGs
[2024-08-27T22:33:22.793+0000] {logging_mixin.py:190} INFO - [2024-08-27T22:33:22.793+0000] {dag.py:4138} INFO - Setting next_dagrun for example_subdag_operator.section-1 to None, run_after=None
[2024-08-27T22:33:22.794+0000] {logging_mixin.py:190} INFO - [2024-08-27T22:33:22.794+0000] {dag.py:4138} INFO - Setting next_dagrun for example_subdag_operator.section-2 to None, run_after=None
[2024-08-27T22:33:22.827+0000] {processor.py:208} INFO - Processing /home/airflow/.local/lib/python3.12/site-packages/airflow/example_dags/example_subdag_operator.py took 0.224 seconds
[2024-08-27T22:33:55.805+0000] {processor.py:186} INFO - Started process (PID=589) to work on /home/airflow/.local/lib/python3.12/site-packages/airflow/example_dags/example_subdag_operator.py
[2024-08-27T22:33:55.831+0000] {processor.py:914} INFO - Processing file /home/airflow/.local/lib/python3.12/site-packages/airflow/example_dags/example_subdag_operator.py for tasks to queue
[2024-08-27T22:33:55.846+0000] {logging_mixin.py:190} INFO - [2024-08-27T22:33:55.845+0000] {dagbag.py:587} INFO - Filling up the DagBag from /home/airflow/.local/lib/python3.12/site-packages/airflow/example_dags/example_subdag_operator.py
[2024-08-27T22:33:55.932+0000] {processor.py:925} INFO - DAG(s) 'example_subdag_operator.section-1', 'example_subdag_operator.section-2', 'example_subdag_operator' retrieved from /home/airflow/.local/lib/python3.12/site-packages/airflow/example_dags/example_subdag_operator.py
[2024-08-27T22:33:56.019+0000] {logging_mixin.py:190} INFO - [2024-08-27T22:33:56.018+0000] {dag.py:3211} INFO - Sync 3 DAGs
[2024-08-27T22:33:56.150+0000] {logging_mixin.py:190} INFO - [2024-08-27T22:33:56.149+0000] {dag.py:4138} INFO - Setting next_dagrun for example_subdag_operator to 2022-01-01 00:00:00+00:00, run_after=2022-01-01 00:00:00+00:00
[2024-08-27T22:33:56.165+0000] {logging_mixin.py:190} INFO - [2024-08-27T22:33:56.164+0000] {dag.py:4138} INFO - Setting next_dagrun for example_subdag_operator.section-1 to None, run_after=None
[2024-08-27T22:33:56.213+0000] {logging_mixin.py:190} INFO - [2024-08-27T22:33:56.213+0000] {dag.py:4138} INFO - Setting next_dagrun for example_subdag_operator.section-2 to None, run_after=None
[2024-08-27T22:33:56.238+0000] {logging_mixin.py:190} INFO - [2024-08-27T22:33:56.237+0000] {dag.py:3211} INFO - Sync 2 DAGs
[2024-08-27T22:33:56.277+0000] {logging_mixin.py:190} INFO - [2024-08-27T22:33:56.277+0000] {dag.py:4138} INFO - Setting next_dagrun for example_subdag_operator.section-1 to None, run_after=None
[2024-08-27T22:33:56.278+0000] {logging_mixin.py:190} INFO - [2024-08-27T22:33:56.277+0000] {dag.py:4138} INFO - Setting next_dagrun for example_subdag_operator.section-2 to None, run_after=None
[2024-08-27T22:33:56.355+0000] {processor.py:208} INFO - Processing /home/airflow/.local/lib/python3.12/site-packages/airflow/example_dags/example_subdag_operator.py took 0.566 seconds
[2024-08-27T22:36:41.276+0000] {processor.py:186} INFO - Started process (PID=93) to work on /home/airflow/.local/lib/python3.12/site-packages/airflow/example_dags/example_subdag_operator.py
[2024-08-27T22:36:41.300+0000] {processor.py:914} INFO - Processing file /home/airflow/.local/lib/python3.12/site-packages/airflow/example_dags/example_subdag_operator.py for tasks to queue
[2024-08-27T22:36:41.303+0000] {logging_mixin.py:190} INFO - [2024-08-27T22:36:41.302+0000] {dagbag.py:587} INFO - Filling up the DagBag from /home/airflow/.local/lib/python3.12/site-packages/airflow/example_dags/example_subdag_operator.py
[2024-08-27T22:36:41.377+0000] {processor.py:925} INFO - DAG(s) 'example_subdag_operator.section-1', 'example_subdag_operator.section-2', 'example_subdag_operator' retrieved from /home/airflow/.local/lib/python3.12/site-packages/airflow/example_dags/example_subdag_operator.py
[2024-08-27T22:36:41.657+0000] {logging_mixin.py:190} INFO - [2024-08-27T22:36:41.656+0000] {override.py:1858} INFO - Created Permission View: can delete on DAG:example_subdag_operator
[2024-08-27T22:36:41.792+0000] {logging_mixin.py:190} INFO - [2024-08-27T22:36:41.792+0000] {override.py:1858} INFO - Created Permission View: can edit on DAG:example_subdag_operator
[2024-08-27T22:36:41.884+0000] {logging_mixin.py:190} INFO - [2024-08-27T22:36:41.883+0000] {override.py:1858} INFO - Created Permission View: can read on DAG:example_subdag_operator
[2024-08-27T22:36:41.884+0000] {logging_mixin.py:190} INFO - [2024-08-27T22:36:41.884+0000] {dag.py:3211} INFO - Sync 3 DAGs
[2024-08-27T22:36:42.004+0000] {logging_mixin.py:190} INFO - [2024-08-27T22:36:42.003+0000] {dag.py:3234} INFO - Creating ORM DAG for example_subdag_operator.section-1
[2024-08-27T22:36:42.005+0000] {logging_mixin.py:190} INFO - [2024-08-27T22:36:42.004+0000] {dag.py:3234} INFO - Creating ORM DAG for example_subdag_operator
[2024-08-27T22:36:42.005+0000] {logging_mixin.py:190} INFO - [2024-08-27T22:36:42.005+0000] {dag.py:3234} INFO - Creating ORM DAG for example_subdag_operator.section-2
[2024-08-27T22:36:42.035+0000] {logging_mixin.py:190} INFO - [2024-08-27T22:36:42.035+0000] {dag.py:4138} INFO - Setting next_dagrun for example_subdag_operator to 2022-01-01 00:00:00+00:00, run_after=2022-01-01 00:00:00+00:00
[2024-08-27T22:36:42.036+0000] {logging_mixin.py:190} INFO - [2024-08-27T22:36:42.036+0000] {dag.py:4138} INFO - Setting next_dagrun for example_subdag_operator.section-1 to None, run_after=None
[2024-08-27T22:36:42.036+0000] {logging_mixin.py:190} INFO - [2024-08-27T22:36:42.036+0000] {dag.py:4138} INFO - Setting next_dagrun for example_subdag_operator.section-2 to None, run_after=None
[2024-08-27T22:36:42.054+0000] {logging_mixin.py:190} INFO - [2024-08-27T22:36:42.053+0000] {dag.py:3211} INFO - Sync 2 DAGs
[2024-08-27T22:36:42.062+0000] {logging_mixin.py:190} INFO - [2024-08-27T22:36:42.061+0000] {dag.py:4138} INFO - Setting next_dagrun for example_subdag_operator.section-1 to None, run_after=None
[2024-08-27T22:36:42.066+0000] {logging_mixin.py:190} INFO - [2024-08-27T22:36:42.066+0000] {dag.py:4138} INFO - Setting next_dagrun for example_subdag_operator.section-2 to None, run_after=None
[2024-08-27T22:36:42.098+0000] {processor.py:208} INFO - Processing /home/airflow/.local/lib/python3.12/site-packages/airflow/example_dags/example_subdag_operator.py took 0.847 seconds
[2024-08-27T22:37:12.432+0000] {processor.py:186} INFO - Started process (PID=155) to work on /home/airflow/.local/lib/python3.12/site-packages/airflow/example_dags/example_subdag_operator.py
[2024-08-27T22:37:12.433+0000] {processor.py:914} INFO - Processing file /home/airflow/.local/lib/python3.12/site-packages/airflow/example_dags/example_subdag_operator.py for tasks to queue
[2024-08-27T22:37:12.478+0000] {logging_mixin.py:190} INFO - [2024-08-27T22:37:12.477+0000] {dagbag.py:587} INFO - Filling up the DagBag from /home/airflow/.local/lib/python3.12/site-packages/airflow/example_dags/example_subdag_operator.py
[2024-08-27T22:37:12.634+0000] {processor.py:925} INFO - DAG(s) 'example_subdag_operator.section-1', 'example_subdag_operator.section-2', 'example_subdag_operator' retrieved from /home/airflow/.local/lib/python3.12/site-packages/airflow/example_dags/example_subdag_operator.py
[2024-08-27T22:37:12.687+0000] {logging_mixin.py:190} INFO - [2024-08-27T22:37:12.686+0000] {dag.py:3211} INFO - Sync 3 DAGs
[2024-08-27T22:37:12.817+0000] {logging_mixin.py:190} INFO - [2024-08-27T22:37:12.817+0000] {dag.py:4138} INFO - Setting next_dagrun for example_subdag_operator to 2022-01-01 00:00:00+00:00, run_after=2022-01-01 00:00:00+00:00
[2024-08-27T22:37:12.841+0000] {logging_mixin.py:190} INFO - [2024-08-27T22:37:12.841+0000] {dag.py:4138} INFO - Setting next_dagrun for example_subdag_operator.section-1 to None, run_after=None
[2024-08-27T22:37:12.853+0000] {logging_mixin.py:190} INFO - [2024-08-27T22:37:12.853+0000] {dag.py:4138} INFO - Setting next_dagrun for example_subdag_operator.section-2 to None, run_after=None
[2024-08-27T22:37:12.897+0000] {logging_mixin.py:190} INFO - [2024-08-27T22:37:12.896+0000] {dag.py:3211} INFO - Sync 2 DAGs
[2024-08-27T22:37:12.956+0000] {logging_mixin.py:190} INFO - [2024-08-27T22:37:12.955+0000] {dag.py:4138} INFO - Setting next_dagrun for example_subdag_operator.section-1 to None, run_after=None
[2024-08-27T22:37:12.956+0000] {logging_mixin.py:190} INFO - [2024-08-27T22:37:12.956+0000] {dag.py:4138} INFO - Setting next_dagrun for example_subdag_operator.section-2 to None, run_after=None
[2024-08-27T22:37:13.037+0000] {processor.py:208} INFO - Processing /home/airflow/.local/lib/python3.12/site-packages/airflow/example_dags/example_subdag_operator.py took 0.619 seconds
[2024-08-27T22:37:43.785+0000] {processor.py:186} INFO - Started process (PID=217) to work on /home/airflow/.local/lib/python3.12/site-packages/airflow/example_dags/example_subdag_operator.py
[2024-08-27T22:37:43.797+0000] {processor.py:914} INFO - Processing file /home/airflow/.local/lib/python3.12/site-packages/airflow/example_dags/example_subdag_operator.py for tasks to queue
[2024-08-27T22:37:43.800+0000] {logging_mixin.py:190} INFO - [2024-08-27T22:37:43.799+0000] {dagbag.py:587} INFO - Filling up the DagBag from /home/airflow/.local/lib/python3.12/site-packages/airflow/example_dags/example_subdag_operator.py
[2024-08-27T22:37:43.890+0000] {processor.py:925} INFO - DAG(s) 'example_subdag_operator.section-1', 'example_subdag_operator.section-2', 'example_subdag_operator' retrieved from /home/airflow/.local/lib/python3.12/site-packages/airflow/example_dags/example_subdag_operator.py
[2024-08-27T22:37:43.927+0000] {logging_mixin.py:190} INFO - [2024-08-27T22:37:43.927+0000] {dag.py:3211} INFO - Sync 3 DAGs
[2024-08-27T22:37:43.972+0000] {logging_mixin.py:190} INFO - [2024-08-27T22:37:43.972+0000] {dag.py:4138} INFO - Setting next_dagrun for example_subdag_operator to 2022-01-01 00:00:00+00:00, run_after=2022-01-01 00:00:00+00:00
[2024-08-27T22:37:43.983+0000] {logging_mixin.py:190} INFO - [2024-08-27T22:37:43.983+0000] {dag.py:4138} INFO - Setting next_dagrun for example_subdag_operator.section-1 to None, run_after=None
[2024-08-27T22:37:43.985+0000] {logging_mixin.py:190} INFO - [2024-08-27T22:37:43.985+0000] {dag.py:4138} INFO - Setting next_dagrun for example_subdag_operator.section-2 to None, run_after=None
[2024-08-27T22:37:44.006+0000] {logging_mixin.py:190} INFO - [2024-08-27T22:37:44.005+0000] {dag.py:3211} INFO - Sync 2 DAGs
[2024-08-27T22:37:44.024+0000] {logging_mixin.py:190} INFO - [2024-08-27T22:37:44.023+0000] {dag.py:4138} INFO - Setting next_dagrun for example_subdag_operator.section-1 to None, run_after=None
[2024-08-27T22:37:44.024+0000] {logging_mixin.py:190} INFO - [2024-08-27T22:37:44.024+0000] {dag.py:4138} INFO - Setting next_dagrun for example_subdag_operator.section-2 to None, run_after=None
[2024-08-27T22:37:44.058+0000] {processor.py:208} INFO - Processing /home/airflow/.local/lib/python3.12/site-packages/airflow/example_dags/example_subdag_operator.py took 0.298 seconds
