[2024-08-27T22:29:56.855+0000] {processor.py:186} INFO - Started process (PID=82) to work on /home/airflow/.local/lib/python3.12/site-packages/airflow/example_dags/example_branch_day_of_week_operator.py
[2024-08-27T22:29:56.855+0000] {processor.py:914} INFO - Processing file /home/airflow/.local/lib/python3.12/site-packages/airflow/example_dags/example_branch_day_of_week_operator.py for tasks to queue
[2024-08-27T22:29:56.858+0000] {logging_mixin.py:190} INFO - [2024-08-27T22:29:56.858+0000] {dagbag.py:587} INFO - Filling up the DagBag from /home/airflow/.local/lib/python3.12/site-packages/airflow/example_dags/example_branch_day_of_week_operator.py
[2024-08-27T22:29:56.877+0000] {processor.py:925} INFO - DAG(s) 'example_weekday_branch_operator' retrieved from /home/airflow/.local/lib/python3.12/site-packages/airflow/example_dags/example_branch_day_of_week_operator.py
[2024-08-27T22:29:57.021+0000] {logging_mixin.py:190} INFO - [2024-08-27T22:29:57.021+0000] {override.py:1858} INFO - Created Permission View: can edit on DAG:example_weekday_branch_operator
[2024-08-27T22:29:57.036+0000] {logging_mixin.py:190} INFO - [2024-08-27T22:29:57.035+0000] {override.py:1858} INFO - Created Permission View: can delete on DAG:example_weekday_branch_operator
[2024-08-27T22:29:57.042+0000] {logging_mixin.py:190} INFO - [2024-08-27T22:29:57.042+0000] {override.py:1858} INFO - Created Permission View: can read on DAG:example_weekday_branch_operator
[2024-08-27T22:29:57.043+0000] {logging_mixin.py:190} INFO - [2024-08-27T22:29:57.043+0000] {dag.py:3211} INFO - Sync 1 DAGs
[2024-08-27T22:29:57.057+0000] {logging_mixin.py:190} INFO - [2024-08-27T22:29:57.056+0000] {dag.py:3234} INFO - Creating ORM DAG for example_weekday_branch_operator
[2024-08-27T22:29:57.069+0000] {logging_mixin.py:190} INFO - [2024-08-27T22:29:57.068+0000] {dag.py:4138} INFO - Setting next_dagrun for example_weekday_branch_operator to 2024-08-26 00:00:00+00:00, run_after=2024-08-27 00:00:00+00:00
[2024-08-27T22:29:57.086+0000] {processor.py:208} INFO - Processing /home/airflow/.local/lib/python3.12/site-packages/airflow/example_dags/example_branch_day_of_week_operator.py took 0.243 seconds
[2024-08-27T22:30:27.392+0000] {processor.py:186} INFO - Started process (PID=145) to work on /home/airflow/.local/lib/python3.12/site-packages/airflow/example_dags/example_branch_day_of_week_operator.py
[2024-08-27T22:30:27.393+0000] {processor.py:914} INFO - Processing file /home/airflow/.local/lib/python3.12/site-packages/airflow/example_dags/example_branch_day_of_week_operator.py for tasks to queue
[2024-08-27T22:30:27.396+0000] {logging_mixin.py:190} INFO - [2024-08-27T22:30:27.396+0000] {dagbag.py:587} INFO - Filling up the DagBag from /home/airflow/.local/lib/python3.12/site-packages/airflow/example_dags/example_branch_day_of_week_operator.py
[2024-08-27T22:30:27.410+0000] {processor.py:925} INFO - DAG(s) 'example_weekday_branch_operator' retrieved from /home/airflow/.local/lib/python3.12/site-packages/airflow/example_dags/example_branch_day_of_week_operator.py
[2024-08-27T22:30:27.503+0000] {logging_mixin.py:190} INFO - [2024-08-27T22:30:27.491+0000] {dag.py:3211} INFO - Sync 1 DAGs
[2024-08-27T22:30:27.648+0000] {logging_mixin.py:190} INFO - [2024-08-27T22:30:27.647+0000] {dag.py:4138} INFO - Setting next_dagrun for example_weekday_branch_operator to 2024-08-26 00:00:00+00:00, run_after=2024-08-27 00:00:00+00:00
[2024-08-27T22:30:27.692+0000] {processor.py:208} INFO - Processing /home/airflow/.local/lib/python3.12/site-packages/airflow/example_dags/example_branch_day_of_week_operator.py took 0.325 seconds
[2024-08-27T22:30:45.372+0000] {processor.py:186} INFO - Started process (PID=208) to work on /home/airflow/.local/lib/python3.12/site-packages/airflow/example_dags/example_branch_day_of_week_operator.py
[2024-08-27T22:30:45.373+0000] {processor.py:914} INFO - Processing file /home/airflow/.local/lib/python3.12/site-packages/airflow/example_dags/example_branch_day_of_week_operator.py for tasks to queue
[2024-08-27T22:30:45.376+0000] {logging_mixin.py:190} INFO - [2024-08-27T22:30:45.375+0000] {dagbag.py:587} INFO - Filling up the DagBag from /home/airflow/.local/lib/python3.12/site-packages/airflow/example_dags/example_branch_day_of_week_operator.py
[2024-08-27T22:30:45.388+0000] {processor.py:925} INFO - DAG(s) 'example_weekday_branch_operator' retrieved from /home/airflow/.local/lib/python3.12/site-packages/airflow/example_dags/example_branch_day_of_week_operator.py
[2024-08-27T22:30:45.508+0000] {logging_mixin.py:190} INFO - [2024-08-27T22:30:45.508+0000] {dag.py:3211} INFO - Sync 1 DAGs
[2024-08-27T22:30:45.582+0000] {logging_mixin.py:190} INFO - [2024-08-27T22:30:45.581+0000] {dag.py:4138} INFO - Setting next_dagrun for example_weekday_branch_operator to 2024-08-26 00:00:00+00:00, run_after=2024-08-27 00:00:00+00:00
[2024-08-27T22:30:45.618+0000] {processor.py:208} INFO - Processing /home/airflow/.local/lib/python3.12/site-packages/airflow/example_dags/example_branch_day_of_week_operator.py took 0.253 seconds
[2024-08-27T22:31:16.044+0000] {processor.py:186} INFO - Started process (PID=269) to work on /home/airflow/.local/lib/python3.12/site-packages/airflow/example_dags/example_branch_day_of_week_operator.py
[2024-08-27T22:31:16.045+0000] {processor.py:914} INFO - Processing file /home/airflow/.local/lib/python3.12/site-packages/airflow/example_dags/example_branch_day_of_week_operator.py for tasks to queue
[2024-08-27T22:31:16.048+0000] {logging_mixin.py:190} INFO - [2024-08-27T22:31:16.048+0000] {dagbag.py:587} INFO - Filling up the DagBag from /home/airflow/.local/lib/python3.12/site-packages/airflow/example_dags/example_branch_day_of_week_operator.py
[2024-08-27T22:31:16.078+0000] {processor.py:925} INFO - DAG(s) 'example_weekday_branch_operator' retrieved from /home/airflow/.local/lib/python3.12/site-packages/airflow/example_dags/example_branch_day_of_week_operator.py
[2024-08-27T22:31:16.119+0000] {logging_mixin.py:190} INFO - [2024-08-27T22:31:16.119+0000] {dag.py:3211} INFO - Sync 1 DAGs
[2024-08-27T22:31:16.166+0000] {logging_mixin.py:190} INFO - [2024-08-27T22:31:16.165+0000] {dag.py:4138} INFO - Setting next_dagrun for example_weekday_branch_operator to 2024-08-26 00:00:00+00:00, run_after=2024-08-27 00:00:00+00:00
[2024-08-27T22:31:16.227+0000] {processor.py:208} INFO - Processing /home/airflow/.local/lib/python3.12/site-packages/airflow/example_dags/example_branch_day_of_week_operator.py took 0.198 seconds
[2024-08-27T22:31:46.530+0000] {processor.py:186} INFO - Started process (PID=330) to work on /home/airflow/.local/lib/python3.12/site-packages/airflow/example_dags/example_branch_day_of_week_operator.py
[2024-08-27T22:31:46.534+0000] {processor.py:914} INFO - Processing file /home/airflow/.local/lib/python3.12/site-packages/airflow/example_dags/example_branch_day_of_week_operator.py for tasks to queue
[2024-08-27T22:31:46.543+0000] {logging_mixin.py:190} INFO - [2024-08-27T22:31:46.542+0000] {dagbag.py:587} INFO - Filling up the DagBag from /home/airflow/.local/lib/python3.12/site-packages/airflow/example_dags/example_branch_day_of_week_operator.py
[2024-08-27T22:31:46.574+0000] {processor.py:925} INFO - DAG(s) 'example_weekday_branch_operator' retrieved from /home/airflow/.local/lib/python3.12/site-packages/airflow/example_dags/example_branch_day_of_week_operator.py
[2024-08-27T22:31:46.661+0000] {logging_mixin.py:190} INFO - [2024-08-27T22:31:46.661+0000] {dag.py:3211} INFO - Sync 1 DAGs
[2024-08-27T22:31:46.941+0000] {logging_mixin.py:190} INFO - [2024-08-27T22:31:46.941+0000] {dag.py:4138} INFO - Setting next_dagrun for example_weekday_branch_operator to 2024-08-26 00:00:00+00:00, run_after=2024-08-27 00:00:00+00:00
[2024-08-27T22:31:47.037+0000] {processor.py:208} INFO - Processing /home/airflow/.local/lib/python3.12/site-packages/airflow/example_dags/example_branch_day_of_week_operator.py took 0.525 seconds
[2024-08-27T22:32:17.293+0000] {processor.py:186} INFO - Started process (PID=391) to work on /home/airflow/.local/lib/python3.12/site-packages/airflow/example_dags/example_branch_day_of_week_operator.py
[2024-08-27T22:32:17.302+0000] {processor.py:914} INFO - Processing file /home/airflow/.local/lib/python3.12/site-packages/airflow/example_dags/example_branch_day_of_week_operator.py for tasks to queue
[2024-08-27T22:32:17.304+0000] {logging_mixin.py:190} INFO - [2024-08-27T22:32:17.304+0000] {dagbag.py:587} INFO - Filling up the DagBag from /home/airflow/.local/lib/python3.12/site-packages/airflow/example_dags/example_branch_day_of_week_operator.py
[2024-08-27T22:32:17.320+0000] {processor.py:925} INFO - DAG(s) 'example_weekday_branch_operator' retrieved from /home/airflow/.local/lib/python3.12/site-packages/airflow/example_dags/example_branch_day_of_week_operator.py
[2024-08-27T22:32:17.360+0000] {logging_mixin.py:190} INFO - [2024-08-27T22:32:17.360+0000] {dag.py:3211} INFO - Sync 1 DAGs
[2024-08-27T22:32:17.394+0000] {logging_mixin.py:190} INFO - [2024-08-27T22:32:17.393+0000] {dag.py:4138} INFO - Setting next_dagrun for example_weekday_branch_operator to 2024-08-26 00:00:00+00:00, run_after=2024-08-27 00:00:00+00:00
[2024-08-27T22:32:17.420+0000] {processor.py:208} INFO - Processing /home/airflow/.local/lib/python3.12/site-packages/airflow/example_dags/example_branch_day_of_week_operator.py took 0.135 seconds
[2024-08-27T22:32:48.987+0000] {processor.py:186} INFO - Started process (PID=454) to work on /home/airflow/.local/lib/python3.12/site-packages/airflow/example_dags/example_branch_day_of_week_operator.py
[2024-08-27T22:32:48.988+0000] {processor.py:914} INFO - Processing file /home/airflow/.local/lib/python3.12/site-packages/airflow/example_dags/example_branch_day_of_week_operator.py for tasks to queue
[2024-08-27T22:32:48.992+0000] {logging_mixin.py:190} INFO - [2024-08-27T22:32:48.992+0000] {dagbag.py:587} INFO - Filling up the DagBag from /home/airflow/.local/lib/python3.12/site-packages/airflow/example_dags/example_branch_day_of_week_operator.py
[2024-08-27T22:32:49.004+0000] {processor.py:925} INFO - DAG(s) 'example_weekday_branch_operator' retrieved from /home/airflow/.local/lib/python3.12/site-packages/airflow/example_dags/example_branch_day_of_week_operator.py
[2024-08-27T22:32:49.070+0000] {logging_mixin.py:190} INFO - [2024-08-27T22:32:49.069+0000] {dag.py:3211} INFO - Sync 1 DAGs
[2024-08-27T22:32:49.191+0000] {logging_mixin.py:190} INFO - [2024-08-27T22:32:49.177+0000] {dag.py:4138} INFO - Setting next_dagrun for example_weekday_branch_operator to 2024-08-26 00:00:00+00:00, run_after=2024-08-27 00:00:00+00:00
[2024-08-27T22:32:49.277+0000] {processor.py:208} INFO - Processing /home/airflow/.local/lib/python3.12/site-packages/airflow/example_dags/example_branch_day_of_week_operator.py took 0.296 seconds
[2024-08-27T22:33:19.985+0000] {processor.py:186} INFO - Started process (PID=516) to work on /home/airflow/.local/lib/python3.12/site-packages/airflow/example_dags/example_branch_day_of_week_operator.py
[2024-08-27T22:33:19.987+0000] {processor.py:914} INFO - Processing file /home/airflow/.local/lib/python3.12/site-packages/airflow/example_dags/example_branch_day_of_week_operator.py for tasks to queue
[2024-08-27T22:33:19.990+0000] {logging_mixin.py:190} INFO - [2024-08-27T22:33:19.989+0000] {dagbag.py:587} INFO - Filling up the DagBag from /home/airflow/.local/lib/python3.12/site-packages/airflow/example_dags/example_branch_day_of_week_operator.py
[2024-08-27T22:33:20.007+0000] {processor.py:925} INFO - DAG(s) 'example_weekday_branch_operator' retrieved from /home/airflow/.local/lib/python3.12/site-packages/airflow/example_dags/example_branch_day_of_week_operator.py
[2024-08-27T22:33:20.037+0000] {logging_mixin.py:190} INFO - [2024-08-27T22:33:20.037+0000] {dag.py:3211} INFO - Sync 1 DAGs
[2024-08-27T22:33:20.065+0000] {logging_mixin.py:190} INFO - [2024-08-27T22:33:20.065+0000] {dag.py:4138} INFO - Setting next_dagrun for example_weekday_branch_operator to 2024-08-26 00:00:00+00:00, run_after=2024-08-27 00:00:00+00:00
[2024-08-27T22:33:20.098+0000] {processor.py:208} INFO - Processing /home/airflow/.local/lib/python3.12/site-packages/airflow/example_dags/example_branch_day_of_week_operator.py took 0.123 seconds
[2024-08-27T22:33:51.469+0000] {processor.py:186} INFO - Started process (PID=577) to work on /home/airflow/.local/lib/python3.12/site-packages/airflow/example_dags/example_branch_day_of_week_operator.py
[2024-08-27T22:33:51.471+0000] {processor.py:914} INFO - Processing file /home/airflow/.local/lib/python3.12/site-packages/airflow/example_dags/example_branch_day_of_week_operator.py for tasks to queue
[2024-08-27T22:33:51.474+0000] {logging_mixin.py:190} INFO - [2024-08-27T22:33:51.473+0000] {dagbag.py:587} INFO - Filling up the DagBag from /home/airflow/.local/lib/python3.12/site-packages/airflow/example_dags/example_branch_day_of_week_operator.py
[2024-08-27T22:33:51.494+0000] {processor.py:925} INFO - DAG(s) 'example_weekday_branch_operator' retrieved from /home/airflow/.local/lib/python3.12/site-packages/airflow/example_dags/example_branch_day_of_week_operator.py
[2024-08-27T22:33:51.533+0000] {logging_mixin.py:190} INFO - [2024-08-27T22:33:51.532+0000] {dag.py:3211} INFO - Sync 1 DAGs
[2024-08-27T22:33:51.564+0000] {logging_mixin.py:190} INFO - [2024-08-27T22:33:51.563+0000] {dag.py:4138} INFO - Setting next_dagrun for example_weekday_branch_operator to 2024-08-26 00:00:00+00:00, run_after=2024-08-27 00:00:00+00:00
[2024-08-27T22:33:51.588+0000] {processor.py:208} INFO - Processing /home/airflow/.local/lib/python3.12/site-packages/airflow/example_dags/example_branch_day_of_week_operator.py took 0.132 seconds
[2024-08-27T22:36:35.121+0000] {processor.py:186} INFO - Started process (PID=77) to work on /home/airflow/.local/lib/python3.12/site-packages/airflow/example_dags/example_branch_day_of_week_operator.py
[2024-08-27T22:36:35.122+0000] {processor.py:914} INFO - Processing file /home/airflow/.local/lib/python3.12/site-packages/airflow/example_dags/example_branch_day_of_week_operator.py for tasks to queue
[2024-08-27T22:36:35.125+0000] {logging_mixin.py:190} INFO - [2024-08-27T22:36:35.124+0000] {dagbag.py:587} INFO - Filling up the DagBag from /home/airflow/.local/lib/python3.12/site-packages/airflow/example_dags/example_branch_day_of_week_operator.py
[2024-08-27T22:36:35.142+0000] {processor.py:925} INFO - DAG(s) 'example_weekday_branch_operator' retrieved from /home/airflow/.local/lib/python3.12/site-packages/airflow/example_dags/example_branch_day_of_week_operator.py
[2024-08-27T22:36:35.361+0000] {logging_mixin.py:190} INFO - [2024-08-27T22:36:35.360+0000] {override.py:1858} INFO - Created Permission View: can delete on DAG:example_weekday_branch_operator
[2024-08-27T22:36:35.448+0000] {logging_mixin.py:190} INFO - [2024-08-27T22:36:35.447+0000] {override.py:1858} INFO - Created Permission View: can edit on DAG:example_weekday_branch_operator
[2024-08-27T22:36:35.479+0000] {logging_mixin.py:190} INFO - [2024-08-27T22:36:35.476+0000] {override.py:1858} INFO - Created Permission View: can read on DAG:example_weekday_branch_operator
[2024-08-27T22:36:35.481+0000] {logging_mixin.py:190} INFO - [2024-08-27T22:36:35.480+0000] {dag.py:3211} INFO - Sync 1 DAGs
[2024-08-27T22:36:35.753+0000] {logging_mixin.py:190} INFO - [2024-08-27T22:36:35.745+0000] {dag.py:3234} INFO - Creating ORM DAG for example_weekday_branch_operator
[2024-08-27T22:36:36.087+0000] {logging_mixin.py:190} INFO - [2024-08-27T22:36:36.087+0000] {dag.py:4138} INFO - Setting next_dagrun for example_weekday_branch_operator to 2024-08-26 00:00:00+00:00, run_after=2024-08-27 00:00:00+00:00
[2024-08-27T22:36:36.178+0000] {processor.py:208} INFO - Processing /home/airflow/.local/lib/python3.12/site-packages/airflow/example_dags/example_branch_day_of_week_operator.py took 1.065 seconds
[2024-08-27T22:37:06.889+0000] {processor.py:186} INFO - Started process (PID=137) to work on /home/airflow/.local/lib/python3.12/site-packages/airflow/example_dags/example_branch_day_of_week_operator.py
[2024-08-27T22:37:06.894+0000] {processor.py:914} INFO - Processing file /home/airflow/.local/lib/python3.12/site-packages/airflow/example_dags/example_branch_day_of_week_operator.py for tasks to queue
[2024-08-27T22:37:06.913+0000] {logging_mixin.py:190} INFO - [2024-08-27T22:37:06.896+0000] {dagbag.py:587} INFO - Filling up the DagBag from /home/airflow/.local/lib/python3.12/site-packages/airflow/example_dags/example_branch_day_of_week_operator.py
[2024-08-27T22:37:06.943+0000] {processor.py:925} INFO - DAG(s) 'example_weekday_branch_operator' retrieved from /home/airflow/.local/lib/python3.12/site-packages/airflow/example_dags/example_branch_day_of_week_operator.py
[2024-08-27T22:37:07.002+0000] {logging_mixin.py:190} INFO - [2024-08-27T22:37:07.002+0000] {dag.py:3211} INFO - Sync 1 DAGs
[2024-08-27T22:37:07.049+0000] {logging_mixin.py:190} INFO - [2024-08-27T22:37:07.048+0000] {dag.py:4138} INFO - Setting next_dagrun for example_weekday_branch_operator to 2024-08-26 00:00:00+00:00, run_after=2024-08-27 00:00:00+00:00
[2024-08-27T22:37:07.090+0000] {processor.py:208} INFO - Processing /home/airflow/.local/lib/python3.12/site-packages/airflow/example_dags/example_branch_day_of_week_operator.py took 0.230 seconds
[2024-08-27T22:37:37.269+0000] {processor.py:186} INFO - Started process (PID=199) to work on /home/airflow/.local/lib/python3.12/site-packages/airflow/example_dags/example_branch_day_of_week_operator.py
[2024-08-27T22:37:37.270+0000] {processor.py:914} INFO - Processing file /home/airflow/.local/lib/python3.12/site-packages/airflow/example_dags/example_branch_day_of_week_operator.py for tasks to queue
[2024-08-27T22:37:37.273+0000] {logging_mixin.py:190} INFO - [2024-08-27T22:37:37.273+0000] {dagbag.py:587} INFO - Filling up the DagBag from /home/airflow/.local/lib/python3.12/site-packages/airflow/example_dags/example_branch_day_of_week_operator.py
[2024-08-27T22:37:37.288+0000] {processor.py:925} INFO - DAG(s) 'example_weekday_branch_operator' retrieved from /home/airflow/.local/lib/python3.12/site-packages/airflow/example_dags/example_branch_day_of_week_operator.py
[2024-08-27T22:37:37.327+0000] {logging_mixin.py:190} INFO - [2024-08-27T22:37:37.327+0000] {dag.py:3211} INFO - Sync 1 DAGs
[2024-08-27T22:37:37.363+0000] {logging_mixin.py:190} INFO - [2024-08-27T22:37:37.363+0000] {dag.py:4138} INFO - Setting next_dagrun for example_weekday_branch_operator to 2024-08-26 00:00:00+00:00, run_after=2024-08-27 00:00:00+00:00
[2024-08-27T22:37:37.394+0000] {processor.py:208} INFO - Processing /home/airflow/.local/lib/python3.12/site-packages/airflow/example_dags/example_branch_day_of_week_operator.py took 0.132 seconds
