[2024-08-27T22:29:56.621+0000] {processor.py:186} INFO - Started process (PID=81) to work on /home/airflow/.local/lib/python3.12/site-packages/airflow/example_dags/example_dataset_alias_with_no_taskflow.py
[2024-08-27T22:29:56.624+0000] {processor.py:914} INFO - Processing file /home/airflow/.local/lib/python3.12/site-packages/airflow/example_dags/example_dataset_alias_with_no_taskflow.py for tasks to queue
[2024-08-27T22:29:56.626+0000] {logging_mixin.py:190} INFO - [2024-08-27T22:29:56.626+0000] {dagbag.py:587} INFO - Filling up the DagBag from /home/airflow/.local/lib/python3.12/site-packages/airflow/example_dags/example_dataset_alias_with_no_taskflow.py
[2024-08-27T22:29:56.859+0000] {processor.py:925} INFO - DAG(s) 'dataset_alias_example_alias_producer_with_no_taskflow', 'dataset_alias_example_alias_consumer_with_no_taskflow', 'dataset_s3_bucket_producer_with_no_taskflow', 'dataset_s3_bucket_consumer_with_no_taskflow' retrieved from /home/airflow/.local/lib/python3.12/site-packages/airflow/example_dags/example_dataset_alias_with_no_taskflow.py
[2024-08-27T22:29:56.998+0000] {logging_mixin.py:190} INFO - [2024-08-27T22:29:56.998+0000] {override.py:1858} INFO - Created Permission View: can edit on DAG:dataset_alias_example_alias_producer_with_no_taskflow
[2024-08-27T22:29:57.010+0000] {logging_mixin.py:190} INFO - [2024-08-27T22:29:57.010+0000] {override.py:1858} INFO - Created Permission View: can delete on DAG:dataset_alias_example_alias_producer_with_no_taskflow
[2024-08-27T22:29:57.016+0000] {logging_mixin.py:190} INFO - [2024-08-27T22:29:57.016+0000] {override.py:1858} INFO - Created Permission View: can read on DAG:dataset_alias_example_alias_producer_with_no_taskflow
[2024-08-27T22:29:57.027+0000] {logging_mixin.py:190} INFO - [2024-08-27T22:29:57.027+0000] {override.py:1858} INFO - Created Permission View: can edit on DAG:dataset_alias_example_alias_consumer_with_no_taskflow
[2024-08-27T22:29:57.035+0000] {logging_mixin.py:190} INFO - [2024-08-27T22:29:57.034+0000] {override.py:1858} INFO - Created Permission View: can delete on DAG:dataset_alias_example_alias_consumer_with_no_taskflow
[2024-08-27T22:29:57.042+0000] {logging_mixin.py:190} INFO - [2024-08-27T22:29:57.041+0000] {override.py:1858} INFO - Created Permission View: can read on DAG:dataset_alias_example_alias_consumer_with_no_taskflow
[2024-08-27T22:29:57.058+0000] {logging_mixin.py:190} INFO - [2024-08-27T22:29:57.058+0000] {override.py:1858} INFO - Created Permission View: can edit on DAG:dataset_s3_bucket_producer_with_no_taskflow
[2024-08-27T22:29:57.066+0000] {logging_mixin.py:190} INFO - [2024-08-27T22:29:57.066+0000] {override.py:1858} INFO - Created Permission View: can delete on DAG:dataset_s3_bucket_producer_with_no_taskflow
[2024-08-27T22:29:57.075+0000] {logging_mixin.py:190} INFO - [2024-08-27T22:29:57.075+0000] {override.py:1858} INFO - Created Permission View: can read on DAG:dataset_s3_bucket_producer_with_no_taskflow
[2024-08-27T22:29:57.092+0000] {logging_mixin.py:190} INFO - [2024-08-27T22:29:57.092+0000] {override.py:1858} INFO - Created Permission View: can edit on DAG:dataset_s3_bucket_consumer_with_no_taskflow
[2024-08-27T22:29:57.105+0000] {logging_mixin.py:190} INFO - [2024-08-27T22:29:57.105+0000] {override.py:1858} INFO - Created Permission View: can delete on DAG:dataset_s3_bucket_consumer_with_no_taskflow
[2024-08-27T22:29:57.115+0000] {logging_mixin.py:190} INFO - [2024-08-27T22:29:57.114+0000] {override.py:1858} INFO - Created Permission View: can read on DAG:dataset_s3_bucket_consumer_with_no_taskflow
[2024-08-27T22:29:57.115+0000] {logging_mixin.py:190} INFO - [2024-08-27T22:29:57.115+0000] {dag.py:3211} INFO - Sync 4 DAGs
[2024-08-27T22:29:57.131+0000] {logging_mixin.py:190} INFO - [2024-08-27T22:29:57.130+0000] {dag.py:3234} INFO - Creating ORM DAG for dataset_alias_example_alias_producer_with_no_taskflow
[2024-08-27T22:29:57.132+0000] {logging_mixin.py:190} INFO - [2024-08-27T22:29:57.131+0000] {dag.py:3234} INFO - Creating ORM DAG for dataset_alias_example_alias_consumer_with_no_taskflow
[2024-08-27T22:29:57.132+0000] {logging_mixin.py:190} INFO - [2024-08-27T22:29:57.132+0000] {dag.py:3234} INFO - Creating ORM DAG for dataset_s3_bucket_consumer_with_no_taskflow
[2024-08-27T22:29:57.133+0000] {logging_mixin.py:190} INFO - [2024-08-27T22:29:57.133+0000] {dag.py:3234} INFO - Creating ORM DAG for dataset_s3_bucket_producer_with_no_taskflow
[2024-08-27T22:29:57.142+0000] {logging_mixin.py:190} INFO - [2024-08-27T22:29:57.142+0000] {dag.py:4138} INFO - Setting next_dagrun for dataset_alias_example_alias_consumer_with_no_taskflow to None, run_after=None
[2024-08-27T22:29:57.143+0000] {logging_mixin.py:190} INFO - [2024-08-27T22:29:57.143+0000] {dag.py:4138} INFO - Setting next_dagrun for dataset_alias_example_alias_producer_with_no_taskflow to None, run_after=None
[2024-08-27T22:29:57.144+0000] {logging_mixin.py:190} INFO - [2024-08-27T22:29:57.144+0000] {dag.py:4138} INFO - Setting next_dagrun for dataset_s3_bucket_consumer_with_no_taskflow to None, run_after=None
[2024-08-27T22:29:57.144+0000] {logging_mixin.py:190} INFO - [2024-08-27T22:29:57.144+0000] {dag.py:4138} INFO - Setting next_dagrun for dataset_s3_bucket_producer_with_no_taskflow to None, run_after=None
[2024-08-27T22:29:57.188+0000] {processor.py:208} INFO - Processing /home/airflow/.local/lib/python3.12/site-packages/airflow/example_dags/example_dataset_alias_with_no_taskflow.py took 0.580 seconds
[2024-08-27T22:30:27.318+0000] {processor.py:186} INFO - Started process (PID=144) to work on /home/airflow/.local/lib/python3.12/site-packages/airflow/example_dags/example_dataset_alias_with_no_taskflow.py
[2024-08-27T22:30:27.321+0000] {processor.py:914} INFO - Processing file /home/airflow/.local/lib/python3.12/site-packages/airflow/example_dags/example_dataset_alias_with_no_taskflow.py for tasks to queue
[2024-08-27T22:30:27.329+0000] {logging_mixin.py:190} INFO - [2024-08-27T22:30:27.327+0000] {dagbag.py:587} INFO - Filling up the DagBag from /home/airflow/.local/lib/python3.12/site-packages/airflow/example_dags/example_dataset_alias_with_no_taskflow.py
[2024-08-27T22:30:27.767+0000] {processor.py:925} INFO - DAG(s) 'dataset_s3_bucket_consumer_with_no_taskflow', 'dataset_s3_bucket_producer_with_no_taskflow', 'dataset_alias_example_alias_producer_with_no_taskflow', 'dataset_alias_example_alias_consumer_with_no_taskflow' retrieved from /home/airflow/.local/lib/python3.12/site-packages/airflow/example_dags/example_dataset_alias_with_no_taskflow.py
[2024-08-27T22:30:27.870+0000] {logging_mixin.py:190} INFO - [2024-08-27T22:30:27.862+0000] {dag.py:3211} INFO - Sync 4 DAGs
[2024-08-27T22:30:27.930+0000] {logging_mixin.py:190} INFO - [2024-08-27T22:30:27.929+0000] {dag.py:4138} INFO - Setting next_dagrun for dataset_alias_example_alias_consumer_with_no_taskflow to None, run_after=None
[2024-08-27T22:30:27.937+0000] {logging_mixin.py:190} INFO - [2024-08-27T22:30:27.936+0000] {dag.py:4138} INFO - Setting next_dagrun for dataset_alias_example_alias_producer_with_no_taskflow to None, run_after=None
[2024-08-27T22:30:27.942+0000] {logging_mixin.py:190} INFO - [2024-08-27T22:30:27.942+0000] {dag.py:4138} INFO - Setting next_dagrun for dataset_s3_bucket_consumer_with_no_taskflow to None, run_after=None
[2024-08-27T22:30:27.946+0000] {logging_mixin.py:190} INFO - [2024-08-27T22:30:27.945+0000] {dag.py:4138} INFO - Setting next_dagrun for dataset_s3_bucket_producer_with_no_taskflow to None, run_after=None
[2024-08-27T22:30:28.022+0000] {processor.py:208} INFO - Processing /home/airflow/.local/lib/python3.12/site-packages/airflow/example_dags/example_dataset_alias_with_no_taskflow.py took 0.719 seconds
[2024-08-27T22:30:45.111+0000] {processor.py:186} INFO - Started process (PID=201) to work on /home/airflow/.local/lib/python3.12/site-packages/airflow/example_dags/example_dataset_alias_with_no_taskflow.py
[2024-08-27T22:30:45.114+0000] {processor.py:914} INFO - Processing file /home/airflow/.local/lib/python3.12/site-packages/airflow/example_dags/example_dataset_alias_with_no_taskflow.py for tasks to queue
[2024-08-27T22:30:45.123+0000] {logging_mixin.py:190} INFO - [2024-08-27T22:30:45.119+0000] {dagbag.py:587} INFO - Filling up the DagBag from /home/airflow/.local/lib/python3.12/site-packages/airflow/example_dags/example_dataset_alias_with_no_taskflow.py
[2024-08-27T22:30:45.758+0000] {processor.py:925} INFO - DAG(s) 'dataset_s3_bucket_consumer_with_no_taskflow', 'dataset_alias_example_alias_consumer_with_no_taskflow', 'dataset_alias_example_alias_producer_with_no_taskflow', 'dataset_s3_bucket_producer_with_no_taskflow' retrieved from /home/airflow/.local/lib/python3.12/site-packages/airflow/example_dags/example_dataset_alias_with_no_taskflow.py
[2024-08-27T22:30:45.828+0000] {logging_mixin.py:190} INFO - [2024-08-27T22:30:45.828+0000] {dag.py:3211} INFO - Sync 4 DAGs
[2024-08-27T22:30:45.903+0000] {logging_mixin.py:190} INFO - [2024-08-27T22:30:45.903+0000] {dag.py:4138} INFO - Setting next_dagrun for dataset_alias_example_alias_consumer_with_no_taskflow to None, run_after=None
[2024-08-27T22:30:45.920+0000] {logging_mixin.py:190} INFO - [2024-08-27T22:30:45.919+0000] {dag.py:4138} INFO - Setting next_dagrun for dataset_alias_example_alias_producer_with_no_taskflow to None, run_after=None
[2024-08-27T22:30:45.924+0000] {logging_mixin.py:190} INFO - [2024-08-27T22:30:45.924+0000] {dag.py:4138} INFO - Setting next_dagrun for dataset_s3_bucket_consumer_with_no_taskflow to None, run_after=None
[2024-08-27T22:30:45.930+0000] {logging_mixin.py:190} INFO - [2024-08-27T22:30:45.929+0000] {dag.py:4138} INFO - Setting next_dagrun for dataset_s3_bucket_producer_with_no_taskflow to None, run_after=None
[2024-08-27T22:30:46.002+0000] {processor.py:208} INFO - Processing /home/airflow/.local/lib/python3.12/site-packages/airflow/example_dags/example_dataset_alias_with_no_taskflow.py took 0.901 seconds
[2024-08-27T22:31:16.290+0000] {processor.py:186} INFO - Started process (PID=270) to work on /home/airflow/.local/lib/python3.12/site-packages/airflow/example_dags/example_dataset_alias_with_no_taskflow.py
[2024-08-27T22:31:16.291+0000] {processor.py:914} INFO - Processing file /home/airflow/.local/lib/python3.12/site-packages/airflow/example_dags/example_dataset_alias_with_no_taskflow.py for tasks to queue
[2024-08-27T22:31:16.294+0000] {logging_mixin.py:190} INFO - [2024-08-27T22:31:16.293+0000] {dagbag.py:587} INFO - Filling up the DagBag from /home/airflow/.local/lib/python3.12/site-packages/airflow/example_dags/example_dataset_alias_with_no_taskflow.py
[2024-08-27T22:31:16.584+0000] {processor.py:925} INFO - DAG(s) 'dataset_alias_example_alias_producer_with_no_taskflow', 'dataset_s3_bucket_producer_with_no_taskflow', 'dataset_alias_example_alias_consumer_with_no_taskflow', 'dataset_s3_bucket_consumer_with_no_taskflow' retrieved from /home/airflow/.local/lib/python3.12/site-packages/airflow/example_dags/example_dataset_alias_with_no_taskflow.py
[2024-08-27T22:31:16.624+0000] {logging_mixin.py:190} INFO - [2024-08-27T22:31:16.624+0000] {dag.py:3211} INFO - Sync 4 DAGs
[2024-08-27T22:31:16.662+0000] {logging_mixin.py:190} INFO - [2024-08-27T22:31:16.662+0000] {dag.py:4138} INFO - Setting next_dagrun for dataset_alias_example_alias_consumer_with_no_taskflow to None, run_after=None
[2024-08-27T22:31:16.669+0000] {logging_mixin.py:190} INFO - [2024-08-27T22:31:16.669+0000] {dag.py:4138} INFO - Setting next_dagrun for dataset_alias_example_alias_producer_with_no_taskflow to None, run_after=None
[2024-08-27T22:31:16.676+0000] {logging_mixin.py:190} INFO - [2024-08-27T22:31:16.675+0000] {dag.py:4138} INFO - Setting next_dagrun for dataset_s3_bucket_consumer_with_no_taskflow to None, run_after=None
[2024-08-27T22:31:16.678+0000] {logging_mixin.py:190} INFO - [2024-08-27T22:31:16.677+0000] {dag.py:4138} INFO - Setting next_dagrun for dataset_s3_bucket_producer_with_no_taskflow to None, run_after=None
[2024-08-27T22:31:16.739+0000] {processor.py:208} INFO - Processing /home/airflow/.local/lib/python3.12/site-packages/airflow/example_dags/example_dataset_alias_with_no_taskflow.py took 0.467 seconds
[2024-08-27T22:31:47.194+0000] {processor.py:186} INFO - Started process (PID=331) to work on /home/airflow/.local/lib/python3.12/site-packages/airflow/example_dags/example_dataset_alias_with_no_taskflow.py
[2024-08-27T22:31:47.200+0000] {processor.py:914} INFO - Processing file /home/airflow/.local/lib/python3.12/site-packages/airflow/example_dags/example_dataset_alias_with_no_taskflow.py for tasks to queue
[2024-08-27T22:31:47.216+0000] {logging_mixin.py:190} INFO - [2024-08-27T22:31:47.208+0000] {dagbag.py:587} INFO - Filling up the DagBag from /home/airflow/.local/lib/python3.12/site-packages/airflow/example_dags/example_dataset_alias_with_no_taskflow.py
[2024-08-27T22:31:47.869+0000] {processor.py:925} INFO - DAG(s) 'dataset_s3_bucket_producer_with_no_taskflow', 'dataset_s3_bucket_consumer_with_no_taskflow', 'dataset_alias_example_alias_consumer_with_no_taskflow', 'dataset_alias_example_alias_producer_with_no_taskflow' retrieved from /home/airflow/.local/lib/python3.12/site-packages/airflow/example_dags/example_dataset_alias_with_no_taskflow.py
[2024-08-27T22:31:47.911+0000] {logging_mixin.py:190} INFO - [2024-08-27T22:31:47.911+0000] {dag.py:3211} INFO - Sync 4 DAGs
[2024-08-27T22:31:47.963+0000] {logging_mixin.py:190} INFO - [2024-08-27T22:31:47.963+0000] {dag.py:4138} INFO - Setting next_dagrun for dataset_alias_example_alias_consumer_with_no_taskflow to None, run_after=None
[2024-08-27T22:31:47.979+0000] {logging_mixin.py:190} INFO - [2024-08-27T22:31:47.979+0000] {dag.py:4138} INFO - Setting next_dagrun for dataset_alias_example_alias_producer_with_no_taskflow to None, run_after=None
[2024-08-27T22:31:47.981+0000] {logging_mixin.py:190} INFO - [2024-08-27T22:31:47.980+0000] {dag.py:4138} INFO - Setting next_dagrun for dataset_s3_bucket_consumer_with_no_taskflow to None, run_after=None
[2024-08-27T22:31:47.991+0000] {logging_mixin.py:190} INFO - [2024-08-27T22:31:47.990+0000] {dag.py:4138} INFO - Setting next_dagrun for dataset_s3_bucket_producer_with_no_taskflow to None, run_after=None
[2024-08-27T22:31:48.061+0000] {processor.py:208} INFO - Processing /home/airflow/.local/lib/python3.12/site-packages/airflow/example_dags/example_dataset_alias_with_no_taskflow.py took 0.890 seconds
[2024-08-27T22:32:18.273+0000] {processor.py:186} INFO - Started process (PID=396) to work on /home/airflow/.local/lib/python3.12/site-packages/airflow/example_dags/example_dataset_alias_with_no_taskflow.py
[2024-08-27T22:32:18.275+0000] {processor.py:914} INFO - Processing file /home/airflow/.local/lib/python3.12/site-packages/airflow/example_dags/example_dataset_alias_with_no_taskflow.py for tasks to queue
[2024-08-27T22:32:18.277+0000] {logging_mixin.py:190} INFO - [2024-08-27T22:32:18.277+0000] {dagbag.py:587} INFO - Filling up the DagBag from /home/airflow/.local/lib/python3.12/site-packages/airflow/example_dags/example_dataset_alias_with_no_taskflow.py
[2024-08-27T22:32:18.665+0000] {processor.py:925} INFO - DAG(s) 'dataset_s3_bucket_consumer_with_no_taskflow', 'dataset_alias_example_alias_producer_with_no_taskflow', 'dataset_alias_example_alias_consumer_with_no_taskflow', 'dataset_s3_bucket_producer_with_no_taskflow' retrieved from /home/airflow/.local/lib/python3.12/site-packages/airflow/example_dags/example_dataset_alias_with_no_taskflow.py
[2024-08-27T22:32:18.737+0000] {logging_mixin.py:190} INFO - [2024-08-27T22:32:18.736+0000] {dag.py:3211} INFO - Sync 4 DAGs
[2024-08-27T22:32:18.799+0000] {logging_mixin.py:190} INFO - [2024-08-27T22:32:18.798+0000] {dag.py:4138} INFO - Setting next_dagrun for dataset_alias_example_alias_consumer_with_no_taskflow to None, run_after=None
[2024-08-27T22:32:18.805+0000] {logging_mixin.py:190} INFO - [2024-08-27T22:32:18.804+0000] {dag.py:4138} INFO - Setting next_dagrun for dataset_alias_example_alias_producer_with_no_taskflow to None, run_after=None
[2024-08-27T22:32:18.807+0000] {logging_mixin.py:190} INFO - [2024-08-27T22:32:18.806+0000] {dag.py:4138} INFO - Setting next_dagrun for dataset_s3_bucket_consumer_with_no_taskflow to None, run_after=None
[2024-08-27T22:32:18.809+0000] {logging_mixin.py:190} INFO - [2024-08-27T22:32:18.808+0000] {dag.py:4138} INFO - Setting next_dagrun for dataset_s3_bucket_producer_with_no_taskflow to None, run_after=None
[2024-08-27T22:32:18.857+0000] {processor.py:208} INFO - Processing /home/airflow/.local/lib/python3.12/site-packages/airflow/example_dags/example_dataset_alias_with_no_taskflow.py took 0.591 seconds
[2024-08-27T22:32:49.370+0000] {processor.py:186} INFO - Started process (PID=456) to work on /home/airflow/.local/lib/python3.12/site-packages/airflow/example_dags/example_dataset_alias_with_no_taskflow.py
[2024-08-27T22:32:49.375+0000] {processor.py:914} INFO - Processing file /home/airflow/.local/lib/python3.12/site-packages/airflow/example_dags/example_dataset_alias_with_no_taskflow.py for tasks to queue
[2024-08-27T22:32:49.389+0000] {logging_mixin.py:190} INFO - [2024-08-27T22:32:49.380+0000] {dagbag.py:587} INFO - Filling up the DagBag from /home/airflow/.local/lib/python3.12/site-packages/airflow/example_dags/example_dataset_alias_with_no_taskflow.py
[2024-08-27T22:32:49.909+0000] {processor.py:925} INFO - DAG(s) 'dataset_alias_example_alias_producer_with_no_taskflow', 'dataset_s3_bucket_consumer_with_no_taskflow', 'dataset_s3_bucket_producer_with_no_taskflow', 'dataset_alias_example_alias_consumer_with_no_taskflow' retrieved from /home/airflow/.local/lib/python3.12/site-packages/airflow/example_dags/example_dataset_alias_with_no_taskflow.py
[2024-08-27T22:32:49.947+0000] {logging_mixin.py:190} INFO - [2024-08-27T22:32:49.946+0000] {dag.py:3211} INFO - Sync 4 DAGs
[2024-08-27T22:32:49.979+0000] {logging_mixin.py:190} INFO - [2024-08-27T22:32:49.978+0000] {dag.py:4138} INFO - Setting next_dagrun for dataset_alias_example_alias_consumer_with_no_taskflow to None, run_after=None
[2024-08-27T22:32:49.982+0000] {logging_mixin.py:190} INFO - [2024-08-27T22:32:49.982+0000] {dag.py:4138} INFO - Setting next_dagrun for dataset_alias_example_alias_producer_with_no_taskflow to None, run_after=None
[2024-08-27T22:32:49.984+0000] {logging_mixin.py:190} INFO - [2024-08-27T22:32:49.984+0000] {dag.py:4138} INFO - Setting next_dagrun for dataset_s3_bucket_consumer_with_no_taskflow to None, run_after=None
[2024-08-27T22:32:49.986+0000] {logging_mixin.py:190} INFO - [2024-08-27T22:32:49.985+0000] {dag.py:4138} INFO - Setting next_dagrun for dataset_s3_bucket_producer_with_no_taskflow to None, run_after=None
[2024-08-27T22:32:50.018+0000] {processor.py:208} INFO - Processing /home/airflow/.local/lib/python3.12/site-packages/airflow/example_dags/example_dataset_alias_with_no_taskflow.py took 0.663 seconds
[2024-08-27T22:33:20.181+0000] {processor.py:186} INFO - Started process (PID=518) to work on /home/airflow/.local/lib/python3.12/site-packages/airflow/example_dags/example_dataset_alias_with_no_taskflow.py
[2024-08-27T22:33:20.182+0000] {processor.py:914} INFO - Processing file /home/airflow/.local/lib/python3.12/site-packages/airflow/example_dags/example_dataset_alias_with_no_taskflow.py for tasks to queue
[2024-08-27T22:33:20.186+0000] {logging_mixin.py:190} INFO - [2024-08-27T22:33:20.185+0000] {dagbag.py:587} INFO - Filling up the DagBag from /home/airflow/.local/lib/python3.12/site-packages/airflow/example_dags/example_dataset_alias_with_no_taskflow.py
[2024-08-27T22:33:20.792+0000] {processor.py:925} INFO - DAG(s) 'dataset_alias_example_alias_consumer_with_no_taskflow', 'dataset_alias_example_alias_producer_with_no_taskflow', 'dataset_s3_bucket_consumer_with_no_taskflow', 'dataset_s3_bucket_producer_with_no_taskflow' retrieved from /home/airflow/.local/lib/python3.12/site-packages/airflow/example_dags/example_dataset_alias_with_no_taskflow.py
[2024-08-27T22:33:20.842+0000] {logging_mixin.py:190} INFO - [2024-08-27T22:33:20.841+0000] {dag.py:3211} INFO - Sync 4 DAGs
[2024-08-27T22:33:20.896+0000] {logging_mixin.py:190} INFO - [2024-08-27T22:33:20.894+0000] {dag.py:4138} INFO - Setting next_dagrun for dataset_alias_example_alias_consumer_with_no_taskflow to None, run_after=None
[2024-08-27T22:33:20.902+0000] {logging_mixin.py:190} INFO - [2024-08-27T22:33:20.901+0000] {dag.py:4138} INFO - Setting next_dagrun for dataset_alias_example_alias_producer_with_no_taskflow to None, run_after=None
[2024-08-27T22:33:20.904+0000] {logging_mixin.py:190} INFO - [2024-08-27T22:33:20.904+0000] {dag.py:4138} INFO - Setting next_dagrun for dataset_s3_bucket_consumer_with_no_taskflow to None, run_after=None
[2024-08-27T22:33:20.911+0000] {logging_mixin.py:190} INFO - [2024-08-27T22:33:20.910+0000] {dag.py:4138} INFO - Setting next_dagrun for dataset_s3_bucket_producer_with_no_taskflow to None, run_after=None
[2024-08-27T22:33:20.953+0000] {processor.py:208} INFO - Processing /home/airflow/.local/lib/python3.12/site-packages/airflow/example_dags/example_dataset_alias_with_no_taskflow.py took 0.781 seconds
[2024-08-27T22:33:51.976+0000] {processor.py:186} INFO - Started process (PID=579) to work on /home/airflow/.local/lib/python3.12/site-packages/airflow/example_dags/example_dataset_alias_with_no_taskflow.py
[2024-08-27T22:33:52.004+0000] {processor.py:914} INFO - Processing file /home/airflow/.local/lib/python3.12/site-packages/airflow/example_dags/example_dataset_alias_with_no_taskflow.py for tasks to queue
[2024-08-27T22:33:52.009+0000] {logging_mixin.py:190} INFO - [2024-08-27T22:33:52.008+0000] {dagbag.py:587} INFO - Filling up the DagBag from /home/airflow/.local/lib/python3.12/site-packages/airflow/example_dags/example_dataset_alias_with_no_taskflow.py
[2024-08-27T22:33:52.729+0000] {processor.py:925} INFO - DAG(s) 'dataset_s3_bucket_producer_with_no_taskflow', 'dataset_alias_example_alias_producer_with_no_taskflow', 'dataset_s3_bucket_consumer_with_no_taskflow', 'dataset_alias_example_alias_consumer_with_no_taskflow' retrieved from /home/airflow/.local/lib/python3.12/site-packages/airflow/example_dags/example_dataset_alias_with_no_taskflow.py
[2024-08-27T22:33:52.896+0000] {logging_mixin.py:190} INFO - [2024-08-27T22:33:52.895+0000] {dag.py:3211} INFO - Sync 4 DAGs
[2024-08-27T22:33:53.003+0000] {logging_mixin.py:190} INFO - [2024-08-27T22:33:53.002+0000] {dag.py:4138} INFO - Setting next_dagrun for dataset_alias_example_alias_consumer_with_no_taskflow to None, run_after=None
[2024-08-27T22:33:53.019+0000] {logging_mixin.py:190} INFO - [2024-08-27T22:33:53.018+0000] {dag.py:4138} INFO - Setting next_dagrun for dataset_alias_example_alias_producer_with_no_taskflow to None, run_after=None
[2024-08-27T22:33:53.051+0000] {logging_mixin.py:190} INFO - [2024-08-27T22:33:53.050+0000] {dag.py:4138} INFO - Setting next_dagrun for dataset_s3_bucket_consumer_with_no_taskflow to None, run_after=None
[2024-08-27T22:33:53.068+0000] {logging_mixin.py:190} INFO - [2024-08-27T22:33:53.067+0000] {dag.py:4138} INFO - Setting next_dagrun for dataset_s3_bucket_producer_with_no_taskflow to None, run_after=None
[2024-08-27T22:33:53.213+0000] {processor.py:208} INFO - Processing /home/airflow/.local/lib/python3.12/site-packages/airflow/example_dags/example_dataset_alias_with_no_taskflow.py took 1.271 seconds
[2024-08-27T22:36:34.968+0000] {processor.py:186} INFO - Started process (PID=76) to work on /home/airflow/.local/lib/python3.12/site-packages/airflow/example_dags/example_dataset_alias_with_no_taskflow.py
[2024-08-27T22:36:34.969+0000] {processor.py:914} INFO - Processing file /home/airflow/.local/lib/python3.12/site-packages/airflow/example_dags/example_dataset_alias_with_no_taskflow.py for tasks to queue
[2024-08-27T22:36:34.975+0000] {logging_mixin.py:190} INFO - [2024-08-27T22:36:34.975+0000] {dagbag.py:587} INFO - Filling up the DagBag from /home/airflow/.local/lib/python3.12/site-packages/airflow/example_dags/example_dataset_alias_with_no_taskflow.py
[2024-08-27T22:36:35.305+0000] {processor.py:925} INFO - DAG(s) 'dataset_alias_example_alias_producer_with_no_taskflow', 'dataset_s3_bucket_consumer_with_no_taskflow', 'dataset_s3_bucket_producer_with_no_taskflow', 'dataset_alias_example_alias_consumer_with_no_taskflow' retrieved from /home/airflow/.local/lib/python3.12/site-packages/airflow/example_dags/example_dataset_alias_with_no_taskflow.py
[2024-08-27T22:36:36.169+0000] {logging_mixin.py:190} INFO - [2024-08-27T22:36:36.168+0000] {override.py:1858} INFO - Created Permission View: can delete on DAG:dataset_alias_example_alias_producer_with_no_taskflow
[2024-08-27T22:36:36.191+0000] {logging_mixin.py:190} INFO - [2024-08-27T22:36:36.190+0000] {override.py:1858} INFO - Created Permission View: can edit on DAG:dataset_alias_example_alias_producer_with_no_taskflow
[2024-08-27T22:36:36.211+0000] {logging_mixin.py:190} INFO - [2024-08-27T22:36:36.210+0000] {override.py:1858} INFO - Created Permission View: can read on DAG:dataset_alias_example_alias_producer_with_no_taskflow
[2024-08-27T22:36:36.313+0000] {logging_mixin.py:190} INFO - [2024-08-27T22:36:36.312+0000] {override.py:1858} INFO - Created Permission View: can delete on DAG:dataset_s3_bucket_consumer_with_no_taskflow
[2024-08-27T22:36:36.343+0000] {logging_mixin.py:190} INFO - [2024-08-27T22:36:36.342+0000] {override.py:1858} INFO - Created Permission View: can edit on DAG:dataset_s3_bucket_consumer_with_no_taskflow
[2024-08-27T22:36:36.426+0000] {logging_mixin.py:190} INFO - [2024-08-27T22:36:36.425+0000] {override.py:1858} INFO - Created Permission View: can read on DAG:dataset_s3_bucket_consumer_with_no_taskflow
[2024-08-27T22:36:36.475+0000] {logging_mixin.py:190} INFO - [2024-08-27T22:36:36.474+0000] {override.py:1858} INFO - Created Permission View: can delete on DAG:dataset_s3_bucket_producer_with_no_taskflow
[2024-08-27T22:36:36.509+0000] {logging_mixin.py:190} INFO - [2024-08-27T22:36:36.509+0000] {override.py:1858} INFO - Created Permission View: can edit on DAG:dataset_s3_bucket_producer_with_no_taskflow
[2024-08-27T22:36:36.518+0000] {logging_mixin.py:190} INFO - [2024-08-27T22:36:36.517+0000] {override.py:1858} INFO - Created Permission View: can read on DAG:dataset_s3_bucket_producer_with_no_taskflow
[2024-08-27T22:36:36.538+0000] {logging_mixin.py:190} INFO - [2024-08-27T22:36:36.538+0000] {override.py:1858} INFO - Created Permission View: can delete on DAG:dataset_alias_example_alias_consumer_with_no_taskflow
[2024-08-27T22:36:36.552+0000] {logging_mixin.py:190} INFO - [2024-08-27T22:36:36.552+0000] {override.py:1858} INFO - Created Permission View: can edit on DAG:dataset_alias_example_alias_consumer_with_no_taskflow
[2024-08-27T22:36:36.598+0000] {logging_mixin.py:190} INFO - [2024-08-27T22:36:36.598+0000] {override.py:1858} INFO - Created Permission View: can read on DAG:dataset_alias_example_alias_consumer_with_no_taskflow
[2024-08-27T22:36:36.599+0000] {logging_mixin.py:190} INFO - [2024-08-27T22:36:36.598+0000] {dag.py:3211} INFO - Sync 4 DAGs
[2024-08-27T22:36:36.632+0000] {logging_mixin.py:190} INFO - [2024-08-27T22:36:36.632+0000] {dag.py:3234} INFO - Creating ORM DAG for dataset_alias_example_alias_producer_with_no_taskflow
[2024-08-27T22:36:36.634+0000] {logging_mixin.py:190} INFO - [2024-08-27T22:36:36.633+0000] {dag.py:3234} INFO - Creating ORM DAG for dataset_alias_example_alias_consumer_with_no_taskflow
[2024-08-27T22:36:36.635+0000] {logging_mixin.py:190} INFO - [2024-08-27T22:36:36.635+0000] {dag.py:3234} INFO - Creating ORM DAG for dataset_s3_bucket_producer_with_no_taskflow
[2024-08-27T22:36:36.636+0000] {logging_mixin.py:190} INFO - [2024-08-27T22:36:36.636+0000] {dag.py:3234} INFO - Creating ORM DAG for dataset_s3_bucket_consumer_with_no_taskflow
[2024-08-27T22:36:36.672+0000] {logging_mixin.py:190} INFO - [2024-08-27T22:36:36.672+0000] {dag.py:4138} INFO - Setting next_dagrun for dataset_alias_example_alias_consumer_with_no_taskflow to None, run_after=None
[2024-08-27T22:36:36.676+0000] {logging_mixin.py:190} INFO - [2024-08-27T22:36:36.676+0000] {dag.py:4138} INFO - Setting next_dagrun for dataset_alias_example_alias_producer_with_no_taskflow to None, run_after=None
[2024-08-27T22:36:36.682+0000] {logging_mixin.py:190} INFO - [2024-08-27T22:36:36.682+0000] {dag.py:4138} INFO - Setting next_dagrun for dataset_s3_bucket_consumer_with_no_taskflow to None, run_after=None
[2024-08-27T22:36:36.683+0000] {logging_mixin.py:190} INFO - [2024-08-27T22:36:36.683+0000] {dag.py:4138} INFO - Setting next_dagrun for dataset_s3_bucket_producer_with_no_taskflow to None, run_after=None
[2024-08-27T22:36:36.800+0000] {processor.py:208} INFO - Processing /home/airflow/.local/lib/python3.12/site-packages/airflow/example_dags/example_dataset_alias_with_no_taskflow.py took 1.841 seconds
[2024-08-27T22:37:07.087+0000] {processor.py:186} INFO - Started process (PID=138) to work on /home/airflow/.local/lib/python3.12/site-packages/airflow/example_dags/example_dataset_alias_with_no_taskflow.py
[2024-08-27T22:37:07.092+0000] {processor.py:914} INFO - Processing file /home/airflow/.local/lib/python3.12/site-packages/airflow/example_dags/example_dataset_alias_with_no_taskflow.py for tasks to queue
[2024-08-27T22:37:07.099+0000] {logging_mixin.py:190} INFO - [2024-08-27T22:37:07.099+0000] {dagbag.py:587} INFO - Filling up the DagBag from /home/airflow/.local/lib/python3.12/site-packages/airflow/example_dags/example_dataset_alias_with_no_taskflow.py
[2024-08-27T22:37:07.540+0000] {processor.py:925} INFO - DAG(s) 'dataset_s3_bucket_producer_with_no_taskflow', 'dataset_s3_bucket_consumer_with_no_taskflow', 'dataset_alias_example_alias_consumer_with_no_taskflow', 'dataset_alias_example_alias_producer_with_no_taskflow' retrieved from /home/airflow/.local/lib/python3.12/site-packages/airflow/example_dags/example_dataset_alias_with_no_taskflow.py
[2024-08-27T22:37:07.653+0000] {logging_mixin.py:190} INFO - [2024-08-27T22:37:07.653+0000] {dag.py:3211} INFO - Sync 4 DAGs
[2024-08-27T22:37:07.698+0000] {logging_mixin.py:190} INFO - [2024-08-27T22:37:07.698+0000] {dag.py:4138} INFO - Setting next_dagrun for dataset_alias_example_alias_consumer_with_no_taskflow to None, run_after=None
[2024-08-27T22:37:07.706+0000] {logging_mixin.py:190} INFO - [2024-08-27T22:37:07.706+0000] {dag.py:4138} INFO - Setting next_dagrun for dataset_alias_example_alias_producer_with_no_taskflow to None, run_after=None
[2024-08-27T22:37:07.715+0000] {logging_mixin.py:190} INFO - [2024-08-27T22:37:07.715+0000] {dag.py:4138} INFO - Setting next_dagrun for dataset_s3_bucket_consumer_with_no_taskflow to None, run_after=None
[2024-08-27T22:37:07.724+0000] {logging_mixin.py:190} INFO - [2024-08-27T22:37:07.723+0000] {dag.py:4138} INFO - Setting next_dagrun for dataset_s3_bucket_producer_with_no_taskflow to None, run_after=None
[2024-08-27T22:37:07.762+0000] {processor.py:208} INFO - Processing /home/airflow/.local/lib/python3.12/site-packages/airflow/example_dags/example_dataset_alias_with_no_taskflow.py took 0.683 seconds
[2024-08-27T22:37:38.302+0000] {processor.py:186} INFO - Started process (PID=200) to work on /home/airflow/.local/lib/python3.12/site-packages/airflow/example_dags/example_dataset_alias_with_no_taskflow.py
[2024-08-27T22:37:38.304+0000] {processor.py:914} INFO - Processing file /home/airflow/.local/lib/python3.12/site-packages/airflow/example_dags/example_dataset_alias_with_no_taskflow.py for tasks to queue
[2024-08-27T22:37:38.308+0000] {logging_mixin.py:190} INFO - [2024-08-27T22:37:38.308+0000] {dagbag.py:587} INFO - Filling up the DagBag from /home/airflow/.local/lib/python3.12/site-packages/airflow/example_dags/example_dataset_alias_with_no_taskflow.py
[2024-08-27T22:37:38.902+0000] {processor.py:925} INFO - DAG(s) 'dataset_s3_bucket_consumer_with_no_taskflow', 'dataset_s3_bucket_producer_with_no_taskflow', 'dataset_alias_example_alias_producer_with_no_taskflow', 'dataset_alias_example_alias_consumer_with_no_taskflow' retrieved from /home/airflow/.local/lib/python3.12/site-packages/airflow/example_dags/example_dataset_alias_with_no_taskflow.py
[2024-08-27T22:37:38.946+0000] {logging_mixin.py:190} INFO - [2024-08-27T22:37:38.945+0000] {dag.py:3211} INFO - Sync 4 DAGs
[2024-08-27T22:37:38.982+0000] {logging_mixin.py:190} INFO - [2024-08-27T22:37:38.982+0000] {dag.py:4138} INFO - Setting next_dagrun for dataset_alias_example_alias_consumer_with_no_taskflow to None, run_after=None
[2024-08-27T22:37:38.986+0000] {logging_mixin.py:190} INFO - [2024-08-27T22:37:38.985+0000] {dag.py:4138} INFO - Setting next_dagrun for dataset_alias_example_alias_producer_with_no_taskflow to None, run_after=None
[2024-08-27T22:37:38.988+0000] {logging_mixin.py:190} INFO - [2024-08-27T22:37:38.987+0000] {dag.py:4138} INFO - Setting next_dagrun for dataset_s3_bucket_consumer_with_no_taskflow to None, run_after=None
[2024-08-27T22:37:38.989+0000] {logging_mixin.py:190} INFO - [2024-08-27T22:37:38.989+0000] {dag.py:4138} INFO - Setting next_dagrun for dataset_s3_bucket_producer_with_no_taskflow to None, run_after=None
[2024-08-27T22:37:39.030+0000] {processor.py:208} INFO - Processing /home/airflow/.local/lib/python3.12/site-packages/airflow/example_dags/example_dataset_alias_with_no_taskflow.py took 0.742 seconds
