[2024-08-27T22:30:00.793+0000] {processor.py:186} INFO - Started process (PID=103) to work on /home/airflow/.local/lib/python3.12/site-packages/airflow/example_dags/example_bash_operator.py
[2024-08-27T22:30:00.793+0000] {processor.py:914} INFO - Processing file /home/airflow/.local/lib/python3.12/site-packages/airflow/example_dags/example_bash_operator.py for tasks to queue
[2024-08-27T22:30:00.796+0000] {logging_mixin.py:190} INFO - [2024-08-27T22:30:00.795+0000] {dagbag.py:587} INFO - Filling up the DagBag from /home/airflow/.local/lib/python3.12/site-packages/airflow/example_dags/example_bash_operator.py
[2024-08-27T22:30:00.822+0000] {processor.py:925} INFO - DAG(s) 'example_bash_operator' retrieved from /home/airflow/.local/lib/python3.12/site-packages/airflow/example_dags/example_bash_operator.py
[2024-08-27T22:30:01.175+0000] {logging_mixin.py:190} INFO - [2024-08-27T22:30:01.174+0000] {override.py:1858} INFO - Created Permission View: can edit on DAG:example_bash_operator
[2024-08-27T22:30:01.189+0000] {logging_mixin.py:190} INFO - [2024-08-27T22:30:01.188+0000] {override.py:1858} INFO - Created Permission View: can delete on DAG:example_bash_operator
[2024-08-27T22:30:01.202+0000] {logging_mixin.py:190} INFO - [2024-08-27T22:30:01.202+0000] {override.py:1858} INFO - Created Permission View: can read on DAG:example_bash_operator
[2024-08-27T22:30:01.203+0000] {logging_mixin.py:190} INFO - [2024-08-27T22:30:01.203+0000] {dag.py:3211} INFO - Sync 1 DAGs
[2024-08-27T22:30:01.229+0000] {logging_mixin.py:190} INFO - [2024-08-27T22:30:01.229+0000] {dag.py:3234} INFO - Creating ORM DAG for example_bash_operator
[2024-08-27T22:30:01.272+0000] {logging_mixin.py:190} INFO - [2024-08-27T22:30:01.272+0000] {dag.py:4138} INFO - Setting next_dagrun for example_bash_operator to 2024-08-26 00:00:00+00:00, run_after=2024-08-27 00:00:00+00:00
[2024-08-27T22:30:01.375+0000] {processor.py:208} INFO - Processing /home/airflow/.local/lib/python3.12/site-packages/airflow/example_dags/example_bash_operator.py took 0.589 seconds
[2024-08-27T22:30:31.613+0000] {processor.py:186} INFO - Started process (PID=166) to work on /home/airflow/.local/lib/python3.12/site-packages/airflow/example_dags/example_bash_operator.py
[2024-08-27T22:30:31.614+0000] {processor.py:914} INFO - Processing file /home/airflow/.local/lib/python3.12/site-packages/airflow/example_dags/example_bash_operator.py for tasks to queue
[2024-08-27T22:30:31.617+0000] {logging_mixin.py:190} INFO - [2024-08-27T22:30:31.616+0000] {dagbag.py:587} INFO - Filling up the DagBag from /home/airflow/.local/lib/python3.12/site-packages/airflow/example_dags/example_bash_operator.py
[2024-08-27T22:30:31.632+0000] {processor.py:925} INFO - DAG(s) 'example_bash_operator' retrieved from /home/airflow/.local/lib/python3.12/site-packages/airflow/example_dags/example_bash_operator.py
[2024-08-27T22:30:31.676+0000] {logging_mixin.py:190} INFO - [2024-08-27T22:30:31.676+0000] {dag.py:3211} INFO - Sync 1 DAGs
[2024-08-27T22:30:31.701+0000] {logging_mixin.py:190} INFO - [2024-08-27T22:30:31.701+0000] {dag.py:4138} INFO - Setting next_dagrun for example_bash_operator to 2024-08-26 00:00:00+00:00, run_after=2024-08-27 00:00:00+00:00
[2024-08-27T22:30:31.736+0000] {processor.py:208} INFO - Processing /home/airflow/.local/lib/python3.12/site-packages/airflow/example_dags/example_bash_operator.py took 0.134 seconds
[2024-08-27T22:30:52.527+0000] {processor.py:186} INFO - Started process (PID=229) to work on /home/airflow/.local/lib/python3.12/site-packages/airflow/example_dags/example_bash_operator.py
[2024-08-27T22:30:52.578+0000] {processor.py:914} INFO - Processing file /home/airflow/.local/lib/python3.12/site-packages/airflow/example_dags/example_bash_operator.py for tasks to queue
[2024-08-27T22:30:52.598+0000] {logging_mixin.py:190} INFO - [2024-08-27T22:30:52.596+0000] {dagbag.py:587} INFO - Filling up the DagBag from /home/airflow/.local/lib/python3.12/site-packages/airflow/example_dags/example_bash_operator.py
[2024-08-27T22:30:52.707+0000] {processor.py:925} INFO - DAG(s) 'example_bash_operator' retrieved from /home/airflow/.local/lib/python3.12/site-packages/airflow/example_dags/example_bash_operator.py
[2024-08-27T22:30:52.899+0000] {logging_mixin.py:190} INFO - [2024-08-27T22:30:52.898+0000] {dag.py:3211} INFO - Sync 1 DAGs
[2024-08-27T22:30:53.094+0000] {logging_mixin.py:190} INFO - [2024-08-27T22:30:53.093+0000] {dag.py:4138} INFO - Setting next_dagrun for example_bash_operator to 2024-08-26 00:00:00+00:00, run_after=2024-08-27 00:00:00+00:00
[2024-08-27T22:30:53.271+0000] {processor.py:208} INFO - Processing /home/airflow/.local/lib/python3.12/site-packages/airflow/example_dags/example_bash_operator.py took 0.808 seconds
[2024-08-27T22:31:24.214+0000] {processor.py:186} INFO - Started process (PID=292) to work on /home/airflow/.local/lib/python3.12/site-packages/airflow/example_dags/example_bash_operator.py
[2024-08-27T22:31:24.216+0000] {processor.py:914} INFO - Processing file /home/airflow/.local/lib/python3.12/site-packages/airflow/example_dags/example_bash_operator.py for tasks to queue
[2024-08-27T22:31:24.219+0000] {logging_mixin.py:190} INFO - [2024-08-27T22:31:24.218+0000] {dagbag.py:587} INFO - Filling up the DagBag from /home/airflow/.local/lib/python3.12/site-packages/airflow/example_dags/example_bash_operator.py
[2024-08-27T22:31:24.235+0000] {processor.py:925} INFO - DAG(s) 'example_bash_operator' retrieved from /home/airflow/.local/lib/python3.12/site-packages/airflow/example_dags/example_bash_operator.py
[2024-08-27T22:31:24.297+0000] {logging_mixin.py:190} INFO - [2024-08-27T22:31:24.297+0000] {dag.py:3211} INFO - Sync 1 DAGs
[2024-08-27T22:31:24.404+0000] {logging_mixin.py:190} INFO - [2024-08-27T22:31:24.404+0000] {dag.py:4138} INFO - Setting next_dagrun for example_bash_operator to 2024-08-26 00:00:00+00:00, run_after=2024-08-27 00:00:00+00:00
[2024-08-27T22:31:24.445+0000] {processor.py:208} INFO - Processing /home/airflow/.local/lib/python3.12/site-packages/airflow/example_dags/example_bash_operator.py took 0.238 seconds
[2024-08-27T22:31:54.550+0000] {processor.py:186} INFO - Started process (PID=353) to work on /home/airflow/.local/lib/python3.12/site-packages/airflow/example_dags/example_bash_operator.py
[2024-08-27T22:31:54.552+0000] {processor.py:914} INFO - Processing file /home/airflow/.local/lib/python3.12/site-packages/airflow/example_dags/example_bash_operator.py for tasks to queue
[2024-08-27T22:31:54.555+0000] {logging_mixin.py:190} INFO - [2024-08-27T22:31:54.554+0000] {dagbag.py:587} INFO - Filling up the DagBag from /home/airflow/.local/lib/python3.12/site-packages/airflow/example_dags/example_bash_operator.py
[2024-08-27T22:31:54.571+0000] {processor.py:925} INFO - DAG(s) 'example_bash_operator' retrieved from /home/airflow/.local/lib/python3.12/site-packages/airflow/example_dags/example_bash_operator.py
[2024-08-27T22:31:54.690+0000] {logging_mixin.py:190} INFO - [2024-08-27T22:31:54.688+0000] {dag.py:3211} INFO - Sync 1 DAGs
[2024-08-27T22:31:54.751+0000] {logging_mixin.py:190} INFO - [2024-08-27T22:31:54.751+0000] {dag.py:4138} INFO - Setting next_dagrun for example_bash_operator to 2024-08-26 00:00:00+00:00, run_after=2024-08-27 00:00:00+00:00
[2024-08-27T22:31:54.775+0000] {processor.py:208} INFO - Processing /home/airflow/.local/lib/python3.12/site-packages/airflow/example_dags/example_bash_operator.py took 0.231 seconds
[2024-08-27T22:32:25.687+0000] {processor.py:186} INFO - Started process (PID=415) to work on /home/airflow/.local/lib/python3.12/site-packages/airflow/example_dags/example_bash_operator.py
[2024-08-27T22:32:25.692+0000] {processor.py:914} INFO - Processing file /home/airflow/.local/lib/python3.12/site-packages/airflow/example_dags/example_bash_operator.py for tasks to queue
[2024-08-27T22:32:25.695+0000] {logging_mixin.py:190} INFO - [2024-08-27T22:32:25.694+0000] {dagbag.py:587} INFO - Filling up the DagBag from /home/airflow/.local/lib/python3.12/site-packages/airflow/example_dags/example_bash_operator.py
[2024-08-27T22:32:25.717+0000] {processor.py:925} INFO - DAG(s) 'example_bash_operator' retrieved from /home/airflow/.local/lib/python3.12/site-packages/airflow/example_dags/example_bash_operator.py
[2024-08-27T22:32:25.764+0000] {logging_mixin.py:190} INFO - [2024-08-27T22:32:25.763+0000] {dag.py:3211} INFO - Sync 1 DAGs
[2024-08-27T22:32:25.794+0000] {logging_mixin.py:190} INFO - [2024-08-27T22:32:25.794+0000] {dag.py:4138} INFO - Setting next_dagrun for example_bash_operator to 2024-08-26 00:00:00+00:00, run_after=2024-08-27 00:00:00+00:00
[2024-08-27T22:32:25.828+0000] {processor.py:208} INFO - Processing /home/airflow/.local/lib/python3.12/site-packages/airflow/example_dags/example_bash_operator.py took 0.149 seconds
[2024-08-27T22:32:56.251+0000] {processor.py:186} INFO - Started process (PID=477) to work on /home/airflow/.local/lib/python3.12/site-packages/airflow/example_dags/example_bash_operator.py
[2024-08-27T22:32:56.253+0000] {processor.py:914} INFO - Processing file /home/airflow/.local/lib/python3.12/site-packages/airflow/example_dags/example_bash_operator.py for tasks to queue
[2024-08-27T22:32:56.257+0000] {logging_mixin.py:190} INFO - [2024-08-27T22:32:56.257+0000] {dagbag.py:587} INFO - Filling up the DagBag from /home/airflow/.local/lib/python3.12/site-packages/airflow/example_dags/example_bash_operator.py
[2024-08-27T22:32:56.282+0000] {processor.py:925} INFO - DAG(s) 'example_bash_operator' retrieved from /home/airflow/.local/lib/python3.12/site-packages/airflow/example_dags/example_bash_operator.py
[2024-08-27T22:32:56.376+0000] {logging_mixin.py:190} INFO - [2024-08-27T22:32:56.375+0000] {dag.py:3211} INFO - Sync 1 DAGs
[2024-08-27T22:32:56.436+0000] {logging_mixin.py:190} INFO - [2024-08-27T22:32:56.436+0000] {dag.py:4138} INFO - Setting next_dagrun for example_bash_operator to 2024-08-26 00:00:00+00:00, run_after=2024-08-27 00:00:00+00:00
[2024-08-27T22:32:56.526+0000] {processor.py:208} INFO - Processing /home/airflow/.local/lib/python3.12/site-packages/airflow/example_dags/example_bash_operator.py took 0.284 seconds
[2024-08-27T22:33:27.389+0000] {processor.py:186} INFO - Started process (PID=539) to work on /home/airflow/.local/lib/python3.12/site-packages/airflow/example_dags/example_bash_operator.py
[2024-08-27T22:33:27.394+0000] {processor.py:914} INFO - Processing file /home/airflow/.local/lib/python3.12/site-packages/airflow/example_dags/example_bash_operator.py for tasks to queue
[2024-08-27T22:33:27.398+0000] {logging_mixin.py:190} INFO - [2024-08-27T22:33:27.398+0000] {dagbag.py:587} INFO - Filling up the DagBag from /home/airflow/.local/lib/python3.12/site-packages/airflow/example_dags/example_bash_operator.py
[2024-08-27T22:33:27.423+0000] {processor.py:925} INFO - DAG(s) 'example_bash_operator' retrieved from /home/airflow/.local/lib/python3.12/site-packages/airflow/example_dags/example_bash_operator.py
[2024-08-27T22:33:27.540+0000] {logging_mixin.py:190} INFO - [2024-08-27T22:33:27.540+0000] {dag.py:3211} INFO - Sync 1 DAGs
[2024-08-27T22:33:27.609+0000] {logging_mixin.py:190} INFO - [2024-08-27T22:33:27.609+0000] {dag.py:4138} INFO - Setting next_dagrun for example_bash_operator to 2024-08-26 00:00:00+00:00, run_after=2024-08-27 00:00:00+00:00
[2024-08-27T22:33:27.665+0000] {processor.py:208} INFO - Processing /home/airflow/.local/lib/python3.12/site-packages/airflow/example_dags/example_bash_operator.py took 0.297 seconds
[2024-08-27T22:33:59.239+0000] {processor.py:186} INFO - Started process (PID=599) to work on /home/airflow/.local/lib/python3.12/site-packages/airflow/example_dags/example_bash_operator.py
[2024-08-27T22:33:59.242+0000] {processor.py:914} INFO - Processing file /home/airflow/.local/lib/python3.12/site-packages/airflow/example_dags/example_bash_operator.py for tasks to queue
[2024-08-27T22:33:59.245+0000] {logging_mixin.py:190} INFO - [2024-08-27T22:33:59.245+0000] {dagbag.py:587} INFO - Filling up the DagBag from /home/airflow/.local/lib/python3.12/site-packages/airflow/example_dags/example_bash_operator.py
[2024-08-27T22:33:59.302+0000] {processor.py:925} INFO - DAG(s) 'example_bash_operator' retrieved from /home/airflow/.local/lib/python3.12/site-packages/airflow/example_dags/example_bash_operator.py
[2024-08-27T22:33:59.342+0000] {logging_mixin.py:190} INFO - [2024-08-27T22:33:59.342+0000] {dag.py:3211} INFO - Sync 1 DAGs
[2024-08-27T22:33:59.368+0000] {logging_mixin.py:190} INFO - [2024-08-27T22:33:59.368+0000] {dag.py:4138} INFO - Setting next_dagrun for example_bash_operator to 2024-08-26 00:00:00+00:00, run_after=2024-08-27 00:00:00+00:00
[2024-08-27T22:33:59.390+0000] {processor.py:208} INFO - Processing /home/airflow/.local/lib/python3.12/site-packages/airflow/example_dags/example_bash_operator.py took 0.158 seconds
[2024-08-27T22:36:45.841+0000] {processor.py:186} INFO - Started process (PID=103) to work on /home/airflow/.local/lib/python3.12/site-packages/airflow/example_dags/example_bash_operator.py
[2024-08-27T22:36:45.846+0000] {processor.py:914} INFO - Processing file /home/airflow/.local/lib/python3.12/site-packages/airflow/example_dags/example_bash_operator.py for tasks to queue
[2024-08-27T22:36:45.849+0000] {logging_mixin.py:190} INFO - [2024-08-27T22:36:45.849+0000] {dagbag.py:587} INFO - Filling up the DagBag from /home/airflow/.local/lib/python3.12/site-packages/airflow/example_dags/example_bash_operator.py
[2024-08-27T22:36:45.961+0000] {processor.py:925} INFO - DAG(s) 'example_bash_operator' retrieved from /home/airflow/.local/lib/python3.12/site-packages/airflow/example_dags/example_bash_operator.py
[2024-08-27T22:36:46.453+0000] {logging_mixin.py:190} INFO - [2024-08-27T22:36:46.452+0000] {override.py:1858} INFO - Created Permission View: can delete on DAG:example_bash_operator
[2024-08-27T22:36:46.478+0000] {logging_mixin.py:190} INFO - [2024-08-27T22:36:46.478+0000] {override.py:1858} INFO - Created Permission View: can edit on DAG:example_bash_operator
[2024-08-27T22:36:46.492+0000] {logging_mixin.py:190} INFO - [2024-08-27T22:36:46.491+0000] {override.py:1858} INFO - Created Permission View: can read on DAG:example_bash_operator
[2024-08-27T22:36:46.492+0000] {logging_mixin.py:190} INFO - [2024-08-27T22:36:46.492+0000] {dag.py:3211} INFO - Sync 1 DAGs
[2024-08-27T22:36:46.518+0000] {logging_mixin.py:190} INFO - [2024-08-27T22:36:46.518+0000] {dag.py:3234} INFO - Creating ORM DAG for example_bash_operator
[2024-08-27T22:36:46.543+0000] {logging_mixin.py:190} INFO - [2024-08-27T22:36:46.543+0000] {dag.py:4138} INFO - Setting next_dagrun for example_bash_operator to 2024-08-26 00:00:00+00:00, run_after=2024-08-27 00:00:00+00:00
[2024-08-27T22:36:46.674+0000] {processor.py:208} INFO - Processing /home/airflow/.local/lib/python3.12/site-packages/airflow/example_dags/example_bash_operator.py took 0.846 seconds
[2024-08-27T22:37:17.501+0000] {processor.py:186} INFO - Started process (PID=165) to work on /home/airflow/.local/lib/python3.12/site-packages/airflow/example_dags/example_bash_operator.py
[2024-08-27T22:37:17.504+0000] {processor.py:914} INFO - Processing file /home/airflow/.local/lib/python3.12/site-packages/airflow/example_dags/example_bash_operator.py for tasks to queue
[2024-08-27T22:37:17.508+0000] {logging_mixin.py:190} INFO - [2024-08-27T22:37:17.507+0000] {dagbag.py:587} INFO - Filling up the DagBag from /home/airflow/.local/lib/python3.12/site-packages/airflow/example_dags/example_bash_operator.py
[2024-08-27T22:37:17.533+0000] {processor.py:925} INFO - DAG(s) 'example_bash_operator' retrieved from /home/airflow/.local/lib/python3.12/site-packages/airflow/example_dags/example_bash_operator.py
[2024-08-27T22:37:17.656+0000] {logging_mixin.py:190} INFO - [2024-08-27T22:37:17.655+0000] {dag.py:3211} INFO - Sync 1 DAGs
[2024-08-27T22:37:17.717+0000] {logging_mixin.py:190} INFO - [2024-08-27T22:37:17.717+0000] {dag.py:4138} INFO - Setting next_dagrun for example_bash_operator to 2024-08-26 00:00:00+00:00, run_after=2024-08-27 00:00:00+00:00
[2024-08-27T22:37:17.777+0000] {processor.py:208} INFO - Processing /home/airflow/.local/lib/python3.12/site-packages/airflow/example_dags/example_bash_operator.py took 0.297 seconds
[2024-08-27T22:37:48.005+0000] {processor.py:186} INFO - Started process (PID=227) to work on /home/airflow/.local/lib/python3.12/site-packages/airflow/example_dags/example_bash_operator.py
[2024-08-27T22:37:48.011+0000] {processor.py:914} INFO - Processing file /home/airflow/.local/lib/python3.12/site-packages/airflow/example_dags/example_bash_operator.py for tasks to queue
[2024-08-27T22:37:48.014+0000] {logging_mixin.py:190} INFO - [2024-08-27T22:37:48.013+0000] {dagbag.py:587} INFO - Filling up the DagBag from /home/airflow/.local/lib/python3.12/site-packages/airflow/example_dags/example_bash_operator.py
[2024-08-27T22:37:48.040+0000] {processor.py:925} INFO - DAG(s) 'example_bash_operator' retrieved from /home/airflow/.local/lib/python3.12/site-packages/airflow/example_dags/example_bash_operator.py
[2024-08-27T22:37:48.136+0000] {logging_mixin.py:190} INFO - [2024-08-27T22:37:48.136+0000] {dag.py:3211} INFO - Sync 1 DAGs
[2024-08-27T22:37:48.177+0000] {logging_mixin.py:190} INFO - [2024-08-27T22:37:48.177+0000] {dag.py:4138} INFO - Setting next_dagrun for example_bash_operator to 2024-08-26 00:00:00+00:00, run_after=2024-08-27 00:00:00+00:00
[2024-08-27T22:37:48.203+0000] {processor.py:208} INFO - Processing /home/airflow/.local/lib/python3.12/site-packages/airflow/example_dags/example_bash_operator.py took 0.212 seconds
