[2024-08-27T22:30:03.538+0000] {processor.py:186} INFO - Started process (PID=114) to work on /home/airflow/.local/lib/python3.12/site-packages/airflow/example_dags/example_datasets.py
[2024-08-27T22:30:03.539+0000] {processor.py:914} INFO - Processing file /home/airflow/.local/lib/python3.12/site-packages/airflow/example_dags/example_datasets.py for tasks to queue
[2024-08-27T22:30:03.542+0000] {logging_mixin.py:190} INFO - [2024-08-27T22:30:03.541+0000] {dagbag.py:587} INFO - Filling up the DagBag from /home/airflow/.local/lib/python3.12/site-packages/airflow/example_dags/example_datasets.py
[2024-08-27T22:30:03.759+0000] {processor.py:925} INFO - DAG(s) 'consume_1_or_2_with_dataset_expressions', 'dataset_produces_2', 'consume_1_and_2_with_dataset_expressions', 'dataset_consumes_1', 'dataset_produces_1', 'dataset_consumes_unknown_never_scheduled', 'conditional_dataset_and_time_based_timetable', 'dataset_consumes_1_and_2', 'dataset_consumes_1_never_scheduled', 'consume_1_or_both_2_and_3_with_dataset_expressions' retrieved from /home/airflow/.local/lib/python3.12/site-packages/airflow/example_dags/example_datasets.py
[2024-08-27T22:30:03.904+0000] {logging_mixin.py:190} INFO - [2024-08-27T22:30:03.903+0000] {override.py:1858} INFO - Created Permission View: can edit on DAG:consume_1_or_2_with_dataset_expressions
[2024-08-27T22:30:03.920+0000] {logging_mixin.py:190} INFO - [2024-08-27T22:30:03.918+0000] {override.py:1858} INFO - Created Permission View: can delete on DAG:consume_1_or_2_with_dataset_expressions
[2024-08-27T22:30:03.930+0000] {logging_mixin.py:190} INFO - [2024-08-27T22:30:03.930+0000] {override.py:1858} INFO - Created Permission View: can read on DAG:consume_1_or_2_with_dataset_expressions
[2024-08-27T22:30:03.956+0000] {logging_mixin.py:190} INFO - [2024-08-27T22:30:03.955+0000] {override.py:1858} INFO - Created Permission View: can edit on DAG:dataset_produces_2
[2024-08-27T22:30:03.971+0000] {logging_mixin.py:190} INFO - [2024-08-27T22:30:03.970+0000] {override.py:1858} INFO - Created Permission View: can delete on DAG:dataset_produces_2
[2024-08-27T22:30:03.990+0000] {logging_mixin.py:190} INFO - [2024-08-27T22:30:03.989+0000] {override.py:1858} INFO - Created Permission View: can read on DAG:dataset_produces_2
[2024-08-27T22:30:04.022+0000] {logging_mixin.py:190} INFO - [2024-08-27T22:30:04.017+0000] {override.py:1858} INFO - Created Permission View: can edit on DAG:consume_1_and_2_with_dataset_expressions
[2024-08-27T22:30:04.032+0000] {logging_mixin.py:190} INFO - [2024-08-27T22:30:04.032+0000] {override.py:1858} INFO - Created Permission View: can delete on DAG:consume_1_and_2_with_dataset_expressions
[2024-08-27T22:30:04.044+0000] {logging_mixin.py:190} INFO - [2024-08-27T22:30:04.044+0000] {override.py:1858} INFO - Created Permission View: can read on DAG:consume_1_and_2_with_dataset_expressions
[2024-08-27T22:30:04.067+0000] {logging_mixin.py:190} INFO - [2024-08-27T22:30:04.067+0000] {override.py:1858} INFO - Created Permission View: can edit on DAG:dataset_consumes_1
[2024-08-27T22:30:04.089+0000] {logging_mixin.py:190} INFO - [2024-08-27T22:30:04.089+0000] {override.py:1858} INFO - Created Permission View: can delete on DAG:dataset_consumes_1
[2024-08-27T22:30:04.118+0000] {logging_mixin.py:190} INFO - [2024-08-27T22:30:04.118+0000] {override.py:1858} INFO - Created Permission View: can read on DAG:dataset_consumes_1
[2024-08-27T22:30:04.150+0000] {logging_mixin.py:190} INFO - [2024-08-27T22:30:04.150+0000] {override.py:1858} INFO - Created Permission View: can edit on DAG:dataset_produces_1
[2024-08-27T22:30:04.182+0000] {logging_mixin.py:190} INFO - [2024-08-27T22:30:04.173+0000] {override.py:1858} INFO - Created Permission View: can delete on DAG:dataset_produces_1
[2024-08-27T22:30:04.197+0000] {logging_mixin.py:190} INFO - [2024-08-27T22:30:04.196+0000] {override.py:1858} INFO - Created Permission View: can read on DAG:dataset_produces_1
[2024-08-27T22:30:04.214+0000] {logging_mixin.py:190} INFO - [2024-08-27T22:30:04.214+0000] {override.py:1858} INFO - Created Permission View: can edit on DAG:dataset_consumes_unknown_never_scheduled
[2024-08-27T22:30:04.228+0000] {logging_mixin.py:190} INFO - [2024-08-27T22:30:04.228+0000] {override.py:1858} INFO - Created Permission View: can delete on DAG:dataset_consumes_unknown_never_scheduled
[2024-08-27T22:30:04.241+0000] {logging_mixin.py:190} INFO - [2024-08-27T22:30:04.240+0000] {override.py:1858} INFO - Created Permission View: can read on DAG:dataset_consumes_unknown_never_scheduled
[2024-08-27T22:30:04.266+0000] {logging_mixin.py:190} INFO - [2024-08-27T22:30:04.265+0000] {override.py:1858} INFO - Created Permission View: can edit on DAG:conditional_dataset_and_time_based_timetable
[2024-08-27T22:30:04.282+0000] {logging_mixin.py:190} INFO - [2024-08-27T22:30:04.281+0000] {override.py:1858} INFO - Created Permission View: can delete on DAG:conditional_dataset_and_time_based_timetable
[2024-08-27T22:30:04.298+0000] {logging_mixin.py:190} INFO - [2024-08-27T22:30:04.297+0000] {override.py:1858} INFO - Created Permission View: can read on DAG:conditional_dataset_and_time_based_timetable
[2024-08-27T22:30:04.331+0000] {logging_mixin.py:190} INFO - [2024-08-27T22:30:04.330+0000] {override.py:1858} INFO - Created Permission View: can edit on DAG:dataset_consumes_1_and_2
[2024-08-27T22:30:04.351+0000] {logging_mixin.py:190} INFO - [2024-08-27T22:30:04.351+0000] {override.py:1858} INFO - Created Permission View: can delete on DAG:dataset_consumes_1_and_2
[2024-08-27T22:30:04.383+0000] {logging_mixin.py:190} INFO - [2024-08-27T22:30:04.382+0000] {override.py:1858} INFO - Created Permission View: can read on DAG:dataset_consumes_1_and_2
[2024-08-27T22:30:04.424+0000] {logging_mixin.py:190} INFO - [2024-08-27T22:30:04.424+0000] {override.py:1858} INFO - Created Permission View: can edit on DAG:dataset_consumes_1_never_scheduled
[2024-08-27T22:30:04.450+0000] {logging_mixin.py:190} INFO - [2024-08-27T22:30:04.450+0000] {override.py:1858} INFO - Created Permission View: can delete on DAG:dataset_consumes_1_never_scheduled
[2024-08-27T22:30:04.477+0000] {logging_mixin.py:190} INFO - [2024-08-27T22:30:04.476+0000] {override.py:1858} INFO - Created Permission View: can read on DAG:dataset_consumes_1_never_scheduled
[2024-08-27T22:30:04.524+0000] {logging_mixin.py:190} INFO - [2024-08-27T22:30:04.524+0000] {override.py:1858} INFO - Created Permission View: can edit on DAG:consume_1_or_both_2_and_3_with_dataset_expressions
[2024-08-27T22:30:04.540+0000] {logging_mixin.py:190} INFO - [2024-08-27T22:30:04.540+0000] {override.py:1858} INFO - Created Permission View: can delete on DAG:consume_1_or_both_2_and_3_with_dataset_expressions
[2024-08-27T22:30:04.551+0000] {logging_mixin.py:190} INFO - [2024-08-27T22:30:04.550+0000] {override.py:1858} INFO - Created Permission View: can read on DAG:consume_1_or_both_2_and_3_with_dataset_expressions
[2024-08-27T22:30:04.551+0000] {logging_mixin.py:190} INFO - [2024-08-27T22:30:04.551+0000] {dag.py:3211} INFO - Sync 10 DAGs
[2024-08-27T22:30:04.571+0000] {logging_mixin.py:190} INFO - [2024-08-27T22:30:04.570+0000] {dag.py:3234} INFO - Creating ORM DAG for consume_1_or_both_2_and_3_with_dataset_expressions
[2024-08-27T22:30:04.572+0000] {logging_mixin.py:190} INFO - [2024-08-27T22:30:04.571+0000] {dag.py:3234} INFO - Creating ORM DAG for dataset_consumes_unknown_never_scheduled
[2024-08-27T22:30:04.572+0000] {logging_mixin.py:190} INFO - [2024-08-27T22:30:04.572+0000] {dag.py:3234} INFO - Creating ORM DAG for dataset_produces_1
[2024-08-27T22:30:04.574+0000] {logging_mixin.py:190} INFO - [2024-08-27T22:30:04.573+0000] {dag.py:3234} INFO - Creating ORM DAG for dataset_consumes_1
[2024-08-27T22:30:04.576+0000] {logging_mixin.py:190} INFO - [2024-08-27T22:30:04.575+0000] {dag.py:3234} INFO - Creating ORM DAG for consume_1_or_2_with_dataset_expressions
[2024-08-27T22:30:04.577+0000] {logging_mixin.py:190} INFO - [2024-08-27T22:30:04.577+0000] {dag.py:3234} INFO - Creating ORM DAG for dataset_produces_2
[2024-08-27T22:30:04.578+0000] {logging_mixin.py:190} INFO - [2024-08-27T22:30:04.578+0000] {dag.py:3234} INFO - Creating ORM DAG for consume_1_and_2_with_dataset_expressions
[2024-08-27T22:30:04.580+0000] {logging_mixin.py:190} INFO - [2024-08-27T22:30:04.579+0000] {dag.py:3234} INFO - Creating ORM DAG for conditional_dataset_and_time_based_timetable
[2024-08-27T22:30:04.581+0000] {logging_mixin.py:190} INFO - [2024-08-27T22:30:04.581+0000] {dag.py:3234} INFO - Creating ORM DAG for dataset_consumes_1_and_2
[2024-08-27T22:30:04.582+0000] {logging_mixin.py:190} INFO - [2024-08-27T22:30:04.581+0000] {dag.py:3234} INFO - Creating ORM DAG for dataset_consumes_1_never_scheduled
[2024-08-27T22:30:04.596+0000] {logging_mixin.py:190} INFO - [2024-08-27T22:30:04.596+0000] {dag.py:4138} INFO - Setting next_dagrun for conditional_dataset_and_time_based_timetable to 2024-08-21 01:00:00+00:00, run_after=2024-08-21 01:00:00+00:00
[2024-08-27T22:30:04.597+0000] {logging_mixin.py:190} INFO - [2024-08-27T22:30:04.596+0000] {dag.py:4138} INFO - Setting next_dagrun for consume_1_and_2_with_dataset_expressions to None, run_after=None
[2024-08-27T22:30:04.597+0000] {logging_mixin.py:190} INFO - [2024-08-27T22:30:04.597+0000] {dag.py:4138} INFO - Setting next_dagrun for consume_1_or_2_with_dataset_expressions to None, run_after=None
[2024-08-27T22:30:04.598+0000] {logging_mixin.py:190} INFO - [2024-08-27T22:30:04.597+0000] {dag.py:4138} INFO - Setting next_dagrun for consume_1_or_both_2_and_3_with_dataset_expressions to None, run_after=None
[2024-08-27T22:30:04.598+0000] {logging_mixin.py:190} INFO - [2024-08-27T22:30:04.598+0000] {dag.py:4138} INFO - Setting next_dagrun for dataset_consumes_1 to None, run_after=None
[2024-08-27T22:30:04.599+0000] {logging_mixin.py:190} INFO - [2024-08-27T22:30:04.598+0000] {dag.py:4138} INFO - Setting next_dagrun for dataset_consumes_1_and_2 to None, run_after=None
[2024-08-27T22:30:04.599+0000] {logging_mixin.py:190} INFO - [2024-08-27T22:30:04.599+0000] {dag.py:4138} INFO - Setting next_dagrun for dataset_consumes_1_never_scheduled to None, run_after=None
[2024-08-27T22:30:04.600+0000] {logging_mixin.py:190} INFO - [2024-08-27T22:30:04.600+0000] {dag.py:4138} INFO - Setting next_dagrun for dataset_consumes_unknown_never_scheduled to None, run_after=None
[2024-08-27T22:30:04.602+0000] {logging_mixin.py:190} INFO - [2024-08-27T22:30:04.602+0000] {dag.py:4138} INFO - Setting next_dagrun for dataset_produces_1 to 2024-08-26 00:00:00+00:00, run_after=2024-08-27 00:00:00+00:00
[2024-08-27T22:30:04.603+0000] {logging_mixin.py:190} INFO - [2024-08-27T22:30:04.603+0000] {dag.py:4138} INFO - Setting next_dagrun for dataset_produces_2 to None, run_after=None
[2024-08-27T22:30:04.694+0000] {processor.py:208} INFO - Processing /home/airflow/.local/lib/python3.12/site-packages/airflow/example_dags/example_datasets.py took 1.162 seconds
[2024-08-27T22:30:34.911+0000] {processor.py:186} INFO - Started process (PID=178) to work on /home/airflow/.local/lib/python3.12/site-packages/airflow/example_dags/example_datasets.py
[2024-08-27T22:30:34.920+0000] {processor.py:914} INFO - Processing file /home/airflow/.local/lib/python3.12/site-packages/airflow/example_dags/example_datasets.py for tasks to queue
[2024-08-27T22:30:34.924+0000] {logging_mixin.py:190} INFO - [2024-08-27T22:30:34.923+0000] {dagbag.py:587} INFO - Filling up the DagBag from /home/airflow/.local/lib/python3.12/site-packages/airflow/example_dags/example_datasets.py
[2024-08-27T22:30:35.275+0000] {processor.py:925} INFO - DAG(s) 'consume_1_or_2_with_dataset_expressions', 'dataset_consumes_unknown_never_scheduled', 'dataset_produces_2', 'dataset_produces_1', 'consume_1_or_both_2_and_3_with_dataset_expressions', 'dataset_consumes_1_never_scheduled', 'conditional_dataset_and_time_based_timetable', 'dataset_consumes_1', 'dataset_consumes_1_and_2', 'consume_1_and_2_with_dataset_expressions' retrieved from /home/airflow/.local/lib/python3.12/site-packages/airflow/example_dags/example_datasets.py
[2024-08-27T22:30:35.353+0000] {logging_mixin.py:190} INFO - [2024-08-27T22:30:35.353+0000] {dag.py:3211} INFO - Sync 10 DAGs
[2024-08-27T22:30:35.396+0000] {logging_mixin.py:190} INFO - [2024-08-27T22:30:35.396+0000] {dag.py:4138} INFO - Setting next_dagrun for conditional_dataset_and_time_based_timetable to 2024-08-21 01:00:00+00:00, run_after=2024-08-21 01:00:00+00:00
[2024-08-27T22:30:35.403+0000] {logging_mixin.py:190} INFO - [2024-08-27T22:30:35.402+0000] {dag.py:4138} INFO - Setting next_dagrun for consume_1_and_2_with_dataset_expressions to None, run_after=None
[2024-08-27T22:30:35.405+0000] {logging_mixin.py:190} INFO - [2024-08-27T22:30:35.404+0000] {dag.py:4138} INFO - Setting next_dagrun for consume_1_or_2_with_dataset_expressions to None, run_after=None
[2024-08-27T22:30:35.414+0000] {logging_mixin.py:190} INFO - [2024-08-27T22:30:35.413+0000] {dag.py:4138} INFO - Setting next_dagrun for consume_1_or_both_2_and_3_with_dataset_expressions to None, run_after=None
[2024-08-27T22:30:35.418+0000] {logging_mixin.py:190} INFO - [2024-08-27T22:30:35.417+0000] {dag.py:4138} INFO - Setting next_dagrun for dataset_consumes_1 to None, run_after=None
[2024-08-27T22:30:35.420+0000] {logging_mixin.py:190} INFO - [2024-08-27T22:30:35.420+0000] {dag.py:4138} INFO - Setting next_dagrun for dataset_consumes_1_and_2 to None, run_after=None
[2024-08-27T22:30:35.424+0000] {logging_mixin.py:190} INFO - [2024-08-27T22:30:35.424+0000] {dag.py:4138} INFO - Setting next_dagrun for dataset_consumes_1_never_scheduled to None, run_after=None
[2024-08-27T22:30:35.427+0000] {logging_mixin.py:190} INFO - [2024-08-27T22:30:35.426+0000] {dag.py:4138} INFO - Setting next_dagrun for dataset_consumes_unknown_never_scheduled to None, run_after=None
[2024-08-27T22:30:35.437+0000] {logging_mixin.py:190} INFO - [2024-08-27T22:30:35.433+0000] {dag.py:4138} INFO - Setting next_dagrun for dataset_produces_1 to 2024-08-26 00:00:00+00:00, run_after=2024-08-27 00:00:00+00:00
[2024-08-27T22:30:35.440+0000] {logging_mixin.py:190} INFO - [2024-08-27T22:30:35.439+0000] {dag.py:4138} INFO - Setting next_dagrun for dataset_produces_2 to None, run_after=None
[2024-08-27T22:30:35.543+0000] {processor.py:208} INFO - Processing /home/airflow/.local/lib/python3.12/site-packages/airflow/example_dags/example_datasets.py took 0.639 seconds
[2024-08-27T22:30:56.349+0000] {processor.py:186} INFO - Started process (PID=240) to work on /home/airflow/.local/lib/python3.12/site-packages/airflow/example_dags/example_datasets.py
[2024-08-27T22:30:56.367+0000] {processor.py:914} INFO - Processing file /home/airflow/.local/lib/python3.12/site-packages/airflow/example_dags/example_datasets.py for tasks to queue
[2024-08-27T22:30:56.369+0000] {logging_mixin.py:190} INFO - [2024-08-27T22:30:56.368+0000] {dagbag.py:587} INFO - Filling up the DagBag from /home/airflow/.local/lib/python3.12/site-packages/airflow/example_dags/example_datasets.py
[2024-08-27T22:30:58.332+0000] {processor.py:925} INFO - DAG(s) 'dataset_produces_2', 'dataset_consumes_unknown_never_scheduled', 'dataset_produces_1', 'consume_1_or_both_2_and_3_with_dataset_expressions', 'dataset_consumes_1_never_scheduled', 'consume_1_or_2_with_dataset_expressions', 'dataset_consumes_1', 'conditional_dataset_and_time_based_timetable', 'consume_1_and_2_with_dataset_expressions', 'dataset_consumes_1_and_2' retrieved from /home/airflow/.local/lib/python3.12/site-packages/airflow/example_dags/example_datasets.py
[2024-08-27T22:30:58.553+0000] {logging_mixin.py:190} INFO - [2024-08-27T22:30:58.552+0000] {dag.py:3211} INFO - Sync 10 DAGs
[2024-08-27T22:30:58.585+0000] {logging_mixin.py:190} INFO - [2024-08-27T22:30:58.585+0000] {dag.py:4138} INFO - Setting next_dagrun for conditional_dataset_and_time_based_timetable to 2024-08-21 01:00:00+00:00, run_after=2024-08-21 01:00:00+00:00
[2024-08-27T22:30:58.595+0000] {logging_mixin.py:190} INFO - [2024-08-27T22:30:58.595+0000] {dag.py:4138} INFO - Setting next_dagrun for consume_1_and_2_with_dataset_expressions to None, run_after=None
[2024-08-27T22:30:58.598+0000] {logging_mixin.py:190} INFO - [2024-08-27T22:30:58.598+0000] {dag.py:4138} INFO - Setting next_dagrun for consume_1_or_2_with_dataset_expressions to None, run_after=None
[2024-08-27T22:30:58.602+0000] {logging_mixin.py:190} INFO - [2024-08-27T22:30:58.601+0000] {dag.py:4138} INFO - Setting next_dagrun for consume_1_or_both_2_and_3_with_dataset_expressions to None, run_after=None
[2024-08-27T22:30:58.603+0000] {logging_mixin.py:190} INFO - [2024-08-27T22:30:58.603+0000] {dag.py:4138} INFO - Setting next_dagrun for dataset_consumes_1 to None, run_after=None
[2024-08-27T22:30:58.611+0000] {logging_mixin.py:190} INFO - [2024-08-27T22:30:58.606+0000] {dag.py:4138} INFO - Setting next_dagrun for dataset_consumes_1_and_2 to None, run_after=None
[2024-08-27T22:30:58.614+0000] {logging_mixin.py:190} INFO - [2024-08-27T22:30:58.614+0000] {dag.py:4138} INFO - Setting next_dagrun for dataset_consumes_1_never_scheduled to None, run_after=None
[2024-08-27T22:30:58.625+0000] {logging_mixin.py:190} INFO - [2024-08-27T22:30:58.625+0000] {dag.py:4138} INFO - Setting next_dagrun for dataset_consumes_unknown_never_scheduled to None, run_after=None
[2024-08-27T22:30:58.635+0000] {logging_mixin.py:190} INFO - [2024-08-27T22:30:58.633+0000] {dag.py:4138} INFO - Setting next_dagrun for dataset_produces_1 to 2024-08-26 00:00:00+00:00, run_after=2024-08-27 00:00:00+00:00
[2024-08-27T22:30:58.646+0000] {logging_mixin.py:190} INFO - [2024-08-27T22:30:58.644+0000] {dag.py:4138} INFO - Setting next_dagrun for dataset_produces_2 to None, run_after=None
[2024-08-27T22:30:58.992+0000] {processor.py:208} INFO - Processing /home/airflow/.local/lib/python3.12/site-packages/airflow/example_dags/example_datasets.py took 2.676 seconds
[2024-08-27T22:31:29.951+0000] {processor.py:186} INFO - Started process (PID=306) to work on /home/airflow/.local/lib/python3.12/site-packages/airflow/example_dags/example_datasets.py
[2024-08-27T22:31:29.974+0000] {processor.py:914} INFO - Processing file /home/airflow/.local/lib/python3.12/site-packages/airflow/example_dags/example_datasets.py for tasks to queue
[2024-08-27T22:31:29.987+0000] {logging_mixin.py:190} INFO - [2024-08-27T22:31:29.987+0000] {dagbag.py:587} INFO - Filling up the DagBag from /home/airflow/.local/lib/python3.12/site-packages/airflow/example_dags/example_datasets.py
[2024-08-27T22:31:31.034+0000] {processor.py:925} INFO - DAG(s) 'dataset_produces_2', 'dataset_consumes_unknown_never_scheduled', 'dataset_consumes_1_and_2', 'dataset_consumes_1', 'conditional_dataset_and_time_based_timetable', 'consume_1_and_2_with_dataset_expressions', 'consume_1_or_both_2_and_3_with_dataset_expressions', 'dataset_produces_1', 'dataset_consumes_1_never_scheduled', 'consume_1_or_2_with_dataset_expressions' retrieved from /home/airflow/.local/lib/python3.12/site-packages/airflow/example_dags/example_datasets.py
[2024-08-27T22:31:31.275+0000] {logging_mixin.py:190} INFO - [2024-08-27T22:31:31.274+0000] {dag.py:3211} INFO - Sync 10 DAGs
[2024-08-27T22:31:31.361+0000] {logging_mixin.py:190} INFO - [2024-08-27T22:31:31.361+0000] {dag.py:4138} INFO - Setting next_dagrun for conditional_dataset_and_time_based_timetable to 2024-08-21 01:00:00+00:00, run_after=2024-08-21 01:00:00+00:00
[2024-08-27T22:31:31.381+0000] {logging_mixin.py:190} INFO - [2024-08-27T22:31:31.380+0000] {dag.py:4138} INFO - Setting next_dagrun for consume_1_and_2_with_dataset_expressions to None, run_after=None
[2024-08-27T22:31:31.386+0000] {logging_mixin.py:190} INFO - [2024-08-27T22:31:31.386+0000] {dag.py:4138} INFO - Setting next_dagrun for consume_1_or_2_with_dataset_expressions to None, run_after=None
[2024-08-27T22:31:31.394+0000] {logging_mixin.py:190} INFO - [2024-08-27T22:31:31.393+0000] {dag.py:4138} INFO - Setting next_dagrun for consume_1_or_both_2_and_3_with_dataset_expressions to None, run_after=None
[2024-08-27T22:31:31.400+0000] {logging_mixin.py:190} INFO - [2024-08-27T22:31:31.400+0000] {dag.py:4138} INFO - Setting next_dagrun for dataset_consumes_1 to None, run_after=None
[2024-08-27T22:31:31.405+0000] {logging_mixin.py:190} INFO - [2024-08-27T22:31:31.405+0000] {dag.py:4138} INFO - Setting next_dagrun for dataset_consumes_1_and_2 to None, run_after=None
[2024-08-27T22:31:31.413+0000] {logging_mixin.py:190} INFO - [2024-08-27T22:31:31.413+0000] {dag.py:4138} INFO - Setting next_dagrun for dataset_consumes_1_never_scheduled to None, run_after=None
[2024-08-27T22:31:31.416+0000] {logging_mixin.py:190} INFO - [2024-08-27T22:31:31.415+0000] {dag.py:4138} INFO - Setting next_dagrun for dataset_consumes_unknown_never_scheduled to None, run_after=None
[2024-08-27T22:31:31.421+0000] {logging_mixin.py:190} INFO - [2024-08-27T22:31:31.420+0000] {dag.py:4138} INFO - Setting next_dagrun for dataset_produces_1 to 2024-08-26 00:00:00+00:00, run_after=2024-08-27 00:00:00+00:00
[2024-08-27T22:31:31.425+0000] {logging_mixin.py:190} INFO - [2024-08-27T22:31:31.425+0000] {dag.py:4138} INFO - Setting next_dagrun for dataset_produces_2 to None, run_after=None
[2024-08-27T22:31:31.501+0000] {processor.py:208} INFO - Processing /home/airflow/.local/lib/python3.12/site-packages/airflow/example_dags/example_datasets.py took 1.580 seconds
[2024-08-27T22:32:01.786+0000] {processor.py:186} INFO - Started process (PID=371) to work on /home/airflow/.local/lib/python3.12/site-packages/airflow/example_dags/example_datasets.py
[2024-08-27T22:32:01.788+0000] {processor.py:914} INFO - Processing file /home/airflow/.local/lib/python3.12/site-packages/airflow/example_dags/example_datasets.py for tasks to queue
[2024-08-27T22:32:01.791+0000] {logging_mixin.py:190} INFO - [2024-08-27T22:32:01.790+0000] {dagbag.py:587} INFO - Filling up the DagBag from /home/airflow/.local/lib/python3.12/site-packages/airflow/example_dags/example_datasets.py
[2024-08-27T22:32:02.017+0000] {processor.py:925} INFO - DAG(s) 'dataset_consumes_1', 'dataset_consumes_unknown_never_scheduled', 'consume_1_and_2_with_dataset_expressions', 'dataset_consumes_1_and_2', 'conditional_dataset_and_time_based_timetable', 'consume_1_or_both_2_and_3_with_dataset_expressions', 'dataset_produces_2', 'dataset_consumes_1_never_scheduled', 'dataset_produces_1', 'consume_1_or_2_with_dataset_expressions' retrieved from /home/airflow/.local/lib/python3.12/site-packages/airflow/example_dags/example_datasets.py
[2024-08-27T22:32:02.086+0000] {logging_mixin.py:190} INFO - [2024-08-27T22:32:02.086+0000] {dag.py:3211} INFO - Sync 10 DAGs
[2024-08-27T22:32:02.117+0000] {logging_mixin.py:190} INFO - [2024-08-27T22:32:02.117+0000] {dag.py:4138} INFO - Setting next_dagrun for conditional_dataset_and_time_based_timetable to 2024-08-21 01:00:00+00:00, run_after=2024-08-21 01:00:00+00:00
[2024-08-27T22:32:02.124+0000] {logging_mixin.py:190} INFO - [2024-08-27T22:32:02.124+0000] {dag.py:4138} INFO - Setting next_dagrun for consume_1_and_2_with_dataset_expressions to None, run_after=None
[2024-08-27T22:32:02.126+0000] {logging_mixin.py:190} INFO - [2024-08-27T22:32:02.126+0000] {dag.py:4138} INFO - Setting next_dagrun for consume_1_or_2_with_dataset_expressions to None, run_after=None
[2024-08-27T22:32:02.129+0000] {logging_mixin.py:190} INFO - [2024-08-27T22:32:02.128+0000] {dag.py:4138} INFO - Setting next_dagrun for consume_1_or_both_2_and_3_with_dataset_expressions to None, run_after=None
[2024-08-27T22:32:02.131+0000] {logging_mixin.py:190} INFO - [2024-08-27T22:32:02.131+0000] {dag.py:4138} INFO - Setting next_dagrun for dataset_consumes_1 to None, run_after=None
[2024-08-27T22:32:02.137+0000] {logging_mixin.py:190} INFO - [2024-08-27T22:32:02.137+0000] {dag.py:4138} INFO - Setting next_dagrun for dataset_consumes_1_and_2 to None, run_after=None
[2024-08-27T22:32:02.140+0000] {logging_mixin.py:190} INFO - [2024-08-27T22:32:02.139+0000] {dag.py:4138} INFO - Setting next_dagrun for dataset_consumes_1_never_scheduled to None, run_after=None
[2024-08-27T22:32:02.142+0000] {logging_mixin.py:190} INFO - [2024-08-27T22:32:02.141+0000] {dag.py:4138} INFO - Setting next_dagrun for dataset_consumes_unknown_never_scheduled to None, run_after=None
[2024-08-27T22:32:02.145+0000] {logging_mixin.py:190} INFO - [2024-08-27T22:32:02.144+0000] {dag.py:4138} INFO - Setting next_dagrun for dataset_produces_1 to 2024-08-26 00:00:00+00:00, run_after=2024-08-27 00:00:00+00:00
[2024-08-27T22:32:02.147+0000] {logging_mixin.py:190} INFO - [2024-08-27T22:32:02.147+0000] {dag.py:4138} INFO - Setting next_dagrun for dataset_produces_2 to None, run_after=None
[2024-08-27T22:32:02.210+0000] {processor.py:208} INFO - Processing /home/airflow/.local/lib/python3.12/site-packages/airflow/example_dags/example_datasets.py took 0.435 seconds
[2024-08-27T22:32:32.264+0000] {processor.py:186} INFO - Started process (PID=433) to work on /home/airflow/.local/lib/python3.12/site-packages/airflow/example_dags/example_datasets.py
[2024-08-27T22:32:32.265+0000] {processor.py:914} INFO - Processing file /home/airflow/.local/lib/python3.12/site-packages/airflow/example_dags/example_datasets.py for tasks to queue
[2024-08-27T22:32:32.267+0000] {logging_mixin.py:190} INFO - [2024-08-27T22:32:32.267+0000] {dagbag.py:587} INFO - Filling up the DagBag from /home/airflow/.local/lib/python3.12/site-packages/airflow/example_dags/example_datasets.py
[2024-08-27T22:32:32.474+0000] {processor.py:925} INFO - DAG(s) 'consume_1_and_2_with_dataset_expressions', 'dataset_produces_2', 'dataset_consumes_1_and_2', 'consume_1_or_2_with_dataset_expressions', 'dataset_consumes_1', 'dataset_consumes_unknown_never_scheduled', 'dataset_produces_1', 'conditional_dataset_and_time_based_timetable', 'consume_1_or_both_2_and_3_with_dataset_expressions', 'dataset_consumes_1_never_scheduled' retrieved from /home/airflow/.local/lib/python3.12/site-packages/airflow/example_dags/example_datasets.py
[2024-08-27T22:32:32.614+0000] {logging_mixin.py:190} INFO - [2024-08-27T22:32:32.614+0000] {dag.py:3211} INFO - Sync 10 DAGs
[2024-08-27T22:32:32.649+0000] {logging_mixin.py:190} INFO - [2024-08-27T22:32:32.648+0000] {dag.py:4138} INFO - Setting next_dagrun for conditional_dataset_and_time_based_timetable to 2024-08-21 01:00:00+00:00, run_after=2024-08-21 01:00:00+00:00
[2024-08-27T22:32:32.654+0000] {logging_mixin.py:190} INFO - [2024-08-27T22:32:32.653+0000] {dag.py:4138} INFO - Setting next_dagrun for consume_1_and_2_with_dataset_expressions to None, run_after=None
[2024-08-27T22:32:32.656+0000] {logging_mixin.py:190} INFO - [2024-08-27T22:32:32.656+0000] {dag.py:4138} INFO - Setting next_dagrun for consume_1_or_2_with_dataset_expressions to None, run_after=None
[2024-08-27T22:32:32.659+0000] {logging_mixin.py:190} INFO - [2024-08-27T22:32:32.659+0000] {dag.py:4138} INFO - Setting next_dagrun for consume_1_or_both_2_and_3_with_dataset_expressions to None, run_after=None
[2024-08-27T22:32:32.661+0000] {logging_mixin.py:190} INFO - [2024-08-27T22:32:32.661+0000] {dag.py:4138} INFO - Setting next_dagrun for dataset_consumes_1 to None, run_after=None
[2024-08-27T22:32:32.662+0000] {logging_mixin.py:190} INFO - [2024-08-27T22:32:32.662+0000] {dag.py:4138} INFO - Setting next_dagrun for dataset_consumes_1_and_2 to None, run_after=None
[2024-08-27T22:32:32.664+0000] {logging_mixin.py:190} INFO - [2024-08-27T22:32:32.664+0000] {dag.py:4138} INFO - Setting next_dagrun for dataset_consumes_1_never_scheduled to None, run_after=None
[2024-08-27T22:32:32.666+0000] {logging_mixin.py:190} INFO - [2024-08-27T22:32:32.665+0000] {dag.py:4138} INFO - Setting next_dagrun for dataset_consumes_unknown_never_scheduled to None, run_after=None
[2024-08-27T22:32:32.669+0000] {logging_mixin.py:190} INFO - [2024-08-27T22:32:32.668+0000] {dag.py:4138} INFO - Setting next_dagrun for dataset_produces_1 to 2024-08-26 00:00:00+00:00, run_after=2024-08-27 00:00:00+00:00
[2024-08-27T22:32:32.671+0000] {logging_mixin.py:190} INFO - [2024-08-27T22:32:32.671+0000] {dag.py:4138} INFO - Setting next_dagrun for dataset_produces_2 to None, run_after=None
[2024-08-27T22:32:32.714+0000] {processor.py:208} INFO - Processing /home/airflow/.local/lib/python3.12/site-packages/airflow/example_dags/example_datasets.py took 0.457 seconds
[2024-08-27T22:33:03.699+0000] {processor.py:186} INFO - Started process (PID=495) to work on /home/airflow/.local/lib/python3.12/site-packages/airflow/example_dags/example_datasets.py
[2024-08-27T22:33:03.700+0000] {processor.py:914} INFO - Processing file /home/airflow/.local/lib/python3.12/site-packages/airflow/example_dags/example_datasets.py for tasks to queue
[2024-08-27T22:33:03.703+0000] {logging_mixin.py:190} INFO - [2024-08-27T22:33:03.703+0000] {dagbag.py:587} INFO - Filling up the DagBag from /home/airflow/.local/lib/python3.12/site-packages/airflow/example_dags/example_datasets.py
[2024-08-27T22:33:03.939+0000] {processor.py:925} INFO - DAG(s) 'consume_1_and_2_with_dataset_expressions', 'dataset_produces_1', 'dataset_consumes_1', 'consume_1_or_both_2_and_3_with_dataset_expressions', 'dataset_produces_2', 'dataset_consumes_1_never_scheduled', 'dataset_consumes_unknown_never_scheduled', 'dataset_consumes_1_and_2', 'conditional_dataset_and_time_based_timetable', 'consume_1_or_2_with_dataset_expressions' retrieved from /home/airflow/.local/lib/python3.12/site-packages/airflow/example_dags/example_datasets.py
[2024-08-27T22:33:04.023+0000] {logging_mixin.py:190} INFO - [2024-08-27T22:33:04.023+0000] {dag.py:3211} INFO - Sync 10 DAGs
[2024-08-27T22:33:04.057+0000] {logging_mixin.py:190} INFO - [2024-08-27T22:33:04.056+0000] {dag.py:4138} INFO - Setting next_dagrun for conditional_dataset_and_time_based_timetable to 2024-08-21 01:00:00+00:00, run_after=2024-08-21 01:00:00+00:00
[2024-08-27T22:33:04.063+0000] {logging_mixin.py:190} INFO - [2024-08-27T22:33:04.063+0000] {dag.py:4138} INFO - Setting next_dagrun for consume_1_and_2_with_dataset_expressions to None, run_after=None
[2024-08-27T22:33:04.066+0000] {logging_mixin.py:190} INFO - [2024-08-27T22:33:04.065+0000] {dag.py:4138} INFO - Setting next_dagrun for consume_1_or_2_with_dataset_expressions to None, run_after=None
[2024-08-27T22:33:04.067+0000] {logging_mixin.py:190} INFO - [2024-08-27T22:33:04.067+0000] {dag.py:4138} INFO - Setting next_dagrun for consume_1_or_both_2_and_3_with_dataset_expressions to None, run_after=None
[2024-08-27T22:33:04.070+0000] {logging_mixin.py:190} INFO - [2024-08-27T22:33:04.069+0000] {dag.py:4138} INFO - Setting next_dagrun for dataset_consumes_1 to None, run_after=None
[2024-08-27T22:33:04.071+0000] {logging_mixin.py:190} INFO - [2024-08-27T22:33:04.071+0000] {dag.py:4138} INFO - Setting next_dagrun for dataset_consumes_1_and_2 to None, run_after=None
[2024-08-27T22:33:04.073+0000] {logging_mixin.py:190} INFO - [2024-08-27T22:33:04.073+0000] {dag.py:4138} INFO - Setting next_dagrun for dataset_consumes_1_never_scheduled to None, run_after=None
[2024-08-27T22:33:04.075+0000] {logging_mixin.py:190} INFO - [2024-08-27T22:33:04.075+0000] {dag.py:4138} INFO - Setting next_dagrun for dataset_consumes_unknown_never_scheduled to None, run_after=None
[2024-08-27T22:33:04.079+0000] {logging_mixin.py:190} INFO - [2024-08-27T22:33:04.079+0000] {dag.py:4138} INFO - Setting next_dagrun for dataset_produces_1 to 2024-08-26 00:00:00+00:00, run_after=2024-08-27 00:00:00+00:00
[2024-08-27T22:33:04.081+0000] {logging_mixin.py:190} INFO - [2024-08-27T22:33:04.080+0000] {dag.py:4138} INFO - Setting next_dagrun for dataset_produces_2 to None, run_after=None
[2024-08-27T22:33:04.137+0000] {processor.py:208} INFO - Processing /home/airflow/.local/lib/python3.12/site-packages/airflow/example_dags/example_datasets.py took 0.451 seconds
[2024-08-27T22:33:34.239+0000] {processor.py:186} INFO - Started process (PID=557) to work on /home/airflow/.local/lib/python3.12/site-packages/airflow/example_dags/example_datasets.py
[2024-08-27T22:33:34.240+0000] {processor.py:914} INFO - Processing file /home/airflow/.local/lib/python3.12/site-packages/airflow/example_dags/example_datasets.py for tasks to queue
[2024-08-27T22:33:34.244+0000] {logging_mixin.py:190} INFO - [2024-08-27T22:33:34.241+0000] {dagbag.py:587} INFO - Filling up the DagBag from /home/airflow/.local/lib/python3.12/site-packages/airflow/example_dags/example_datasets.py
[2024-08-27T22:33:34.658+0000] {processor.py:925} INFO - DAG(s) 'conditional_dataset_and_time_based_timetable', 'dataset_consumes_unknown_never_scheduled', 'consume_1_or_2_with_dataset_expressions', 'dataset_consumes_1_never_scheduled', 'consume_1_and_2_with_dataset_expressions', 'dataset_produces_2', 'consume_1_or_both_2_and_3_with_dataset_expressions', 'dataset_produces_1', 'dataset_consumes_1', 'dataset_consumes_1_and_2' retrieved from /home/airflow/.local/lib/python3.12/site-packages/airflow/example_dags/example_datasets.py
[2024-08-27T22:33:34.754+0000] {logging_mixin.py:190} INFO - [2024-08-27T22:33:34.753+0000] {dag.py:3211} INFO - Sync 10 DAGs
[2024-08-27T22:33:34.795+0000] {logging_mixin.py:190} INFO - [2024-08-27T22:33:34.794+0000] {dag.py:4138} INFO - Setting next_dagrun for conditional_dataset_and_time_based_timetable to 2024-08-21 01:00:00+00:00, run_after=2024-08-21 01:00:00+00:00
[2024-08-27T22:33:34.800+0000] {logging_mixin.py:190} INFO - [2024-08-27T22:33:34.800+0000] {dag.py:4138} INFO - Setting next_dagrun for consume_1_and_2_with_dataset_expressions to None, run_after=None
[2024-08-27T22:33:34.802+0000] {logging_mixin.py:190} INFO - [2024-08-27T22:33:34.802+0000] {dag.py:4138} INFO - Setting next_dagrun for consume_1_or_2_with_dataset_expressions to None, run_after=None
[2024-08-27T22:33:34.805+0000] {logging_mixin.py:190} INFO - [2024-08-27T22:33:34.804+0000] {dag.py:4138} INFO - Setting next_dagrun for consume_1_or_both_2_and_3_with_dataset_expressions to None, run_after=None
[2024-08-27T22:33:34.807+0000] {logging_mixin.py:190} INFO - [2024-08-27T22:33:34.807+0000] {dag.py:4138} INFO - Setting next_dagrun for dataset_consumes_1 to None, run_after=None
[2024-08-27T22:33:34.809+0000] {logging_mixin.py:190} INFO - [2024-08-27T22:33:34.809+0000] {dag.py:4138} INFO - Setting next_dagrun for dataset_consumes_1_and_2 to None, run_after=None
[2024-08-27T22:33:34.811+0000] {logging_mixin.py:190} INFO - [2024-08-27T22:33:34.811+0000] {dag.py:4138} INFO - Setting next_dagrun for dataset_consumes_1_never_scheduled to None, run_after=None
[2024-08-27T22:33:34.814+0000] {logging_mixin.py:190} INFO - [2024-08-27T22:33:34.813+0000] {dag.py:4138} INFO - Setting next_dagrun for dataset_consumes_unknown_never_scheduled to None, run_after=None
[2024-08-27T22:33:34.818+0000] {logging_mixin.py:190} INFO - [2024-08-27T22:33:34.817+0000] {dag.py:4138} INFO - Setting next_dagrun for dataset_produces_1 to 2024-08-26 00:00:00+00:00, run_after=2024-08-27 00:00:00+00:00
[2024-08-27T22:33:34.821+0000] {logging_mixin.py:190} INFO - [2024-08-27T22:33:34.820+0000] {dag.py:4138} INFO - Setting next_dagrun for dataset_produces_2 to None, run_after=None
[2024-08-27T22:33:34.878+0000] {processor.py:208} INFO - Processing /home/airflow/.local/lib/python3.12/site-packages/airflow/example_dags/example_datasets.py took 0.653 seconds
[2024-08-27T22:36:52.253+0000] {processor.py:186} INFO - Started process (PID=114) to work on /home/airflow/.local/lib/python3.12/site-packages/airflow/example_dags/example_datasets.py
[2024-08-27T22:36:52.266+0000] {processor.py:914} INFO - Processing file /home/airflow/.local/lib/python3.12/site-packages/airflow/example_dags/example_datasets.py for tasks to queue
[2024-08-27T22:36:52.268+0000] {logging_mixin.py:190} INFO - [2024-08-27T22:36:52.268+0000] {dagbag.py:587} INFO - Filling up the DagBag from /home/airflow/.local/lib/python3.12/site-packages/airflow/example_dags/example_datasets.py
[2024-08-27T22:36:53.295+0000] {processor.py:925} INFO - DAG(s) 'consume_1_or_2_with_dataset_expressions', 'dataset_produces_2', 'dataset_consumes_1', 'consume_1_and_2_with_dataset_expressions', 'dataset_produces_1', 'conditional_dataset_and_time_based_timetable', 'dataset_consumes_1_never_scheduled', 'dataset_consumes_1_and_2', 'consume_1_or_both_2_and_3_with_dataset_expressions', 'dataset_consumes_unknown_never_scheduled' retrieved from /home/airflow/.local/lib/python3.12/site-packages/airflow/example_dags/example_datasets.py
[2024-08-27T22:36:53.758+0000] {logging_mixin.py:190} INFO - [2024-08-27T22:36:53.757+0000] {override.py:1858} INFO - Created Permission View: can delete on DAG:consume_1_or_2_with_dataset_expressions
[2024-08-27T22:36:53.780+0000] {logging_mixin.py:190} INFO - [2024-08-27T22:36:53.779+0000] {override.py:1858} INFO - Created Permission View: can edit on DAG:consume_1_or_2_with_dataset_expressions
[2024-08-27T22:36:53.790+0000] {logging_mixin.py:190} INFO - [2024-08-27T22:36:53.789+0000] {override.py:1858} INFO - Created Permission View: can read on DAG:consume_1_or_2_with_dataset_expressions
[2024-08-27T22:36:53.862+0000] {logging_mixin.py:190} INFO - [2024-08-27T22:36:53.862+0000] {override.py:1858} INFO - Created Permission View: can delete on DAG:dataset_produces_2
[2024-08-27T22:36:53.886+0000] {logging_mixin.py:190} INFO - [2024-08-27T22:36:53.886+0000] {override.py:1858} INFO - Created Permission View: can edit on DAG:dataset_produces_2
[2024-08-27T22:36:53.922+0000] {logging_mixin.py:190} INFO - [2024-08-27T22:36:53.922+0000] {override.py:1858} INFO - Created Permission View: can read on DAG:dataset_produces_2
[2024-08-27T22:36:53.969+0000] {logging_mixin.py:190} INFO - [2024-08-27T22:36:53.969+0000] {override.py:1858} INFO - Created Permission View: can delete on DAG:dataset_consumes_1
[2024-08-27T22:36:54.003+0000] {logging_mixin.py:190} INFO - [2024-08-27T22:36:54.003+0000] {override.py:1858} INFO - Created Permission View: can edit on DAG:dataset_consumes_1
[2024-08-27T22:36:54.033+0000] {logging_mixin.py:190} INFO - [2024-08-27T22:36:54.032+0000] {override.py:1858} INFO - Created Permission View: can read on DAG:dataset_consumes_1
[2024-08-27T22:36:54.142+0000] {logging_mixin.py:190} INFO - [2024-08-27T22:36:54.141+0000] {override.py:1858} INFO - Created Permission View: can delete on DAG:consume_1_and_2_with_dataset_expressions
[2024-08-27T22:36:54.185+0000] {logging_mixin.py:190} INFO - [2024-08-27T22:36:54.184+0000] {override.py:1858} INFO - Created Permission View: can edit on DAG:consume_1_and_2_with_dataset_expressions
[2024-08-27T22:36:54.247+0000] {logging_mixin.py:190} INFO - [2024-08-27T22:36:54.242+0000] {override.py:1858} INFO - Created Permission View: can read on DAG:consume_1_and_2_with_dataset_expressions
[2024-08-27T22:36:54.332+0000] {logging_mixin.py:190} INFO - [2024-08-27T22:36:54.331+0000] {override.py:1858} INFO - Created Permission View: can delete on DAG:dataset_produces_1
[2024-08-27T22:36:54.362+0000] {logging_mixin.py:190} INFO - [2024-08-27T22:36:54.362+0000] {override.py:1858} INFO - Created Permission View: can edit on DAG:dataset_produces_1
[2024-08-27T22:36:54.381+0000] {logging_mixin.py:190} INFO - [2024-08-27T22:36:54.380+0000] {override.py:1858} INFO - Created Permission View: can read on DAG:dataset_produces_1
[2024-08-27T22:36:54.417+0000] {logging_mixin.py:190} INFO - [2024-08-27T22:36:54.416+0000] {override.py:1858} INFO - Created Permission View: can delete on DAG:conditional_dataset_and_time_based_timetable
[2024-08-27T22:36:54.437+0000] {logging_mixin.py:190} INFO - [2024-08-27T22:36:54.436+0000] {override.py:1858} INFO - Created Permission View: can edit on DAG:conditional_dataset_and_time_based_timetable
[2024-08-27T22:36:54.449+0000] {logging_mixin.py:190} INFO - [2024-08-27T22:36:54.449+0000] {override.py:1858} INFO - Created Permission View: can read on DAG:conditional_dataset_and_time_based_timetable
[2024-08-27T22:36:54.476+0000] {logging_mixin.py:190} INFO - [2024-08-27T22:36:54.476+0000] {override.py:1858} INFO - Created Permission View: can delete on DAG:dataset_consumes_1_never_scheduled
[2024-08-27T22:36:54.492+0000] {logging_mixin.py:190} INFO - [2024-08-27T22:36:54.492+0000] {override.py:1858} INFO - Created Permission View: can edit on DAG:dataset_consumes_1_never_scheduled
[2024-08-27T22:36:54.507+0000] {logging_mixin.py:190} INFO - [2024-08-27T22:36:54.507+0000] {override.py:1858} INFO - Created Permission View: can read on DAG:dataset_consumes_1_never_scheduled
[2024-08-27T22:36:54.529+0000] {logging_mixin.py:190} INFO - [2024-08-27T22:36:54.528+0000] {override.py:1858} INFO - Created Permission View: can delete on DAG:dataset_consumes_1_and_2
[2024-08-27T22:36:54.543+0000] {logging_mixin.py:190} INFO - [2024-08-27T22:36:54.542+0000] {override.py:1858} INFO - Created Permission View: can edit on DAG:dataset_consumes_1_and_2
[2024-08-27T22:36:54.557+0000] {logging_mixin.py:190} INFO - [2024-08-27T22:36:54.556+0000] {override.py:1858} INFO - Created Permission View: can read on DAG:dataset_consumes_1_and_2
[2024-08-27T22:36:54.575+0000] {logging_mixin.py:190} INFO - [2024-08-27T22:36:54.575+0000] {override.py:1858} INFO - Created Permission View: can delete on DAG:consume_1_or_both_2_and_3_with_dataset_expressions
[2024-08-27T22:36:54.582+0000] {logging_mixin.py:190} INFO - [2024-08-27T22:36:54.582+0000] {override.py:1858} INFO - Created Permission View: can edit on DAG:consume_1_or_both_2_and_3_with_dataset_expressions
[2024-08-27T22:36:54.593+0000] {logging_mixin.py:190} INFO - [2024-08-27T22:36:54.593+0000] {override.py:1858} INFO - Created Permission View: can read on DAG:consume_1_or_both_2_and_3_with_dataset_expressions
[2024-08-27T22:36:54.609+0000] {logging_mixin.py:190} INFO - [2024-08-27T22:36:54.609+0000] {override.py:1858} INFO - Created Permission View: can delete on DAG:dataset_consumes_unknown_never_scheduled
[2024-08-27T22:36:54.683+0000] {logging_mixin.py:190} INFO - [2024-08-27T22:36:54.683+0000] {override.py:1858} INFO - Created Permission View: can edit on DAG:dataset_consumes_unknown_never_scheduled
[2024-08-27T22:36:54.700+0000] {logging_mixin.py:190} INFO - [2024-08-27T22:36:54.700+0000] {override.py:1858} INFO - Created Permission View: can read on DAG:dataset_consumes_unknown_never_scheduled
[2024-08-27T22:36:54.703+0000] {logging_mixin.py:190} INFO - [2024-08-27T22:36:54.700+0000] {dag.py:3211} INFO - Sync 10 DAGs
[2024-08-27T22:36:54.730+0000] {logging_mixin.py:190} INFO - [2024-08-27T22:36:54.729+0000] {dag.py:3234} INFO - Creating ORM DAG for dataset_produces_1
[2024-08-27T22:36:54.730+0000] {logging_mixin.py:190} INFO - [2024-08-27T22:36:54.730+0000] {dag.py:3234} INFO - Creating ORM DAG for dataset_consumes_1_never_scheduled
[2024-08-27T22:36:54.732+0000] {logging_mixin.py:190} INFO - [2024-08-27T22:36:54.731+0000] {dag.py:3234} INFO - Creating ORM DAG for consume_1_or_2_with_dataset_expressions
[2024-08-27T22:36:54.732+0000] {logging_mixin.py:190} INFO - [2024-08-27T22:36:54.732+0000] {dag.py:3234} INFO - Creating ORM DAG for conditional_dataset_and_time_based_timetable
[2024-08-27T22:36:54.733+0000] {logging_mixin.py:190} INFO - [2024-08-27T22:36:54.733+0000] {dag.py:3234} INFO - Creating ORM DAG for dataset_consumes_1
[2024-08-27T22:36:54.733+0000] {logging_mixin.py:190} INFO - [2024-08-27T22:36:54.733+0000] {dag.py:3234} INFO - Creating ORM DAG for consume_1_and_2_with_dataset_expressions
[2024-08-27T22:36:54.741+0000] {logging_mixin.py:190} INFO - [2024-08-27T22:36:54.734+0000] {dag.py:3234} INFO - Creating ORM DAG for dataset_produces_2
[2024-08-27T22:36:54.743+0000] {logging_mixin.py:190} INFO - [2024-08-27T22:36:54.742+0000] {dag.py:3234} INFO - Creating ORM DAG for dataset_consumes_unknown_never_scheduled
[2024-08-27T22:36:54.744+0000] {logging_mixin.py:190} INFO - [2024-08-27T22:36:54.744+0000] {dag.py:3234} INFO - Creating ORM DAG for dataset_consumes_1_and_2
[2024-08-27T22:36:54.745+0000] {logging_mixin.py:190} INFO - [2024-08-27T22:36:54.745+0000] {dag.py:3234} INFO - Creating ORM DAG for consume_1_or_both_2_and_3_with_dataset_expressions
[2024-08-27T22:36:54.783+0000] {logging_mixin.py:190} INFO - [2024-08-27T22:36:54.782+0000] {dag.py:4138} INFO - Setting next_dagrun for conditional_dataset_and_time_based_timetable to 2024-08-21 01:00:00+00:00, run_after=2024-08-21 01:00:00+00:00
[2024-08-27T22:36:54.784+0000] {logging_mixin.py:190} INFO - [2024-08-27T22:36:54.783+0000] {dag.py:4138} INFO - Setting next_dagrun for consume_1_and_2_with_dataset_expressions to None, run_after=None
[2024-08-27T22:36:54.784+0000] {logging_mixin.py:190} INFO - [2024-08-27T22:36:54.784+0000] {dag.py:4138} INFO - Setting next_dagrun for consume_1_or_2_with_dataset_expressions to None, run_after=None
[2024-08-27T22:36:54.785+0000] {logging_mixin.py:190} INFO - [2024-08-27T22:36:54.785+0000] {dag.py:4138} INFO - Setting next_dagrun for consume_1_or_both_2_and_3_with_dataset_expressions to None, run_after=None
[2024-08-27T22:36:54.785+0000] {logging_mixin.py:190} INFO - [2024-08-27T22:36:54.785+0000] {dag.py:4138} INFO - Setting next_dagrun for dataset_consumes_1 to None, run_after=None
[2024-08-27T22:36:54.815+0000] {logging_mixin.py:190} INFO - [2024-08-27T22:36:54.815+0000] {dag.py:4138} INFO - Setting next_dagrun for dataset_consumes_1_and_2 to None, run_after=None
[2024-08-27T22:36:54.816+0000] {logging_mixin.py:190} INFO - [2024-08-27T22:36:54.816+0000] {dag.py:4138} INFO - Setting next_dagrun for dataset_consumes_1_never_scheduled to None, run_after=None
[2024-08-27T22:36:54.817+0000] {logging_mixin.py:190} INFO - [2024-08-27T22:36:54.817+0000] {dag.py:4138} INFO - Setting next_dagrun for dataset_consumes_unknown_never_scheduled to None, run_after=None
[2024-08-27T22:36:54.819+0000] {logging_mixin.py:190} INFO - [2024-08-27T22:36:54.819+0000] {dag.py:4138} INFO - Setting next_dagrun for dataset_produces_1 to 2024-08-26 00:00:00+00:00, run_after=2024-08-27 00:00:00+00:00
[2024-08-27T22:36:54.825+0000] {logging_mixin.py:190} INFO - [2024-08-27T22:36:54.820+0000] {dag.py:4138} INFO - Setting next_dagrun for dataset_produces_2 to None, run_after=None
[2024-08-27T22:36:55.039+0000] {processor.py:208} INFO - Processing /home/airflow/.local/lib/python3.12/site-packages/airflow/example_dags/example_datasets.py took 2.814 seconds
[2024-08-27T22:37:25.827+0000] {processor.py:186} INFO - Started process (PID=178) to work on /home/airflow/.local/lib/python3.12/site-packages/airflow/example_dags/example_datasets.py
[2024-08-27T22:37:25.828+0000] {processor.py:914} INFO - Processing file /home/airflow/.local/lib/python3.12/site-packages/airflow/example_dags/example_datasets.py for tasks to queue
[2024-08-27T22:37:25.831+0000] {logging_mixin.py:190} INFO - [2024-08-27T22:37:25.830+0000] {dagbag.py:587} INFO - Filling up the DagBag from /home/airflow/.local/lib/python3.12/site-packages/airflow/example_dags/example_datasets.py
[2024-08-27T22:37:26.752+0000] {processor.py:925} INFO - DAG(s) 'dataset_consumes_1_never_scheduled', 'dataset_consumes_1', 'consume_1_or_2_with_dataset_expressions', 'dataset_produces_2', 'consume_1_and_2_with_dataset_expressions', 'consume_1_or_both_2_and_3_with_dataset_expressions', 'dataset_consumes_1_and_2', 'dataset_produces_1', 'conditional_dataset_and_time_based_timetable', 'dataset_consumes_unknown_never_scheduled' retrieved from /home/airflow/.local/lib/python3.12/site-packages/airflow/example_dags/example_datasets.py
[2024-08-27T22:37:26.978+0000] {logging_mixin.py:190} INFO - [2024-08-27T22:37:26.978+0000] {dag.py:3211} INFO - Sync 10 DAGs
[2024-08-27T22:37:27.064+0000] {logging_mixin.py:190} INFO - [2024-08-27T22:37:27.063+0000] {dag.py:4138} INFO - Setting next_dagrun for conditional_dataset_and_time_based_timetable to 2024-08-21 01:00:00+00:00, run_after=2024-08-21 01:00:00+00:00
[2024-08-27T22:37:27.106+0000] {logging_mixin.py:190} INFO - [2024-08-27T22:37:27.106+0000] {dag.py:4138} INFO - Setting next_dagrun for consume_1_and_2_with_dataset_expressions to None, run_after=None
[2024-08-27T22:37:27.112+0000] {logging_mixin.py:190} INFO - [2024-08-27T22:37:27.111+0000] {dag.py:4138} INFO - Setting next_dagrun for consume_1_or_2_with_dataset_expressions to None, run_after=None
[2024-08-27T22:37:27.118+0000] {logging_mixin.py:190} INFO - [2024-08-27T22:37:27.118+0000] {dag.py:4138} INFO - Setting next_dagrun for consume_1_or_both_2_and_3_with_dataset_expressions to None, run_after=None
[2024-08-27T22:37:27.127+0000] {logging_mixin.py:190} INFO - [2024-08-27T22:37:27.123+0000] {dag.py:4138} INFO - Setting next_dagrun for dataset_consumes_1 to None, run_after=None
[2024-08-27T22:37:27.134+0000] {logging_mixin.py:190} INFO - [2024-08-27T22:37:27.130+0000] {dag.py:4138} INFO - Setting next_dagrun for dataset_consumes_1_and_2 to None, run_after=None
[2024-08-27T22:37:27.137+0000] {logging_mixin.py:190} INFO - [2024-08-27T22:37:27.137+0000] {dag.py:4138} INFO - Setting next_dagrun for dataset_consumes_1_never_scheduled to None, run_after=None
[2024-08-27T22:37:27.147+0000] {logging_mixin.py:190} INFO - [2024-08-27T22:37:27.144+0000] {dag.py:4138} INFO - Setting next_dagrun for dataset_consumes_unknown_never_scheduled to None, run_after=None
[2024-08-27T22:37:27.155+0000] {logging_mixin.py:190} INFO - [2024-08-27T22:37:27.153+0000] {dag.py:4138} INFO - Setting next_dagrun for dataset_produces_1 to 2024-08-26 00:00:00+00:00, run_after=2024-08-27 00:00:00+00:00
[2024-08-27T22:37:27.158+0000] {logging_mixin.py:190} INFO - [2024-08-27T22:37:27.158+0000] {dag.py:4138} INFO - Setting next_dagrun for dataset_produces_2 to None, run_after=None
[2024-08-27T22:37:27.355+0000] {processor.py:208} INFO - Processing /home/airflow/.local/lib/python3.12/site-packages/airflow/example_dags/example_datasets.py took 1.541 seconds
