[2024-08-27T22:30:01.086+0000] {processor.py:186} INFO - Started process (PID=104) to work on /home/airflow/.local/lib/python3.12/site-packages/airflow/example_dags/example_latest_only.py
[2024-08-27T22:30:01.087+0000] {processor.py:914} INFO - Processing file /home/airflow/.local/lib/python3.12/site-packages/airflow/example_dags/example_latest_only.py for tasks to queue
[2024-08-27T22:30:01.089+0000] {logging_mixin.py:190} INFO - [2024-08-27T22:30:01.089+0000] {dagbag.py:587} INFO - Filling up the DagBag from /home/airflow/.local/lib/python3.12/site-packages/airflow/example_dags/example_latest_only.py
[2024-08-27T22:30:01.098+0000] {processor.py:925} INFO - DAG(s) 'latest_only' retrieved from /home/airflow/.local/lib/python3.12/site-packages/airflow/example_dags/example_latest_only.py
[2024-08-27T22:30:01.358+0000] {logging_mixin.py:190} INFO - [2024-08-27T22:30:01.357+0000] {override.py:1858} INFO - Created Permission View: can edit on DAG:latest_only
[2024-08-27T22:30:01.386+0000] {logging_mixin.py:190} INFO - [2024-08-27T22:30:01.386+0000] {override.py:1858} INFO - Created Permission View: can delete on DAG:latest_only
[2024-08-27T22:30:01.402+0000] {logging_mixin.py:190} INFO - [2024-08-27T22:30:01.402+0000] {override.py:1858} INFO - Created Permission View: can read on DAG:latest_only
[2024-08-27T22:30:01.403+0000] {logging_mixin.py:190} INFO - [2024-08-27T22:30:01.402+0000] {dag.py:3211} INFO - Sync 1 DAGs
[2024-08-27T22:30:01.426+0000] {logging_mixin.py:190} INFO - [2024-08-27T22:30:01.426+0000] {dag.py:3234} INFO - Creating ORM DAG for latest_only
[2024-08-27T22:30:01.447+0000] {logging_mixin.py:190} INFO - [2024-08-27T22:30:01.447+0000] {dag.py:4138} INFO - Setting next_dagrun for latest_only to 2024-08-27 16:00:00+00:00, run_after=2024-08-27 20:00:00+00:00
[2024-08-27T22:30:01.558+0000] {processor.py:208} INFO - Processing /home/airflow/.local/lib/python3.12/site-packages/airflow/example_dags/example_latest_only.py took 0.477 seconds
[2024-08-27T22:30:31.801+0000] {processor.py:186} INFO - Started process (PID=167) to work on /home/airflow/.local/lib/python3.12/site-packages/airflow/example_dags/example_latest_only.py
[2024-08-27T22:30:31.802+0000] {processor.py:914} INFO - Processing file /home/airflow/.local/lib/python3.12/site-packages/airflow/example_dags/example_latest_only.py for tasks to queue
[2024-08-27T22:30:31.805+0000] {logging_mixin.py:190} INFO - [2024-08-27T22:30:31.804+0000] {dagbag.py:587} INFO - Filling up the DagBag from /home/airflow/.local/lib/python3.12/site-packages/airflow/example_dags/example_latest_only.py
[2024-08-27T22:30:31.813+0000] {processor.py:925} INFO - DAG(s) 'latest_only' retrieved from /home/airflow/.local/lib/python3.12/site-packages/airflow/example_dags/example_latest_only.py
[2024-08-27T22:30:31.853+0000] {logging_mixin.py:190} INFO - [2024-08-27T22:30:31.852+0000] {dag.py:3211} INFO - Sync 1 DAGs
[2024-08-27T22:30:31.905+0000] {logging_mixin.py:190} INFO - [2024-08-27T22:30:31.904+0000] {dag.py:4138} INFO - Setting next_dagrun for latest_only to 2024-08-27 16:00:00+00:00, run_after=2024-08-27 20:00:00+00:00
[2024-08-27T22:30:31.939+0000] {processor.py:208} INFO - Processing /home/airflow/.local/lib/python3.12/site-packages/airflow/example_dags/example_latest_only.py took 0.146 seconds
[2024-08-27T22:30:52.756+0000] {processor.py:186} INFO - Started process (PID=230) to work on /home/airflow/.local/lib/python3.12/site-packages/airflow/example_dags/example_latest_only.py
[2024-08-27T22:30:52.758+0000] {processor.py:914} INFO - Processing file /home/airflow/.local/lib/python3.12/site-packages/airflow/example_dags/example_latest_only.py for tasks to queue
[2024-08-27T22:30:52.761+0000] {logging_mixin.py:190} INFO - [2024-08-27T22:30:52.760+0000] {dagbag.py:587} INFO - Filling up the DagBag from /home/airflow/.local/lib/python3.12/site-packages/airflow/example_dags/example_latest_only.py
[2024-08-27T22:30:52.772+0000] {processor.py:925} INFO - DAG(s) 'latest_only' retrieved from /home/airflow/.local/lib/python3.12/site-packages/airflow/example_dags/example_latest_only.py
[2024-08-27T22:30:52.803+0000] {logging_mixin.py:190} INFO - [2024-08-27T22:30:52.802+0000] {dag.py:3211} INFO - Sync 1 DAGs
[2024-08-27T22:30:52.833+0000] {logging_mixin.py:190} INFO - [2024-08-27T22:30:52.833+0000] {dag.py:4138} INFO - Setting next_dagrun for latest_only to 2024-08-27 16:00:00+00:00, run_after=2024-08-27 20:00:00+00:00
[2024-08-27T22:30:52.858+0000] {processor.py:208} INFO - Processing /home/airflow/.local/lib/python3.12/site-packages/airflow/example_dags/example_latest_only.py took 0.110 seconds
[2024-08-27T22:31:23.193+0000] {processor.py:186} INFO - Started process (PID=291) to work on /home/airflow/.local/lib/python3.12/site-packages/airflow/example_dags/example_latest_only.py
[2024-08-27T22:31:23.194+0000] {processor.py:914} INFO - Processing file /home/airflow/.local/lib/python3.12/site-packages/airflow/example_dags/example_latest_only.py for tasks to queue
[2024-08-27T22:31:23.198+0000] {logging_mixin.py:190} INFO - [2024-08-27T22:31:23.197+0000] {dagbag.py:587} INFO - Filling up the DagBag from /home/airflow/.local/lib/python3.12/site-packages/airflow/example_dags/example_latest_only.py
[2024-08-27T22:31:23.207+0000] {processor.py:925} INFO - DAG(s) 'latest_only' retrieved from /home/airflow/.local/lib/python3.12/site-packages/airflow/example_dags/example_latest_only.py
[2024-08-27T22:31:23.239+0000] {logging_mixin.py:190} INFO - [2024-08-27T22:31:23.238+0000] {dag.py:3211} INFO - Sync 1 DAGs
[2024-08-27T22:31:23.270+0000] {logging_mixin.py:190} INFO - [2024-08-27T22:31:23.269+0000] {dag.py:4138} INFO - Setting next_dagrun for latest_only to 2024-08-27 16:00:00+00:00, run_after=2024-08-27 20:00:00+00:00
[2024-08-27T22:31:23.304+0000] {processor.py:208} INFO - Processing /home/airflow/.local/lib/python3.12/site-packages/airflow/example_dags/example_latest_only.py took 0.118 seconds
[2024-08-27T22:31:54.203+0000] {processor.py:186} INFO - Started process (PID=352) to work on /home/airflow/.local/lib/python3.12/site-packages/airflow/example_dags/example_latest_only.py
[2024-08-27T22:31:54.209+0000] {processor.py:914} INFO - Processing file /home/airflow/.local/lib/python3.12/site-packages/airflow/example_dags/example_latest_only.py for tasks to queue
[2024-08-27T22:31:54.226+0000] {logging_mixin.py:190} INFO - [2024-08-27T22:31:54.225+0000] {dagbag.py:587} INFO - Filling up the DagBag from /home/airflow/.local/lib/python3.12/site-packages/airflow/example_dags/example_latest_only.py
[2024-08-27T22:31:54.255+0000] {processor.py:925} INFO - DAG(s) 'latest_only' retrieved from /home/airflow/.local/lib/python3.12/site-packages/airflow/example_dags/example_latest_only.py
[2024-08-27T22:31:54.363+0000] {logging_mixin.py:190} INFO - [2024-08-27T22:31:54.363+0000] {dag.py:3211} INFO - Sync 1 DAGs
[2024-08-27T22:31:54.431+0000] {logging_mixin.py:190} INFO - [2024-08-27T22:31:54.431+0000] {dag.py:4138} INFO - Setting next_dagrun for latest_only to 2024-08-27 16:00:00+00:00, run_after=2024-08-27 20:00:00+00:00
[2024-08-27T22:31:54.508+0000] {processor.py:208} INFO - Processing /home/airflow/.local/lib/python3.12/site-packages/airflow/example_dags/example_latest_only.py took 0.342 seconds
[2024-08-27T22:32:24.664+0000] {processor.py:186} INFO - Started process (PID=414) to work on /home/airflow/.local/lib/python3.12/site-packages/airflow/example_dags/example_latest_only.py
[2024-08-27T22:32:24.666+0000] {processor.py:914} INFO - Processing file /home/airflow/.local/lib/python3.12/site-packages/airflow/example_dags/example_latest_only.py for tasks to queue
[2024-08-27T22:32:24.670+0000] {logging_mixin.py:190} INFO - [2024-08-27T22:32:24.669+0000] {dagbag.py:587} INFO - Filling up the DagBag from /home/airflow/.local/lib/python3.12/site-packages/airflow/example_dags/example_latest_only.py
[2024-08-27T22:32:24.680+0000] {processor.py:925} INFO - DAG(s) 'latest_only' retrieved from /home/airflow/.local/lib/python3.12/site-packages/airflow/example_dags/example_latest_only.py
[2024-08-27T22:32:24.709+0000] {logging_mixin.py:190} INFO - [2024-08-27T22:32:24.708+0000] {dag.py:3211} INFO - Sync 1 DAGs
[2024-08-27T22:32:24.736+0000] {logging_mixin.py:190} INFO - [2024-08-27T22:32:24.736+0000] {dag.py:4138} INFO - Setting next_dagrun for latest_only to 2024-08-27 16:00:00+00:00, run_after=2024-08-27 20:00:00+00:00
[2024-08-27T22:32:24.766+0000] {processor.py:208} INFO - Processing /home/airflow/.local/lib/python3.12/site-packages/airflow/example_dags/example_latest_only.py took 0.110 seconds
[2024-08-27T22:32:55.204+0000] {processor.py:186} INFO - Started process (PID=476) to work on /home/airflow/.local/lib/python3.12/site-packages/airflow/example_dags/example_latest_only.py
[2024-08-27T22:32:55.205+0000] {processor.py:914} INFO - Processing file /home/airflow/.local/lib/python3.12/site-packages/airflow/example_dags/example_latest_only.py for tasks to queue
[2024-08-27T22:32:55.215+0000] {logging_mixin.py:190} INFO - [2024-08-27T22:32:55.215+0000] {dagbag.py:587} INFO - Filling up the DagBag from /home/airflow/.local/lib/python3.12/site-packages/airflow/example_dags/example_latest_only.py
[2024-08-27T22:32:55.238+0000] {processor.py:925} INFO - DAG(s) 'latest_only' retrieved from /home/airflow/.local/lib/python3.12/site-packages/airflow/example_dags/example_latest_only.py
[2024-08-27T22:32:55.279+0000] {logging_mixin.py:190} INFO - [2024-08-27T22:32:55.279+0000] {dag.py:3211} INFO - Sync 1 DAGs
[2024-08-27T22:32:55.336+0000] {logging_mixin.py:190} INFO - [2024-08-27T22:32:55.336+0000] {dag.py:4138} INFO - Setting next_dagrun for latest_only to 2024-08-27 16:00:00+00:00, run_after=2024-08-27 20:00:00+00:00
[2024-08-27T22:32:55.375+0000] {processor.py:208} INFO - Processing /home/airflow/.local/lib/python3.12/site-packages/airflow/example_dags/example_latest_only.py took 0.190 seconds
[2024-08-27T22:33:26.323+0000] {processor.py:186} INFO - Started process (PID=538) to work on /home/airflow/.local/lib/python3.12/site-packages/airflow/example_dags/example_latest_only.py
[2024-08-27T22:33:26.324+0000] {processor.py:914} INFO - Processing file /home/airflow/.local/lib/python3.12/site-packages/airflow/example_dags/example_latest_only.py for tasks to queue
[2024-08-27T22:33:26.328+0000] {logging_mixin.py:190} INFO - [2024-08-27T22:33:26.327+0000] {dagbag.py:587} INFO - Filling up the DagBag from /home/airflow/.local/lib/python3.12/site-packages/airflow/example_dags/example_latest_only.py
[2024-08-27T22:33:26.336+0000] {processor.py:925} INFO - DAG(s) 'latest_only' retrieved from /home/airflow/.local/lib/python3.12/site-packages/airflow/example_dags/example_latest_only.py
[2024-08-27T22:33:26.374+0000] {logging_mixin.py:190} INFO - [2024-08-27T22:33:26.373+0000] {dag.py:3211} INFO - Sync 1 DAGs
[2024-08-27T22:33:26.456+0000] {logging_mixin.py:190} INFO - [2024-08-27T22:33:26.456+0000] {dag.py:4138} INFO - Setting next_dagrun for latest_only to 2024-08-27 16:00:00+00:00, run_after=2024-08-27 20:00:00+00:00
[2024-08-27T22:33:26.502+0000] {processor.py:208} INFO - Processing /home/airflow/.local/lib/python3.12/site-packages/airflow/example_dags/example_latest_only.py took 0.191 seconds
[2024-08-27T22:33:59.423+0000] {processor.py:186} INFO - Started process (PID=600) to work on /home/airflow/.local/lib/python3.12/site-packages/airflow/example_dags/example_latest_only.py
[2024-08-27T22:33:59.424+0000] {processor.py:914} INFO - Processing file /home/airflow/.local/lib/python3.12/site-packages/airflow/example_dags/example_latest_only.py for tasks to queue
[2024-08-27T22:33:59.427+0000] {logging_mixin.py:190} INFO - [2024-08-27T22:33:59.426+0000] {dagbag.py:587} INFO - Filling up the DagBag from /home/airflow/.local/lib/python3.12/site-packages/airflow/example_dags/example_latest_only.py
[2024-08-27T22:33:59.451+0000] {processor.py:925} INFO - DAG(s) 'latest_only' retrieved from /home/airflow/.local/lib/python3.12/site-packages/airflow/example_dags/example_latest_only.py
[2024-08-27T22:33:59.519+0000] {logging_mixin.py:190} INFO - [2024-08-27T22:33:59.518+0000] {dag.py:3211} INFO - Sync 1 DAGs
[2024-08-27T22:33:59.569+0000] {logging_mixin.py:190} INFO - [2024-08-27T22:33:59.569+0000] {dag.py:4138} INFO - Setting next_dagrun for latest_only to 2024-08-27 16:00:00+00:00, run_after=2024-08-27 20:00:00+00:00
[2024-08-27T22:33:59.616+0000] {processor.py:208} INFO - Processing /home/airflow/.local/lib/python3.12/site-packages/airflow/example_dags/example_latest_only.py took 0.214 seconds
[2024-08-27T22:36:46.889+0000] {processor.py:186} INFO - Started process (PID=104) to work on /home/airflow/.local/lib/python3.12/site-packages/airflow/example_dags/example_latest_only.py
[2024-08-27T22:36:46.898+0000] {processor.py:914} INFO - Processing file /home/airflow/.local/lib/python3.12/site-packages/airflow/example_dags/example_latest_only.py for tasks to queue
[2024-08-27T22:36:46.901+0000] {logging_mixin.py:190} INFO - [2024-08-27T22:36:46.901+0000] {dagbag.py:587} INFO - Filling up the DagBag from /home/airflow/.local/lib/python3.12/site-packages/airflow/example_dags/example_latest_only.py
[2024-08-27T22:36:46.922+0000] {processor.py:925} INFO - DAG(s) 'latest_only' retrieved from /home/airflow/.local/lib/python3.12/site-packages/airflow/example_dags/example_latest_only.py
[2024-08-27T22:36:47.299+0000] {logging_mixin.py:190} INFO - [2024-08-27T22:36:47.298+0000] {override.py:1858} INFO - Created Permission View: can delete on DAG:latest_only
[2024-08-27T22:36:47.324+0000] {logging_mixin.py:190} INFO - [2024-08-27T22:36:47.323+0000] {override.py:1858} INFO - Created Permission View: can edit on DAG:latest_only
[2024-08-27T22:36:47.333+0000] {logging_mixin.py:190} INFO - [2024-08-27T22:36:47.333+0000] {override.py:1858} INFO - Created Permission View: can read on DAG:latest_only
[2024-08-27T22:36:47.334+0000] {logging_mixin.py:190} INFO - [2024-08-27T22:36:47.333+0000] {dag.py:3211} INFO - Sync 1 DAGs
[2024-08-27T22:36:47.457+0000] {logging_mixin.py:190} INFO - [2024-08-27T22:36:47.457+0000] {dag.py:3234} INFO - Creating ORM DAG for latest_only
[2024-08-27T22:36:47.627+0000] {logging_mixin.py:190} INFO - [2024-08-27T22:36:47.627+0000] {dag.py:4138} INFO - Setting next_dagrun for latest_only to 2024-08-27 16:00:00+00:00, run_after=2024-08-27 20:00:00+00:00
[2024-08-27T22:36:47.740+0000] {processor.py:208} INFO - Processing /home/airflow/.local/lib/python3.12/site-packages/airflow/example_dags/example_latest_only.py took 0.880 seconds
[2024-08-27T22:37:18.717+0000] {processor.py:186} INFO - Started process (PID=166) to work on /home/airflow/.local/lib/python3.12/site-packages/airflow/example_dags/example_latest_only.py
[2024-08-27T22:37:18.727+0000] {processor.py:914} INFO - Processing file /home/airflow/.local/lib/python3.12/site-packages/airflow/example_dags/example_latest_only.py for tasks to queue
[2024-08-27T22:37:18.729+0000] {logging_mixin.py:190} INFO - [2024-08-27T22:37:18.729+0000] {dagbag.py:587} INFO - Filling up the DagBag from /home/airflow/.local/lib/python3.12/site-packages/airflow/example_dags/example_latest_only.py
[2024-08-27T22:37:18.771+0000] {processor.py:925} INFO - DAG(s) 'latest_only' retrieved from /home/airflow/.local/lib/python3.12/site-packages/airflow/example_dags/example_latest_only.py
[2024-08-27T22:37:18.853+0000] {logging_mixin.py:190} INFO - [2024-08-27T22:37:18.852+0000] {dag.py:3211} INFO - Sync 1 DAGs
[2024-08-27T22:37:18.886+0000] {logging_mixin.py:190} INFO - [2024-08-27T22:37:18.885+0000] {dag.py:4138} INFO - Setting next_dagrun for latest_only to 2024-08-27 16:00:00+00:00, run_after=2024-08-27 20:00:00+00:00
[2024-08-27T22:37:18.918+0000] {processor.py:208} INFO - Processing /home/airflow/.local/lib/python3.12/site-packages/airflow/example_dags/example_latest_only.py took 0.216 seconds
[2024-08-27T22:37:49.134+0000] {processor.py:186} INFO - Started process (PID=228) to work on /home/airflow/.local/lib/python3.12/site-packages/airflow/example_dags/example_latest_only.py
[2024-08-27T22:37:49.201+0000] {processor.py:914} INFO - Processing file /home/airflow/.local/lib/python3.12/site-packages/airflow/example_dags/example_latest_only.py for tasks to queue
[2024-08-27T22:37:49.203+0000] {logging_mixin.py:190} INFO - [2024-08-27T22:37:49.203+0000] {dagbag.py:587} INFO - Filling up the DagBag from /home/airflow/.local/lib/python3.12/site-packages/airflow/example_dags/example_latest_only.py
[2024-08-27T22:37:49.212+0000] {processor.py:925} INFO - DAG(s) 'latest_only' retrieved from /home/airflow/.local/lib/python3.12/site-packages/airflow/example_dags/example_latest_only.py
[2024-08-27T22:37:49.321+0000] {logging_mixin.py:190} INFO - [2024-08-27T22:37:49.321+0000] {dag.py:3211} INFO - Sync 1 DAGs
[2024-08-27T22:37:49.377+0000] {logging_mixin.py:190} INFO - [2024-08-27T22:37:49.377+0000] {dag.py:4138} INFO - Setting next_dagrun for latest_only to 2024-08-27 16:00:00+00:00, run_after=2024-08-27 20:00:00+00:00
[2024-08-27T22:37:49.487+0000] {processor.py:208} INFO - Processing /home/airflow/.local/lib/python3.12/site-packages/airflow/example_dags/example_latest_only.py took 0.371 seconds
