[2024-08-27T22:30:00.259+0000] {processor.py:186} INFO - Started process (PID=100) to work on /home/airflow/.local/lib/python3.12/site-packages/airflow/example_dags/example_local_kubernetes_executor.py
[2024-08-27T22:30:00.260+0000] {processor.py:914} INFO - Processing file /home/airflow/.local/lib/python3.12/site-packages/airflow/example_dags/example_local_kubernetes_executor.py for tasks to queue
[2024-08-27T22:30:00.262+0000] {logging_mixin.py:190} INFO - [2024-08-27T22:30:00.262+0000] {dagbag.py:587} INFO - Filling up the DagBag from /home/airflow/.local/lib/python3.12/site-packages/airflow/example_dags/example_local_kubernetes_executor.py
[2024-08-27T22:30:00.281+0000] {processor.py:925} INFO - DAG(s) 'example_local_kubernetes_executor' retrieved from /home/airflow/.local/lib/python3.12/site-packages/airflow/example_dags/example_local_kubernetes_executor.py
[2024-08-27T22:30:00.476+0000] {logging_mixin.py:190} INFO - [2024-08-27T22:30:00.475+0000] {override.py:1858} INFO - Created Permission View: can edit on DAG:example_local_kubernetes_executor
[2024-08-27T22:30:00.509+0000] {logging_mixin.py:190} INFO - [2024-08-27T22:30:00.509+0000] {override.py:1858} INFO - Created Permission View: can delete on DAG:example_local_kubernetes_executor
[2024-08-27T22:30:00.520+0000] {logging_mixin.py:190} INFO - [2024-08-27T22:30:00.520+0000] {override.py:1858} INFO - Created Permission View: can read on DAG:example_local_kubernetes_executor
[2024-08-27T22:30:00.520+0000] {logging_mixin.py:190} INFO - [2024-08-27T22:30:00.520+0000] {dag.py:3211} INFO - Sync 1 DAGs
[2024-08-27T22:30:00.536+0000] {logging_mixin.py:190} INFO - [2024-08-27T22:30:00.536+0000] {dag.py:3234} INFO - Creating ORM DAG for example_local_kubernetes_executor
[2024-08-27T22:30:00.541+0000] {logging_mixin.py:190} INFO - [2024-08-27T22:30:00.541+0000] {dag.py:4138} INFO - Setting next_dagrun for example_local_kubernetes_executor to None, run_after=None
[2024-08-27T22:30:00.578+0000] {processor.py:208} INFO - Processing /home/airflow/.local/lib/python3.12/site-packages/airflow/example_dags/example_local_kubernetes_executor.py took 0.335 seconds
[2024-08-27T22:30:31.071+0000] {processor.py:186} INFO - Started process (PID=163) to work on /home/airflow/.local/lib/python3.12/site-packages/airflow/example_dags/example_local_kubernetes_executor.py
[2024-08-27T22:30:31.073+0000] {processor.py:914} INFO - Processing file /home/airflow/.local/lib/python3.12/site-packages/airflow/example_dags/example_local_kubernetes_executor.py for tasks to queue
[2024-08-27T22:30:31.075+0000] {logging_mixin.py:190} INFO - [2024-08-27T22:30:31.075+0000] {dagbag.py:587} INFO - Filling up the DagBag from /home/airflow/.local/lib/python3.12/site-packages/airflow/example_dags/example_local_kubernetes_executor.py
[2024-08-27T22:30:31.086+0000] {processor.py:925} INFO - DAG(s) 'example_local_kubernetes_executor' retrieved from /home/airflow/.local/lib/python3.12/site-packages/airflow/example_dags/example_local_kubernetes_executor.py
[2024-08-27T22:30:31.142+0000] {logging_mixin.py:190} INFO - [2024-08-27T22:30:31.141+0000] {dag.py:3211} INFO - Sync 1 DAGs
[2024-08-27T22:30:31.160+0000] {logging_mixin.py:190} INFO - [2024-08-27T22:30:31.160+0000] {dag.py:4138} INFO - Setting next_dagrun for example_local_kubernetes_executor to None, run_after=None
[2024-08-27T22:30:31.183+0000] {processor.py:208} INFO - Processing /home/airflow/.local/lib/python3.12/site-packages/airflow/example_dags/example_local_kubernetes_executor.py took 0.118 seconds
[2024-08-27T22:30:51.232+0000] {processor.py:186} INFO - Started process (PID=226) to work on /home/airflow/.local/lib/python3.12/site-packages/airflow/example_dags/example_local_kubernetes_executor.py
[2024-08-27T22:30:51.234+0000] {processor.py:914} INFO - Processing file /home/airflow/.local/lib/python3.12/site-packages/airflow/example_dags/example_local_kubernetes_executor.py for tasks to queue
[2024-08-27T22:30:51.236+0000] {logging_mixin.py:190} INFO - [2024-08-27T22:30:51.236+0000] {dagbag.py:587} INFO - Filling up the DagBag from /home/airflow/.local/lib/python3.12/site-packages/airflow/example_dags/example_local_kubernetes_executor.py
[2024-08-27T22:30:51.286+0000] {processor.py:925} INFO - DAG(s) 'example_local_kubernetes_executor' retrieved from /home/airflow/.local/lib/python3.12/site-packages/airflow/example_dags/example_local_kubernetes_executor.py
[2024-08-27T22:30:51.791+0000] {logging_mixin.py:190} INFO - [2024-08-27T22:30:51.791+0000] {dag.py:3211} INFO - Sync 1 DAGs
[2024-08-27T22:30:51.878+0000] {logging_mixin.py:190} INFO - [2024-08-27T22:30:51.864+0000] {dag.py:4138} INFO - Setting next_dagrun for example_local_kubernetes_executor to None, run_after=None
[2024-08-27T22:30:51.963+0000] {processor.py:208} INFO - Processing /home/airflow/.local/lib/python3.12/site-packages/airflow/example_dags/example_local_kubernetes_executor.py took 0.740 seconds
[2024-08-27T22:31:22.792+0000] {processor.py:186} INFO - Started process (PID=288) to work on /home/airflow/.local/lib/python3.12/site-packages/airflow/example_dags/example_local_kubernetes_executor.py
[2024-08-27T22:31:22.794+0000] {processor.py:914} INFO - Processing file /home/airflow/.local/lib/python3.12/site-packages/airflow/example_dags/example_local_kubernetes_executor.py for tasks to queue
[2024-08-27T22:31:22.797+0000] {logging_mixin.py:190} INFO - [2024-08-27T22:31:22.796+0000] {dagbag.py:587} INFO - Filling up the DagBag from /home/airflow/.local/lib/python3.12/site-packages/airflow/example_dags/example_local_kubernetes_executor.py
[2024-08-27T22:31:22.812+0000] {processor.py:925} INFO - DAG(s) 'example_local_kubernetes_executor' retrieved from /home/airflow/.local/lib/python3.12/site-packages/airflow/example_dags/example_local_kubernetes_executor.py
[2024-08-27T22:31:22.881+0000] {logging_mixin.py:190} INFO - [2024-08-27T22:31:22.880+0000] {dag.py:3211} INFO - Sync 1 DAGs
[2024-08-27T22:31:22.896+0000] {logging_mixin.py:190} INFO - [2024-08-27T22:31:22.895+0000] {dag.py:4138} INFO - Setting next_dagrun for example_local_kubernetes_executor to None, run_after=None
[2024-08-27T22:31:22.931+0000] {processor.py:208} INFO - Processing /home/airflow/.local/lib/python3.12/site-packages/airflow/example_dags/example_local_kubernetes_executor.py took 0.147 seconds
[2024-08-27T22:31:53.529+0000] {processor.py:186} INFO - Started process (PID=349) to work on /home/airflow/.local/lib/python3.12/site-packages/airflow/example_dags/example_local_kubernetes_executor.py
[2024-08-27T22:31:53.538+0000] {processor.py:914} INFO - Processing file /home/airflow/.local/lib/python3.12/site-packages/airflow/example_dags/example_local_kubernetes_executor.py for tasks to queue
[2024-08-27T22:31:53.540+0000] {logging_mixin.py:190} INFO - [2024-08-27T22:31:53.540+0000] {dagbag.py:587} INFO - Filling up the DagBag from /home/airflow/.local/lib/python3.12/site-packages/airflow/example_dags/example_local_kubernetes_executor.py
[2024-08-27T22:31:53.588+0000] {processor.py:925} INFO - DAG(s) 'example_local_kubernetes_executor' retrieved from /home/airflow/.local/lib/python3.12/site-packages/airflow/example_dags/example_local_kubernetes_executor.py
[2024-08-27T22:31:53.863+0000] {logging_mixin.py:190} INFO - [2024-08-27T22:31:53.862+0000] {dag.py:3211} INFO - Sync 1 DAGs
[2024-08-27T22:31:53.927+0000] {logging_mixin.py:190} INFO - [2024-08-27T22:31:53.926+0000] {dag.py:4138} INFO - Setting next_dagrun for example_local_kubernetes_executor to None, run_after=None
[2024-08-27T22:31:54.046+0000] {processor.py:208} INFO - Processing /home/airflow/.local/lib/python3.12/site-packages/airflow/example_dags/example_local_kubernetes_executor.py took 0.581 seconds
[2024-08-27T22:32:24.161+0000] {processor.py:186} INFO - Started process (PID=412) to work on /home/airflow/.local/lib/python3.12/site-packages/airflow/example_dags/example_local_kubernetes_executor.py
[2024-08-27T22:32:24.163+0000] {processor.py:914} INFO - Processing file /home/airflow/.local/lib/python3.12/site-packages/airflow/example_dags/example_local_kubernetes_executor.py for tasks to queue
[2024-08-27T22:32:24.169+0000] {logging_mixin.py:190} INFO - [2024-08-27T22:32:24.168+0000] {dagbag.py:587} INFO - Filling up the DagBag from /home/airflow/.local/lib/python3.12/site-packages/airflow/example_dags/example_local_kubernetes_executor.py
[2024-08-27T22:32:24.184+0000] {processor.py:925} INFO - DAG(s) 'example_local_kubernetes_executor' retrieved from /home/airflow/.local/lib/python3.12/site-packages/airflow/example_dags/example_local_kubernetes_executor.py
[2024-08-27T22:32:24.250+0000] {logging_mixin.py:190} INFO - [2024-08-27T22:32:24.249+0000] {dag.py:3211} INFO - Sync 1 DAGs
[2024-08-27T22:32:24.281+0000] {logging_mixin.py:190} INFO - [2024-08-27T22:32:24.280+0000] {dag.py:4138} INFO - Setting next_dagrun for example_local_kubernetes_executor to None, run_after=None
[2024-08-27T22:32:24.320+0000] {processor.py:208} INFO - Processing /home/airflow/.local/lib/python3.12/site-packages/airflow/example_dags/example_local_kubernetes_executor.py took 0.168 seconds
[2024-08-27T22:32:54.716+0000] {processor.py:186} INFO - Started process (PID=473) to work on /home/airflow/.local/lib/python3.12/site-packages/airflow/example_dags/example_local_kubernetes_executor.py
[2024-08-27T22:32:54.719+0000] {processor.py:914} INFO - Processing file /home/airflow/.local/lib/python3.12/site-packages/airflow/example_dags/example_local_kubernetes_executor.py for tasks to queue
[2024-08-27T22:32:54.722+0000] {logging_mixin.py:190} INFO - [2024-08-27T22:32:54.722+0000] {dagbag.py:587} INFO - Filling up the DagBag from /home/airflow/.local/lib/python3.12/site-packages/airflow/example_dags/example_local_kubernetes_executor.py
[2024-08-27T22:32:54.737+0000] {processor.py:925} INFO - DAG(s) 'example_local_kubernetes_executor' retrieved from /home/airflow/.local/lib/python3.12/site-packages/airflow/example_dags/example_local_kubernetes_executor.py
[2024-08-27T22:32:54.879+0000] {logging_mixin.py:190} INFO - [2024-08-27T22:32:54.878+0000] {dag.py:3211} INFO - Sync 1 DAGs
[2024-08-27T22:32:55.002+0000] {logging_mixin.py:190} INFO - [2024-08-27T22:32:54.996+0000] {dag.py:4138} INFO - Setting next_dagrun for example_local_kubernetes_executor to None, run_after=None
[2024-08-27T22:32:55.104+0000] {processor.py:208} INFO - Processing /home/airflow/.local/lib/python3.12/site-packages/airflow/example_dags/example_local_kubernetes_executor.py took 0.394 seconds
[2024-08-27T22:33:25.957+0000] {processor.py:186} INFO - Started process (PID=536) to work on /home/airflow/.local/lib/python3.12/site-packages/airflow/example_dags/example_local_kubernetes_executor.py
[2024-08-27T22:33:25.958+0000] {processor.py:914} INFO - Processing file /home/airflow/.local/lib/python3.12/site-packages/airflow/example_dags/example_local_kubernetes_executor.py for tasks to queue
[2024-08-27T22:33:25.961+0000] {logging_mixin.py:190} INFO - [2024-08-27T22:33:25.960+0000] {dagbag.py:587} INFO - Filling up the DagBag from /home/airflow/.local/lib/python3.12/site-packages/airflow/example_dags/example_local_kubernetes_executor.py
[2024-08-27T22:33:25.983+0000] {processor.py:925} INFO - DAG(s) 'example_local_kubernetes_executor' retrieved from /home/airflow/.local/lib/python3.12/site-packages/airflow/example_dags/example_local_kubernetes_executor.py
[2024-08-27T22:33:26.107+0000] {logging_mixin.py:190} INFO - [2024-08-27T22:33:26.106+0000] {dag.py:3211} INFO - Sync 1 DAGs
[2024-08-27T22:33:26.158+0000] {logging_mixin.py:190} INFO - [2024-08-27T22:33:26.158+0000] {dag.py:4138} INFO - Setting next_dagrun for example_local_kubernetes_executor to None, run_after=None
[2024-08-27T22:33:26.248+0000] {processor.py:208} INFO - Processing /home/airflow/.local/lib/python3.12/site-packages/airflow/example_dags/example_local_kubernetes_executor.py took 0.298 seconds
[2024-08-27T22:33:58.164+0000] {processor.py:186} INFO - Started process (PID=596) to work on /home/airflow/.local/lib/python3.12/site-packages/airflow/example_dags/example_local_kubernetes_executor.py
[2024-08-27T22:33:58.168+0000] {processor.py:914} INFO - Processing file /home/airflow/.local/lib/python3.12/site-packages/airflow/example_dags/example_local_kubernetes_executor.py for tasks to queue
[2024-08-27T22:33:58.171+0000] {logging_mixin.py:190} INFO - [2024-08-27T22:33:58.171+0000] {dagbag.py:587} INFO - Filling up the DagBag from /home/airflow/.local/lib/python3.12/site-packages/airflow/example_dags/example_local_kubernetes_executor.py
[2024-08-27T22:33:58.200+0000] {processor.py:925} INFO - DAG(s) 'example_local_kubernetes_executor' retrieved from /home/airflow/.local/lib/python3.12/site-packages/airflow/example_dags/example_local_kubernetes_executor.py
[2024-08-27T22:33:58.487+0000] {logging_mixin.py:190} INFO - [2024-08-27T22:33:58.487+0000] {dag.py:3211} INFO - Sync 1 DAGs
[2024-08-27T22:33:58.574+0000] {logging_mixin.py:190} INFO - [2024-08-27T22:33:58.572+0000] {dag.py:4138} INFO - Setting next_dagrun for example_local_kubernetes_executor to None, run_after=None
[2024-08-27T22:33:58.698+0000] {processor.py:208} INFO - Processing /home/airflow/.local/lib/python3.12/site-packages/airflow/example_dags/example_local_kubernetes_executor.py took 0.541 seconds
[2024-08-27T22:36:44.059+0000] {processor.py:186} INFO - Started process (PID=100) to work on /home/airflow/.local/lib/python3.12/site-packages/airflow/example_dags/example_local_kubernetes_executor.py
[2024-08-27T22:36:44.061+0000] {processor.py:914} INFO - Processing file /home/airflow/.local/lib/python3.12/site-packages/airflow/example_dags/example_local_kubernetes_executor.py for tasks to queue
[2024-08-27T22:36:44.063+0000] {logging_mixin.py:190} INFO - [2024-08-27T22:36:44.062+0000] {dagbag.py:587} INFO - Filling up the DagBag from /home/airflow/.local/lib/python3.12/site-packages/airflow/example_dags/example_local_kubernetes_executor.py
[2024-08-27T22:36:44.094+0000] {processor.py:925} INFO - DAG(s) 'example_local_kubernetes_executor' retrieved from /home/airflow/.local/lib/python3.12/site-packages/airflow/example_dags/example_local_kubernetes_executor.py
[2024-08-27T22:36:44.616+0000] {logging_mixin.py:190} INFO - [2024-08-27T22:36:44.614+0000] {override.py:1858} INFO - Created Permission View: can delete on DAG:example_local_kubernetes_executor
[2024-08-27T22:36:44.658+0000] {logging_mixin.py:190} INFO - [2024-08-27T22:36:44.658+0000] {override.py:1858} INFO - Created Permission View: can edit on DAG:example_local_kubernetes_executor
[2024-08-27T22:36:44.694+0000] {logging_mixin.py:190} INFO - [2024-08-27T22:36:44.692+0000] {override.py:1858} INFO - Created Permission View: can read on DAG:example_local_kubernetes_executor
[2024-08-27T22:36:44.695+0000] {logging_mixin.py:190} INFO - [2024-08-27T22:36:44.695+0000] {dag.py:3211} INFO - Sync 1 DAGs
[2024-08-27T22:36:44.757+0000] {logging_mixin.py:190} INFO - [2024-08-27T22:36:44.756+0000] {dag.py:3234} INFO - Creating ORM DAG for example_local_kubernetes_executor
[2024-08-27T22:36:44.771+0000] {logging_mixin.py:190} INFO - [2024-08-27T22:36:44.760+0000] {dag.py:4138} INFO - Setting next_dagrun for example_local_kubernetes_executor to None, run_after=None
[2024-08-27T22:36:44.878+0000] {processor.py:208} INFO - Processing /home/airflow/.local/lib/python3.12/site-packages/airflow/example_dags/example_local_kubernetes_executor.py took 0.833 seconds
[2024-08-27T22:37:15.101+0000] {processor.py:186} INFO - Started process (PID=161) to work on /home/airflow/.local/lib/python3.12/site-packages/airflow/example_dags/example_local_kubernetes_executor.py
[2024-08-27T22:37:15.111+0000] {processor.py:914} INFO - Processing file /home/airflow/.local/lib/python3.12/site-packages/airflow/example_dags/example_local_kubernetes_executor.py for tasks to queue
[2024-08-27T22:37:15.122+0000] {logging_mixin.py:190} INFO - [2024-08-27T22:37:15.120+0000] {dagbag.py:587} INFO - Filling up the DagBag from /home/airflow/.local/lib/python3.12/site-packages/airflow/example_dags/example_local_kubernetes_executor.py
[2024-08-27T22:37:15.158+0000] {processor.py:925} INFO - DAG(s) 'example_local_kubernetes_executor' retrieved from /home/airflow/.local/lib/python3.12/site-packages/airflow/example_dags/example_local_kubernetes_executor.py
[2024-08-27T22:37:15.258+0000] {logging_mixin.py:190} INFO - [2024-08-27T22:37:15.257+0000] {dag.py:3211} INFO - Sync 1 DAGs
[2024-08-27T22:37:15.287+0000] {logging_mixin.py:190} INFO - [2024-08-27T22:37:15.286+0000] {dag.py:4138} INFO - Setting next_dagrun for example_local_kubernetes_executor to None, run_after=None
[2024-08-27T22:37:15.351+0000] {processor.py:208} INFO - Processing /home/airflow/.local/lib/python3.12/site-packages/airflow/example_dags/example_local_kubernetes_executor.py took 0.258 seconds
[2024-08-27T22:37:45.638+0000] {processor.py:186} INFO - Started process (PID=224) to work on /home/airflow/.local/lib/python3.12/site-packages/airflow/example_dags/example_local_kubernetes_executor.py
[2024-08-27T22:37:45.639+0000] {processor.py:914} INFO - Processing file /home/airflow/.local/lib/python3.12/site-packages/airflow/example_dags/example_local_kubernetes_executor.py for tasks to queue
[2024-08-27T22:37:45.641+0000] {logging_mixin.py:190} INFO - [2024-08-27T22:37:45.641+0000] {dagbag.py:587} INFO - Filling up the DagBag from /home/airflow/.local/lib/python3.12/site-packages/airflow/example_dags/example_local_kubernetes_executor.py
[2024-08-27T22:37:45.665+0000] {processor.py:925} INFO - DAG(s) 'example_local_kubernetes_executor' retrieved from /home/airflow/.local/lib/python3.12/site-packages/airflow/example_dags/example_local_kubernetes_executor.py
[2024-08-27T22:37:45.779+0000] {logging_mixin.py:190} INFO - [2024-08-27T22:37:45.779+0000] {dag.py:3211} INFO - Sync 1 DAGs
[2024-08-27T22:37:45.830+0000] {logging_mixin.py:190} INFO - [2024-08-27T22:37:45.830+0000] {dag.py:4138} INFO - Setting next_dagrun for example_local_kubernetes_executor to None, run_after=None
[2024-08-27T22:37:45.871+0000] {processor.py:208} INFO - Processing /home/airflow/.local/lib/python3.12/site-packages/airflow/example_dags/example_local_kubernetes_executor.py took 0.241 seconds
