[2024-08-27T22:29:54.061+0000] {processor.py:186} INFO - Started process (PID=74) to work on /home/airflow/.local/lib/python3.12/site-packages/airflow/example_dags/example_external_task_marker_dag.py
[2024-08-27T22:29:54.062+0000] {processor.py:914} INFO - Processing file /home/airflow/.local/lib/python3.12/site-packages/airflow/example_dags/example_external_task_marker_dag.py for tasks to queue
[2024-08-27T22:29:54.080+0000] {logging_mixin.py:190} INFO - [2024-08-27T22:29:54.080+0000] {dagbag.py:587} INFO - Filling up the DagBag from /home/airflow/.local/lib/python3.12/site-packages/airflow/example_dags/example_external_task_marker_dag.py
[2024-08-27T22:29:54.132+0000] {processor.py:925} INFO - DAG(s) 'example_external_task_marker_parent', 'example_external_task_marker_child' retrieved from /home/airflow/.local/lib/python3.12/site-packages/airflow/example_dags/example_external_task_marker_dag.py
[2024-08-27T22:29:54.541+0000] {logging_mixin.py:190} INFO - [2024-08-27T22:29:54.541+0000] {override.py:1858} INFO - Created Permission View: can edit on DAG:example_external_task_marker_parent
[2024-08-27T22:29:54.561+0000] {logging_mixin.py:190} INFO - [2024-08-27T22:29:54.560+0000] {override.py:1858} INFO - Created Permission View: can delete on DAG:example_external_task_marker_parent
[2024-08-27T22:29:54.588+0000] {logging_mixin.py:190} INFO - [2024-08-27T22:29:54.587+0000] {override.py:1858} INFO - Created Permission View: can read on DAG:example_external_task_marker_parent
[2024-08-27T22:29:54.657+0000] {logging_mixin.py:190} INFO - [2024-08-27T22:29:54.657+0000] {override.py:1858} INFO - Created Permission View: can edit on DAG:example_external_task_marker_child
[2024-08-27T22:29:54.766+0000] {logging_mixin.py:190} INFO - [2024-08-27T22:29:54.765+0000] {override.py:1858} INFO - Created Permission View: can delete on DAG:example_external_task_marker_child
[2024-08-27T22:29:54.810+0000] {logging_mixin.py:190} INFO - [2024-08-27T22:29:54.810+0000] {override.py:1858} INFO - Created Permission View: can read on DAG:example_external_task_marker_child
[2024-08-27T22:29:54.811+0000] {logging_mixin.py:190} INFO - [2024-08-27T22:29:54.810+0000] {dag.py:3211} INFO - Sync 2 DAGs
[2024-08-27T22:29:54.864+0000] {logging_mixin.py:190} INFO - [2024-08-27T22:29:54.864+0000] {dag.py:3234} INFO - Creating ORM DAG for example_external_task_marker_parent
[2024-08-27T22:29:54.865+0000] {logging_mixin.py:190} INFO - [2024-08-27T22:29:54.865+0000] {dag.py:3234} INFO - Creating ORM DAG for example_external_task_marker_child
[2024-08-27T22:29:54.882+0000] {logging_mixin.py:190} INFO - [2024-08-27T22:29:54.878+0000] {dag.py:4138} INFO - Setting next_dagrun for example_external_task_marker_child to None, run_after=None
[2024-08-27T22:29:54.883+0000] {logging_mixin.py:190} INFO - [2024-08-27T22:29:54.883+0000] {dag.py:4138} INFO - Setting next_dagrun for example_external_task_marker_parent to None, run_after=None
[2024-08-27T22:29:54.951+0000] {processor.py:208} INFO - Processing /home/airflow/.local/lib/python3.12/site-packages/airflow/example_dags/example_external_task_marker_dag.py took 0.962 seconds
[2024-08-27T22:30:25.286+0000] {processor.py:186} INFO - Started process (PID=137) to work on /home/airflow/.local/lib/python3.12/site-packages/airflow/example_dags/example_external_task_marker_dag.py
[2024-08-27T22:30:25.288+0000] {processor.py:914} INFO - Processing file /home/airflow/.local/lib/python3.12/site-packages/airflow/example_dags/example_external_task_marker_dag.py for tasks to queue
[2024-08-27T22:30:25.291+0000] {logging_mixin.py:190} INFO - [2024-08-27T22:30:25.290+0000] {dagbag.py:587} INFO - Filling up the DagBag from /home/airflow/.local/lib/python3.12/site-packages/airflow/example_dags/example_external_task_marker_dag.py
[2024-08-27T22:30:25.302+0000] {processor.py:925} INFO - DAG(s) 'example_external_task_marker_parent', 'example_external_task_marker_child' retrieved from /home/airflow/.local/lib/python3.12/site-packages/airflow/example_dags/example_external_task_marker_dag.py
[2024-08-27T22:30:25.338+0000] {logging_mixin.py:190} INFO - [2024-08-27T22:30:25.337+0000] {dag.py:3211} INFO - Sync 2 DAGs
[2024-08-27T22:30:25.360+0000] {logging_mixin.py:190} INFO - [2024-08-27T22:30:25.360+0000] {dag.py:4138} INFO - Setting next_dagrun for example_external_task_marker_child to None, run_after=None
[2024-08-27T22:30:25.366+0000] {logging_mixin.py:190} INFO - [2024-08-27T22:30:25.366+0000] {dag.py:4138} INFO - Setting next_dagrun for example_external_task_marker_parent to None, run_after=None
[2024-08-27T22:30:25.386+0000] {processor.py:208} INFO - Processing /home/airflow/.local/lib/python3.12/site-packages/airflow/example_dags/example_external_task_marker_dag.py took 0.112 seconds
[2024-08-27T22:30:43.130+0000] {processor.py:186} INFO - Started process (PID=194) to work on /home/airflow/.local/lib/python3.12/site-packages/airflow/example_dags/example_external_task_marker_dag.py
[2024-08-27T22:30:43.131+0000] {processor.py:914} INFO - Processing file /home/airflow/.local/lib/python3.12/site-packages/airflow/example_dags/example_external_task_marker_dag.py for tasks to queue
[2024-08-27T22:30:43.133+0000] {logging_mixin.py:190} INFO - [2024-08-27T22:30:43.132+0000] {dagbag.py:587} INFO - Filling up the DagBag from /home/airflow/.local/lib/python3.12/site-packages/airflow/example_dags/example_external_task_marker_dag.py
[2024-08-27T22:30:43.189+0000] {processor.py:925} INFO - DAG(s) 'example_external_task_marker_parent', 'example_external_task_marker_child' retrieved from /home/airflow/.local/lib/python3.12/site-packages/airflow/example_dags/example_external_task_marker_dag.py
[2024-08-27T22:30:43.379+0000] {logging_mixin.py:190} INFO - [2024-08-27T22:30:43.379+0000] {dag.py:3211} INFO - Sync 2 DAGs
[2024-08-27T22:30:43.472+0000] {logging_mixin.py:190} INFO - [2024-08-27T22:30:43.471+0000] {dag.py:4138} INFO - Setting next_dagrun for example_external_task_marker_child to None, run_after=None
[2024-08-27T22:30:43.506+0000] {logging_mixin.py:190} INFO - [2024-08-27T22:30:43.506+0000] {dag.py:4138} INFO - Setting next_dagrun for example_external_task_marker_parent to None, run_after=None
[2024-08-27T22:30:43.553+0000] {processor.py:208} INFO - Processing /home/airflow/.local/lib/python3.12/site-packages/airflow/example_dags/example_external_task_marker_dag.py took 0.430 seconds
[2024-08-27T22:31:14.378+0000] {processor.py:186} INFO - Started process (PID=256) to work on /home/airflow/.local/lib/python3.12/site-packages/airflow/example_dags/example_external_task_marker_dag.py
[2024-08-27T22:31:14.382+0000] {processor.py:914} INFO - Processing file /home/airflow/.local/lib/python3.12/site-packages/airflow/example_dags/example_external_task_marker_dag.py for tasks to queue
[2024-08-27T22:31:14.388+0000] {logging_mixin.py:190} INFO - [2024-08-27T22:31:14.387+0000] {dagbag.py:587} INFO - Filling up the DagBag from /home/airflow/.local/lib/python3.12/site-packages/airflow/example_dags/example_external_task_marker_dag.py
[2024-08-27T22:31:14.404+0000] {processor.py:925} INFO - DAG(s) 'example_external_task_marker_child', 'example_external_task_marker_parent' retrieved from /home/airflow/.local/lib/python3.12/site-packages/airflow/example_dags/example_external_task_marker_dag.py
[2024-08-27T22:31:14.445+0000] {logging_mixin.py:190} INFO - [2024-08-27T22:31:14.444+0000] {dag.py:3211} INFO - Sync 2 DAGs
[2024-08-27T22:31:14.469+0000] {logging_mixin.py:190} INFO - [2024-08-27T22:31:14.469+0000] {dag.py:4138} INFO - Setting next_dagrun for example_external_task_marker_child to None, run_after=None
[2024-08-27T22:31:14.474+0000] {logging_mixin.py:190} INFO - [2024-08-27T22:31:14.474+0000] {dag.py:4138} INFO - Setting next_dagrun for example_external_task_marker_parent to None, run_after=None
[2024-08-27T22:31:14.506+0000] {processor.py:208} INFO - Processing /home/airflow/.local/lib/python3.12/site-packages/airflow/example_dags/example_external_task_marker_dag.py took 0.135 seconds
[2024-08-27T22:31:45.047+0000] {processor.py:186} INFO - Started process (PID=318) to work on /home/airflow/.local/lib/python3.12/site-packages/airflow/example_dags/example_external_task_marker_dag.py
[2024-08-27T22:31:45.052+0000] {processor.py:914} INFO - Processing file /home/airflow/.local/lib/python3.12/site-packages/airflow/example_dags/example_external_task_marker_dag.py for tasks to queue
[2024-08-27T22:31:45.061+0000] {logging_mixin.py:190} INFO - [2024-08-27T22:31:45.060+0000] {dagbag.py:587} INFO - Filling up the DagBag from /home/airflow/.local/lib/python3.12/site-packages/airflow/example_dags/example_external_task_marker_dag.py
[2024-08-27T22:31:45.098+0000] {processor.py:925} INFO - DAG(s) 'example_external_task_marker_child', 'example_external_task_marker_parent' retrieved from /home/airflow/.local/lib/python3.12/site-packages/airflow/example_dags/example_external_task_marker_dag.py
[2024-08-27T22:31:45.187+0000] {logging_mixin.py:190} INFO - [2024-08-27T22:31:45.187+0000] {dag.py:3211} INFO - Sync 2 DAGs
[2024-08-27T22:31:45.239+0000] {logging_mixin.py:190} INFO - [2024-08-27T22:31:45.239+0000] {dag.py:4138} INFO - Setting next_dagrun for example_external_task_marker_child to None, run_after=None
[2024-08-27T22:31:45.257+0000] {logging_mixin.py:190} INFO - [2024-08-27T22:31:45.257+0000] {dag.py:4138} INFO - Setting next_dagrun for example_external_task_marker_parent to None, run_after=None
[2024-08-27T22:31:45.309+0000] {processor.py:208} INFO - Processing /home/airflow/.local/lib/python3.12/site-packages/airflow/example_dags/example_external_task_marker_dag.py took 0.274 seconds
[2024-08-27T22:32:15.891+0000] {processor.py:186} INFO - Started process (PID=379) to work on /home/airflow/.local/lib/python3.12/site-packages/airflow/example_dags/example_external_task_marker_dag.py
[2024-08-27T22:32:15.902+0000] {processor.py:914} INFO - Processing file /home/airflow/.local/lib/python3.12/site-packages/airflow/example_dags/example_external_task_marker_dag.py for tasks to queue
[2024-08-27T22:32:15.904+0000] {logging_mixin.py:190} INFO - [2024-08-27T22:32:15.904+0000] {dagbag.py:587} INFO - Filling up the DagBag from /home/airflow/.local/lib/python3.12/site-packages/airflow/example_dags/example_external_task_marker_dag.py
[2024-08-27T22:32:15.978+0000] {processor.py:925} INFO - DAG(s) 'example_external_task_marker_child', 'example_external_task_marker_parent' retrieved from /home/airflow/.local/lib/python3.12/site-packages/airflow/example_dags/example_external_task_marker_dag.py
[2024-08-27T22:32:16.100+0000] {logging_mixin.py:190} INFO - [2024-08-27T22:32:16.099+0000] {dag.py:3211} INFO - Sync 2 DAGs
[2024-08-27T22:32:16.173+0000] {logging_mixin.py:190} INFO - [2024-08-27T22:32:16.172+0000] {dag.py:4138} INFO - Setting next_dagrun for example_external_task_marker_child to None, run_after=None
[2024-08-27T22:32:16.191+0000] {logging_mixin.py:190} INFO - [2024-08-27T22:32:16.190+0000] {dag.py:4138} INFO - Setting next_dagrun for example_external_task_marker_parent to None, run_after=None
[2024-08-27T22:32:16.242+0000] {processor.py:208} INFO - Processing /home/airflow/.local/lib/python3.12/site-packages/airflow/example_dags/example_external_task_marker_dag.py took 0.368 seconds
[2024-08-27T22:32:46.893+0000] {processor.py:186} INFO - Started process (PID=447) to work on /home/airflow/.local/lib/python3.12/site-packages/airflow/example_dags/example_external_task_marker_dag.py
[2024-08-27T22:32:46.898+0000] {processor.py:914} INFO - Processing file /home/airflow/.local/lib/python3.12/site-packages/airflow/example_dags/example_external_task_marker_dag.py for tasks to queue
[2024-08-27T22:32:46.908+0000] {logging_mixin.py:190} INFO - [2024-08-27T22:32:46.908+0000] {dagbag.py:587} INFO - Filling up the DagBag from /home/airflow/.local/lib/python3.12/site-packages/airflow/example_dags/example_external_task_marker_dag.py
[2024-08-27T22:32:46.956+0000] {processor.py:925} INFO - DAG(s) 'example_external_task_marker_parent', 'example_external_task_marker_child' retrieved from /home/airflow/.local/lib/python3.12/site-packages/airflow/example_dags/example_external_task_marker_dag.py
[2024-08-27T22:32:47.019+0000] {logging_mixin.py:190} INFO - [2024-08-27T22:32:47.018+0000] {dag.py:3211} INFO - Sync 2 DAGs
[2024-08-27T22:32:47.060+0000] {logging_mixin.py:190} INFO - [2024-08-27T22:32:47.060+0000] {dag.py:4138} INFO - Setting next_dagrun for example_external_task_marker_child to None, run_after=None
[2024-08-27T22:32:47.081+0000] {logging_mixin.py:190} INFO - [2024-08-27T22:32:47.080+0000] {dag.py:4138} INFO - Setting next_dagrun for example_external_task_marker_parent to None, run_after=None
[2024-08-27T22:32:47.158+0000] {processor.py:208} INFO - Processing /home/airflow/.local/lib/python3.12/site-packages/airflow/example_dags/example_external_task_marker_dag.py took 0.298 seconds
[2024-08-27T22:33:17.928+0000] {processor.py:186} INFO - Started process (PID=509) to work on /home/airflow/.local/lib/python3.12/site-packages/airflow/example_dags/example_external_task_marker_dag.py
[2024-08-27T22:33:17.950+0000] {processor.py:914} INFO - Processing file /home/airflow/.local/lib/python3.12/site-packages/airflow/example_dags/example_external_task_marker_dag.py for tasks to queue
[2024-08-27T22:33:17.956+0000] {logging_mixin.py:190} INFO - [2024-08-27T22:33:17.955+0000] {dagbag.py:587} INFO - Filling up the DagBag from /home/airflow/.local/lib/python3.12/site-packages/airflow/example_dags/example_external_task_marker_dag.py
[2024-08-27T22:33:17.976+0000] {processor.py:925} INFO - DAG(s) 'example_external_task_marker_parent', 'example_external_task_marker_child' retrieved from /home/airflow/.local/lib/python3.12/site-packages/airflow/example_dags/example_external_task_marker_dag.py
[2024-08-27T22:33:18.030+0000] {logging_mixin.py:190} INFO - [2024-08-27T22:33:18.029+0000] {dag.py:3211} INFO - Sync 2 DAGs
[2024-08-27T22:33:18.072+0000] {logging_mixin.py:190} INFO - [2024-08-27T22:33:18.072+0000] {dag.py:4138} INFO - Setting next_dagrun for example_external_task_marker_child to None, run_after=None
[2024-08-27T22:33:18.085+0000] {logging_mixin.py:190} INFO - [2024-08-27T22:33:18.082+0000] {dag.py:4138} INFO - Setting next_dagrun for example_external_task_marker_parent to None, run_after=None
[2024-08-27T22:33:18.129+0000] {processor.py:208} INFO - Processing /home/airflow/.local/lib/python3.12/site-packages/airflow/example_dags/example_external_task_marker_dag.py took 0.216 seconds
[2024-08-27T22:33:48.257+0000] {processor.py:186} INFO - Started process (PID=569) to work on /home/airflow/.local/lib/python3.12/site-packages/airflow/example_dags/example_external_task_marker_dag.py
[2024-08-27T22:33:48.262+0000] {processor.py:914} INFO - Processing file /home/airflow/.local/lib/python3.12/site-packages/airflow/example_dags/example_external_task_marker_dag.py for tasks to queue
[2024-08-27T22:33:48.265+0000] {logging_mixin.py:190} INFO - [2024-08-27T22:33:48.264+0000] {dagbag.py:587} INFO - Filling up the DagBag from /home/airflow/.local/lib/python3.12/site-packages/airflow/example_dags/example_external_task_marker_dag.py
[2024-08-27T22:33:48.293+0000] {processor.py:925} INFO - DAG(s) 'example_external_task_marker_child', 'example_external_task_marker_parent' retrieved from /home/airflow/.local/lib/python3.12/site-packages/airflow/example_dags/example_external_task_marker_dag.py
[2024-08-27T22:33:48.373+0000] {logging_mixin.py:190} INFO - [2024-08-27T22:33:48.373+0000] {dag.py:3211} INFO - Sync 2 DAGs
[2024-08-27T22:33:48.425+0000] {logging_mixin.py:190} INFO - [2024-08-27T22:33:48.424+0000] {dag.py:4138} INFO - Setting next_dagrun for example_external_task_marker_child to None, run_after=None
[2024-08-27T22:33:48.444+0000] {logging_mixin.py:190} INFO - [2024-08-27T22:33:48.444+0000] {dag.py:4138} INFO - Setting next_dagrun for example_external_task_marker_parent to None, run_after=None
[2024-08-27T22:33:48.493+0000] {processor.py:208} INFO - Processing /home/airflow/.local/lib/python3.12/site-packages/airflow/example_dags/example_external_task_marker_dag.py took 0.255 seconds
[2024-08-27T22:36:32.308+0000] {processor.py:186} INFO - Started process (PID=69) to work on /home/airflow/.local/lib/python3.12/site-packages/airflow/example_dags/example_external_task_marker_dag.py
[2024-08-27T22:36:32.309+0000] {processor.py:914} INFO - Processing file /home/airflow/.local/lib/python3.12/site-packages/airflow/example_dags/example_external_task_marker_dag.py for tasks to queue
[2024-08-27T22:36:32.312+0000] {logging_mixin.py:190} INFO - [2024-08-27T22:36:32.311+0000] {dagbag.py:587} INFO - Filling up the DagBag from /home/airflow/.local/lib/python3.12/site-packages/airflow/example_dags/example_external_task_marker_dag.py
[2024-08-27T22:36:32.325+0000] {processor.py:925} INFO - DAG(s) 'example_external_task_marker_child', 'example_external_task_marker_parent' retrieved from /home/airflow/.local/lib/python3.12/site-packages/airflow/example_dags/example_external_task_marker_dag.py
[2024-08-27T22:36:32.643+0000] {logging_mixin.py:190} INFO - [2024-08-27T22:36:32.642+0000] {override.py:1858} INFO - Created Permission View: can delete on DAG:example_external_task_marker_child
[2024-08-27T22:36:32.661+0000] {logging_mixin.py:190} INFO - [2024-08-27T22:36:32.661+0000] {override.py:1858} INFO - Created Permission View: can edit on DAG:example_external_task_marker_child
[2024-08-27T22:36:32.675+0000] {logging_mixin.py:190} INFO - [2024-08-27T22:36:32.675+0000] {override.py:1858} INFO - Created Permission View: can read on DAG:example_external_task_marker_child
[2024-08-27T22:36:32.704+0000] {logging_mixin.py:190} INFO - [2024-08-27T22:36:32.704+0000] {override.py:1858} INFO - Created Permission View: can delete on DAG:example_external_task_marker_parent
[2024-08-27T22:36:32.716+0000] {logging_mixin.py:190} INFO - [2024-08-27T22:36:32.715+0000] {override.py:1858} INFO - Created Permission View: can edit on DAG:example_external_task_marker_parent
[2024-08-27T22:36:32.792+0000] {logging_mixin.py:190} INFO - [2024-08-27T22:36:32.791+0000] {override.py:1858} INFO - Created Permission View: can read on DAG:example_external_task_marker_parent
[2024-08-27T22:36:32.792+0000] {logging_mixin.py:190} INFO - [2024-08-27T22:36:32.792+0000] {dag.py:3211} INFO - Sync 2 DAGs
[2024-08-27T22:36:32.823+0000] {logging_mixin.py:190} INFO - [2024-08-27T22:36:32.822+0000] {dag.py:3234} INFO - Creating ORM DAG for example_external_task_marker_child
[2024-08-27T22:36:32.824+0000] {logging_mixin.py:190} INFO - [2024-08-27T22:36:32.824+0000] {dag.py:3234} INFO - Creating ORM DAG for example_external_task_marker_parent
[2024-08-27T22:36:32.827+0000] {logging_mixin.py:190} INFO - [2024-08-27T22:36:32.827+0000] {dag.py:4138} INFO - Setting next_dagrun for example_external_task_marker_child to None, run_after=None
[2024-08-27T22:36:32.829+0000] {logging_mixin.py:190} INFO - [2024-08-27T22:36:32.829+0000] {dag.py:4138} INFO - Setting next_dagrun for example_external_task_marker_parent to None, run_after=None
[2024-08-27T22:36:32.974+0000] {processor.py:208} INFO - Processing /home/airflow/.local/lib/python3.12/site-packages/airflow/example_dags/example_external_task_marker_dag.py took 0.676 seconds
[2024-08-27T22:37:03.415+0000] {processor.py:186} INFO - Started process (PID=130) to work on /home/airflow/.local/lib/python3.12/site-packages/airflow/example_dags/example_external_task_marker_dag.py
[2024-08-27T22:37:03.416+0000] {processor.py:914} INFO - Processing file /home/airflow/.local/lib/python3.12/site-packages/airflow/example_dags/example_external_task_marker_dag.py for tasks to queue
[2024-08-27T22:37:03.419+0000] {logging_mixin.py:190} INFO - [2024-08-27T22:37:03.419+0000] {dagbag.py:587} INFO - Filling up the DagBag from /home/airflow/.local/lib/python3.12/site-packages/airflow/example_dags/example_external_task_marker_dag.py
[2024-08-27T22:37:03.433+0000] {processor.py:925} INFO - DAG(s) 'example_external_task_marker_parent', 'example_external_task_marker_child' retrieved from /home/airflow/.local/lib/python3.12/site-packages/airflow/example_dags/example_external_task_marker_dag.py
[2024-08-27T22:37:03.583+0000] {logging_mixin.py:190} INFO - [2024-08-27T22:37:03.583+0000] {dag.py:3211} INFO - Sync 2 DAGs
[2024-08-27T22:37:03.693+0000] {logging_mixin.py:190} INFO - [2024-08-27T22:37:03.693+0000] {dag.py:4138} INFO - Setting next_dagrun for example_external_task_marker_child to None, run_after=None
[2024-08-27T22:37:03.719+0000] {logging_mixin.py:190} INFO - [2024-08-27T22:37:03.718+0000] {dag.py:4138} INFO - Setting next_dagrun for example_external_task_marker_parent to None, run_after=None
[2024-08-27T22:37:03.778+0000] {processor.py:208} INFO - Processing /home/airflow/.local/lib/python3.12/site-packages/airflow/example_dags/example_external_task_marker_dag.py took 0.388 seconds
[2024-08-27T22:37:34.202+0000] {processor.py:186} INFO - Started process (PID=192) to work on /home/airflow/.local/lib/python3.12/site-packages/airflow/example_dags/example_external_task_marker_dag.py
[2024-08-27T22:37:34.202+0000] {processor.py:914} INFO - Processing file /home/airflow/.local/lib/python3.12/site-packages/airflow/example_dags/example_external_task_marker_dag.py for tasks to queue
[2024-08-27T22:37:34.205+0000] {logging_mixin.py:190} INFO - [2024-08-27T22:37:34.205+0000] {dagbag.py:587} INFO - Filling up the DagBag from /home/airflow/.local/lib/python3.12/site-packages/airflow/example_dags/example_external_task_marker_dag.py
[2024-08-27T22:37:34.219+0000] {processor.py:925} INFO - DAG(s) 'example_external_task_marker_child', 'example_external_task_marker_parent' retrieved from /home/airflow/.local/lib/python3.12/site-packages/airflow/example_dags/example_external_task_marker_dag.py
[2024-08-27T22:37:34.325+0000] {logging_mixin.py:190} INFO - [2024-08-27T22:37:34.325+0000] {dag.py:3211} INFO - Sync 2 DAGs
[2024-08-27T22:37:34.345+0000] {logging_mixin.py:190} INFO - [2024-08-27T22:37:34.345+0000] {dag.py:4138} INFO - Setting next_dagrun for example_external_task_marker_child to None, run_after=None
[2024-08-27T22:37:34.354+0000] {logging_mixin.py:190} INFO - [2024-08-27T22:37:34.354+0000] {dag.py:4138} INFO - Setting next_dagrun for example_external_task_marker_parent to None, run_after=None
[2024-08-27T22:37:34.405+0000] {processor.py:208} INFO - Processing /home/airflow/.local/lib/python3.12/site-packages/airflow/example_dags/example_external_task_marker_dag.py took 0.210 seconds
