[2024-08-27T22:29:56.317+0000] {processor.py:186} INFO - Started process (PID=80) to work on /home/airflow/.local/lib/python3.12/site-packages/airflow/example_dags/example_setup_teardown.py
[2024-08-27T22:29:56.318+0000] {processor.py:914} INFO - Processing file /home/airflow/.local/lib/python3.12/site-packages/airflow/example_dags/example_setup_teardown.py for tasks to queue
[2024-08-27T22:29:56.322+0000] {logging_mixin.py:190} INFO - [2024-08-27T22:29:56.321+0000] {dagbag.py:587} INFO - Filling up the DagBag from /home/airflow/.local/lib/python3.12/site-packages/airflow/example_dags/example_setup_teardown.py
[2024-08-27T22:29:56.380+0000] {processor.py:925} INFO - DAG(s) 'example_setup_teardown' retrieved from /home/airflow/.local/lib/python3.12/site-packages/airflow/example_dags/example_setup_teardown.py
[2024-08-27T22:29:56.663+0000] {logging_mixin.py:190} INFO - [2024-08-27T22:29:56.663+0000] {override.py:1858} INFO - Created Permission View: can edit on DAG:example_setup_teardown
[2024-08-27T22:29:56.687+0000] {logging_mixin.py:190} INFO - [2024-08-27T22:29:56.686+0000] {override.py:1858} INFO - Created Permission View: can delete on DAG:example_setup_teardown
[2024-08-27T22:29:56.720+0000] {logging_mixin.py:190} INFO - [2024-08-27T22:29:56.720+0000] {override.py:1858} INFO - Created Permission View: can read on DAG:example_setup_teardown
[2024-08-27T22:29:56.721+0000] {logging_mixin.py:190} INFO - [2024-08-27T22:29:56.721+0000] {dag.py:3211} INFO - Sync 1 DAGs
[2024-08-27T22:29:56.740+0000] {logging_mixin.py:190} INFO - [2024-08-27T22:29:56.740+0000] {dag.py:3234} INFO - Creating ORM DAG for example_setup_teardown
[2024-08-27T22:29:56.757+0000] {logging_mixin.py:190} INFO - [2024-08-27T22:29:56.756+0000] {dag.py:4138} INFO - Setting next_dagrun for example_setup_teardown to 2024-08-26 00:00:00+00:00, run_after=2024-08-27 00:00:00+00:00
[2024-08-27T22:29:56.797+0000] {processor.py:208} INFO - Processing /home/airflow/.local/lib/python3.12/site-packages/airflow/example_dags/example_setup_teardown.py took 0.487 seconds
[2024-08-27T22:30:27.121+0000] {processor.py:186} INFO - Started process (PID=143) to work on /home/airflow/.local/lib/python3.12/site-packages/airflow/example_dags/example_setup_teardown.py
[2024-08-27T22:30:27.127+0000] {processor.py:914} INFO - Processing file /home/airflow/.local/lib/python3.12/site-packages/airflow/example_dags/example_setup_teardown.py for tasks to queue
[2024-08-27T22:30:27.131+0000] {logging_mixin.py:190} INFO - [2024-08-27T22:30:27.130+0000] {dagbag.py:587} INFO - Filling up the DagBag from /home/airflow/.local/lib/python3.12/site-packages/airflow/example_dags/example_setup_teardown.py
[2024-08-27T22:30:27.149+0000] {processor.py:925} INFO - DAG(s) 'example_setup_teardown' retrieved from /home/airflow/.local/lib/python3.12/site-packages/airflow/example_dags/example_setup_teardown.py
[2024-08-27T22:30:27.187+0000] {logging_mixin.py:190} INFO - [2024-08-27T22:30:27.187+0000] {dag.py:3211} INFO - Sync 1 DAGs
[2024-08-27T22:30:27.222+0000] {logging_mixin.py:190} INFO - [2024-08-27T22:30:27.222+0000] {dag.py:4138} INFO - Setting next_dagrun for example_setup_teardown to 2024-08-26 00:00:00+00:00, run_after=2024-08-27 00:00:00+00:00
[2024-08-27T22:30:27.253+0000] {processor.py:208} INFO - Processing /home/airflow/.local/lib/python3.12/site-packages/airflow/example_dags/example_setup_teardown.py took 0.148 seconds
[2024-08-27T22:30:44.853+0000] {processor.py:186} INFO - Started process (PID=200) to work on /home/airflow/.local/lib/python3.12/site-packages/airflow/example_dags/example_setup_teardown.py
[2024-08-27T22:30:44.870+0000] {processor.py:914} INFO - Processing file /home/airflow/.local/lib/python3.12/site-packages/airflow/example_dags/example_setup_teardown.py for tasks to queue
[2024-08-27T22:30:44.878+0000] {logging_mixin.py:190} INFO - [2024-08-27T22:30:44.878+0000] {dagbag.py:587} INFO - Filling up the DagBag from /home/airflow/.local/lib/python3.12/site-packages/airflow/example_dags/example_setup_teardown.py
[2024-08-27T22:30:44.916+0000] {processor.py:925} INFO - DAG(s) 'example_setup_teardown' retrieved from /home/airflow/.local/lib/python3.12/site-packages/airflow/example_dags/example_setup_teardown.py
[2024-08-27T22:30:45.020+0000] {logging_mixin.py:190} INFO - [2024-08-27T22:30:45.008+0000] {dag.py:3211} INFO - Sync 1 DAGs
[2024-08-27T22:30:45.059+0000] {logging_mixin.py:190} INFO - [2024-08-27T22:30:45.059+0000] {dag.py:4138} INFO - Setting next_dagrun for example_setup_teardown to 2024-08-26 00:00:00+00:00, run_after=2024-08-27 00:00:00+00:00
[2024-08-27T22:30:45.171+0000] {processor.py:208} INFO - Processing /home/airflow/.local/lib/python3.12/site-packages/airflow/example_dags/example_setup_teardown.py took 0.341 seconds
[2024-08-27T22:31:15.313+0000] {processor.py:186} INFO - Started process (PID=262) to work on /home/airflow/.local/lib/python3.12/site-packages/airflow/example_dags/example_setup_teardown.py
[2024-08-27T22:31:15.319+0000] {processor.py:914} INFO - Processing file /home/airflow/.local/lib/python3.12/site-packages/airflow/example_dags/example_setup_teardown.py for tasks to queue
[2024-08-27T22:31:15.328+0000] {logging_mixin.py:190} INFO - [2024-08-27T22:31:15.321+0000] {dagbag.py:587} INFO - Filling up the DagBag from /home/airflow/.local/lib/python3.12/site-packages/airflow/example_dags/example_setup_teardown.py
[2024-08-27T22:31:15.365+0000] {processor.py:925} INFO - DAG(s) 'example_setup_teardown' retrieved from /home/airflow/.local/lib/python3.12/site-packages/airflow/example_dags/example_setup_teardown.py
[2024-08-27T22:31:15.483+0000] {logging_mixin.py:190} INFO - [2024-08-27T22:31:15.482+0000] {dag.py:3211} INFO - Sync 1 DAGs
[2024-08-27T22:31:15.566+0000] {logging_mixin.py:190} INFO - [2024-08-27T22:31:15.566+0000] {dag.py:4138} INFO - Setting next_dagrun for example_setup_teardown to 2024-08-26 00:00:00+00:00, run_after=2024-08-27 00:00:00+00:00
[2024-08-27T22:31:15.623+0000] {processor.py:208} INFO - Processing /home/airflow/.local/lib/python3.12/site-packages/airflow/example_dags/example_setup_teardown.py took 0.345 seconds
[2024-08-27T22:31:46.281+0000] {processor.py:186} INFO - Started process (PID=329) to work on /home/airflow/.local/lib/python3.12/site-packages/airflow/example_dags/example_setup_teardown.py
[2024-08-27T22:31:46.283+0000] {processor.py:914} INFO - Processing file /home/airflow/.local/lib/python3.12/site-packages/airflow/example_dags/example_setup_teardown.py for tasks to queue
[2024-08-27T22:31:46.285+0000] {logging_mixin.py:190} INFO - [2024-08-27T22:31:46.285+0000] {dagbag.py:587} INFO - Filling up the DagBag from /home/airflow/.local/lib/python3.12/site-packages/airflow/example_dags/example_setup_teardown.py
[2024-08-27T22:31:46.300+0000] {processor.py:925} INFO - DAG(s) 'example_setup_teardown' retrieved from /home/airflow/.local/lib/python3.12/site-packages/airflow/example_dags/example_setup_teardown.py
[2024-08-27T22:31:46.377+0000] {logging_mixin.py:190} INFO - [2024-08-27T22:31:46.377+0000] {dag.py:3211} INFO - Sync 1 DAGs
[2024-08-27T22:31:46.413+0000] {logging_mixin.py:190} INFO - [2024-08-27T22:31:46.412+0000] {dag.py:4138} INFO - Setting next_dagrun for example_setup_teardown to 2024-08-26 00:00:00+00:00, run_after=2024-08-27 00:00:00+00:00
[2024-08-27T22:31:46.457+0000] {processor.py:208} INFO - Processing /home/airflow/.local/lib/python3.12/site-packages/airflow/example_dags/example_setup_teardown.py took 0.189 seconds
[2024-08-27T22:32:16.867+0000] {processor.py:186} INFO - Started process (PID=390) to work on /home/airflow/.local/lib/python3.12/site-packages/airflow/example_dags/example_setup_teardown.py
[2024-08-27T22:32:16.868+0000] {processor.py:914} INFO - Processing file /home/airflow/.local/lib/python3.12/site-packages/airflow/example_dags/example_setup_teardown.py for tasks to queue
[2024-08-27T22:32:16.870+0000] {logging_mixin.py:190} INFO - [2024-08-27T22:32:16.870+0000] {dagbag.py:587} INFO - Filling up the DagBag from /home/airflow/.local/lib/python3.12/site-packages/airflow/example_dags/example_setup_teardown.py
[2024-08-27T22:32:16.892+0000] {processor.py:925} INFO - DAG(s) 'example_setup_teardown' retrieved from /home/airflow/.local/lib/python3.12/site-packages/airflow/example_dags/example_setup_teardown.py
[2024-08-27T22:32:16.987+0000] {logging_mixin.py:190} INFO - [2024-08-27T22:32:16.987+0000] {dag.py:3211} INFO - Sync 1 DAGs
[2024-08-27T22:32:17.083+0000] {logging_mixin.py:190} INFO - [2024-08-27T22:32:17.083+0000] {dag.py:4138} INFO - Setting next_dagrun for example_setup_teardown to 2024-08-26 00:00:00+00:00, run_after=2024-08-27 00:00:00+00:00
[2024-08-27T22:32:17.186+0000] {processor.py:208} INFO - Processing /home/airflow/.local/lib/python3.12/site-packages/airflow/example_dags/example_setup_teardown.py took 0.340 seconds
[2024-08-27T22:32:48.781+0000] {processor.py:186} INFO - Started process (PID=453) to work on /home/airflow/.local/lib/python3.12/site-packages/airflow/example_dags/example_setup_teardown.py
[2024-08-27T22:32:48.782+0000] {processor.py:914} INFO - Processing file /home/airflow/.local/lib/python3.12/site-packages/airflow/example_dags/example_setup_teardown.py for tasks to queue
[2024-08-27T22:32:48.784+0000] {logging_mixin.py:190} INFO - [2024-08-27T22:32:48.784+0000] {dagbag.py:587} INFO - Filling up the DagBag from /home/airflow/.local/lib/python3.12/site-packages/airflow/example_dags/example_setup_teardown.py
[2024-08-27T22:32:48.802+0000] {processor.py:925} INFO - DAG(s) 'example_setup_teardown' retrieved from /home/airflow/.local/lib/python3.12/site-packages/airflow/example_dags/example_setup_teardown.py
[2024-08-27T22:32:48.865+0000] {logging_mixin.py:190} INFO - [2024-08-27T22:32:48.865+0000] {dag.py:3211} INFO - Sync 1 DAGs
[2024-08-27T22:32:48.923+0000] {logging_mixin.py:190} INFO - [2024-08-27T22:32:48.923+0000] {dag.py:4138} INFO - Setting next_dagrun for example_setup_teardown to 2024-08-26 00:00:00+00:00, run_after=2024-08-27 00:00:00+00:00
[2024-08-27T22:32:48.964+0000] {processor.py:208} INFO - Processing /home/airflow/.local/lib/python3.12/site-packages/airflow/example_dags/example_setup_teardown.py took 0.199 seconds
[2024-08-27T22:33:19.794+0000] {processor.py:186} INFO - Started process (PID=515) to work on /home/airflow/.local/lib/python3.12/site-packages/airflow/example_dags/example_setup_teardown.py
[2024-08-27T22:33:19.796+0000] {processor.py:914} INFO - Processing file /home/airflow/.local/lib/python3.12/site-packages/airflow/example_dags/example_setup_teardown.py for tasks to queue
[2024-08-27T22:33:19.798+0000] {logging_mixin.py:190} INFO - [2024-08-27T22:33:19.798+0000] {dagbag.py:587} INFO - Filling up the DagBag from /home/airflow/.local/lib/python3.12/site-packages/airflow/example_dags/example_setup_teardown.py
[2024-08-27T22:33:19.808+0000] {processor.py:925} INFO - DAG(s) 'example_setup_teardown' retrieved from /home/airflow/.local/lib/python3.12/site-packages/airflow/example_dags/example_setup_teardown.py
[2024-08-27T22:33:19.844+0000] {logging_mixin.py:190} INFO - [2024-08-27T22:33:19.843+0000] {dag.py:3211} INFO - Sync 1 DAGs
[2024-08-27T22:33:19.879+0000] {logging_mixin.py:190} INFO - [2024-08-27T22:33:19.878+0000] {dag.py:4138} INFO - Setting next_dagrun for example_setup_teardown to 2024-08-26 00:00:00+00:00, run_after=2024-08-27 00:00:00+00:00
[2024-08-27T22:33:19.937+0000] {processor.py:208} INFO - Processing /home/airflow/.local/lib/python3.12/site-packages/airflow/example_dags/example_setup_teardown.py took 0.149 seconds
[2024-08-27T22:33:51.115+0000] {processor.py:186} INFO - Started process (PID=576) to work on /home/airflow/.local/lib/python3.12/site-packages/airflow/example_dags/example_setup_teardown.py
[2024-08-27T22:33:51.119+0000] {processor.py:914} INFO - Processing file /home/airflow/.local/lib/python3.12/site-packages/airflow/example_dags/example_setup_teardown.py for tasks to queue
[2024-08-27T22:33:51.134+0000] {logging_mixin.py:190} INFO - [2024-08-27T22:33:51.134+0000] {dagbag.py:587} INFO - Filling up the DagBag from /home/airflow/.local/lib/python3.12/site-packages/airflow/example_dags/example_setup_teardown.py
[2024-08-27T22:33:51.146+0000] {processor.py:925} INFO - DAG(s) 'example_setup_teardown' retrieved from /home/airflow/.local/lib/python3.12/site-packages/airflow/example_dags/example_setup_teardown.py
[2024-08-27T22:33:51.235+0000] {logging_mixin.py:190} INFO - [2024-08-27T22:33:51.234+0000] {dag.py:3211} INFO - Sync 1 DAGs
[2024-08-27T22:33:51.334+0000] {logging_mixin.py:190} INFO - [2024-08-27T22:33:51.329+0000] {dag.py:4138} INFO - Setting next_dagrun for example_setup_teardown to 2024-08-26 00:00:00+00:00, run_after=2024-08-27 00:00:00+00:00
[2024-08-27T22:33:51.406+0000] {processor.py:208} INFO - Processing /home/airflow/.local/lib/python3.12/site-packages/airflow/example_dags/example_setup_teardown.py took 0.300 seconds
[2024-08-27T22:36:34.543+0000] {processor.py:186} INFO - Started process (PID=75) to work on /home/airflow/.local/lib/python3.12/site-packages/airflow/example_dags/example_setup_teardown.py
[2024-08-27T22:36:34.545+0000] {processor.py:914} INFO - Processing file /home/airflow/.local/lib/python3.12/site-packages/airflow/example_dags/example_setup_teardown.py for tasks to queue
[2024-08-27T22:36:34.551+0000] {logging_mixin.py:190} INFO - [2024-08-27T22:36:34.550+0000] {dagbag.py:587} INFO - Filling up the DagBag from /home/airflow/.local/lib/python3.12/site-packages/airflow/example_dags/example_setup_teardown.py
[2024-08-27T22:36:34.589+0000] {processor.py:925} INFO - DAG(s) 'example_setup_teardown' retrieved from /home/airflow/.local/lib/python3.12/site-packages/airflow/example_dags/example_setup_teardown.py
[2024-08-27T22:36:34.913+0000] {logging_mixin.py:190} INFO - [2024-08-27T22:36:34.912+0000] {override.py:1858} INFO - Created Permission View: can delete on DAG:example_setup_teardown
[2024-08-27T22:36:34.937+0000] {logging_mixin.py:190} INFO - [2024-08-27T22:36:34.934+0000] {override.py:1858} INFO - Created Permission View: can edit on DAG:example_setup_teardown
[2024-08-27T22:36:34.952+0000] {logging_mixin.py:190} INFO - [2024-08-27T22:36:34.952+0000] {override.py:1858} INFO - Created Permission View: can read on DAG:example_setup_teardown
[2024-08-27T22:36:34.953+0000] {logging_mixin.py:190} INFO - [2024-08-27T22:36:34.953+0000] {dag.py:3211} INFO - Sync 1 DAGs
[2024-08-27T22:36:34.992+0000] {logging_mixin.py:190} INFO - [2024-08-27T22:36:34.992+0000] {dag.py:3234} INFO - Creating ORM DAG for example_setup_teardown
[2024-08-27T22:36:35.005+0000] {logging_mixin.py:190} INFO - [2024-08-27T22:36:35.005+0000] {dag.py:4138} INFO - Setting next_dagrun for example_setup_teardown to 2024-08-26 00:00:00+00:00, run_after=2024-08-27 00:00:00+00:00
[2024-08-27T22:36:35.062+0000] {processor.py:208} INFO - Processing /home/airflow/.local/lib/python3.12/site-packages/airflow/example_dags/example_setup_teardown.py took 0.529 seconds
[2024-08-27T22:37:05.743+0000] {processor.py:186} INFO - Started process (PID=136) to work on /home/airflow/.local/lib/python3.12/site-packages/airflow/example_dags/example_setup_teardown.py
[2024-08-27T22:37:05.745+0000] {processor.py:914} INFO - Processing file /home/airflow/.local/lib/python3.12/site-packages/airflow/example_dags/example_setup_teardown.py for tasks to queue
[2024-08-27T22:37:05.747+0000] {logging_mixin.py:190} INFO - [2024-08-27T22:37:05.747+0000] {dagbag.py:587} INFO - Filling up the DagBag from /home/airflow/.local/lib/python3.12/site-packages/airflow/example_dags/example_setup_teardown.py
[2024-08-27T22:37:05.771+0000] {processor.py:925} INFO - DAG(s) 'example_setup_teardown' retrieved from /home/airflow/.local/lib/python3.12/site-packages/airflow/example_dags/example_setup_teardown.py
[2024-08-27T22:37:05.886+0000] {logging_mixin.py:190} INFO - [2024-08-27T22:37:05.878+0000] {dag.py:3211} INFO - Sync 1 DAGs
[2024-08-27T22:37:05.975+0000] {logging_mixin.py:190} INFO - [2024-08-27T22:37:05.975+0000] {dag.py:4138} INFO - Setting next_dagrun for example_setup_teardown to 2024-08-26 00:00:00+00:00, run_after=2024-08-27 00:00:00+00:00
[2024-08-27T22:37:06.013+0000] {processor.py:208} INFO - Processing /home/airflow/.local/lib/python3.12/site-packages/airflow/example_dags/example_setup_teardown.py took 0.280 seconds
[2024-08-27T22:37:36.885+0000] {processor.py:186} INFO - Started process (PID=198) to work on /home/airflow/.local/lib/python3.12/site-packages/airflow/example_dags/example_setup_teardown.py
[2024-08-27T22:37:36.889+0000] {processor.py:914} INFO - Processing file /home/airflow/.local/lib/python3.12/site-packages/airflow/example_dags/example_setup_teardown.py for tasks to queue
[2024-08-27T22:37:36.893+0000] {logging_mixin.py:190} INFO - [2024-08-27T22:37:36.893+0000] {dagbag.py:587} INFO - Filling up the DagBag from /home/airflow/.local/lib/python3.12/site-packages/airflow/example_dags/example_setup_teardown.py
[2024-08-27T22:37:36.915+0000] {processor.py:925} INFO - DAG(s) 'example_setup_teardown' retrieved from /home/airflow/.local/lib/python3.12/site-packages/airflow/example_dags/example_setup_teardown.py
[2024-08-27T22:37:36.957+0000] {logging_mixin.py:190} INFO - [2024-08-27T22:37:36.957+0000] {dag.py:3211} INFO - Sync 1 DAGs
[2024-08-27T22:37:37.019+0000] {logging_mixin.py:190} INFO - [2024-08-27T22:37:37.019+0000] {dag.py:4138} INFO - Setting next_dagrun for example_setup_teardown to 2024-08-26 00:00:00+00:00, run_after=2024-08-27 00:00:00+00:00
[2024-08-27T22:37:37.057+0000] {processor.py:208} INFO - Processing /home/airflow/.local/lib/python3.12/site-packages/airflow/example_dags/example_setup_teardown.py took 0.203 seconds
