[2024-08-27T22:29:59.053+0000] {processor.py:186} INFO - Started process (PID=94) to work on /home/airflow/.local/lib/python3.12/site-packages/airflow/example_dags/example_params_ui_tutorial.py
[2024-08-27T22:29:59.054+0000] {processor.py:914} INFO - Processing file /home/airflow/.local/lib/python3.12/site-packages/airflow/example_dags/example_params_ui_tutorial.py for tasks to queue
[2024-08-27T22:29:59.056+0000] {logging_mixin.py:190} INFO - [2024-08-27T22:29:59.056+0000] {dagbag.py:587} INFO - Filling up the DagBag from /home/airflow/.local/lib/python3.12/site-packages/airflow/example_dags/example_params_ui_tutorial.py
[2024-08-27T22:29:59.067+0000] {processor.py:925} INFO - DAG(s) 'example_params_ui_tutorial' retrieved from /home/airflow/.local/lib/python3.12/site-packages/airflow/example_dags/example_params_ui_tutorial.py
[2024-08-27T22:29:59.300+0000] {logging_mixin.py:190} INFO - [2024-08-27T22:29:59.300+0000] {override.py:1858} INFO - Created Permission View: can edit on DAG:example_params_ui_tutorial
[2024-08-27T22:29:59.323+0000] {logging_mixin.py:190} INFO - [2024-08-27T22:29:59.322+0000] {override.py:1858} INFO - Created Permission View: can delete on DAG:example_params_ui_tutorial
[2024-08-27T22:29:59.335+0000] {logging_mixin.py:190} INFO - [2024-08-27T22:29:59.335+0000] {override.py:1858} INFO - Created Permission View: can read on DAG:example_params_ui_tutorial
[2024-08-27T22:29:59.344+0000] {logging_mixin.py:190} INFO - [2024-08-27T22:29:59.335+0000] {dag.py:3211} INFO - Sync 1 DAGs
[2024-08-27T22:29:59.361+0000] {logging_mixin.py:190} INFO - [2024-08-27T22:29:59.361+0000] {dag.py:3234} INFO - Creating ORM DAG for example_params_ui_tutorial
[2024-08-27T22:29:59.363+0000] {logging_mixin.py:190} INFO - [2024-08-27T22:29:59.362+0000] {dag.py:4138} INFO - Setting next_dagrun for example_params_ui_tutorial to None, run_after=None
[2024-08-27T22:29:59.394+0000] {processor.py:208} INFO - Processing /home/airflow/.local/lib/python3.12/site-packages/airflow/example_dags/example_params_ui_tutorial.py took 0.349 seconds
[2024-08-27T22:30:30.312+0000] {processor.py:186} INFO - Started process (PID=157) to work on /home/airflow/.local/lib/python3.12/site-packages/airflow/example_dags/example_params_ui_tutorial.py
[2024-08-27T22:30:30.313+0000] {processor.py:914} INFO - Processing file /home/airflow/.local/lib/python3.12/site-packages/airflow/example_dags/example_params_ui_tutorial.py for tasks to queue
[2024-08-27T22:30:30.315+0000] {logging_mixin.py:190} INFO - [2024-08-27T22:30:30.315+0000] {dagbag.py:587} INFO - Filling up the DagBag from /home/airflow/.local/lib/python3.12/site-packages/airflow/example_dags/example_params_ui_tutorial.py
[2024-08-27T22:30:30.330+0000] {processor.py:925} INFO - DAG(s) 'example_params_ui_tutorial' retrieved from /home/airflow/.local/lib/python3.12/site-packages/airflow/example_dags/example_params_ui_tutorial.py
[2024-08-27T22:30:30.404+0000] {logging_mixin.py:190} INFO - [2024-08-27T22:30:30.403+0000] {dag.py:3211} INFO - Sync 1 DAGs
[2024-08-27T22:30:30.429+0000] {logging_mixin.py:190} INFO - [2024-08-27T22:30:30.429+0000] {dag.py:4138} INFO - Setting next_dagrun for example_params_ui_tutorial to None, run_after=None
[2024-08-27T22:30:30.455+0000] {processor.py:208} INFO - Processing /home/airflow/.local/lib/python3.12/site-packages/airflow/example_dags/example_params_ui_tutorial.py took 0.149 seconds
[2024-08-27T22:30:48.814+0000] {processor.py:186} INFO - Started process (PID=220) to work on /home/airflow/.local/lib/python3.12/site-packages/airflow/example_dags/example_params_ui_tutorial.py
[2024-08-27T22:30:48.817+0000] {processor.py:914} INFO - Processing file /home/airflow/.local/lib/python3.12/site-packages/airflow/example_dags/example_params_ui_tutorial.py for tasks to queue
[2024-08-27T22:30:48.820+0000] {logging_mixin.py:190} INFO - [2024-08-27T22:30:48.819+0000] {dagbag.py:587} INFO - Filling up the DagBag from /home/airflow/.local/lib/python3.12/site-packages/airflow/example_dags/example_params_ui_tutorial.py
[2024-08-27T22:30:48.830+0000] {processor.py:925} INFO - DAG(s) 'example_params_ui_tutorial' retrieved from /home/airflow/.local/lib/python3.12/site-packages/airflow/example_dags/example_params_ui_tutorial.py
[2024-08-27T22:30:49.137+0000] {logging_mixin.py:190} INFO - [2024-08-27T22:30:49.136+0000] {dag.py:3211} INFO - Sync 1 DAGs
[2024-08-27T22:30:49.300+0000] {logging_mixin.py:190} INFO - [2024-08-27T22:30:49.300+0000] {dag.py:4138} INFO - Setting next_dagrun for example_params_ui_tutorial to None, run_after=None
[2024-08-27T22:30:49.384+0000] {processor.py:208} INFO - Processing /home/airflow/.local/lib/python3.12/site-packages/airflow/example_dags/example_params_ui_tutorial.py took 0.576 seconds
[2024-08-27T22:31:20.136+0000] {processor.py:186} INFO - Started process (PID=282) to work on /home/airflow/.local/lib/python3.12/site-packages/airflow/example_dags/example_params_ui_tutorial.py
[2024-08-27T22:31:20.137+0000] {processor.py:914} INFO - Processing file /home/airflow/.local/lib/python3.12/site-packages/airflow/example_dags/example_params_ui_tutorial.py for tasks to queue
[2024-08-27T22:31:20.141+0000] {logging_mixin.py:190} INFO - [2024-08-27T22:31:20.141+0000] {dagbag.py:587} INFO - Filling up the DagBag from /home/airflow/.local/lib/python3.12/site-packages/airflow/example_dags/example_params_ui_tutorial.py
[2024-08-27T22:31:20.159+0000] {processor.py:925} INFO - DAG(s) 'example_params_ui_tutorial' retrieved from /home/airflow/.local/lib/python3.12/site-packages/airflow/example_dags/example_params_ui_tutorial.py
[2024-08-27T22:31:20.276+0000] {logging_mixin.py:190} INFO - [2024-08-27T22:31:20.276+0000] {dag.py:3211} INFO - Sync 1 DAGs
[2024-08-27T22:31:20.307+0000] {logging_mixin.py:190} INFO - [2024-08-27T22:31:20.307+0000] {dag.py:4138} INFO - Setting next_dagrun for example_params_ui_tutorial to None, run_after=None
[2024-08-27T22:31:20.355+0000] {processor.py:208} INFO - Processing /home/airflow/.local/lib/python3.12/site-packages/airflow/example_dags/example_params_ui_tutorial.py took 0.232 seconds
[2024-08-27T22:31:50.531+0000] {processor.py:186} INFO - Started process (PID=343) to work on /home/airflow/.local/lib/python3.12/site-packages/airflow/example_dags/example_params_ui_tutorial.py
[2024-08-27T22:31:50.537+0000] {processor.py:914} INFO - Processing file /home/airflow/.local/lib/python3.12/site-packages/airflow/example_dags/example_params_ui_tutorial.py for tasks to queue
[2024-08-27T22:31:50.541+0000] {logging_mixin.py:190} INFO - [2024-08-27T22:31:50.540+0000] {dagbag.py:587} INFO - Filling up the DagBag from /home/airflow/.local/lib/python3.12/site-packages/airflow/example_dags/example_params_ui_tutorial.py
[2024-08-27T22:31:50.560+0000] {processor.py:925} INFO - DAG(s) 'example_params_ui_tutorial' retrieved from /home/airflow/.local/lib/python3.12/site-packages/airflow/example_dags/example_params_ui_tutorial.py
[2024-08-27T22:31:50.719+0000] {logging_mixin.py:190} INFO - [2024-08-27T22:31:50.718+0000] {dag.py:3211} INFO - Sync 1 DAGs
[2024-08-27T22:31:50.750+0000] {logging_mixin.py:190} INFO - [2024-08-27T22:31:50.750+0000] {dag.py:4138} INFO - Setting next_dagrun for example_params_ui_tutorial to None, run_after=None
[2024-08-27T22:31:50.802+0000] {processor.py:208} INFO - Processing /home/airflow/.local/lib/python3.12/site-packages/airflow/example_dags/example_params_ui_tutorial.py took 0.279 seconds
[2024-08-27T22:32:21.004+0000] {processor.py:186} INFO - Started process (PID=405) to work on /home/airflow/.local/lib/python3.12/site-packages/airflow/example_dags/example_params_ui_tutorial.py
[2024-08-27T22:32:21.008+0000] {processor.py:914} INFO - Processing file /home/airflow/.local/lib/python3.12/site-packages/airflow/example_dags/example_params_ui_tutorial.py for tasks to queue
[2024-08-27T22:32:21.023+0000] {logging_mixin.py:190} INFO - [2024-08-27T22:32:21.012+0000] {dagbag.py:587} INFO - Filling up the DagBag from /home/airflow/.local/lib/python3.12/site-packages/airflow/example_dags/example_params_ui_tutorial.py
[2024-08-27T22:32:21.040+0000] {processor.py:925} INFO - DAG(s) 'example_params_ui_tutorial' retrieved from /home/airflow/.local/lib/python3.12/site-packages/airflow/example_dags/example_params_ui_tutorial.py
[2024-08-27T22:32:21.143+0000] {logging_mixin.py:190} INFO - [2024-08-27T22:32:21.143+0000] {dag.py:3211} INFO - Sync 1 DAGs
[2024-08-27T22:32:21.176+0000] {logging_mixin.py:190} INFO - [2024-08-27T22:32:21.176+0000] {dag.py:4138} INFO - Setting next_dagrun for example_params_ui_tutorial to None, run_after=None
[2024-08-27T22:32:21.223+0000] {processor.py:208} INFO - Processing /home/airflow/.local/lib/python3.12/site-packages/airflow/example_dags/example_params_ui_tutorial.py took 0.227 seconds
[2024-08-27T22:32:51.922+0000] {processor.py:186} INFO - Started process (PID=467) to work on /home/airflow/.local/lib/python3.12/site-packages/airflow/example_dags/example_params_ui_tutorial.py
[2024-08-27T22:32:51.949+0000] {processor.py:914} INFO - Processing file /home/airflow/.local/lib/python3.12/site-packages/airflow/example_dags/example_params_ui_tutorial.py for tasks to queue
[2024-08-27T22:32:51.953+0000] {logging_mixin.py:190} INFO - [2024-08-27T22:32:51.952+0000] {dagbag.py:587} INFO - Filling up the DagBag from /home/airflow/.local/lib/python3.12/site-packages/airflow/example_dags/example_params_ui_tutorial.py
[2024-08-27T22:32:52.031+0000] {processor.py:925} INFO - DAG(s) 'example_params_ui_tutorial' retrieved from /home/airflow/.local/lib/python3.12/site-packages/airflow/example_dags/example_params_ui_tutorial.py
[2024-08-27T22:32:52.397+0000] {logging_mixin.py:190} INFO - [2024-08-27T22:32:52.391+0000] {dag.py:3211} INFO - Sync 1 DAGs
[2024-08-27T22:32:52.487+0000] {logging_mixin.py:190} INFO - [2024-08-27T22:32:52.485+0000] {dag.py:4138} INFO - Setting next_dagrun for example_params_ui_tutorial to None, run_after=None
[2024-08-27T22:32:52.620+0000] {processor.py:208} INFO - Processing /home/airflow/.local/lib/python3.12/site-packages/airflow/example_dags/example_params_ui_tutorial.py took 0.712 seconds
[2024-08-27T22:33:22.964+0000] {processor.py:186} INFO - Started process (PID=530) to work on /home/airflow/.local/lib/python3.12/site-packages/airflow/example_dags/example_params_ui_tutorial.py
[2024-08-27T22:33:22.966+0000] {processor.py:914} INFO - Processing file /home/airflow/.local/lib/python3.12/site-packages/airflow/example_dags/example_params_ui_tutorial.py for tasks to queue
[2024-08-27T22:33:22.970+0000] {logging_mixin.py:190} INFO - [2024-08-27T22:33:22.970+0000] {dagbag.py:587} INFO - Filling up the DagBag from /home/airflow/.local/lib/python3.12/site-packages/airflow/example_dags/example_params_ui_tutorial.py
[2024-08-27T22:33:22.982+0000] {processor.py:925} INFO - DAG(s) 'example_params_ui_tutorial' retrieved from /home/airflow/.local/lib/python3.12/site-packages/airflow/example_dags/example_params_ui_tutorial.py
[2024-08-27T22:33:23.067+0000] {logging_mixin.py:190} INFO - [2024-08-27T22:33:23.067+0000] {dag.py:3211} INFO - Sync 1 DAGs
[2024-08-27T22:33:23.089+0000] {logging_mixin.py:190} INFO - [2024-08-27T22:33:23.089+0000] {dag.py:4138} INFO - Setting next_dagrun for example_params_ui_tutorial to None, run_after=None
[2024-08-27T22:33:23.136+0000] {processor.py:208} INFO - Processing /home/airflow/.local/lib/python3.12/site-packages/airflow/example_dags/example_params_ui_tutorial.py took 0.191 seconds
[2024-08-27T22:33:55.847+0000] {processor.py:186} INFO - Started process (PID=590) to work on /home/airflow/.local/lib/python3.12/site-packages/airflow/example_dags/example_params_ui_tutorial.py
[2024-08-27T22:33:55.849+0000] {processor.py:914} INFO - Processing file /home/airflow/.local/lib/python3.12/site-packages/airflow/example_dags/example_params_ui_tutorial.py for tasks to queue
[2024-08-27T22:33:55.858+0000] {logging_mixin.py:190} INFO - [2024-08-27T22:33:55.851+0000] {dagbag.py:587} INFO - Filling up the DagBag from /home/airflow/.local/lib/python3.12/site-packages/airflow/example_dags/example_params_ui_tutorial.py
[2024-08-27T22:33:55.895+0000] {processor.py:925} INFO - DAG(s) 'example_params_ui_tutorial' retrieved from /home/airflow/.local/lib/python3.12/site-packages/airflow/example_dags/example_params_ui_tutorial.py
[2024-08-27T22:33:56.162+0000] {logging_mixin.py:190} INFO - [2024-08-27T22:33:56.161+0000] {dag.py:3211} INFO - Sync 1 DAGs
[2024-08-27T22:33:56.269+0000] {logging_mixin.py:190} INFO - [2024-08-27T22:33:56.269+0000] {dag.py:4138} INFO - Setting next_dagrun for example_params_ui_tutorial to None, run_after=None
[2024-08-27T22:33:56.351+0000] {processor.py:208} INFO - Processing /home/airflow/.local/lib/python3.12/site-packages/airflow/example_dags/example_params_ui_tutorial.py took 0.511 seconds
[2024-08-27T22:36:41.962+0000] {processor.py:186} INFO - Started process (PID=94) to work on /home/airflow/.local/lib/python3.12/site-packages/airflow/example_dags/example_params_ui_tutorial.py
[2024-08-27T22:36:41.964+0000] {processor.py:914} INFO - Processing file /home/airflow/.local/lib/python3.12/site-packages/airflow/example_dags/example_params_ui_tutorial.py for tasks to queue
[2024-08-27T22:36:41.971+0000] {logging_mixin.py:190} INFO - [2024-08-27T22:36:41.967+0000] {dagbag.py:587} INFO - Filling up the DagBag from /home/airflow/.local/lib/python3.12/site-packages/airflow/example_dags/example_params_ui_tutorial.py
[2024-08-27T22:36:41.983+0000] {processor.py:925} INFO - DAG(s) 'example_params_ui_tutorial' retrieved from /home/airflow/.local/lib/python3.12/site-packages/airflow/example_dags/example_params_ui_tutorial.py
[2024-08-27T22:36:42.208+0000] {logging_mixin.py:190} INFO - [2024-08-27T22:36:42.207+0000] {override.py:1858} INFO - Created Permission View: can delete on DAG:example_params_ui_tutorial
[2024-08-27T22:36:42.235+0000] {logging_mixin.py:190} INFO - [2024-08-27T22:36:42.234+0000] {override.py:1858} INFO - Created Permission View: can edit on DAG:example_params_ui_tutorial
[2024-08-27T22:36:42.249+0000] {logging_mixin.py:190} INFO - [2024-08-27T22:36:42.249+0000] {override.py:1858} INFO - Created Permission View: can read on DAG:example_params_ui_tutorial
[2024-08-27T22:36:42.250+0000] {logging_mixin.py:190} INFO - [2024-08-27T22:36:42.250+0000] {dag.py:3211} INFO - Sync 1 DAGs
[2024-08-27T22:36:42.282+0000] {logging_mixin.py:190} INFO - [2024-08-27T22:36:42.282+0000] {dag.py:3234} INFO - Creating ORM DAG for example_params_ui_tutorial
[2024-08-27T22:36:42.283+0000] {logging_mixin.py:190} INFO - [2024-08-27T22:36:42.283+0000] {dag.py:4138} INFO - Setting next_dagrun for example_params_ui_tutorial to None, run_after=None
[2024-08-27T22:36:42.320+0000] {processor.py:208} INFO - Processing /home/airflow/.local/lib/python3.12/site-packages/airflow/example_dags/example_params_ui_tutorial.py took 0.368 seconds
[2024-08-27T22:37:13.018+0000] {processor.py:186} INFO - Started process (PID=156) to work on /home/airflow/.local/lib/python3.12/site-packages/airflow/example_dags/example_params_ui_tutorial.py
[2024-08-27T22:37:13.019+0000] {processor.py:914} INFO - Processing file /home/airflow/.local/lib/python3.12/site-packages/airflow/example_dags/example_params_ui_tutorial.py for tasks to queue
[2024-08-27T22:37:13.032+0000] {logging_mixin.py:190} INFO - [2024-08-27T22:37:13.032+0000] {dagbag.py:587} INFO - Filling up the DagBag from /home/airflow/.local/lib/python3.12/site-packages/airflow/example_dags/example_params_ui_tutorial.py
[2024-08-27T22:37:13.121+0000] {processor.py:925} INFO - DAG(s) 'example_params_ui_tutorial' retrieved from /home/airflow/.local/lib/python3.12/site-packages/airflow/example_dags/example_params_ui_tutorial.py
[2024-08-27T22:37:13.391+0000] {logging_mixin.py:190} INFO - [2024-08-27T22:37:13.391+0000] {dag.py:3211} INFO - Sync 1 DAGs
[2024-08-27T22:37:13.414+0000] {logging_mixin.py:190} INFO - [2024-08-27T22:37:13.413+0000] {dag.py:4138} INFO - Setting next_dagrun for example_params_ui_tutorial to None, run_after=None
[2024-08-27T22:37:13.460+0000] {processor.py:208} INFO - Processing /home/airflow/.local/lib/python3.12/site-packages/airflow/example_dags/example_params_ui_tutorial.py took 0.493 seconds
[2024-08-27T22:37:43.841+0000] {processor.py:186} INFO - Started process (PID=218) to work on /home/airflow/.local/lib/python3.12/site-packages/airflow/example_dags/example_params_ui_tutorial.py
[2024-08-27T22:37:43.850+0000] {processor.py:914} INFO - Processing file /home/airflow/.local/lib/python3.12/site-packages/airflow/example_dags/example_params_ui_tutorial.py for tasks to queue
[2024-08-27T22:37:43.852+0000] {logging_mixin.py:190} INFO - [2024-08-27T22:37:43.852+0000] {dagbag.py:587} INFO - Filling up the DagBag from /home/airflow/.local/lib/python3.12/site-packages/airflow/example_dags/example_params_ui_tutorial.py
[2024-08-27T22:37:43.870+0000] {processor.py:925} INFO - DAG(s) 'example_params_ui_tutorial' retrieved from /home/airflow/.local/lib/python3.12/site-packages/airflow/example_dags/example_params_ui_tutorial.py
[2024-08-27T22:37:44.017+0000] {logging_mixin.py:190} INFO - [2024-08-27T22:37:44.015+0000] {dag.py:3211} INFO - Sync 1 DAGs
[2024-08-27T22:37:44.077+0000] {logging_mixin.py:190} INFO - [2024-08-27T22:37:44.077+0000] {dag.py:4138} INFO - Setting next_dagrun for example_params_ui_tutorial to None, run_after=None
[2024-08-27T22:37:44.142+0000] {processor.py:208} INFO - Processing /home/airflow/.local/lib/python3.12/site-packages/airflow/example_dags/example_params_ui_tutorial.py took 0.324 seconds
