[2024-08-27T22:29:49.871+0000] {processor.py:186} INFO - Started process (PID=70) to work on /home/airflow/.local/lib/python3.12/site-packages/airflow/example_dags/example_task_group_decorator.py
[2024-08-27T22:29:49.872+0000] {processor.py:914} INFO - Processing file /home/airflow/.local/lib/python3.12/site-packages/airflow/example_dags/example_task_group_decorator.py for tasks to queue
[2024-08-27T22:29:49.910+0000] {logging_mixin.py:190} INFO - [2024-08-27T22:29:49.880+0000] {dagbag.py:587} INFO - Filling up the DagBag from /home/airflow/.local/lib/python3.12/site-packages/airflow/example_dags/example_task_group_decorator.py
[2024-08-27T22:29:50.106+0000] {processor.py:925} INFO - DAG(s) 'example_task_group_decorator' retrieved from /home/airflow/.local/lib/python3.12/site-packages/airflow/example_dags/example_task_group_decorator.py
[2024-08-27T22:29:51.887+0000] {logging_mixin.py:190} INFO - [2024-08-27T22:29:51.886+0000] {override.py:1858} INFO - Created Permission View: can edit on DAG:example_task_group_decorator
[2024-08-27T22:29:51.955+0000] {logging_mixin.py:190} INFO - [2024-08-27T22:29:51.955+0000] {override.py:1858} INFO - Created Permission View: can delete on DAG:example_task_group_decorator
[2024-08-27T22:29:51.985+0000] {logging_mixin.py:190} INFO - [2024-08-27T22:29:51.985+0000] {override.py:1858} INFO - Created Permission View: can read on DAG:example_task_group_decorator
[2024-08-27T22:29:51.986+0000] {logging_mixin.py:190} INFO - [2024-08-27T22:29:51.986+0000] {dag.py:3211} INFO - Sync 1 DAGs
[2024-08-27T22:29:52.042+0000] {logging_mixin.py:190} INFO - [2024-08-27T22:29:52.041+0000] {dag.py:3234} INFO - Creating ORM DAG for example_task_group_decorator
[2024-08-27T22:29:52.085+0000] {logging_mixin.py:190} INFO - [2024-08-27T22:29:52.081+0000] {dag.py:4138} INFO - Setting next_dagrun for example_task_group_decorator to 2024-08-26 00:00:00+00:00, run_after=2024-08-27 00:00:00+00:00
[2024-08-27T22:29:52.158+0000] {processor.py:208} INFO - Processing /home/airflow/.local/lib/python3.12/site-packages/airflow/example_dags/example_task_group_decorator.py took 2.350 seconds
[2024-08-27T22:30:22.431+0000] {processor.py:186} INFO - Started process (PID=132) to work on /home/airflow/.local/lib/python3.12/site-packages/airflow/example_dags/example_task_group_decorator.py
[2024-08-27T22:30:22.432+0000] {processor.py:914} INFO - Processing file /home/airflow/.local/lib/python3.12/site-packages/airflow/example_dags/example_task_group_decorator.py for tasks to queue
[2024-08-27T22:30:22.435+0000] {logging_mixin.py:190} INFO - [2024-08-27T22:30:22.435+0000] {dagbag.py:587} INFO - Filling up the DagBag from /home/airflow/.local/lib/python3.12/site-packages/airflow/example_dags/example_task_group_decorator.py
[2024-08-27T22:30:22.480+0000] {processor.py:925} INFO - DAG(s) 'example_task_group_decorator' retrieved from /home/airflow/.local/lib/python3.12/site-packages/airflow/example_dags/example_task_group_decorator.py
[2024-08-27T22:30:22.561+0000] {logging_mixin.py:190} INFO - [2024-08-27T22:30:22.561+0000] {dag.py:3211} INFO - Sync 1 DAGs
[2024-08-27T22:30:22.597+0000] {logging_mixin.py:190} INFO - [2024-08-27T22:30:22.596+0000] {dag.py:4138} INFO - Setting next_dagrun for example_task_group_decorator to 2024-08-26 00:00:00+00:00, run_after=2024-08-27 00:00:00+00:00
[2024-08-27T22:30:22.634+0000] {processor.py:208} INFO - Processing /home/airflow/.local/lib/python3.12/site-packages/airflow/example_dags/example_task_group_decorator.py took 0.217 seconds
[2024-08-27T22:30:42.045+0000] {processor.py:186} INFO - Started process (PID=190) to work on /home/airflow/.local/lib/python3.12/site-packages/airflow/example_dags/example_task_group_decorator.py
[2024-08-27T22:30:42.050+0000] {processor.py:914} INFO - Processing file /home/airflow/.local/lib/python3.12/site-packages/airflow/example_dags/example_task_group_decorator.py for tasks to queue
[2024-08-27T22:30:42.052+0000] {logging_mixin.py:190} INFO - [2024-08-27T22:30:42.051+0000] {dagbag.py:587} INFO - Filling up the DagBag from /home/airflow/.local/lib/python3.12/site-packages/airflow/example_dags/example_task_group_decorator.py
[2024-08-27T22:30:42.135+0000] {processor.py:925} INFO - DAG(s) 'example_task_group_decorator' retrieved from /home/airflow/.local/lib/python3.12/site-packages/airflow/example_dags/example_task_group_decorator.py
[2024-08-27T22:30:42.292+0000] {logging_mixin.py:190} INFO - [2024-08-27T22:30:42.290+0000] {dag.py:3211} INFO - Sync 1 DAGs
[2024-08-27T22:30:42.344+0000] {logging_mixin.py:190} INFO - [2024-08-27T22:30:42.344+0000] {dag.py:4138} INFO - Setting next_dagrun for example_task_group_decorator to 2024-08-26 00:00:00+00:00, run_after=2024-08-27 00:00:00+00:00
[2024-08-27T22:30:42.396+0000] {processor.py:208} INFO - Processing /home/airflow/.local/lib/python3.12/site-packages/airflow/example_dags/example_task_group_decorator.py took 0.394 seconds
[2024-08-27T22:31:13.083+0000] {processor.py:186} INFO - Started process (PID=252) to work on /home/airflow/.local/lib/python3.12/site-packages/airflow/example_dags/example_task_group_decorator.py
[2024-08-27T22:31:13.085+0000] {processor.py:914} INFO - Processing file /home/airflow/.local/lib/python3.12/site-packages/airflow/example_dags/example_task_group_decorator.py for tasks to queue
[2024-08-27T22:31:13.097+0000] {logging_mixin.py:190} INFO - [2024-08-27T22:31:13.097+0000] {dagbag.py:587} INFO - Filling up the DagBag from /home/airflow/.local/lib/python3.12/site-packages/airflow/example_dags/example_task_group_decorator.py
[2024-08-27T22:31:13.232+0000] {processor.py:925} INFO - DAG(s) 'example_task_group_decorator' retrieved from /home/airflow/.local/lib/python3.12/site-packages/airflow/example_dags/example_task_group_decorator.py
[2024-08-27T22:31:13.361+0000] {logging_mixin.py:190} INFO - [2024-08-27T22:31:13.361+0000] {dag.py:3211} INFO - Sync 1 DAGs
[2024-08-27T22:31:13.457+0000] {logging_mixin.py:190} INFO - [2024-08-27T22:31:13.457+0000] {dag.py:4138} INFO - Setting next_dagrun for example_task_group_decorator to 2024-08-26 00:00:00+00:00, run_after=2024-08-27 00:00:00+00:00
[2024-08-27T22:31:13.583+0000] {processor.py:208} INFO - Processing /home/airflow/.local/lib/python3.12/site-packages/airflow/example_dags/example_task_group_decorator.py took 0.580 seconds
[2024-08-27T22:31:43.958+0000] {processor.py:186} INFO - Started process (PID=313) to work on /home/airflow/.local/lib/python3.12/site-packages/airflow/example_dags/example_task_group_decorator.py
[2024-08-27T22:31:43.963+0000] {processor.py:914} INFO - Processing file /home/airflow/.local/lib/python3.12/site-packages/airflow/example_dags/example_task_group_decorator.py for tasks to queue
[2024-08-27T22:31:43.966+0000] {logging_mixin.py:190} INFO - [2024-08-27T22:31:43.966+0000] {dagbag.py:587} INFO - Filling up the DagBag from /home/airflow/.local/lib/python3.12/site-packages/airflow/example_dags/example_task_group_decorator.py
[2024-08-27T22:31:44.010+0000] {processor.py:925} INFO - DAG(s) 'example_task_group_decorator' retrieved from /home/airflow/.local/lib/python3.12/site-packages/airflow/example_dags/example_task_group_decorator.py
[2024-08-27T22:31:44.065+0000] {logging_mixin.py:190} INFO - [2024-08-27T22:31:44.065+0000] {dag.py:3211} INFO - Sync 1 DAGs
[2024-08-27T22:31:44.107+0000] {logging_mixin.py:190} INFO - [2024-08-27T22:31:44.106+0000] {dag.py:4138} INFO - Setting next_dagrun for example_task_group_decorator to 2024-08-26 00:00:00+00:00, run_after=2024-08-27 00:00:00+00:00
[2024-08-27T22:31:44.147+0000] {processor.py:208} INFO - Processing /home/airflow/.local/lib/python3.12/site-packages/airflow/example_dags/example_task_group_decorator.py took 0.197 seconds
[2024-08-27T22:32:14.688+0000] {processor.py:186} INFO - Started process (PID=374) to work on /home/airflow/.local/lib/python3.12/site-packages/airflow/example_dags/example_task_group_decorator.py
[2024-08-27T22:32:14.694+0000] {processor.py:914} INFO - Processing file /home/airflow/.local/lib/python3.12/site-packages/airflow/example_dags/example_task_group_decorator.py for tasks to queue
[2024-08-27T22:32:14.697+0000] {logging_mixin.py:190} INFO - [2024-08-27T22:32:14.697+0000] {dagbag.py:587} INFO - Filling up the DagBag from /home/airflow/.local/lib/python3.12/site-packages/airflow/example_dags/example_task_group_decorator.py
[2024-08-27T22:32:14.721+0000] {processor.py:925} INFO - DAG(s) 'example_task_group_decorator' retrieved from /home/airflow/.local/lib/python3.12/site-packages/airflow/example_dags/example_task_group_decorator.py
[2024-08-27T22:32:14.817+0000] {logging_mixin.py:190} INFO - [2024-08-27T22:32:14.816+0000] {dag.py:3211} INFO - Sync 1 DAGs
[2024-08-27T22:32:14.923+0000] {logging_mixin.py:190} INFO - [2024-08-27T22:32:14.923+0000] {dag.py:4138} INFO - Setting next_dagrun for example_task_group_decorator to 2024-08-26 00:00:00+00:00, run_after=2024-08-27 00:00:00+00:00
[2024-08-27T22:32:14.980+0000] {processor.py:208} INFO - Processing /home/airflow/.local/lib/python3.12/site-packages/airflow/example_dags/example_task_group_decorator.py took 0.301 seconds
[2024-08-27T22:32:45.143+0000] {processor.py:186} INFO - Started process (PID=436) to work on /home/airflow/.local/lib/python3.12/site-packages/airflow/example_dags/example_task_group_decorator.py
[2024-08-27T22:32:45.147+0000] {processor.py:914} INFO - Processing file /home/airflow/.local/lib/python3.12/site-packages/airflow/example_dags/example_task_group_decorator.py for tasks to queue
[2024-08-27T22:32:45.149+0000] {logging_mixin.py:190} INFO - [2024-08-27T22:32:45.149+0000] {dagbag.py:587} INFO - Filling up the DagBag from /home/airflow/.local/lib/python3.12/site-packages/airflow/example_dags/example_task_group_decorator.py
[2024-08-27T22:32:45.187+0000] {processor.py:925} INFO - DAG(s) 'example_task_group_decorator' retrieved from /home/airflow/.local/lib/python3.12/site-packages/airflow/example_dags/example_task_group_decorator.py
[2024-08-27T22:32:45.233+0000] {logging_mixin.py:190} INFO - [2024-08-27T22:32:45.233+0000] {dag.py:3211} INFO - Sync 1 DAGs
[2024-08-27T22:32:45.273+0000] {logging_mixin.py:190} INFO - [2024-08-27T22:32:45.272+0000] {dag.py:4138} INFO - Setting next_dagrun for example_task_group_decorator to 2024-08-26 00:00:00+00:00, run_after=2024-08-27 00:00:00+00:00
[2024-08-27T22:32:45.324+0000] {processor.py:208} INFO - Processing /home/airflow/.local/lib/python3.12/site-packages/airflow/example_dags/example_task_group_decorator.py took 0.188 seconds
[2024-08-27T22:33:15.398+0000] {processor.py:186} INFO - Started process (PID=498) to work on /home/airflow/.local/lib/python3.12/site-packages/airflow/example_dags/example_task_group_decorator.py
[2024-08-27T22:33:15.400+0000] {processor.py:914} INFO - Processing file /home/airflow/.local/lib/python3.12/site-packages/airflow/example_dags/example_task_group_decorator.py for tasks to queue
[2024-08-27T22:33:15.403+0000] {logging_mixin.py:190} INFO - [2024-08-27T22:33:15.402+0000] {dagbag.py:587} INFO - Filling up the DagBag from /home/airflow/.local/lib/python3.12/site-packages/airflow/example_dags/example_task_group_decorator.py
[2024-08-27T22:33:15.425+0000] {processor.py:925} INFO - DAG(s) 'example_task_group_decorator' retrieved from /home/airflow/.local/lib/python3.12/site-packages/airflow/example_dags/example_task_group_decorator.py
[2024-08-27T22:33:15.459+0000] {logging_mixin.py:190} INFO - [2024-08-27T22:33:15.459+0000] {dag.py:3211} INFO - Sync 1 DAGs
[2024-08-27T22:33:15.495+0000] {logging_mixin.py:190} INFO - [2024-08-27T22:33:15.495+0000] {dag.py:4138} INFO - Setting next_dagrun for example_task_group_decorator to 2024-08-26 00:00:00+00:00, run_after=2024-08-27 00:00:00+00:00
[2024-08-27T22:33:15.522+0000] {processor.py:208} INFO - Processing /home/airflow/.local/lib/python3.12/site-packages/airflow/example_dags/example_task_group_decorator.py took 0.131 seconds
[2024-08-27T22:33:46.225+0000] {processor.py:186} INFO - Started process (PID=560) to work on /home/airflow/.local/lib/python3.12/site-packages/airflow/example_dags/example_task_group_decorator.py
[2024-08-27T22:33:46.226+0000] {processor.py:914} INFO - Processing file /home/airflow/.local/lib/python3.12/site-packages/airflow/example_dags/example_task_group_decorator.py for tasks to queue
[2024-08-27T22:33:46.228+0000] {logging_mixin.py:190} INFO - [2024-08-27T22:33:46.228+0000] {dagbag.py:587} INFO - Filling up the DagBag from /home/airflow/.local/lib/python3.12/site-packages/airflow/example_dags/example_task_group_decorator.py
[2024-08-27T22:33:46.294+0000] {processor.py:925} INFO - DAG(s) 'example_task_group_decorator' retrieved from /home/airflow/.local/lib/python3.12/site-packages/airflow/example_dags/example_task_group_decorator.py
[2024-08-27T22:33:46.537+0000] {logging_mixin.py:190} INFO - [2024-08-27T22:33:46.537+0000] {dag.py:3211} INFO - Sync 1 DAGs
[2024-08-27T22:33:46.694+0000] {logging_mixin.py:190} INFO - [2024-08-27T22:33:46.693+0000] {dag.py:4138} INFO - Setting next_dagrun for example_task_group_decorator to 2024-08-26 00:00:00+00:00, run_after=2024-08-27 00:00:00+00:00
[2024-08-27T22:33:46.736+0000] {processor.py:208} INFO - Processing /home/airflow/.local/lib/python3.12/site-packages/airflow/example_dags/example_task_group_decorator.py took 0.522 seconds
[2024-08-27T22:36:29.872+0000] {processor.py:186} INFO - Started process (PID=65) to work on /home/airflow/.local/lib/python3.12/site-packages/airflow/example_dags/example_task_group_decorator.py
[2024-08-27T22:36:29.889+0000] {processor.py:914} INFO - Processing file /home/airflow/.local/lib/python3.12/site-packages/airflow/example_dags/example_task_group_decorator.py for tasks to queue
[2024-08-27T22:36:29.892+0000] {logging_mixin.py:190} INFO - [2024-08-27T22:36:29.891+0000] {dagbag.py:587} INFO - Filling up the DagBag from /home/airflow/.local/lib/python3.12/site-packages/airflow/example_dags/example_task_group_decorator.py
[2024-08-27T22:36:29.932+0000] {processor.py:925} INFO - DAG(s) 'example_task_group_decorator' retrieved from /home/airflow/.local/lib/python3.12/site-packages/airflow/example_dags/example_task_group_decorator.py
[2024-08-27T22:36:30.265+0000] {logging_mixin.py:190} INFO - [2024-08-27T22:36:30.265+0000] {override.py:1858} INFO - Created Permission View: can delete on DAG:example_task_group_decorator
[2024-08-27T22:36:30.285+0000] {logging_mixin.py:190} INFO - [2024-08-27T22:36:30.285+0000] {override.py:1858} INFO - Created Permission View: can edit on DAG:example_task_group_decorator
[2024-08-27T22:36:30.300+0000] {logging_mixin.py:190} INFO - [2024-08-27T22:36:30.300+0000] {override.py:1858} INFO - Created Permission View: can read on DAG:example_task_group_decorator
[2024-08-27T22:36:30.301+0000] {logging_mixin.py:190} INFO - [2024-08-27T22:36:30.301+0000] {dag.py:3211} INFO - Sync 1 DAGs
[2024-08-27T22:36:30.326+0000] {logging_mixin.py:190} INFO - [2024-08-27T22:36:30.326+0000] {dag.py:3234} INFO - Creating ORM DAG for example_task_group_decorator
[2024-08-27T22:36:30.344+0000] {logging_mixin.py:190} INFO - [2024-08-27T22:36:30.344+0000] {dag.py:4138} INFO - Setting next_dagrun for example_task_group_decorator to 2024-08-26 00:00:00+00:00, run_after=2024-08-27 00:00:00+00:00
[2024-08-27T22:36:30.371+0000] {processor.py:208} INFO - Processing /home/airflow/.local/lib/python3.12/site-packages/airflow/example_dags/example_task_group_decorator.py took 0.506 seconds
[2024-08-27T22:37:01.039+0000] {processor.py:186} INFO - Started process (PID=125) to work on /home/airflow/.local/lib/python3.12/site-packages/airflow/example_dags/example_task_group_decorator.py
[2024-08-27T22:37:01.044+0000] {processor.py:914} INFO - Processing file /home/airflow/.local/lib/python3.12/site-packages/airflow/example_dags/example_task_group_decorator.py for tasks to queue
[2024-08-27T22:37:01.047+0000] {logging_mixin.py:190} INFO - [2024-08-27T22:37:01.046+0000] {dagbag.py:587} INFO - Filling up the DagBag from /home/airflow/.local/lib/python3.12/site-packages/airflow/example_dags/example_task_group_decorator.py
[2024-08-27T22:37:01.087+0000] {processor.py:925} INFO - DAG(s) 'example_task_group_decorator' retrieved from /home/airflow/.local/lib/python3.12/site-packages/airflow/example_dags/example_task_group_decorator.py
[2024-08-27T22:37:01.173+0000] {logging_mixin.py:190} INFO - [2024-08-27T22:37:01.173+0000] {dag.py:3211} INFO - Sync 1 DAGs
[2024-08-27T22:37:01.214+0000] {logging_mixin.py:190} INFO - [2024-08-27T22:37:01.213+0000] {dag.py:4138} INFO - Setting next_dagrun for example_task_group_decorator to 2024-08-26 00:00:00+00:00, run_after=2024-08-27 00:00:00+00:00
[2024-08-27T22:37:01.280+0000] {processor.py:208} INFO - Processing /home/airflow/.local/lib/python3.12/site-packages/airflow/example_dags/example_task_group_decorator.py took 0.257 seconds
[2024-08-27T22:37:31.912+0000] {processor.py:186} INFO - Started process (PID=187) to work on /home/airflow/.local/lib/python3.12/site-packages/airflow/example_dags/example_task_group_decorator.py
[2024-08-27T22:37:31.913+0000] {processor.py:914} INFO - Processing file /home/airflow/.local/lib/python3.12/site-packages/airflow/example_dags/example_task_group_decorator.py for tasks to queue
[2024-08-27T22:37:31.934+0000] {logging_mixin.py:190} INFO - [2024-08-27T22:37:31.933+0000] {dagbag.py:587} INFO - Filling up the DagBag from /home/airflow/.local/lib/python3.12/site-packages/airflow/example_dags/example_task_group_decorator.py
[2024-08-27T22:37:32.078+0000] {processor.py:925} INFO - DAG(s) 'example_task_group_decorator' retrieved from /home/airflow/.local/lib/python3.12/site-packages/airflow/example_dags/example_task_group_decorator.py
[2024-08-27T22:37:32.189+0000] {logging_mixin.py:190} INFO - [2024-08-27T22:37:32.188+0000] {dag.py:3211} INFO - Sync 1 DAGs
[2024-08-27T22:37:32.252+0000] {logging_mixin.py:190} INFO - [2024-08-27T22:37:32.251+0000] {dag.py:4138} INFO - Setting next_dagrun for example_task_group_decorator to 2024-08-26 00:00:00+00:00, run_after=2024-08-27 00:00:00+00:00
[2024-08-27T22:37:32.326+0000] {processor.py:208} INFO - Processing /home/airflow/.local/lib/python3.12/site-packages/airflow/example_dags/example_task_group_decorator.py took 0.421 seconds
