[2024-08-27T22:29:49.772+0000] {processor.py:186} INFO - Started process (PID=69) to work on /home/airflow/.local/lib/python3.12/site-packages/airflow/example_dags/example_outlet_event_extra.py
[2024-08-27T22:29:49.772+0000] {processor.py:914} INFO - Processing file /home/airflow/.local/lib/python3.12/site-packages/airflow/example_dags/example_outlet_event_extra.py for tasks to queue
[2024-08-27T22:29:49.786+0000] {logging_mixin.py:190} INFO - [2024-08-27T22:29:49.786+0000] {dagbag.py:587} INFO - Filling up the DagBag from /home/airflow/.local/lib/python3.12/site-packages/airflow/example_dags/example_outlet_event_extra.py
[2024-08-27T22:29:53.367+0000] {processor.py:925} INFO - DAG(s) 'dataset_with_extra_by_context', 'dataset_with_extra_by_yield', 'dataset_with_extra_from_classic_operator' retrieved from /home/airflow/.local/lib/python3.12/site-packages/airflow/example_dags/example_outlet_event_extra.py
[2024-08-27T22:29:53.719+0000] {logging_mixin.py:190} INFO - [2024-08-27T22:29:53.718+0000] {override.py:1858} INFO - Created Permission View: can edit on DAG:dataset_with_extra_by_context
[2024-08-27T22:29:53.735+0000] {logging_mixin.py:190} INFO - [2024-08-27T22:29:53.735+0000] {override.py:1858} INFO - Created Permission View: can delete on DAG:dataset_with_extra_by_context
[2024-08-27T22:29:53.744+0000] {logging_mixin.py:190} INFO - [2024-08-27T22:29:53.743+0000] {override.py:1858} INFO - Created Permission View: can read on DAG:dataset_with_extra_by_context
[2024-08-27T22:29:53.765+0000] {logging_mixin.py:190} INFO - [2024-08-27T22:29:53.764+0000] {override.py:1858} INFO - Created Permission View: can edit on DAG:dataset_with_extra_by_yield
[2024-08-27T22:29:53.792+0000] {logging_mixin.py:190} INFO - [2024-08-27T22:29:53.791+0000] {override.py:1858} INFO - Created Permission View: can delete on DAG:dataset_with_extra_by_yield
[2024-08-27T22:29:53.860+0000] {logging_mixin.py:190} INFO - [2024-08-27T22:29:53.857+0000] {override.py:1858} INFO - Created Permission View: can read on DAG:dataset_with_extra_by_yield
[2024-08-27T22:29:54.010+0000] {logging_mixin.py:190} INFO - [2024-08-27T22:29:54.010+0000] {override.py:1858} INFO - Created Permission View: can edit on DAG:dataset_with_extra_from_classic_operator
[2024-08-27T22:29:54.075+0000] {logging_mixin.py:190} INFO - [2024-08-27T22:29:54.067+0000] {override.py:1858} INFO - Created Permission View: can delete on DAG:dataset_with_extra_from_classic_operator
[2024-08-27T22:29:54.153+0000] {logging_mixin.py:190} INFO - [2024-08-27T22:29:54.153+0000] {override.py:1858} INFO - Created Permission View: can read on DAG:dataset_with_extra_from_classic_operator
[2024-08-27T22:29:54.163+0000] {logging_mixin.py:190} INFO - [2024-08-27T22:29:54.153+0000] {dag.py:3211} INFO - Sync 3 DAGs
[2024-08-27T22:29:54.251+0000] {logging_mixin.py:190} INFO - [2024-08-27T22:29:54.251+0000] {dag.py:3234} INFO - Creating ORM DAG for dataset_with_extra_by_context
[2024-08-27T22:29:54.252+0000] {logging_mixin.py:190} INFO - [2024-08-27T22:29:54.252+0000] {dag.py:3234} INFO - Creating ORM DAG for dataset_with_extra_from_classic_operator
[2024-08-27T22:29:54.260+0000] {logging_mixin.py:190} INFO - [2024-08-27T22:29:54.260+0000] {dag.py:3234} INFO - Creating ORM DAG for dataset_with_extra_by_yield
[2024-08-27T22:29:54.309+0000] {logging_mixin.py:190} INFO - [2024-08-27T22:29:54.309+0000] {dag.py:4138} INFO - Setting next_dagrun for dataset_with_extra_by_context to 2024-08-26 00:00:00+00:00, run_after=2024-08-27 00:00:00+00:00
[2024-08-27T22:29:54.323+0000] {logging_mixin.py:190} INFO - [2024-08-27T22:29:54.323+0000] {dag.py:4138} INFO - Setting next_dagrun for dataset_with_extra_by_yield to 2024-08-26 00:00:00+00:00, run_after=2024-08-27 00:00:00+00:00
[2024-08-27T22:29:54.325+0000] {logging_mixin.py:190} INFO - [2024-08-27T22:29:54.325+0000] {dag.py:4138} INFO - Setting next_dagrun for dataset_with_extra_from_classic_operator to 2024-08-26 00:00:00+00:00, run_after=2024-08-27 00:00:00+00:00
[2024-08-27T22:29:54.464+0000] {processor.py:208} INFO - Processing /home/airflow/.local/lib/python3.12/site-packages/airflow/example_dags/example_outlet_event_extra.py took 4.793 seconds
[2024-08-27T22:30:24.766+0000] {processor.py:186} INFO - Started process (PID=135) to work on /home/airflow/.local/lib/python3.12/site-packages/airflow/example_dags/example_outlet_event_extra.py
[2024-08-27T22:30:24.768+0000] {processor.py:914} INFO - Processing file /home/airflow/.local/lib/python3.12/site-packages/airflow/example_dags/example_outlet_event_extra.py for tasks to queue
[2024-08-27T22:30:24.771+0000] {logging_mixin.py:190} INFO - [2024-08-27T22:30:24.771+0000] {dagbag.py:587} INFO - Filling up the DagBag from /home/airflow/.local/lib/python3.12/site-packages/airflow/example_dags/example_outlet_event_extra.py
[2024-08-27T22:30:25.095+0000] {processor.py:925} INFO - DAG(s) 'dataset_with_extra_by_context', 'dataset_with_extra_from_classic_operator', 'dataset_with_extra_by_yield' retrieved from /home/airflow/.local/lib/python3.12/site-packages/airflow/example_dags/example_outlet_event_extra.py
[2024-08-27T22:30:25.136+0000] {logging_mixin.py:190} INFO - [2024-08-27T22:30:25.135+0000] {dag.py:3211} INFO - Sync 3 DAGs
[2024-08-27T22:30:25.182+0000] {logging_mixin.py:190} INFO - [2024-08-27T22:30:25.181+0000] {dag.py:4138} INFO - Setting next_dagrun for dataset_with_extra_by_context to 2024-08-26 00:00:00+00:00, run_after=2024-08-27 00:00:00+00:00
[2024-08-27T22:30:25.188+0000] {logging_mixin.py:190} INFO - [2024-08-27T22:30:25.188+0000] {dag.py:4138} INFO - Setting next_dagrun for dataset_with_extra_by_yield to 2024-08-26 00:00:00+00:00, run_after=2024-08-27 00:00:00+00:00
[2024-08-27T22:30:25.191+0000] {logging_mixin.py:190} INFO - [2024-08-27T22:30:25.191+0000] {dag.py:4138} INFO - Setting next_dagrun for dataset_with_extra_from_classic_operator to 2024-08-26 00:00:00+00:00, run_after=2024-08-27 00:00:00+00:00
[2024-08-27T22:30:25.224+0000] {processor.py:208} INFO - Processing /home/airflow/.local/lib/python3.12/site-packages/airflow/example_dags/example_outlet_event_extra.py took 0.471 seconds
[2024-08-27T22:30:41.361+0000] {processor.py:186} INFO - Started process (PID=189) to work on /home/airflow/.local/lib/python3.12/site-packages/airflow/example_dags/example_outlet_event_extra.py
[2024-08-27T22:30:41.363+0000] {processor.py:914} INFO - Processing file /home/airflow/.local/lib/python3.12/site-packages/airflow/example_dags/example_outlet_event_extra.py for tasks to queue
[2024-08-27T22:30:41.366+0000] {logging_mixin.py:190} INFO - [2024-08-27T22:30:41.365+0000] {dagbag.py:587} INFO - Filling up the DagBag from /home/airflow/.local/lib/python3.12/site-packages/airflow/example_dags/example_outlet_event_extra.py
[2024-08-27T22:30:41.646+0000] {processor.py:925} INFO - DAG(s) 'dataset_with_extra_by_yield', 'dataset_with_extra_from_classic_operator', 'dataset_with_extra_by_context' retrieved from /home/airflow/.local/lib/python3.12/site-packages/airflow/example_dags/example_outlet_event_extra.py
[2024-08-27T22:30:41.756+0000] {logging_mixin.py:190} INFO - [2024-08-27T22:30:41.755+0000] {dag.py:3211} INFO - Sync 3 DAGs
[2024-08-27T22:30:41.856+0000] {logging_mixin.py:190} INFO - [2024-08-27T22:30:41.855+0000] {dag.py:4138} INFO - Setting next_dagrun for dataset_with_extra_by_context to 2024-08-26 00:00:00+00:00, run_after=2024-08-27 00:00:00+00:00
[2024-08-27T22:30:41.871+0000] {logging_mixin.py:190} INFO - [2024-08-27T22:30:41.871+0000] {dag.py:4138} INFO - Setting next_dagrun for dataset_with_extra_by_yield to 2024-08-26 00:00:00+00:00, run_after=2024-08-27 00:00:00+00:00
[2024-08-27T22:30:41.881+0000] {logging_mixin.py:190} INFO - [2024-08-27T22:30:41.877+0000] {dag.py:4138} INFO - Setting next_dagrun for dataset_with_extra_from_classic_operator to 2024-08-26 00:00:00+00:00, run_after=2024-08-27 00:00:00+00:00
[2024-08-27T22:30:41.970+0000] {processor.py:208} INFO - Processing /home/airflow/.local/lib/python3.12/site-packages/airflow/example_dags/example_outlet_event_extra.py took 0.618 seconds
[2024-08-27T22:31:12.999+0000] {processor.py:186} INFO - Started process (PID=251) to work on /home/airflow/.local/lib/python3.12/site-packages/airflow/example_dags/example_outlet_event_extra.py
[2024-08-27T22:31:13.058+0000] {processor.py:914} INFO - Processing file /home/airflow/.local/lib/python3.12/site-packages/airflow/example_dags/example_outlet_event_extra.py for tasks to queue
[2024-08-27T22:31:13.062+0000] {logging_mixin.py:190} INFO - [2024-08-27T22:31:13.062+0000] {dagbag.py:587} INFO - Filling up the DagBag from /home/airflow/.local/lib/python3.12/site-packages/airflow/example_dags/example_outlet_event_extra.py
[2024-08-27T22:31:13.944+0000] {processor.py:925} INFO - DAG(s) 'dataset_with_extra_by_yield', 'dataset_with_extra_from_classic_operator', 'dataset_with_extra_by_context' retrieved from /home/airflow/.local/lib/python3.12/site-packages/airflow/example_dags/example_outlet_event_extra.py
[2024-08-27T22:31:13.993+0000] {logging_mixin.py:190} INFO - [2024-08-27T22:31:13.992+0000] {dag.py:3211} INFO - Sync 3 DAGs
[2024-08-27T22:31:14.028+0000] {logging_mixin.py:190} INFO - [2024-08-27T22:31:14.028+0000] {dag.py:4138} INFO - Setting next_dagrun for dataset_with_extra_by_context to 2024-08-26 00:00:00+00:00, run_after=2024-08-27 00:00:00+00:00
[2024-08-27T22:31:14.036+0000] {logging_mixin.py:190} INFO - [2024-08-27T22:31:14.035+0000] {dag.py:4138} INFO - Setting next_dagrun for dataset_with_extra_by_yield to 2024-08-26 00:00:00+00:00, run_after=2024-08-27 00:00:00+00:00
[2024-08-27T22:31:14.043+0000] {logging_mixin.py:190} INFO - [2024-08-27T22:31:14.043+0000] {dag.py:4138} INFO - Setting next_dagrun for dataset_with_extra_from_classic_operator to 2024-08-26 00:00:00+00:00, run_after=2024-08-27 00:00:00+00:00
[2024-08-27T22:31:14.092+0000] {processor.py:208} INFO - Processing /home/airflow/.local/lib/python3.12/site-packages/airflow/example_dags/example_outlet_event_extra.py took 1.148 seconds
[2024-08-27T22:31:44.287+0000] {processor.py:186} INFO - Started process (PID=315) to work on /home/airflow/.local/lib/python3.12/site-packages/airflow/example_dags/example_outlet_event_extra.py
[2024-08-27T22:31:44.288+0000] {processor.py:914} INFO - Processing file /home/airflow/.local/lib/python3.12/site-packages/airflow/example_dags/example_outlet_event_extra.py for tasks to queue
[2024-08-27T22:31:44.291+0000] {logging_mixin.py:190} INFO - [2024-08-27T22:31:44.291+0000] {dagbag.py:587} INFO - Filling up the DagBag from /home/airflow/.local/lib/python3.12/site-packages/airflow/example_dags/example_outlet_event_extra.py
[2024-08-27T22:31:44.520+0000] {processor.py:925} INFO - DAG(s) 'dataset_with_extra_from_classic_operator', 'dataset_with_extra_by_yield', 'dataset_with_extra_by_context' retrieved from /home/airflow/.local/lib/python3.12/site-packages/airflow/example_dags/example_outlet_event_extra.py
[2024-08-27T22:31:44.608+0000] {logging_mixin.py:190} INFO - [2024-08-27T22:31:44.608+0000] {dag.py:3211} INFO - Sync 3 DAGs
[2024-08-27T22:31:44.652+0000] {logging_mixin.py:190} INFO - [2024-08-27T22:31:44.651+0000] {dag.py:4138} INFO - Setting next_dagrun for dataset_with_extra_by_context to 2024-08-26 00:00:00+00:00, run_after=2024-08-27 00:00:00+00:00
[2024-08-27T22:31:44.674+0000] {logging_mixin.py:190} INFO - [2024-08-27T22:31:44.674+0000] {dag.py:4138} INFO - Setting next_dagrun for dataset_with_extra_by_yield to 2024-08-26 00:00:00+00:00, run_after=2024-08-27 00:00:00+00:00
[2024-08-27T22:31:44.683+0000] {logging_mixin.py:190} INFO - [2024-08-27T22:31:44.682+0000] {dag.py:4138} INFO - Setting next_dagrun for dataset_with_extra_from_classic_operator to 2024-08-26 00:00:00+00:00, run_after=2024-08-27 00:00:00+00:00
[2024-08-27T22:31:44.749+0000] {processor.py:208} INFO - Processing /home/airflow/.local/lib/python3.12/site-packages/airflow/example_dags/example_outlet_event_extra.py took 0.485 seconds
[2024-08-27T22:32:15.128+0000] {processor.py:186} INFO - Started process (PID=377) to work on /home/airflow/.local/lib/python3.12/site-packages/airflow/example_dags/example_outlet_event_extra.py
[2024-08-27T22:32:15.130+0000] {processor.py:914} INFO - Processing file /home/airflow/.local/lib/python3.12/site-packages/airflow/example_dags/example_outlet_event_extra.py for tasks to queue
[2024-08-27T22:32:15.132+0000] {logging_mixin.py:190} INFO - [2024-08-27T22:32:15.132+0000] {dagbag.py:587} INFO - Filling up the DagBag from /home/airflow/.local/lib/python3.12/site-packages/airflow/example_dags/example_outlet_event_extra.py
[2024-08-27T22:32:15.569+0000] {processor.py:925} INFO - DAG(s) 'dataset_with_extra_by_context', 'dataset_with_extra_from_classic_operator', 'dataset_with_extra_by_yield' retrieved from /home/airflow/.local/lib/python3.12/site-packages/airflow/example_dags/example_outlet_event_extra.py
[2024-08-27T22:32:15.641+0000] {logging_mixin.py:190} INFO - [2024-08-27T22:32:15.640+0000] {dag.py:3211} INFO - Sync 3 DAGs
[2024-08-27T22:32:15.694+0000] {logging_mixin.py:190} INFO - [2024-08-27T22:32:15.693+0000] {dag.py:4138} INFO - Setting next_dagrun for dataset_with_extra_by_context to 2024-08-26 00:00:00+00:00, run_after=2024-08-27 00:00:00+00:00
[2024-08-27T22:32:15.703+0000] {logging_mixin.py:190} INFO - [2024-08-27T22:32:15.702+0000] {dag.py:4138} INFO - Setting next_dagrun for dataset_with_extra_by_yield to 2024-08-26 00:00:00+00:00, run_after=2024-08-27 00:00:00+00:00
[2024-08-27T22:32:15.726+0000] {logging_mixin.py:190} INFO - [2024-08-27T22:32:15.710+0000] {dag.py:4138} INFO - Setting next_dagrun for dataset_with_extra_from_classic_operator to 2024-08-26 00:00:00+00:00, run_after=2024-08-27 00:00:00+00:00
[2024-08-27T22:32:15.889+0000] {processor.py:208} INFO - Processing /home/airflow/.local/lib/python3.12/site-packages/airflow/example_dags/example_outlet_event_extra.py took 0.767 seconds
[2024-08-27T22:32:46.551+0000] {processor.py:186} INFO - Started process (PID=445) to work on /home/airflow/.local/lib/python3.12/site-packages/airflow/example_dags/example_outlet_event_extra.py
[2024-08-27T22:32:46.552+0000] {processor.py:914} INFO - Processing file /home/airflow/.local/lib/python3.12/site-packages/airflow/example_dags/example_outlet_event_extra.py for tasks to queue
[2024-08-27T22:32:46.561+0000] {logging_mixin.py:190} INFO - [2024-08-27T22:32:46.561+0000] {dagbag.py:587} INFO - Filling up the DagBag from /home/airflow/.local/lib/python3.12/site-packages/airflow/example_dags/example_outlet_event_extra.py
[2024-08-27T22:32:47.175+0000] {processor.py:925} INFO - DAG(s) 'dataset_with_extra_by_yield', 'dataset_with_extra_by_context', 'dataset_with_extra_from_classic_operator' retrieved from /home/airflow/.local/lib/python3.12/site-packages/airflow/example_dags/example_outlet_event_extra.py
[2024-08-27T22:32:47.275+0000] {logging_mixin.py:190} INFO - [2024-08-27T22:32:47.275+0000] {dag.py:3211} INFO - Sync 3 DAGs
[2024-08-27T22:32:47.423+0000] {logging_mixin.py:190} INFO - [2024-08-27T22:32:47.422+0000] {dag.py:4138} INFO - Setting next_dagrun for dataset_with_extra_by_context to 2024-08-26 00:00:00+00:00, run_after=2024-08-27 00:00:00+00:00
[2024-08-27T22:32:47.456+0000] {logging_mixin.py:190} INFO - [2024-08-27T22:32:47.456+0000] {dag.py:4138} INFO - Setting next_dagrun for dataset_with_extra_by_yield to 2024-08-26 00:00:00+00:00, run_after=2024-08-27 00:00:00+00:00
[2024-08-27T22:32:47.472+0000] {logging_mixin.py:190} INFO - [2024-08-27T22:32:47.472+0000] {dag.py:4138} INFO - Setting next_dagrun for dataset_with_extra_from_classic_operator to 2024-08-26 00:00:00+00:00, run_after=2024-08-27 00:00:00+00:00
[2024-08-27T22:32:47.543+0000] {processor.py:208} INFO - Processing /home/airflow/.local/lib/python3.12/site-packages/airflow/example_dags/example_outlet_event_extra.py took 1.041 seconds
[2024-08-27T22:33:17.905+0000] {processor.py:186} INFO - Started process (PID=508) to work on /home/airflow/.local/lib/python3.12/site-packages/airflow/example_dags/example_outlet_event_extra.py
[2024-08-27T22:33:17.908+0000] {processor.py:914} INFO - Processing file /home/airflow/.local/lib/python3.12/site-packages/airflow/example_dags/example_outlet_event_extra.py for tasks to queue
[2024-08-27T22:33:17.910+0000] {logging_mixin.py:190} INFO - [2024-08-27T22:33:17.910+0000] {dagbag.py:587} INFO - Filling up the DagBag from /home/airflow/.local/lib/python3.12/site-packages/airflow/example_dags/example_outlet_event_extra.py
[2024-08-27T22:33:18.275+0000] {processor.py:925} INFO - DAG(s) 'dataset_with_extra_by_yield', 'dataset_with_extra_by_context', 'dataset_with_extra_from_classic_operator' retrieved from /home/airflow/.local/lib/python3.12/site-packages/airflow/example_dags/example_outlet_event_extra.py
[2024-08-27T22:33:18.311+0000] {logging_mixin.py:190} INFO - [2024-08-27T22:33:18.311+0000] {dag.py:3211} INFO - Sync 3 DAGs
[2024-08-27T22:33:18.338+0000] {logging_mixin.py:190} INFO - [2024-08-27T22:33:18.337+0000] {dag.py:4138} INFO - Setting next_dagrun for dataset_with_extra_by_context to 2024-08-26 00:00:00+00:00, run_after=2024-08-27 00:00:00+00:00
[2024-08-27T22:33:18.346+0000] {logging_mixin.py:190} INFO - [2024-08-27T22:33:18.345+0000] {dag.py:4138} INFO - Setting next_dagrun for dataset_with_extra_by_yield to 2024-08-26 00:00:00+00:00, run_after=2024-08-27 00:00:00+00:00
[2024-08-27T22:33:18.351+0000] {logging_mixin.py:190} INFO - [2024-08-27T22:33:18.350+0000] {dag.py:4138} INFO - Setting next_dagrun for dataset_with_extra_from_classic_operator to 2024-08-26 00:00:00+00:00, run_after=2024-08-27 00:00:00+00:00
[2024-08-27T22:33:18.384+0000] {processor.py:208} INFO - Processing /home/airflow/.local/lib/python3.12/site-packages/airflow/example_dags/example_outlet_event_extra.py took 0.487 seconds
[2024-08-27T22:33:48.552+0000] {processor.py:186} INFO - Started process (PID=570) to work on /home/airflow/.local/lib/python3.12/site-packages/airflow/example_dags/example_outlet_event_extra.py
[2024-08-27T22:33:48.556+0000] {processor.py:914} INFO - Processing file /home/airflow/.local/lib/python3.12/site-packages/airflow/example_dags/example_outlet_event_extra.py for tasks to queue
[2024-08-27T22:33:48.560+0000] {logging_mixin.py:190} INFO - [2024-08-27T22:33:48.559+0000] {dagbag.py:587} INFO - Filling up the DagBag from /home/airflow/.local/lib/python3.12/site-packages/airflow/example_dags/example_outlet_event_extra.py
[2024-08-27T22:33:49.451+0000] {processor.py:925} INFO - DAG(s) 'dataset_with_extra_by_context', 'dataset_with_extra_from_classic_operator', 'dataset_with_extra_by_yield' retrieved from /home/airflow/.local/lib/python3.12/site-packages/airflow/example_dags/example_outlet_event_extra.py
[2024-08-27T22:33:49.554+0000] {logging_mixin.py:190} INFO - [2024-08-27T22:33:49.554+0000] {dag.py:3211} INFO - Sync 3 DAGs
[2024-08-27T22:33:49.744+0000] {logging_mixin.py:190} INFO - [2024-08-27T22:33:49.741+0000] {dag.py:4138} INFO - Setting next_dagrun for dataset_with_extra_by_context to 2024-08-26 00:00:00+00:00, run_after=2024-08-27 00:00:00+00:00
[2024-08-27T22:33:49.757+0000] {logging_mixin.py:190} INFO - [2024-08-27T22:33:49.756+0000] {dag.py:4138} INFO - Setting next_dagrun for dataset_with_extra_by_yield to 2024-08-26 00:00:00+00:00, run_after=2024-08-27 00:00:00+00:00
[2024-08-27T22:33:49.778+0000] {logging_mixin.py:190} INFO - [2024-08-27T22:33:49.778+0000] {dag.py:4138} INFO - Setting next_dagrun for dataset_with_extra_from_classic_operator to 2024-08-26 00:00:00+00:00, run_after=2024-08-27 00:00:00+00:00
[2024-08-27T22:33:49.919+0000] {processor.py:208} INFO - Processing /home/airflow/.local/lib/python3.12/site-packages/airflow/example_dags/example_outlet_event_extra.py took 1.384 seconds
[2024-08-27T22:36:29.851+0000] {processor.py:186} INFO - Started process (PID=64) to work on /home/airflow/.local/lib/python3.12/site-packages/airflow/example_dags/example_outlet_event_extra.py
[2024-08-27T22:36:29.892+0000] {processor.py:914} INFO - Processing file /home/airflow/.local/lib/python3.12/site-packages/airflow/example_dags/example_outlet_event_extra.py for tasks to queue
[2024-08-27T22:36:29.918+0000] {logging_mixin.py:190} INFO - [2024-08-27T22:36:29.918+0000] {dagbag.py:587} INFO - Filling up the DagBag from /home/airflow/.local/lib/python3.12/site-packages/airflow/example_dags/example_outlet_event_extra.py
[2024-08-27T22:36:31.503+0000] {processor.py:925} INFO - DAG(s) 'dataset_with_extra_from_classic_operator', 'dataset_with_extra_by_yield', 'dataset_with_extra_by_context' retrieved from /home/airflow/.local/lib/python3.12/site-packages/airflow/example_dags/example_outlet_event_extra.py
[2024-08-27T22:36:32.094+0000] {logging_mixin.py:190} INFO - [2024-08-27T22:36:32.093+0000] {override.py:1858} INFO - Created Permission View: can delete on DAG:dataset_with_extra_from_classic_operator
[2024-08-27T22:36:32.134+0000] {logging_mixin.py:190} INFO - [2024-08-27T22:36:32.134+0000] {override.py:1858} INFO - Created Permission View: can edit on DAG:dataset_with_extra_from_classic_operator
[2024-08-27T22:36:32.160+0000] {logging_mixin.py:190} INFO - [2024-08-27T22:36:32.159+0000] {override.py:1858} INFO - Created Permission View: can read on DAG:dataset_with_extra_from_classic_operator
[2024-08-27T22:36:32.218+0000] {logging_mixin.py:190} INFO - [2024-08-27T22:36:32.217+0000] {override.py:1858} INFO - Created Permission View: can delete on DAG:dataset_with_extra_by_yield
[2024-08-27T22:36:32.240+0000] {logging_mixin.py:190} INFO - [2024-08-27T22:36:32.240+0000] {override.py:1858} INFO - Created Permission View: can edit on DAG:dataset_with_extra_by_yield
[2024-08-27T22:36:32.267+0000] {logging_mixin.py:190} INFO - [2024-08-27T22:36:32.267+0000] {override.py:1858} INFO - Created Permission View: can read on DAG:dataset_with_extra_by_yield
[2024-08-27T22:36:32.321+0000] {logging_mixin.py:190} INFO - [2024-08-27T22:36:32.321+0000] {override.py:1858} INFO - Created Permission View: can delete on DAG:dataset_with_extra_by_context
[2024-08-27T22:36:32.354+0000] {logging_mixin.py:190} INFO - [2024-08-27T22:36:32.353+0000] {override.py:1858} INFO - Created Permission View: can edit on DAG:dataset_with_extra_by_context
[2024-08-27T22:36:32.381+0000] {logging_mixin.py:190} INFO - [2024-08-27T22:36:32.381+0000] {override.py:1858} INFO - Created Permission View: can read on DAG:dataset_with_extra_by_context
[2024-08-27T22:36:32.382+0000] {logging_mixin.py:190} INFO - [2024-08-27T22:36:32.382+0000] {dag.py:3211} INFO - Sync 3 DAGs
[2024-08-27T22:36:32.435+0000] {logging_mixin.py:190} INFO - [2024-08-27T22:36:32.435+0000] {dag.py:3234} INFO - Creating ORM DAG for dataset_with_extra_by_yield
[2024-08-27T22:36:32.436+0000] {logging_mixin.py:190} INFO - [2024-08-27T22:36:32.436+0000] {dag.py:3234} INFO - Creating ORM DAG for dataset_with_extra_from_classic_operator
[2024-08-27T22:36:32.437+0000] {logging_mixin.py:190} INFO - [2024-08-27T22:36:32.437+0000] {dag.py:3234} INFO - Creating ORM DAG for dataset_with_extra_by_context
[2024-08-27T22:36:32.483+0000] {logging_mixin.py:190} INFO - [2024-08-27T22:36:32.483+0000] {dag.py:4138} INFO - Setting next_dagrun for dataset_with_extra_by_context to 2024-08-26 00:00:00+00:00, run_after=2024-08-27 00:00:00+00:00
[2024-08-27T22:36:32.491+0000] {logging_mixin.py:190} INFO - [2024-08-27T22:36:32.491+0000] {dag.py:4138} INFO - Setting next_dagrun for dataset_with_extra_by_yield to 2024-08-26 00:00:00+00:00, run_after=2024-08-27 00:00:00+00:00
[2024-08-27T22:36:32.502+0000] {logging_mixin.py:190} INFO - [2024-08-27T22:36:32.501+0000] {dag.py:4138} INFO - Setting next_dagrun for dataset_with_extra_from_classic_operator to 2024-08-26 00:00:00+00:00, run_after=2024-08-27 00:00:00+00:00
[2024-08-27T22:36:32.597+0000] {processor.py:208} INFO - Processing /home/airflow/.local/lib/python3.12/site-packages/airflow/example_dags/example_outlet_event_extra.py took 2.768 seconds
[2024-08-27T22:37:02.650+0000] {processor.py:186} INFO - Started process (PID=129) to work on /home/airflow/.local/lib/python3.12/site-packages/airflow/example_dags/example_outlet_event_extra.py
[2024-08-27T22:37:02.651+0000] {processor.py:914} INFO - Processing file /home/airflow/.local/lib/python3.12/site-packages/airflow/example_dags/example_outlet_event_extra.py for tasks to queue
[2024-08-27T22:37:02.654+0000] {logging_mixin.py:190} INFO - [2024-08-27T22:37:02.654+0000] {dagbag.py:587} INFO - Filling up the DagBag from /home/airflow/.local/lib/python3.12/site-packages/airflow/example_dags/example_outlet_event_extra.py
[2024-08-27T22:37:03.125+0000] {processor.py:925} INFO - DAG(s) 'dataset_with_extra_by_context', 'dataset_with_extra_by_yield', 'dataset_with_extra_from_classic_operator' retrieved from /home/airflow/.local/lib/python3.12/site-packages/airflow/example_dags/example_outlet_event_extra.py
[2024-08-27T22:37:03.185+0000] {logging_mixin.py:190} INFO - [2024-08-27T22:37:03.185+0000] {dag.py:3211} INFO - Sync 3 DAGs
[2024-08-27T22:37:03.232+0000] {logging_mixin.py:190} INFO - [2024-08-27T22:37:03.232+0000] {dag.py:4138} INFO - Setting next_dagrun for dataset_with_extra_by_context to 2024-08-26 00:00:00+00:00, run_after=2024-08-27 00:00:00+00:00
[2024-08-27T22:37:03.240+0000] {logging_mixin.py:190} INFO - [2024-08-27T22:37:03.239+0000] {dag.py:4138} INFO - Setting next_dagrun for dataset_with_extra_by_yield to 2024-08-26 00:00:00+00:00, run_after=2024-08-27 00:00:00+00:00
[2024-08-27T22:37:03.250+0000] {logging_mixin.py:190} INFO - [2024-08-27T22:37:03.249+0000] {dag.py:4138} INFO - Setting next_dagrun for dataset_with_extra_from_classic_operator to 2024-08-26 00:00:00+00:00, run_after=2024-08-27 00:00:00+00:00
[2024-08-27T22:37:03.329+0000] {processor.py:208} INFO - Processing /home/airflow/.local/lib/python3.12/site-packages/airflow/example_dags/example_outlet_event_extra.py took 0.687 seconds
[2024-08-27T22:37:33.747+0000] {processor.py:186} INFO - Started process (PID=191) to work on /home/airflow/.local/lib/python3.12/site-packages/airflow/example_dags/example_outlet_event_extra.py
[2024-08-27T22:37:33.748+0000] {processor.py:914} INFO - Processing file /home/airflow/.local/lib/python3.12/site-packages/airflow/example_dags/example_outlet_event_extra.py for tasks to queue
[2024-08-27T22:37:33.751+0000] {logging_mixin.py:190} INFO - [2024-08-27T22:37:33.751+0000] {dagbag.py:587} INFO - Filling up the DagBag from /home/airflow/.local/lib/python3.12/site-packages/airflow/example_dags/example_outlet_event_extra.py
[2024-08-27T22:37:34.006+0000] {processor.py:925} INFO - DAG(s) 'dataset_with_extra_from_classic_operator', 'dataset_with_extra_by_context', 'dataset_with_extra_by_yield' retrieved from /home/airflow/.local/lib/python3.12/site-packages/airflow/example_dags/example_outlet_event_extra.py
[2024-08-27T22:37:34.063+0000] {logging_mixin.py:190} INFO - [2024-08-27T22:37:34.063+0000] {dag.py:3211} INFO - Sync 3 DAGs
[2024-08-27T22:37:34.105+0000] {logging_mixin.py:190} INFO - [2024-08-27T22:37:34.104+0000] {dag.py:4138} INFO - Setting next_dagrun for dataset_with_extra_by_context to 2024-08-26 00:00:00+00:00, run_after=2024-08-27 00:00:00+00:00
[2024-08-27T22:37:34.115+0000] {logging_mixin.py:190} INFO - [2024-08-27T22:37:34.114+0000] {dag.py:4138} INFO - Setting next_dagrun for dataset_with_extra_by_yield to 2024-08-26 00:00:00+00:00, run_after=2024-08-27 00:00:00+00:00
[2024-08-27T22:37:34.119+0000] {logging_mixin.py:190} INFO - [2024-08-27T22:37:34.119+0000] {dag.py:4138} INFO - Setting next_dagrun for dataset_with_extra_from_classic_operator to 2024-08-26 00:00:00+00:00, run_after=2024-08-27 00:00:00+00:00
[2024-08-27T22:37:34.162+0000] {processor.py:208} INFO - Processing /home/airflow/.local/lib/python3.12/site-packages/airflow/example_dags/example_outlet_event_extra.py took 0.422 seconds
