[2024-08-27T22:30:02.475+0000] {processor.py:186} INFO - Started process (PID=109) to work on /home/airflow/.local/lib/python3.12/site-packages/airflow/example_dags/example_branch_datetime_operator.py
[2024-08-27T22:30:02.475+0000] {processor.py:914} INFO - Processing file /home/airflow/.local/lib/python3.12/site-packages/airflow/example_dags/example_branch_datetime_operator.py for tasks to queue
[2024-08-27T22:30:02.478+0000] {logging_mixin.py:190} INFO - [2024-08-27T22:30:02.477+0000] {dagbag.py:587} INFO - Filling up the DagBag from /home/airflow/.local/lib/python3.12/site-packages/airflow/example_dags/example_branch_datetime_operator.py
[2024-08-27T22:30:02.500+0000] {processor.py:925} INFO - DAG(s) 'example_branch_datetime_operator_3', 'example_branch_datetime_operator', 'example_branch_datetime_operator_2' retrieved from /home/airflow/.local/lib/python3.12/site-packages/airflow/example_dags/example_branch_datetime_operator.py
[2024-08-27T22:30:02.702+0000] {logging_mixin.py:190} INFO - [2024-08-27T22:30:02.701+0000] {override.py:1858} INFO - Created Permission View: can edit on DAG:example_branch_datetime_operator_3
[2024-08-27T22:30:02.723+0000] {logging_mixin.py:190} INFO - [2024-08-27T22:30:02.723+0000] {override.py:1858} INFO - Created Permission View: can delete on DAG:example_branch_datetime_operator_3
[2024-08-27T22:30:02.739+0000] {logging_mixin.py:190} INFO - [2024-08-27T22:30:02.738+0000] {override.py:1858} INFO - Created Permission View: can read on DAG:example_branch_datetime_operator_3
[2024-08-27T22:30:02.759+0000] {logging_mixin.py:190} INFO - [2024-08-27T22:30:02.758+0000] {override.py:1858} INFO - Created Permission View: can edit on DAG:example_branch_datetime_operator
[2024-08-27T22:30:02.770+0000] {logging_mixin.py:190} INFO - [2024-08-27T22:30:02.769+0000] {override.py:1858} INFO - Created Permission View: can delete on DAG:example_branch_datetime_operator
[2024-08-27T22:30:02.780+0000] {logging_mixin.py:190} INFO - [2024-08-27T22:30:02.780+0000] {override.py:1858} INFO - Created Permission View: can read on DAG:example_branch_datetime_operator
[2024-08-27T22:30:02.803+0000] {logging_mixin.py:190} INFO - [2024-08-27T22:30:02.803+0000] {override.py:1858} INFO - Created Permission View: can edit on DAG:example_branch_datetime_operator_2
[2024-08-27T22:30:02.815+0000] {logging_mixin.py:190} INFO - [2024-08-27T22:30:02.815+0000] {override.py:1858} INFO - Created Permission View: can delete on DAG:example_branch_datetime_operator_2
[2024-08-27T22:30:02.827+0000] {logging_mixin.py:190} INFO - [2024-08-27T22:30:02.826+0000] {override.py:1858} INFO - Created Permission View: can read on DAG:example_branch_datetime_operator_2
[2024-08-27T22:30:02.827+0000] {logging_mixin.py:190} INFO - [2024-08-27T22:30:02.827+0000] {dag.py:3211} INFO - Sync 3 DAGs
[2024-08-27T22:30:02.854+0000] {logging_mixin.py:190} INFO - [2024-08-27T22:30:02.847+0000] {dag.py:3234} INFO - Creating ORM DAG for example_branch_datetime_operator
[2024-08-27T22:30:02.855+0000] {logging_mixin.py:190} INFO - [2024-08-27T22:30:02.855+0000] {dag.py:3234} INFO - Creating ORM DAG for example_branch_datetime_operator_3
[2024-08-27T22:30:02.856+0000] {logging_mixin.py:190} INFO - [2024-08-27T22:30:02.856+0000] {dag.py:3234} INFO - Creating ORM DAG for example_branch_datetime_operator_2
[2024-08-27T22:30:02.871+0000] {logging_mixin.py:190} INFO - [2024-08-27T22:30:02.871+0000] {dag.py:4138} INFO - Setting next_dagrun for example_branch_datetime_operator to 2024-08-26 00:00:00+00:00, run_after=2024-08-27 00:00:00+00:00
[2024-08-27T22:30:02.874+0000] {logging_mixin.py:190} INFO - [2024-08-27T22:30:02.873+0000] {dag.py:4138} INFO - Setting next_dagrun for example_branch_datetime_operator_2 to 2024-08-26 00:00:00+00:00, run_after=2024-08-27 00:00:00+00:00
[2024-08-27T22:30:02.877+0000] {logging_mixin.py:190} INFO - [2024-08-27T22:30:02.876+0000] {dag.py:4138} INFO - Setting next_dagrun for example_branch_datetime_operator_3 to 2024-08-26 00:00:00+00:00, run_after=2024-08-27 00:00:00+00:00
[2024-08-27T22:30:02.903+0000] {processor.py:208} INFO - Processing /home/airflow/.local/lib/python3.12/site-packages/airflow/example_dags/example_branch_datetime_operator.py took 0.437 seconds
[2024-08-27T22:30:33.294+0000] {processor.py:186} INFO - Started process (PID=172) to work on /home/airflow/.local/lib/python3.12/site-packages/airflow/example_dags/example_branch_datetime_operator.py
[2024-08-27T22:30:33.295+0000] {processor.py:914} INFO - Processing file /home/airflow/.local/lib/python3.12/site-packages/airflow/example_dags/example_branch_datetime_operator.py for tasks to queue
[2024-08-27T22:30:33.299+0000] {logging_mixin.py:190} INFO - [2024-08-27T22:30:33.299+0000] {dagbag.py:587} INFO - Filling up the DagBag from /home/airflow/.local/lib/python3.12/site-packages/airflow/example_dags/example_branch_datetime_operator.py
[2024-08-27T22:30:33.316+0000] {processor.py:925} INFO - DAG(s) 'example_branch_datetime_operator_3', 'example_branch_datetime_operator_2', 'example_branch_datetime_operator' retrieved from /home/airflow/.local/lib/python3.12/site-packages/airflow/example_dags/example_branch_datetime_operator.py
[2024-08-27T22:30:33.373+0000] {logging_mixin.py:190} INFO - [2024-08-27T22:30:33.373+0000] {dag.py:3211} INFO - Sync 3 DAGs
[2024-08-27T22:30:33.416+0000] {logging_mixin.py:190} INFO - [2024-08-27T22:30:33.416+0000] {dag.py:4138} INFO - Setting next_dagrun for example_branch_datetime_operator to 2024-08-26 00:00:00+00:00, run_after=2024-08-27 00:00:00+00:00
[2024-08-27T22:30:33.430+0000] {logging_mixin.py:190} INFO - [2024-08-27T22:30:33.429+0000] {dag.py:4138} INFO - Setting next_dagrun for example_branch_datetime_operator_2 to 2024-08-26 00:00:00+00:00, run_after=2024-08-27 00:00:00+00:00
[2024-08-27T22:30:33.434+0000] {logging_mixin.py:190} INFO - [2024-08-27T22:30:33.434+0000] {dag.py:4138} INFO - Setting next_dagrun for example_branch_datetime_operator_3 to 2024-08-26 00:00:00+00:00, run_after=2024-08-27 00:00:00+00:00
[2024-08-27T22:30:33.488+0000] {processor.py:208} INFO - Processing /home/airflow/.local/lib/python3.12/site-packages/airflow/example_dags/example_branch_datetime_operator.py took 0.200 seconds
[2024-08-27T22:30:54.641+0000] {processor.py:186} INFO - Started process (PID=235) to work on /home/airflow/.local/lib/python3.12/site-packages/airflow/example_dags/example_branch_datetime_operator.py
[2024-08-27T22:30:54.652+0000] {processor.py:914} INFO - Processing file /home/airflow/.local/lib/python3.12/site-packages/airflow/example_dags/example_branch_datetime_operator.py for tasks to queue
[2024-08-27T22:30:54.655+0000] {logging_mixin.py:190} INFO - [2024-08-27T22:30:54.655+0000] {dagbag.py:587} INFO - Filling up the DagBag from /home/airflow/.local/lib/python3.12/site-packages/airflow/example_dags/example_branch_datetime_operator.py
[2024-08-27T22:30:54.746+0000] {processor.py:925} INFO - DAG(s) 'example_branch_datetime_operator', 'example_branch_datetime_operator_3', 'example_branch_datetime_operator_2' retrieved from /home/airflow/.local/lib/python3.12/site-packages/airflow/example_dags/example_branch_datetime_operator.py
[2024-08-27T22:30:54.954+0000] {logging_mixin.py:190} INFO - [2024-08-27T22:30:54.954+0000] {dag.py:3211} INFO - Sync 3 DAGs
[2024-08-27T22:30:55.104+0000] {logging_mixin.py:190} INFO - [2024-08-27T22:30:55.104+0000] {dag.py:4138} INFO - Setting next_dagrun for example_branch_datetime_operator to 2024-08-26 00:00:00+00:00, run_after=2024-08-27 00:00:00+00:00
[2024-08-27T22:30:55.144+0000] {logging_mixin.py:190} INFO - [2024-08-27T22:30:55.143+0000] {dag.py:4138} INFO - Setting next_dagrun for example_branch_datetime_operator_2 to 2024-08-26 00:00:00+00:00, run_after=2024-08-27 00:00:00+00:00
[2024-08-27T22:30:55.161+0000] {logging_mixin.py:190} INFO - [2024-08-27T22:30:55.161+0000] {dag.py:4138} INFO - Setting next_dagrun for example_branch_datetime_operator_3 to 2024-08-26 00:00:00+00:00, run_after=2024-08-27 00:00:00+00:00
[2024-08-27T22:30:55.298+0000] {processor.py:208} INFO - Processing /home/airflow/.local/lib/python3.12/site-packages/airflow/example_dags/example_branch_datetime_operator.py took 0.692 seconds
[2024-08-27T22:31:25.930+0000] {processor.py:186} INFO - Started process (PID=297) to work on /home/airflow/.local/lib/python3.12/site-packages/airflow/example_dags/example_branch_datetime_operator.py
[2024-08-27T22:31:25.932+0000] {processor.py:914} INFO - Processing file /home/airflow/.local/lib/python3.12/site-packages/airflow/example_dags/example_branch_datetime_operator.py for tasks to queue
[2024-08-27T22:31:25.934+0000] {logging_mixin.py:190} INFO - [2024-08-27T22:31:25.934+0000] {dagbag.py:587} INFO - Filling up the DagBag from /home/airflow/.local/lib/python3.12/site-packages/airflow/example_dags/example_branch_datetime_operator.py
[2024-08-27T22:31:25.965+0000] {processor.py:925} INFO - DAG(s) 'example_branch_datetime_operator', 'example_branch_datetime_operator_3', 'example_branch_datetime_operator_2' retrieved from /home/airflow/.local/lib/python3.12/site-packages/airflow/example_dags/example_branch_datetime_operator.py
[2024-08-27T22:31:26.025+0000] {logging_mixin.py:190} INFO - [2024-08-27T22:31:26.024+0000] {dag.py:3211} INFO - Sync 3 DAGs
[2024-08-27T22:31:26.078+0000] {logging_mixin.py:190} INFO - [2024-08-27T22:31:26.078+0000] {dag.py:4138} INFO - Setting next_dagrun for example_branch_datetime_operator to 2024-08-26 00:00:00+00:00, run_after=2024-08-27 00:00:00+00:00
[2024-08-27T22:31:26.095+0000] {logging_mixin.py:190} INFO - [2024-08-27T22:31:26.094+0000] {dag.py:4138} INFO - Setting next_dagrun for example_branch_datetime_operator_2 to 2024-08-26 00:00:00+00:00, run_after=2024-08-27 00:00:00+00:00
[2024-08-27T22:31:26.099+0000] {logging_mixin.py:190} INFO - [2024-08-27T22:31:26.098+0000] {dag.py:4138} INFO - Setting next_dagrun for example_branch_datetime_operator_3 to 2024-08-26 00:00:00+00:00, run_after=2024-08-27 00:00:00+00:00
[2024-08-27T22:31:26.143+0000] {processor.py:208} INFO - Processing /home/airflow/.local/lib/python3.12/site-packages/airflow/example_dags/example_branch_datetime_operator.py took 0.222 seconds
[2024-08-27T22:31:56.465+0000] {processor.py:186} INFO - Started process (PID=358) to work on /home/airflow/.local/lib/python3.12/site-packages/airflow/example_dags/example_branch_datetime_operator.py
[2024-08-27T22:31:56.475+0000] {processor.py:914} INFO - Processing file /home/airflow/.local/lib/python3.12/site-packages/airflow/example_dags/example_branch_datetime_operator.py for tasks to queue
[2024-08-27T22:31:56.497+0000] {logging_mixin.py:190} INFO - [2024-08-27T22:31:56.497+0000] {dagbag.py:587} INFO - Filling up the DagBag from /home/airflow/.local/lib/python3.12/site-packages/airflow/example_dags/example_branch_datetime_operator.py
[2024-08-27T22:31:56.618+0000] {processor.py:925} INFO - DAG(s) 'example_branch_datetime_operator_2', 'example_branch_datetime_operator_3', 'example_branch_datetime_operator' retrieved from /home/airflow/.local/lib/python3.12/site-packages/airflow/example_dags/example_branch_datetime_operator.py
[2024-08-27T22:31:56.771+0000] {logging_mixin.py:190} INFO - [2024-08-27T22:31:56.770+0000] {dag.py:3211} INFO - Sync 3 DAGs
[2024-08-27T22:31:56.874+0000] {logging_mixin.py:190} INFO - [2024-08-27T22:31:56.864+0000] {dag.py:4138} INFO - Setting next_dagrun for example_branch_datetime_operator to 2024-08-26 00:00:00+00:00, run_after=2024-08-27 00:00:00+00:00
[2024-08-27T22:31:56.892+0000] {logging_mixin.py:190} INFO - [2024-08-27T22:31:56.892+0000] {dag.py:4138} INFO - Setting next_dagrun for example_branch_datetime_operator_2 to 2024-08-26 00:00:00+00:00, run_after=2024-08-27 00:00:00+00:00
[2024-08-27T22:31:56.900+0000] {logging_mixin.py:190} INFO - [2024-08-27T22:31:56.900+0000] {dag.py:4138} INFO - Setting next_dagrun for example_branch_datetime_operator_3 to 2024-08-26 00:00:00+00:00, run_after=2024-08-27 00:00:00+00:00
[2024-08-27T22:31:56.959+0000] {processor.py:208} INFO - Processing /home/airflow/.local/lib/python3.12/site-packages/airflow/example_dags/example_branch_datetime_operator.py took 0.507 seconds
[2024-08-27T22:32:27.190+0000] {processor.py:186} INFO - Started process (PID=420) to work on /home/airflow/.local/lib/python3.12/site-packages/airflow/example_dags/example_branch_datetime_operator.py
[2024-08-27T22:32:27.191+0000] {processor.py:914} INFO - Processing file /home/airflow/.local/lib/python3.12/site-packages/airflow/example_dags/example_branch_datetime_operator.py for tasks to queue
[2024-08-27T22:32:27.196+0000] {logging_mixin.py:190} INFO - [2024-08-27T22:32:27.193+0000] {dagbag.py:587} INFO - Filling up the DagBag from /home/airflow/.local/lib/python3.12/site-packages/airflow/example_dags/example_branch_datetime_operator.py
[2024-08-27T22:32:27.216+0000] {processor.py:925} INFO - DAG(s) 'example_branch_datetime_operator_3', 'example_branch_datetime_operator_2', 'example_branch_datetime_operator' retrieved from /home/airflow/.local/lib/python3.12/site-packages/airflow/example_dags/example_branch_datetime_operator.py
[2024-08-27T22:32:27.337+0000] {logging_mixin.py:190} INFO - [2024-08-27T22:32:27.337+0000] {dag.py:3211} INFO - Sync 3 DAGs
[2024-08-27T22:32:27.441+0000] {logging_mixin.py:190} INFO - [2024-08-27T22:32:27.441+0000] {dag.py:4138} INFO - Setting next_dagrun for example_branch_datetime_operator to 2024-08-26 00:00:00+00:00, run_after=2024-08-27 00:00:00+00:00
[2024-08-27T22:32:27.455+0000] {logging_mixin.py:190} INFO - [2024-08-27T22:32:27.454+0000] {dag.py:4138} INFO - Setting next_dagrun for example_branch_datetime_operator_2 to 2024-08-26 00:00:00+00:00, run_after=2024-08-27 00:00:00+00:00
[2024-08-27T22:32:27.460+0000] {logging_mixin.py:190} INFO - [2024-08-27T22:32:27.460+0000] {dag.py:4138} INFO - Setting next_dagrun for example_branch_datetime_operator_3 to 2024-08-26 00:00:00+00:00, run_after=2024-08-27 00:00:00+00:00
[2024-08-27T22:32:27.519+0000] {processor.py:208} INFO - Processing /home/airflow/.local/lib/python3.12/site-packages/airflow/example_dags/example_branch_datetime_operator.py took 0.336 seconds
[2024-08-27T22:32:58.033+0000] {processor.py:186} INFO - Started process (PID=482) to work on /home/airflow/.local/lib/python3.12/site-packages/airflow/example_dags/example_branch_datetime_operator.py
[2024-08-27T22:32:58.035+0000] {processor.py:914} INFO - Processing file /home/airflow/.local/lib/python3.12/site-packages/airflow/example_dags/example_branch_datetime_operator.py for tasks to queue
[2024-08-27T22:32:58.038+0000] {logging_mixin.py:190} INFO - [2024-08-27T22:32:58.037+0000] {dagbag.py:587} INFO - Filling up the DagBag from /home/airflow/.local/lib/python3.12/site-packages/airflow/example_dags/example_branch_datetime_operator.py
[2024-08-27T22:32:58.052+0000] {processor.py:925} INFO - DAG(s) 'example_branch_datetime_operator_3', 'example_branch_datetime_operator_2', 'example_branch_datetime_operator' retrieved from /home/airflow/.local/lib/python3.12/site-packages/airflow/example_dags/example_branch_datetime_operator.py
[2024-08-27T22:32:58.132+0000] {logging_mixin.py:190} INFO - [2024-08-27T22:32:58.132+0000] {dag.py:3211} INFO - Sync 3 DAGs
[2024-08-27T22:32:58.216+0000] {logging_mixin.py:190} INFO - [2024-08-27T22:32:58.214+0000] {dag.py:4138} INFO - Setting next_dagrun for example_branch_datetime_operator to 2024-08-26 00:00:00+00:00, run_after=2024-08-27 00:00:00+00:00
[2024-08-27T22:32:58.232+0000] {logging_mixin.py:190} INFO - [2024-08-27T22:32:58.231+0000] {dag.py:4138} INFO - Setting next_dagrun for example_branch_datetime_operator_2 to 2024-08-26 00:00:00+00:00, run_after=2024-08-27 00:00:00+00:00
[2024-08-27T22:32:58.240+0000] {logging_mixin.py:190} INFO - [2024-08-27T22:32:58.240+0000] {dag.py:4138} INFO - Setting next_dagrun for example_branch_datetime_operator_3 to 2024-08-26 00:00:00+00:00, run_after=2024-08-27 00:00:00+00:00
[2024-08-27T22:32:58.291+0000] {processor.py:208} INFO - Processing /home/airflow/.local/lib/python3.12/site-packages/airflow/example_dags/example_branch_datetime_operator.py took 0.264 seconds
[2024-08-27T22:33:28.432+0000] {processor.py:186} INFO - Started process (PID=544) to work on /home/airflow/.local/lib/python3.12/site-packages/airflow/example_dags/example_branch_datetime_operator.py
[2024-08-27T22:33:28.437+0000] {processor.py:914} INFO - Processing file /home/airflow/.local/lib/python3.12/site-packages/airflow/example_dags/example_branch_datetime_operator.py for tasks to queue
[2024-08-27T22:33:28.439+0000] {logging_mixin.py:190} INFO - [2024-08-27T22:33:28.439+0000] {dagbag.py:587} INFO - Filling up the DagBag from /home/airflow/.local/lib/python3.12/site-packages/airflow/example_dags/example_branch_datetime_operator.py
[2024-08-27T22:33:28.466+0000] {processor.py:925} INFO - DAG(s) 'example_branch_datetime_operator_3', 'example_branch_datetime_operator', 'example_branch_datetime_operator_2' retrieved from /home/airflow/.local/lib/python3.12/site-packages/airflow/example_dags/example_branch_datetime_operator.py
[2024-08-27T22:33:28.544+0000] {logging_mixin.py:190} INFO - [2024-08-27T22:33:28.543+0000] {dag.py:3211} INFO - Sync 3 DAGs
[2024-08-27T22:33:28.598+0000] {logging_mixin.py:190} INFO - [2024-08-27T22:33:28.597+0000] {dag.py:4138} INFO - Setting next_dagrun for example_branch_datetime_operator to 2024-08-26 00:00:00+00:00, run_after=2024-08-27 00:00:00+00:00
[2024-08-27T22:33:28.608+0000] {logging_mixin.py:190} INFO - [2024-08-27T22:33:28.607+0000] {dag.py:4138} INFO - Setting next_dagrun for example_branch_datetime_operator_2 to 2024-08-26 00:00:00+00:00, run_after=2024-08-27 00:00:00+00:00
[2024-08-27T22:33:28.612+0000] {logging_mixin.py:190} INFO - [2024-08-27T22:33:28.612+0000] {dag.py:4138} INFO - Setting next_dagrun for example_branch_datetime_operator_3 to 2024-08-26 00:00:00+00:00, run_after=2024-08-27 00:00:00+00:00
[2024-08-27T22:33:28.646+0000] {processor.py:208} INFO - Processing /home/airflow/.local/lib/python3.12/site-packages/airflow/example_dags/example_branch_datetime_operator.py took 0.233 seconds
[2024-08-27T22:36:49.110+0000] {processor.py:186} INFO - Started process (PID=109) to work on /home/airflow/.local/lib/python3.12/site-packages/airflow/example_dags/example_branch_datetime_operator.py
[2024-08-27T22:36:49.127+0000] {processor.py:914} INFO - Processing file /home/airflow/.local/lib/python3.12/site-packages/airflow/example_dags/example_branch_datetime_operator.py for tasks to queue
[2024-08-27T22:36:49.142+0000] {logging_mixin.py:190} INFO - [2024-08-27T22:36:49.141+0000] {dagbag.py:587} INFO - Filling up the DagBag from /home/airflow/.local/lib/python3.12/site-packages/airflow/example_dags/example_branch_datetime_operator.py
[2024-08-27T22:36:49.236+0000] {processor.py:925} INFO - DAG(s) 'example_branch_datetime_operator', 'example_branch_datetime_operator_3', 'example_branch_datetime_operator_2' retrieved from /home/airflow/.local/lib/python3.12/site-packages/airflow/example_dags/example_branch_datetime_operator.py
[2024-08-27T22:36:49.984+0000] {logging_mixin.py:190} INFO - [2024-08-27T22:36:49.983+0000] {override.py:1858} INFO - Created Permission View: can delete on DAG:example_branch_datetime_operator
[2024-08-27T22:36:49.999+0000] {logging_mixin.py:190} INFO - [2024-08-27T22:36:49.997+0000] {override.py:1858} INFO - Created Permission View: can edit on DAG:example_branch_datetime_operator
[2024-08-27T22:36:50.025+0000] {logging_mixin.py:190} INFO - [2024-08-27T22:36:50.024+0000] {override.py:1858} INFO - Created Permission View: can read on DAG:example_branch_datetime_operator
[2024-08-27T22:36:50.081+0000] {logging_mixin.py:190} INFO - [2024-08-27T22:36:50.073+0000] {override.py:1858} INFO - Created Permission View: can delete on DAG:example_branch_datetime_operator_3
[2024-08-27T22:36:50.109+0000] {logging_mixin.py:190} INFO - [2024-08-27T22:36:50.109+0000] {override.py:1858} INFO - Created Permission View: can edit on DAG:example_branch_datetime_operator_3
[2024-08-27T22:36:50.159+0000] {logging_mixin.py:190} INFO - [2024-08-27T22:36:50.158+0000] {override.py:1858} INFO - Created Permission View: can read on DAG:example_branch_datetime_operator_3
[2024-08-27T22:36:50.311+0000] {logging_mixin.py:190} INFO - [2024-08-27T22:36:50.310+0000] {override.py:1858} INFO - Created Permission View: can delete on DAG:example_branch_datetime_operator_2
[2024-08-27T22:36:50.362+0000] {logging_mixin.py:190} INFO - [2024-08-27T22:36:50.362+0000] {override.py:1858} INFO - Created Permission View: can edit on DAG:example_branch_datetime_operator_2
[2024-08-27T22:36:50.408+0000] {logging_mixin.py:190} INFO - [2024-08-27T22:36:50.408+0000] {override.py:1858} INFO - Created Permission View: can read on DAG:example_branch_datetime_operator_2
[2024-08-27T22:36:50.409+0000] {logging_mixin.py:190} INFO - [2024-08-27T22:36:50.409+0000] {dag.py:3211} INFO - Sync 3 DAGs
[2024-08-27T22:36:50.528+0000] {logging_mixin.py:190} INFO - [2024-08-27T22:36:50.526+0000] {dag.py:3234} INFO - Creating ORM DAG for example_branch_datetime_operator
[2024-08-27T22:36:50.541+0000] {logging_mixin.py:190} INFO - [2024-08-27T22:36:50.540+0000] {dag.py:3234} INFO - Creating ORM DAG for example_branch_datetime_operator_3
[2024-08-27T22:36:50.541+0000] {logging_mixin.py:190} INFO - [2024-08-27T22:36:50.541+0000] {dag.py:3234} INFO - Creating ORM DAG for example_branch_datetime_operator_2
[2024-08-27T22:36:50.619+0000] {logging_mixin.py:190} INFO - [2024-08-27T22:36:50.618+0000] {dag.py:4138} INFO - Setting next_dagrun for example_branch_datetime_operator to 2024-08-26 00:00:00+00:00, run_after=2024-08-27 00:00:00+00:00
[2024-08-27T22:36:50.621+0000] {logging_mixin.py:190} INFO - [2024-08-27T22:36:50.621+0000] {dag.py:4138} INFO - Setting next_dagrun for example_branch_datetime_operator_2 to 2024-08-26 00:00:00+00:00, run_after=2024-08-27 00:00:00+00:00
[2024-08-27T22:36:50.649+0000] {logging_mixin.py:190} INFO - [2024-08-27T22:36:50.648+0000] {dag.py:4138} INFO - Setting next_dagrun for example_branch_datetime_operator_3 to 2024-08-26 00:00:00+00:00, run_after=2024-08-27 00:00:00+00:00
[2024-08-27T22:36:50.725+0000] {processor.py:208} INFO - Processing /home/airflow/.local/lib/python3.12/site-packages/airflow/example_dags/example_branch_datetime_operator.py took 1.639 seconds
[2024-08-27T22:37:21.513+0000] {processor.py:186} INFO - Started process (PID=171) to work on /home/airflow/.local/lib/python3.12/site-packages/airflow/example_dags/example_branch_datetime_operator.py
[2024-08-27T22:37:21.515+0000] {processor.py:914} INFO - Processing file /home/airflow/.local/lib/python3.12/site-packages/airflow/example_dags/example_branch_datetime_operator.py for tasks to queue
[2024-08-27T22:37:21.517+0000] {logging_mixin.py:190} INFO - [2024-08-27T22:37:21.517+0000] {dagbag.py:587} INFO - Filling up the DagBag from /home/airflow/.local/lib/python3.12/site-packages/airflow/example_dags/example_branch_datetime_operator.py
[2024-08-27T22:37:21.564+0000] {processor.py:925} INFO - DAG(s) 'example_branch_datetime_operator_3', 'example_branch_datetime_operator_2', 'example_branch_datetime_operator' retrieved from /home/airflow/.local/lib/python3.12/site-packages/airflow/example_dags/example_branch_datetime_operator.py
[2024-08-27T22:37:21.664+0000] {logging_mixin.py:190} INFO - [2024-08-27T22:37:21.664+0000] {dag.py:3211} INFO - Sync 3 DAGs
[2024-08-27T22:37:21.705+0000] {logging_mixin.py:190} INFO - [2024-08-27T22:37:21.705+0000] {dag.py:4138} INFO - Setting next_dagrun for example_branch_datetime_operator to 2024-08-26 00:00:00+00:00, run_after=2024-08-27 00:00:00+00:00
[2024-08-27T22:37:21.716+0000] {logging_mixin.py:190} INFO - [2024-08-27T22:37:21.716+0000] {dag.py:4138} INFO - Setting next_dagrun for example_branch_datetime_operator_2 to 2024-08-26 00:00:00+00:00, run_after=2024-08-27 00:00:00+00:00
[2024-08-27T22:37:21.720+0000] {logging_mixin.py:190} INFO - [2024-08-27T22:37:21.720+0000] {dag.py:4138} INFO - Setting next_dagrun for example_branch_datetime_operator_3 to 2024-08-26 00:00:00+00:00, run_after=2024-08-27 00:00:00+00:00
[2024-08-27T22:37:21.771+0000] {processor.py:208} INFO - Processing /home/airflow/.local/lib/python3.12/site-packages/airflow/example_dags/example_branch_datetime_operator.py took 0.265 seconds
