[2024-08-27T22:29:59.420+0000] {processor.py:186} INFO - Started process (PID=96) to work on /home/airflow/.local/lib/python3.12/site-packages/airflow/example_dags/example_branch_python_dop_operator_3.py
[2024-08-27T22:29:59.421+0000] {processor.py:914} INFO - Processing file /home/airflow/.local/lib/python3.12/site-packages/airflow/example_dags/example_branch_python_dop_operator_3.py for tasks to queue
[2024-08-27T22:29:59.423+0000] {logging_mixin.py:190} INFO - [2024-08-27T22:29:59.423+0000] {dagbag.py:587} INFO - Filling up the DagBag from /home/airflow/.local/lib/python3.12/site-packages/airflow/example_dags/example_branch_python_dop_operator_3.py
[2024-08-27T22:29:59.436+0000] {processor.py:925} INFO - DAG(s) 'example_branch_dop_operator_v3' retrieved from /home/airflow/.local/lib/python3.12/site-packages/airflow/example_dags/example_branch_python_dop_operator_3.py
[2024-08-27T22:29:59.549+0000] {logging_mixin.py:190} INFO - [2024-08-27T22:29:59.548+0000] {override.py:1858} INFO - Created Permission View: can edit on DAG:example_branch_dop_operator_v3
[2024-08-27T22:29:59.558+0000] {logging_mixin.py:190} INFO - [2024-08-27T22:29:59.558+0000] {override.py:1858} INFO - Created Permission View: can delete on DAG:example_branch_dop_operator_v3
[2024-08-27T22:29:59.565+0000] {logging_mixin.py:190} INFO - [2024-08-27T22:29:59.564+0000] {override.py:1858} INFO - Created Permission View: can read on DAG:example_branch_dop_operator_v3
[2024-08-27T22:29:59.565+0000] {logging_mixin.py:190} INFO - [2024-08-27T22:29:59.565+0000] {dag.py:3211} INFO - Sync 1 DAGs
[2024-08-27T22:29:59.583+0000] {logging_mixin.py:190} INFO - [2024-08-27T22:29:59.583+0000] {dag.py:3234} INFO - Creating ORM DAG for example_branch_dop_operator_v3
[2024-08-27T22:29:59.598+0000] {logging_mixin.py:190} INFO - [2024-08-27T22:29:59.598+0000] {dag.py:4138} INFO - Setting next_dagrun for example_branch_dop_operator_v3 to 2024-08-27 22:28:00+00:00, run_after=2024-08-27 22:29:00+00:00
[2024-08-27T22:29:59.622+0000] {processor.py:208} INFO - Processing /home/airflow/.local/lib/python3.12/site-packages/airflow/example_dags/example_branch_python_dop_operator_3.py took 0.207 seconds
[2024-08-27T22:30:30.490+0000] {processor.py:186} INFO - Started process (PID=159) to work on /home/airflow/.local/lib/python3.12/site-packages/airflow/example_dags/example_branch_python_dop_operator_3.py
[2024-08-27T22:30:30.491+0000] {processor.py:914} INFO - Processing file /home/airflow/.local/lib/python3.12/site-packages/airflow/example_dags/example_branch_python_dop_operator_3.py for tasks to queue
[2024-08-27T22:30:30.496+0000] {logging_mixin.py:190} INFO - [2024-08-27T22:30:30.495+0000] {dagbag.py:587} INFO - Filling up the DagBag from /home/airflow/.local/lib/python3.12/site-packages/airflow/example_dags/example_branch_python_dop_operator_3.py
[2024-08-27T22:30:30.512+0000] {processor.py:925} INFO - DAG(s) 'example_branch_dop_operator_v3' retrieved from /home/airflow/.local/lib/python3.12/site-packages/airflow/example_dags/example_branch_python_dop_operator_3.py
[2024-08-27T22:30:30.542+0000] {logging_mixin.py:190} INFO - [2024-08-27T22:30:30.542+0000] {dag.py:3211} INFO - Sync 1 DAGs
[2024-08-27T22:30:30.583+0000] {logging_mixin.py:190} INFO - [2024-08-27T22:30:30.583+0000] {dag.py:4138} INFO - Setting next_dagrun for example_branch_dop_operator_v3 to 2024-08-27 22:29:00+00:00, run_after=2024-08-27 22:30:00+00:00
[2024-08-27T22:30:30.609+0000] {processor.py:208} INFO - Processing /home/airflow/.local/lib/python3.12/site-packages/airflow/example_dags/example_branch_python_dop_operator_3.py took 0.129 seconds
[2024-08-27T22:30:49.449+0000] {processor.py:186} INFO - Started process (PID=222) to work on /home/airflow/.local/lib/python3.12/site-packages/airflow/example_dags/example_branch_python_dop_operator_3.py
[2024-08-27T22:30:49.454+0000] {processor.py:914} INFO - Processing file /home/airflow/.local/lib/python3.12/site-packages/airflow/example_dags/example_branch_python_dop_operator_3.py for tasks to queue
[2024-08-27T22:30:49.456+0000] {logging_mixin.py:190} INFO - [2024-08-27T22:30:49.456+0000] {dagbag.py:587} INFO - Filling up the DagBag from /home/airflow/.local/lib/python3.12/site-packages/airflow/example_dags/example_branch_python_dop_operator_3.py
[2024-08-27T22:30:49.540+0000] {processor.py:925} INFO - DAG(s) 'example_branch_dop_operator_v3' retrieved from /home/airflow/.local/lib/python3.12/site-packages/airflow/example_dags/example_branch_python_dop_operator_3.py
[2024-08-27T22:30:49.716+0000] {logging_mixin.py:190} INFO - [2024-08-27T22:30:49.715+0000] {dag.py:3211} INFO - Sync 1 DAGs
[2024-08-27T22:30:49.918+0000] {logging_mixin.py:190} INFO - [2024-08-27T22:30:49.917+0000] {dag.py:4138} INFO - Setting next_dagrun for example_branch_dop_operator_v3 to 2024-08-27 22:29:00+00:00, run_after=2024-08-27 22:30:00+00:00
[2024-08-27T22:30:49.985+0000] {processor.py:208} INFO - Processing /home/airflow/.local/lib/python3.12/site-packages/airflow/example_dags/example_branch_python_dop_operator_3.py took 0.543 seconds
[2024-08-27T22:31:20.357+0000] {processor.py:186} INFO - Started process (PID=284) to work on /home/airflow/.local/lib/python3.12/site-packages/airflow/example_dags/example_branch_python_dop_operator_3.py
[2024-08-27T22:31:20.359+0000] {processor.py:914} INFO - Processing file /home/airflow/.local/lib/python3.12/site-packages/airflow/example_dags/example_branch_python_dop_operator_3.py for tasks to queue
[2024-08-27T22:31:20.362+0000] {logging_mixin.py:190} INFO - [2024-08-27T22:31:20.361+0000] {dagbag.py:587} INFO - Filling up the DagBag from /home/airflow/.local/lib/python3.12/site-packages/airflow/example_dags/example_branch_python_dop_operator_3.py
[2024-08-27T22:31:20.382+0000] {processor.py:925} INFO - DAG(s) 'example_branch_dop_operator_v3' retrieved from /home/airflow/.local/lib/python3.12/site-packages/airflow/example_dags/example_branch_python_dop_operator_3.py
[2024-08-27T22:31:20.425+0000] {logging_mixin.py:190} INFO - [2024-08-27T22:31:20.425+0000] {dag.py:3211} INFO - Sync 1 DAGs
[2024-08-27T22:31:20.461+0000] {logging_mixin.py:190} INFO - [2024-08-27T22:31:20.461+0000] {dag.py:4138} INFO - Setting next_dagrun for example_branch_dop_operator_v3 to 2024-08-27 22:30:00+00:00, run_after=2024-08-27 22:31:00+00:00
[2024-08-27T22:31:20.488+0000] {processor.py:208} INFO - Processing /home/airflow/.local/lib/python3.12/site-packages/airflow/example_dags/example_branch_python_dop_operator_3.py took 0.140 seconds
[2024-08-27T22:31:50.842+0000] {processor.py:186} INFO - Started process (PID=345) to work on /home/airflow/.local/lib/python3.12/site-packages/airflow/example_dags/example_branch_python_dop_operator_3.py
[2024-08-27T22:31:50.844+0000] {processor.py:914} INFO - Processing file /home/airflow/.local/lib/python3.12/site-packages/airflow/example_dags/example_branch_python_dop_operator_3.py for tasks to queue
[2024-08-27T22:31:50.847+0000] {logging_mixin.py:190} INFO - [2024-08-27T22:31:50.847+0000] {dagbag.py:587} INFO - Filling up the DagBag from /home/airflow/.local/lib/python3.12/site-packages/airflow/example_dags/example_branch_python_dop_operator_3.py
[2024-08-27T22:31:50.864+0000] {processor.py:925} INFO - DAG(s) 'example_branch_dop_operator_v3' retrieved from /home/airflow/.local/lib/python3.12/site-packages/airflow/example_dags/example_branch_python_dop_operator_3.py
[2024-08-27T22:31:50.895+0000] {logging_mixin.py:190} INFO - [2024-08-27T22:31:50.895+0000] {dag.py:3211} INFO - Sync 1 DAGs
[2024-08-27T22:31:50.925+0000] {logging_mixin.py:190} INFO - [2024-08-27T22:31:50.925+0000] {dag.py:4138} INFO - Setting next_dagrun for example_branch_dop_operator_v3 to 2024-08-27 22:30:00+00:00, run_after=2024-08-27 22:31:00+00:00
[2024-08-27T22:31:50.958+0000] {processor.py:208} INFO - Processing /home/airflow/.local/lib/python3.12/site-packages/airflow/example_dags/example_branch_python_dop_operator_3.py took 0.130 seconds
[2024-08-27T22:32:21.292+0000] {processor.py:186} INFO - Started process (PID=407) to work on /home/airflow/.local/lib/python3.12/site-packages/airflow/example_dags/example_branch_python_dop_operator_3.py
[2024-08-27T22:32:21.294+0000] {processor.py:914} INFO - Processing file /home/airflow/.local/lib/python3.12/site-packages/airflow/example_dags/example_branch_python_dop_operator_3.py for tasks to queue
[2024-08-27T22:32:21.302+0000] {logging_mixin.py:190} INFO - [2024-08-27T22:32:21.298+0000] {dagbag.py:587} INFO - Filling up the DagBag from /home/airflow/.local/lib/python3.12/site-packages/airflow/example_dags/example_branch_python_dop_operator_3.py
[2024-08-27T22:32:21.314+0000] {processor.py:925} INFO - DAG(s) 'example_branch_dop_operator_v3' retrieved from /home/airflow/.local/lib/python3.12/site-packages/airflow/example_dags/example_branch_python_dop_operator_3.py
[2024-08-27T22:32:21.346+0000] {logging_mixin.py:190} INFO - [2024-08-27T22:32:21.345+0000] {dag.py:3211} INFO - Sync 1 DAGs
[2024-08-27T22:32:21.395+0000] {logging_mixin.py:190} INFO - [2024-08-27T22:32:21.395+0000] {dag.py:4138} INFO - Setting next_dagrun for example_branch_dop_operator_v3 to 2024-08-27 22:31:00+00:00, run_after=2024-08-27 22:32:00+00:00
[2024-08-27T22:32:21.428+0000] {processor.py:208} INFO - Processing /home/airflow/.local/lib/python3.12/site-packages/airflow/example_dags/example_branch_python_dop_operator_3.py took 0.146 seconds
[2024-08-27T22:32:52.603+0000] {processor.py:186} INFO - Started process (PID=469) to work on /home/airflow/.local/lib/python3.12/site-packages/airflow/example_dags/example_branch_python_dop_operator_3.py
[2024-08-27T22:32:52.604+0000] {processor.py:914} INFO - Processing file /home/airflow/.local/lib/python3.12/site-packages/airflow/example_dags/example_branch_python_dop_operator_3.py for tasks to queue
[2024-08-27T22:32:52.608+0000] {logging_mixin.py:190} INFO - [2024-08-27T22:32:52.608+0000] {dagbag.py:587} INFO - Filling up the DagBag from /home/airflow/.local/lib/python3.12/site-packages/airflow/example_dags/example_branch_python_dop_operator_3.py
[2024-08-27T22:32:52.697+0000] {processor.py:925} INFO - DAG(s) 'example_branch_dop_operator_v3' retrieved from /home/airflow/.local/lib/python3.12/site-packages/airflow/example_dags/example_branch_python_dop_operator_3.py
[2024-08-27T22:32:52.819+0000] {logging_mixin.py:190} INFO - [2024-08-27T22:32:52.819+0000] {dag.py:3211} INFO - Sync 1 DAGs
[2024-08-27T22:32:52.960+0000] {logging_mixin.py:190} INFO - [2024-08-27T22:32:52.945+0000] {dag.py:4138} INFO - Setting next_dagrun for example_branch_dop_operator_v3 to 2024-08-27 22:31:00+00:00, run_after=2024-08-27 22:32:00+00:00
[2024-08-27T22:32:53.021+0000] {processor.py:208} INFO - Processing /home/airflow/.local/lib/python3.12/site-packages/airflow/example_dags/example_branch_python_dop_operator_3.py took 0.428 seconds
[2024-08-27T22:33:23.194+0000] {processor.py:186} INFO - Started process (PID=532) to work on /home/airflow/.local/lib/python3.12/site-packages/airflow/example_dags/example_branch_python_dop_operator_3.py
[2024-08-27T22:33:23.195+0000] {processor.py:914} INFO - Processing file /home/airflow/.local/lib/python3.12/site-packages/airflow/example_dags/example_branch_python_dop_operator_3.py for tasks to queue
[2024-08-27T22:33:23.198+0000] {logging_mixin.py:190} INFO - [2024-08-27T22:33:23.197+0000] {dagbag.py:587} INFO - Filling up the DagBag from /home/airflow/.local/lib/python3.12/site-packages/airflow/example_dags/example_branch_python_dop_operator_3.py
[2024-08-27T22:33:23.216+0000] {processor.py:925} INFO - DAG(s) 'example_branch_dop_operator_v3' retrieved from /home/airflow/.local/lib/python3.12/site-packages/airflow/example_dags/example_branch_python_dop_operator_3.py
[2024-08-27T22:33:23.261+0000] {logging_mixin.py:190} INFO - [2024-08-27T22:33:23.255+0000] {dag.py:3211} INFO - Sync 1 DAGs
[2024-08-27T22:33:23.310+0000] {logging_mixin.py:190} INFO - [2024-08-27T22:33:23.310+0000] {dag.py:4138} INFO - Setting next_dagrun for example_branch_dop_operator_v3 to 2024-08-27 22:32:00+00:00, run_after=2024-08-27 22:33:00+00:00
[2024-08-27T22:33:23.363+0000] {processor.py:208} INFO - Processing /home/airflow/.local/lib/python3.12/site-packages/airflow/example_dags/example_branch_python_dop_operator_3.py took 0.184 seconds
[2024-08-27T22:33:56.807+0000] {processor.py:186} INFO - Started process (PID=592) to work on /home/airflow/.local/lib/python3.12/site-packages/airflow/example_dags/example_branch_python_dop_operator_3.py
[2024-08-27T22:33:56.808+0000] {processor.py:914} INFO - Processing file /home/airflow/.local/lib/python3.12/site-packages/airflow/example_dags/example_branch_python_dop_operator_3.py for tasks to queue
[2024-08-27T22:33:56.812+0000] {logging_mixin.py:190} INFO - [2024-08-27T22:33:56.811+0000] {dagbag.py:587} INFO - Filling up the DagBag from /home/airflow/.local/lib/python3.12/site-packages/airflow/example_dags/example_branch_python_dop_operator_3.py
[2024-08-27T22:33:56.828+0000] {processor.py:925} INFO - DAG(s) 'example_branch_dop_operator_v3' retrieved from /home/airflow/.local/lib/python3.12/site-packages/airflow/example_dags/example_branch_python_dop_operator_3.py
[2024-08-27T22:33:56.894+0000] {logging_mixin.py:190} INFO - [2024-08-27T22:33:56.893+0000] {dag.py:3211} INFO - Sync 1 DAGs
[2024-08-27T22:33:57.104+0000] {logging_mixin.py:190} INFO - [2024-08-27T22:33:57.104+0000] {dag.py:4138} INFO - Setting next_dagrun for example_branch_dop_operator_v3 to 2024-08-27 22:32:00+00:00, run_after=2024-08-27 22:33:00+00:00
[2024-08-27T22:33:57.274+0000] {processor.py:208} INFO - Processing /home/airflow/.local/lib/python3.12/site-packages/airflow/example_dags/example_branch_python_dop_operator_3.py took 0.479 seconds
[2024-08-27T22:36:42.478+0000] {processor.py:186} INFO - Started process (PID=96) to work on /home/airflow/.local/lib/python3.12/site-packages/airflow/example_dags/example_branch_python_dop_operator_3.py
[2024-08-27T22:36:42.480+0000] {processor.py:914} INFO - Processing file /home/airflow/.local/lib/python3.12/site-packages/airflow/example_dags/example_branch_python_dop_operator_3.py for tasks to queue
[2024-08-27T22:36:42.483+0000] {logging_mixin.py:190} INFO - [2024-08-27T22:36:42.483+0000] {dagbag.py:587} INFO - Filling up the DagBag from /home/airflow/.local/lib/python3.12/site-packages/airflow/example_dags/example_branch_python_dop_operator_3.py
[2024-08-27T22:36:42.495+0000] {processor.py:925} INFO - DAG(s) 'example_branch_dop_operator_v3' retrieved from /home/airflow/.local/lib/python3.12/site-packages/airflow/example_dags/example_branch_python_dop_operator_3.py
[2024-08-27T22:36:42.932+0000] {logging_mixin.py:190} INFO - [2024-08-27T22:36:42.931+0000] {override.py:1858} INFO - Created Permission View: can delete on DAG:example_branch_dop_operator_v3
[2024-08-27T22:36:42.952+0000] {logging_mixin.py:190} INFO - [2024-08-27T22:36:42.952+0000] {override.py:1858} INFO - Created Permission View: can edit on DAG:example_branch_dop_operator_v3
[2024-08-27T22:36:42.963+0000] {logging_mixin.py:190} INFO - [2024-08-27T22:36:42.962+0000] {override.py:1858} INFO - Created Permission View: can read on DAG:example_branch_dop_operator_v3
[2024-08-27T22:36:42.964+0000] {logging_mixin.py:190} INFO - [2024-08-27T22:36:42.964+0000] {dag.py:3211} INFO - Sync 1 DAGs
[2024-08-27T22:36:42.984+0000] {logging_mixin.py:190} INFO - [2024-08-27T22:36:42.984+0000] {dag.py:3234} INFO - Creating ORM DAG for example_branch_dop_operator_v3
[2024-08-27T22:36:43.013+0000] {logging_mixin.py:190} INFO - [2024-08-27T22:36:43.012+0000] {dag.py:4138} INFO - Setting next_dagrun for example_branch_dop_operator_v3 to 2024-08-27 22:35:00+00:00, run_after=2024-08-27 22:36:00+00:00
[2024-08-27T22:36:43.108+0000] {processor.py:208} INFO - Processing /home/airflow/.local/lib/python3.12/site-packages/airflow/example_dags/example_branch_python_dop_operator_3.py took 0.642 seconds
[2024-08-27T22:37:13.525+0000] {processor.py:186} INFO - Started process (PID=158) to work on /home/airflow/.local/lib/python3.12/site-packages/airflow/example_dags/example_branch_python_dop_operator_3.py
[2024-08-27T22:37:13.528+0000] {processor.py:914} INFO - Processing file /home/airflow/.local/lib/python3.12/site-packages/airflow/example_dags/example_branch_python_dop_operator_3.py for tasks to queue
[2024-08-27T22:37:13.535+0000] {logging_mixin.py:190} INFO - [2024-08-27T22:37:13.535+0000] {dagbag.py:587} INFO - Filling up the DagBag from /home/airflow/.local/lib/python3.12/site-packages/airflow/example_dags/example_branch_python_dop_operator_3.py
[2024-08-27T22:37:13.552+0000] {processor.py:925} INFO - DAG(s) 'example_branch_dop_operator_v3' retrieved from /home/airflow/.local/lib/python3.12/site-packages/airflow/example_dags/example_branch_python_dop_operator_3.py
[2024-08-27T22:37:13.629+0000] {logging_mixin.py:190} INFO - [2024-08-27T22:37:13.628+0000] {dag.py:3211} INFO - Sync 1 DAGs
[2024-08-27T22:37:13.719+0000] {logging_mixin.py:190} INFO - [2024-08-27T22:37:13.719+0000] {dag.py:4138} INFO - Setting next_dagrun for example_branch_dop_operator_v3 to 2024-08-27 22:36:00+00:00, run_after=2024-08-27 22:37:00+00:00
[2024-08-27T22:37:13.762+0000] {processor.py:208} INFO - Processing /home/airflow/.local/lib/python3.12/site-packages/airflow/example_dags/example_branch_python_dop_operator_3.py took 0.245 seconds
[2024-08-27T22:37:44.199+0000] {processor.py:186} INFO - Started process (PID=220) to work on /home/airflow/.local/lib/python3.12/site-packages/airflow/example_dags/example_branch_python_dop_operator_3.py
[2024-08-27T22:37:44.202+0000] {processor.py:914} INFO - Processing file /home/airflow/.local/lib/python3.12/site-packages/airflow/example_dags/example_branch_python_dop_operator_3.py for tasks to queue
[2024-08-27T22:37:44.205+0000] {logging_mixin.py:190} INFO - [2024-08-27T22:37:44.204+0000] {dagbag.py:587} INFO - Filling up the DagBag from /home/airflow/.local/lib/python3.12/site-packages/airflow/example_dags/example_branch_python_dop_operator_3.py
[2024-08-27T22:37:44.238+0000] {processor.py:925} INFO - DAG(s) 'example_branch_dop_operator_v3' retrieved from /home/airflow/.local/lib/python3.12/site-packages/airflow/example_dags/example_branch_python_dop_operator_3.py
[2024-08-27T22:37:44.319+0000] {logging_mixin.py:190} INFO - [2024-08-27T22:37:44.319+0000] {dag.py:3211} INFO - Sync 1 DAGs
[2024-08-27T22:37:44.368+0000] {logging_mixin.py:190} INFO - [2024-08-27T22:37:44.368+0000] {dag.py:4138} INFO - Setting next_dagrun for example_branch_dop_operator_v3 to 2024-08-27 22:36:00+00:00, run_after=2024-08-27 22:37:00+00:00
[2024-08-27T22:37:44.415+0000] {processor.py:208} INFO - Processing /home/airflow/.local/lib/python3.12/site-packages/airflow/example_dags/example_branch_python_dop_operator_3.py took 0.226 seconds
