[2024-08-27T22:30:02.305+0000] {processor.py:186} INFO - Started process (PID=108) to work on /home/airflow/.local/lib/python3.12/site-packages/airflow/example_dags/example_kubernetes_executor.py
[2024-08-27T22:30:02.306+0000] {processor.py:914} INFO - Processing file /home/airflow/.local/lib/python3.12/site-packages/airflow/example_dags/example_kubernetes_executor.py for tasks to queue
[2024-08-27T22:30:02.308+0000] {logging_mixin.py:190} INFO - [2024-08-27T22:30:02.308+0000] {dagbag.py:587} INFO - Filling up the DagBag from /home/airflow/.local/lib/python3.12/site-packages/airflow/example_dags/example_kubernetes_executor.py
[2024-08-27T22:30:02.332+0000] {processor.py:925} INFO - DAG(s) 'example_kubernetes_executor' retrieved from /home/airflow/.local/lib/python3.12/site-packages/airflow/example_dags/example_kubernetes_executor.py
[2024-08-27T22:30:02.554+0000] {logging_mixin.py:190} INFO - [2024-08-27T22:30:02.553+0000] {override.py:1858} INFO - Created Permission View: can edit on DAG:example_kubernetes_executor
[2024-08-27T22:30:02.571+0000] {logging_mixin.py:190} INFO - [2024-08-27T22:30:02.570+0000] {override.py:1858} INFO - Created Permission View: can delete on DAG:example_kubernetes_executor
[2024-08-27T22:30:02.579+0000] {logging_mixin.py:190} INFO - [2024-08-27T22:30:02.578+0000] {override.py:1858} INFO - Created Permission View: can read on DAG:example_kubernetes_executor
[2024-08-27T22:30:02.579+0000] {logging_mixin.py:190} INFO - [2024-08-27T22:30:02.579+0000] {dag.py:3211} INFO - Sync 1 DAGs
[2024-08-27T22:30:02.598+0000] {logging_mixin.py:190} INFO - [2024-08-27T22:30:02.598+0000] {dag.py:3234} INFO - Creating ORM DAG for example_kubernetes_executor
[2024-08-27T22:30:02.599+0000] {logging_mixin.py:190} INFO - [2024-08-27T22:30:02.598+0000] {dag.py:4138} INFO - Setting next_dagrun for example_kubernetes_executor to None, run_after=None
[2024-08-27T22:30:02.628+0000] {processor.py:208} INFO - Processing /home/airflow/.local/lib/python3.12/site-packages/airflow/example_dags/example_kubernetes_executor.py took 0.332 seconds
[2024-08-27T22:30:33.238+0000] {processor.py:186} INFO - Started process (PID=171) to work on /home/airflow/.local/lib/python3.12/site-packages/airflow/example_dags/example_kubernetes_executor.py
[2024-08-27T22:30:33.239+0000] {processor.py:914} INFO - Processing file /home/airflow/.local/lib/python3.12/site-packages/airflow/example_dags/example_kubernetes_executor.py for tasks to queue
[2024-08-27T22:30:33.242+0000] {logging_mixin.py:190} INFO - [2024-08-27T22:30:33.241+0000] {dagbag.py:587} INFO - Filling up the DagBag from /home/airflow/.local/lib/python3.12/site-packages/airflow/example_dags/example_kubernetes_executor.py
[2024-08-27T22:30:33.263+0000] {processor.py:925} INFO - DAG(s) 'example_kubernetes_executor' retrieved from /home/airflow/.local/lib/python3.12/site-packages/airflow/example_dags/example_kubernetes_executor.py
[2024-08-27T22:30:33.341+0000] {logging_mixin.py:190} INFO - [2024-08-27T22:30:33.341+0000] {dag.py:3211} INFO - Sync 1 DAGs
[2024-08-27T22:30:33.364+0000] {logging_mixin.py:190} INFO - [2024-08-27T22:30:33.364+0000] {dag.py:4138} INFO - Setting next_dagrun for example_kubernetes_executor to None, run_after=None
[2024-08-27T22:30:33.414+0000] {processor.py:208} INFO - Processing /home/airflow/.local/lib/python3.12/site-packages/airflow/example_dags/example_kubernetes_executor.py took 0.183 seconds
[2024-08-27T22:30:54.076+0000] {processor.py:186} INFO - Started process (PID=234) to work on /home/airflow/.local/lib/python3.12/site-packages/airflow/example_dags/example_kubernetes_executor.py
[2024-08-27T22:30:54.082+0000] {processor.py:914} INFO - Processing file /home/airflow/.local/lib/python3.12/site-packages/airflow/example_dags/example_kubernetes_executor.py for tasks to queue
[2024-08-27T22:30:54.085+0000] {logging_mixin.py:190} INFO - [2024-08-27T22:30:54.084+0000] {dagbag.py:587} INFO - Filling up the DagBag from /home/airflow/.local/lib/python3.12/site-packages/airflow/example_dags/example_kubernetes_executor.py
[2024-08-27T22:30:54.240+0000] {processor.py:925} INFO - DAG(s) 'example_kubernetes_executor' retrieved from /home/airflow/.local/lib/python3.12/site-packages/airflow/example_dags/example_kubernetes_executor.py
[2024-08-27T22:30:54.686+0000] {logging_mixin.py:190} INFO - [2024-08-27T22:30:54.686+0000] {dag.py:3211} INFO - Sync 1 DAGs
[2024-08-27T22:30:54.744+0000] {logging_mixin.py:190} INFO - [2024-08-27T22:30:54.744+0000] {dag.py:4138} INFO - Setting next_dagrun for example_kubernetes_executor to None, run_after=None
[2024-08-27T22:30:54.811+0000] {processor.py:208} INFO - Processing /home/airflow/.local/lib/python3.12/site-packages/airflow/example_dags/example_kubernetes_executor.py took 0.764 seconds
[2024-08-27T22:31:24.914+0000] {processor.py:186} INFO - Started process (PID=296) to work on /home/airflow/.local/lib/python3.12/site-packages/airflow/example_dags/example_kubernetes_executor.py
[2024-08-27T22:31:24.920+0000] {processor.py:914} INFO - Processing file /home/airflow/.local/lib/python3.12/site-packages/airflow/example_dags/example_kubernetes_executor.py for tasks to queue
[2024-08-27T22:31:24.939+0000] {logging_mixin.py:190} INFO - [2024-08-27T22:31:24.922+0000] {dagbag.py:587} INFO - Filling up the DagBag from /home/airflow/.local/lib/python3.12/site-packages/airflow/example_dags/example_kubernetes_executor.py
[2024-08-27T22:31:25.021+0000] {processor.py:925} INFO - DAG(s) 'example_kubernetes_executor' retrieved from /home/airflow/.local/lib/python3.12/site-packages/airflow/example_dags/example_kubernetes_executor.py
[2024-08-27T22:31:25.135+0000] {logging_mixin.py:190} INFO - [2024-08-27T22:31:25.135+0000] {dag.py:3211} INFO - Sync 1 DAGs
[2024-08-27T22:31:25.160+0000] {logging_mixin.py:190} INFO - [2024-08-27T22:31:25.159+0000] {dag.py:4138} INFO - Setting next_dagrun for example_kubernetes_executor to None, run_after=None
[2024-08-27T22:31:25.197+0000] {processor.py:208} INFO - Processing /home/airflow/.local/lib/python3.12/site-packages/airflow/example_dags/example_kubernetes_executor.py took 0.302 seconds
[2024-08-27T22:31:55.438+0000] {processor.py:186} INFO - Started process (PID=357) to work on /home/airflow/.local/lib/python3.12/site-packages/airflow/example_dags/example_kubernetes_executor.py
[2024-08-27T22:31:55.440+0000] {processor.py:914} INFO - Processing file /home/airflow/.local/lib/python3.12/site-packages/airflow/example_dags/example_kubernetes_executor.py for tasks to queue
[2024-08-27T22:31:55.442+0000] {logging_mixin.py:190} INFO - [2024-08-27T22:31:55.442+0000] {dagbag.py:587} INFO - Filling up the DagBag from /home/airflow/.local/lib/python3.12/site-packages/airflow/example_dags/example_kubernetes_executor.py
[2024-08-27T22:31:55.463+0000] {processor.py:925} INFO - DAG(s) 'example_kubernetes_executor' retrieved from /home/airflow/.local/lib/python3.12/site-packages/airflow/example_dags/example_kubernetes_executor.py
[2024-08-27T22:31:55.552+0000] {logging_mixin.py:190} INFO - [2024-08-27T22:31:55.551+0000] {dag.py:3211} INFO - Sync 1 DAGs
[2024-08-27T22:31:55.570+0000] {logging_mixin.py:190} INFO - [2024-08-27T22:31:55.569+0000] {dag.py:4138} INFO - Setting next_dagrun for example_kubernetes_executor to None, run_after=None
[2024-08-27T22:31:55.609+0000] {processor.py:208} INFO - Processing /home/airflow/.local/lib/python3.12/site-packages/airflow/example_dags/example_kubernetes_executor.py took 0.181 seconds
[2024-08-27T22:32:26.048+0000] {processor.py:186} INFO - Started process (PID=419) to work on /home/airflow/.local/lib/python3.12/site-packages/airflow/example_dags/example_kubernetes_executor.py
[2024-08-27T22:32:26.051+0000] {processor.py:914} INFO - Processing file /home/airflow/.local/lib/python3.12/site-packages/airflow/example_dags/example_kubernetes_executor.py for tasks to queue
[2024-08-27T22:32:26.059+0000] {logging_mixin.py:190} INFO - [2024-08-27T22:32:26.058+0000] {dagbag.py:587} INFO - Filling up the DagBag from /home/airflow/.local/lib/python3.12/site-packages/airflow/example_dags/example_kubernetes_executor.py
[2024-08-27T22:32:26.094+0000] {processor.py:925} INFO - DAG(s) 'example_kubernetes_executor' retrieved from /home/airflow/.local/lib/python3.12/site-packages/airflow/example_dags/example_kubernetes_executor.py
[2024-08-27T22:32:26.206+0000] {logging_mixin.py:190} INFO - [2024-08-27T22:32:26.205+0000] {dag.py:3211} INFO - Sync 1 DAGs
[2024-08-27T22:32:26.225+0000] {logging_mixin.py:190} INFO - [2024-08-27T22:32:26.224+0000] {dag.py:4138} INFO - Setting next_dagrun for example_kubernetes_executor to None, run_after=None
[2024-08-27T22:32:26.246+0000] {processor.py:208} INFO - Processing /home/airflow/.local/lib/python3.12/site-packages/airflow/example_dags/example_kubernetes_executor.py took 0.224 seconds
[2024-08-27T22:32:56.991+0000] {processor.py:186} INFO - Started process (PID=481) to work on /home/airflow/.local/lib/python3.12/site-packages/airflow/example_dags/example_kubernetes_executor.py
[2024-08-27T22:32:56.992+0000] {processor.py:914} INFO - Processing file /home/airflow/.local/lib/python3.12/site-packages/airflow/example_dags/example_kubernetes_executor.py for tasks to queue
[2024-08-27T22:32:56.996+0000] {logging_mixin.py:190} INFO - [2024-08-27T22:32:56.995+0000] {dagbag.py:587} INFO - Filling up the DagBag from /home/airflow/.local/lib/python3.12/site-packages/airflow/example_dags/example_kubernetes_executor.py
[2024-08-27T22:32:57.113+0000] {processor.py:925} INFO - DAG(s) 'example_kubernetes_executor' retrieved from /home/airflow/.local/lib/python3.12/site-packages/airflow/example_dags/example_kubernetes_executor.py
[2024-08-27T22:32:57.245+0000] {logging_mixin.py:190} INFO - [2024-08-27T22:32:57.245+0000] {dag.py:3211} INFO - Sync 1 DAGs
[2024-08-27T22:32:57.262+0000] {logging_mixin.py:190} INFO - [2024-08-27T22:32:57.261+0000] {dag.py:4138} INFO - Setting next_dagrun for example_kubernetes_executor to None, run_after=None
[2024-08-27T22:32:57.294+0000] {processor.py:208} INFO - Processing /home/airflow/.local/lib/python3.12/site-packages/airflow/example_dags/example_kubernetes_executor.py took 0.317 seconds
[2024-08-27T22:33:28.200+0000] {processor.py:186} INFO - Started process (PID=543) to work on /home/airflow/.local/lib/python3.12/site-packages/airflow/example_dags/example_kubernetes_executor.py
[2024-08-27T22:33:28.201+0000] {processor.py:914} INFO - Processing file /home/airflow/.local/lib/python3.12/site-packages/airflow/example_dags/example_kubernetes_executor.py for tasks to queue
[2024-08-27T22:33:28.204+0000] {logging_mixin.py:190} INFO - [2024-08-27T22:33:28.203+0000] {dagbag.py:587} INFO - Filling up the DagBag from /home/airflow/.local/lib/python3.12/site-packages/airflow/example_dags/example_kubernetes_executor.py
[2024-08-27T22:33:28.223+0000] {processor.py:925} INFO - DAG(s) 'example_kubernetes_executor' retrieved from /home/airflow/.local/lib/python3.12/site-packages/airflow/example_dags/example_kubernetes_executor.py
[2024-08-27T22:33:28.292+0000] {logging_mixin.py:190} INFO - [2024-08-27T22:33:28.292+0000] {dag.py:3211} INFO - Sync 1 DAGs
[2024-08-27T22:33:28.315+0000] {logging_mixin.py:190} INFO - [2024-08-27T22:33:28.314+0000] {dag.py:4138} INFO - Setting next_dagrun for example_kubernetes_executor to None, run_after=None
[2024-08-27T22:33:28.345+0000] {processor.py:208} INFO - Processing /home/airflow/.local/lib/python3.12/site-packages/airflow/example_dags/example_kubernetes_executor.py took 0.152 seconds
[2024-08-27T22:36:48.705+0000] {processor.py:186} INFO - Started process (PID=108) to work on /home/airflow/.local/lib/python3.12/site-packages/airflow/example_dags/example_kubernetes_executor.py
[2024-08-27T22:36:48.727+0000] {processor.py:914} INFO - Processing file /home/airflow/.local/lib/python3.12/site-packages/airflow/example_dags/example_kubernetes_executor.py for tasks to queue
[2024-08-27T22:36:48.729+0000] {logging_mixin.py:190} INFO - [2024-08-27T22:36:48.729+0000] {dagbag.py:587} INFO - Filling up the DagBag from /home/airflow/.local/lib/python3.12/site-packages/airflow/example_dags/example_kubernetes_executor.py
[2024-08-27T22:36:48.899+0000] {processor.py:925} INFO - DAG(s) 'example_kubernetes_executor' retrieved from /home/airflow/.local/lib/python3.12/site-packages/airflow/example_dags/example_kubernetes_executor.py
[2024-08-27T22:36:49.528+0000] {logging_mixin.py:190} INFO - [2024-08-27T22:36:49.527+0000] {override.py:1858} INFO - Created Permission View: can delete on DAG:example_kubernetes_executor
[2024-08-27T22:36:49.547+0000] {logging_mixin.py:190} INFO - [2024-08-27T22:36:49.546+0000] {override.py:1858} INFO - Created Permission View: can edit on DAG:example_kubernetes_executor
[2024-08-27T22:36:49.557+0000] {logging_mixin.py:190} INFO - [2024-08-27T22:36:49.557+0000] {override.py:1858} INFO - Created Permission View: can read on DAG:example_kubernetes_executor
[2024-08-27T22:36:49.558+0000] {logging_mixin.py:190} INFO - [2024-08-27T22:36:49.557+0000] {dag.py:3211} INFO - Sync 1 DAGs
[2024-08-27T22:36:49.574+0000] {logging_mixin.py:190} INFO - [2024-08-27T22:36:49.573+0000] {dag.py:3234} INFO - Creating ORM DAG for example_kubernetes_executor
[2024-08-27T22:36:49.574+0000] {logging_mixin.py:190} INFO - [2024-08-27T22:36:49.574+0000] {dag.py:4138} INFO - Setting next_dagrun for example_kubernetes_executor to None, run_after=None
[2024-08-27T22:36:49.597+0000] {processor.py:208} INFO - Processing /home/airflow/.local/lib/python3.12/site-packages/airflow/example_dags/example_kubernetes_executor.py took 0.954 seconds
[2024-08-27T22:37:20.306+0000] {processor.py:186} INFO - Started process (PID=170) to work on /home/airflow/.local/lib/python3.12/site-packages/airflow/example_dags/example_kubernetes_executor.py
[2024-08-27T22:37:20.314+0000] {processor.py:914} INFO - Processing file /home/airflow/.local/lib/python3.12/site-packages/airflow/example_dags/example_kubernetes_executor.py for tasks to queue
[2024-08-27T22:37:20.323+0000] {logging_mixin.py:190} INFO - [2024-08-27T22:37:20.323+0000] {dagbag.py:587} INFO - Filling up the DagBag from /home/airflow/.local/lib/python3.12/site-packages/airflow/example_dags/example_kubernetes_executor.py
[2024-08-27T22:37:20.351+0000] {processor.py:925} INFO - DAG(s) 'example_kubernetes_executor' retrieved from /home/airflow/.local/lib/python3.12/site-packages/airflow/example_dags/example_kubernetes_executor.py
[2024-08-27T22:37:20.430+0000] {logging_mixin.py:190} INFO - [2024-08-27T22:37:20.430+0000] {dag.py:3211} INFO - Sync 1 DAGs
[2024-08-27T22:37:20.456+0000] {logging_mixin.py:190} INFO - [2024-08-27T22:37:20.456+0000] {dag.py:4138} INFO - Setting next_dagrun for example_kubernetes_executor to None, run_after=None
[2024-08-27T22:37:20.485+0000] {processor.py:208} INFO - Processing /home/airflow/.local/lib/python3.12/site-packages/airflow/example_dags/example_kubernetes_executor.py took 0.193 seconds
