[2024-08-27T22:30:00.630+0000] {processor.py:186} INFO - Started process (PID=102) to work on /home/airflow/.local/lib/python3.12/site-packages/airflow/example_dags/example_sla_dag.py
[2024-08-27T22:30:00.631+0000] {processor.py:914} INFO - Processing file /home/airflow/.local/lib/python3.12/site-packages/airflow/example_dags/example_sla_dag.py for tasks to queue
[2024-08-27T22:30:00.633+0000] {logging_mixin.py:190} INFO - [2024-08-27T22:30:00.633+0000] {dagbag.py:587} INFO - Filling up the DagBag from /home/airflow/.local/lib/python3.12/site-packages/airflow/example_dags/example_sla_dag.py
[2024-08-27T22:30:00.655+0000] {processor.py:925} INFO - DAG(s) 'example_sla_dag' retrieved from /home/airflow/.local/lib/python3.12/site-packages/airflow/example_dags/example_sla_dag.py
[2024-08-27T22:30:00.830+0000] {logging_mixin.py:190} INFO - [2024-08-27T22:30:00.829+0000] {override.py:1858} INFO - Created Permission View: can edit on DAG:example_sla_dag
[2024-08-27T22:30:00.871+0000] {logging_mixin.py:190} INFO - [2024-08-27T22:30:00.870+0000] {override.py:1858} INFO - Created Permission View: can delete on DAG:example_sla_dag
[2024-08-27T22:30:00.896+0000] {logging_mixin.py:190} INFO - [2024-08-27T22:30:00.895+0000] {override.py:1858} INFO - Created Permission View: can read on DAG:example_sla_dag
[2024-08-27T22:30:00.896+0000] {logging_mixin.py:190} INFO - [2024-08-27T22:30:00.896+0000] {dag.py:3211} INFO - Sync 1 DAGs
[2024-08-27T22:30:00.917+0000] {logging_mixin.py:190} INFO - [2024-08-27T22:30:00.917+0000] {dag.py:3234} INFO - Creating ORM DAG for example_sla_dag
[2024-08-27T22:30:00.934+0000] {logging_mixin.py:190} INFO - [2024-08-27T22:30:00.934+0000] {dag.py:4138} INFO - Setting next_dagrun for example_sla_dag to 2024-08-27 22:28:00+00:00, run_after=2024-08-27 22:30:00+00:00
[2024-08-27T22:30:01.032+0000] {processor.py:208} INFO - Processing /home/airflow/.local/lib/python3.12/site-packages/airflow/example_dags/example_sla_dag.py took 0.413 seconds
[2024-08-27T22:30:31.430+0000] {processor.py:186} INFO - Started process (PID=165) to work on /home/airflow/.local/lib/python3.12/site-packages/airflow/example_dags/example_sla_dag.py
[2024-08-27T22:30:31.431+0000] {processor.py:914} INFO - Processing file /home/airflow/.local/lib/python3.12/site-packages/airflow/example_dags/example_sla_dag.py for tasks to queue
[2024-08-27T22:30:31.434+0000] {logging_mixin.py:190} INFO - [2024-08-27T22:30:31.433+0000] {dagbag.py:587} INFO - Filling up the DagBag from /home/airflow/.local/lib/python3.12/site-packages/airflow/example_dags/example_sla_dag.py
[2024-08-27T22:30:31.449+0000] {processor.py:925} INFO - DAG(s) 'example_sla_dag' retrieved from /home/airflow/.local/lib/python3.12/site-packages/airflow/example_dags/example_sla_dag.py
[2024-08-27T22:30:31.490+0000] {logging_mixin.py:190} INFO - [2024-08-27T22:30:31.490+0000] {dag.py:3211} INFO - Sync 1 DAGs
[2024-08-27T22:30:31.540+0000] {logging_mixin.py:190} INFO - [2024-08-27T22:30:31.537+0000] {dag.py:4138} INFO - Setting next_dagrun for example_sla_dag to 2024-08-27 22:28:00+00:00, run_after=2024-08-27 22:30:00+00:00
[2024-08-27T22:30:31.569+0000] {processor.py:208} INFO - Processing /home/airflow/.local/lib/python3.12/site-packages/airflow/example_dags/example_sla_dag.py took 0.152 seconds
[2024-08-27T22:30:52.217+0000] {processor.py:186} INFO - Started process (PID=228) to work on /home/airflow/.local/lib/python3.12/site-packages/airflow/example_dags/example_sla_dag.py
[2024-08-27T22:30:52.239+0000] {processor.py:914} INFO - Processing file /home/airflow/.local/lib/python3.12/site-packages/airflow/example_dags/example_sla_dag.py for tasks to queue
[2024-08-27T22:30:52.272+0000] {logging_mixin.py:190} INFO - [2024-08-27T22:30:52.272+0000] {dagbag.py:587} INFO - Filling up the DagBag from /home/airflow/.local/lib/python3.12/site-packages/airflow/example_dags/example_sla_dag.py
[2024-08-27T22:30:52.357+0000] {processor.py:925} INFO - DAG(s) 'example_sla_dag' retrieved from /home/airflow/.local/lib/python3.12/site-packages/airflow/example_dags/example_sla_dag.py
[2024-08-27T22:30:52.542+0000] {logging_mixin.py:190} INFO - [2024-08-27T22:30:52.539+0000] {dag.py:3211} INFO - Sync 1 DAGs
[2024-08-27T22:30:52.669+0000] {logging_mixin.py:190} INFO - [2024-08-27T22:30:52.669+0000] {dag.py:4138} INFO - Setting next_dagrun for example_sla_dag to 2024-08-27 22:28:00+00:00, run_after=2024-08-27 22:30:00+00:00
[2024-08-27T22:30:52.703+0000] {processor.py:208} INFO - Processing /home/airflow/.local/lib/python3.12/site-packages/airflow/example_dags/example_sla_dag.py took 0.575 seconds
[2024-08-27T22:31:22.983+0000] {processor.py:186} INFO - Started process (PID=290) to work on /home/airflow/.local/lib/python3.12/site-packages/airflow/example_dags/example_sla_dag.py
[2024-08-27T22:31:22.984+0000] {processor.py:914} INFO - Processing file /home/airflow/.local/lib/python3.12/site-packages/airflow/example_dags/example_sla_dag.py for tasks to queue
[2024-08-27T22:31:22.987+0000] {logging_mixin.py:190} INFO - [2024-08-27T22:31:22.986+0000] {dagbag.py:587} INFO - Filling up the DagBag from /home/airflow/.local/lib/python3.12/site-packages/airflow/example_dags/example_sla_dag.py
[2024-08-27T22:31:22.997+0000] {processor.py:925} INFO - DAG(s) 'example_sla_dag' retrieved from /home/airflow/.local/lib/python3.12/site-packages/airflow/example_dags/example_sla_dag.py
[2024-08-27T22:31:23.025+0000] {logging_mixin.py:190} INFO - [2024-08-27T22:31:23.025+0000] {dag.py:3211} INFO - Sync 1 DAGs
[2024-08-27T22:31:23.061+0000] {logging_mixin.py:190} INFO - [2024-08-27T22:31:23.061+0000] {dag.py:4138} INFO - Setting next_dagrun for example_sla_dag to 2024-08-27 22:28:00+00:00, run_after=2024-08-27 22:30:00+00:00
[2024-08-27T22:31:23.135+0000] {processor.py:208} INFO - Processing /home/airflow/.local/lib/python3.12/site-packages/airflow/example_dags/example_sla_dag.py took 0.158 seconds
[2024-08-27T22:31:54.021+0000] {processor.py:186} INFO - Started process (PID=351) to work on /home/airflow/.local/lib/python3.12/site-packages/airflow/example_dags/example_sla_dag.py
[2024-08-27T22:31:54.024+0000] {processor.py:914} INFO - Processing file /home/airflow/.local/lib/python3.12/site-packages/airflow/example_dags/example_sla_dag.py for tasks to queue
[2024-08-27T22:31:54.027+0000] {logging_mixin.py:190} INFO - [2024-08-27T22:31:54.026+0000] {dagbag.py:587} INFO - Filling up the DagBag from /home/airflow/.local/lib/python3.12/site-packages/airflow/example_dags/example_sla_dag.py
[2024-08-27T22:31:54.072+0000] {processor.py:925} INFO - DAG(s) 'example_sla_dag' retrieved from /home/airflow/.local/lib/python3.12/site-packages/airflow/example_dags/example_sla_dag.py
[2024-08-27T22:31:54.203+0000] {logging_mixin.py:190} INFO - [2024-08-27T22:31:54.203+0000] {dag.py:3211} INFO - Sync 1 DAGs
[2024-08-27T22:31:54.265+0000] {logging_mixin.py:190} INFO - [2024-08-27T22:31:54.265+0000] {dag.py:4138} INFO - Setting next_dagrun for example_sla_dag to 2024-08-27 22:28:00+00:00, run_after=2024-08-27 22:30:00+00:00
[2024-08-27T22:31:54.322+0000] {processor.py:208} INFO - Processing /home/airflow/.local/lib/python3.12/site-packages/airflow/example_dags/example_sla_dag.py took 0.335 seconds
[2024-08-27T22:32:24.417+0000] {processor.py:186} INFO - Started process (PID=413) to work on /home/airflow/.local/lib/python3.12/site-packages/airflow/example_dags/example_sla_dag.py
[2024-08-27T22:32:24.422+0000] {processor.py:914} INFO - Processing file /home/airflow/.local/lib/python3.12/site-packages/airflow/example_dags/example_sla_dag.py for tasks to queue
[2024-08-27T22:32:24.434+0000] {logging_mixin.py:190} INFO - [2024-08-27T22:32:24.432+0000] {dagbag.py:587} INFO - Filling up the DagBag from /home/airflow/.local/lib/python3.12/site-packages/airflow/example_dags/example_sla_dag.py
[2024-08-27T22:32:24.471+0000] {processor.py:925} INFO - DAG(s) 'example_sla_dag' retrieved from /home/airflow/.local/lib/python3.12/site-packages/airflow/example_dags/example_sla_dag.py
[2024-08-27T22:32:24.533+0000] {logging_mixin.py:190} INFO - [2024-08-27T22:32:24.533+0000] {dag.py:3211} INFO - Sync 1 DAGs
[2024-08-27T22:32:24.585+0000] {logging_mixin.py:190} INFO - [2024-08-27T22:32:24.584+0000] {dag.py:4138} INFO - Setting next_dagrun for example_sla_dag to 2024-08-27 22:30:00+00:00, run_after=2024-08-27 22:32:00+00:00
[2024-08-27T22:32:24.616+0000] {processor.py:208} INFO - Processing /home/airflow/.local/lib/python3.12/site-packages/airflow/example_dags/example_sla_dag.py took 0.211 seconds
[2024-08-27T22:32:54.947+0000] {processor.py:186} INFO - Started process (PID=475) to work on /home/airflow/.local/lib/python3.12/site-packages/airflow/example_dags/example_sla_dag.py
[2024-08-27T22:32:54.948+0000] {processor.py:914} INFO - Processing file /home/airflow/.local/lib/python3.12/site-packages/airflow/example_dags/example_sla_dag.py for tasks to queue
[2024-08-27T22:32:54.951+0000] {logging_mixin.py:190} INFO - [2024-08-27T22:32:54.951+0000] {dagbag.py:587} INFO - Filling up the DagBag from /home/airflow/.local/lib/python3.12/site-packages/airflow/example_dags/example_sla_dag.py
[2024-08-27T22:32:54.973+0000] {processor.py:925} INFO - DAG(s) 'example_sla_dag' retrieved from /home/airflow/.local/lib/python3.12/site-packages/airflow/example_dags/example_sla_dag.py
[2024-08-27T22:32:55.018+0000] {logging_mixin.py:190} INFO - [2024-08-27T22:32:55.017+0000] {dag.py:3211} INFO - Sync 1 DAGs
[2024-08-27T22:32:55.079+0000] {logging_mixin.py:190} INFO - [2024-08-27T22:32:55.078+0000] {dag.py:4138} INFO - Setting next_dagrun for example_sla_dag to 2024-08-27 22:30:00+00:00, run_after=2024-08-27 22:32:00+00:00
[2024-08-27T22:32:55.167+0000] {processor.py:208} INFO - Processing /home/airflow/.local/lib/python3.12/site-packages/airflow/example_dags/example_sla_dag.py took 0.231 seconds
[2024-08-27T22:33:25.973+0000] {processor.py:186} INFO - Started process (PID=537) to work on /home/airflow/.local/lib/python3.12/site-packages/airflow/example_dags/example_sla_dag.py
[2024-08-27T22:33:25.978+0000] {processor.py:914} INFO - Processing file /home/airflow/.local/lib/python3.12/site-packages/airflow/example_dags/example_sla_dag.py for tasks to queue
[2024-08-27T22:33:25.983+0000] {logging_mixin.py:190} INFO - [2024-08-27T22:33:25.982+0000] {dagbag.py:587} INFO - Filling up the DagBag from /home/airflow/.local/lib/python3.12/site-packages/airflow/example_dags/example_sla_dag.py
[2024-08-27T22:33:26.001+0000] {processor.py:925} INFO - DAG(s) 'example_sla_dag' retrieved from /home/airflow/.local/lib/python3.12/site-packages/airflow/example_dags/example_sla_dag.py
[2024-08-27T22:33:26.066+0000] {logging_mixin.py:190} INFO - [2024-08-27T22:33:26.066+0000] {dag.py:3211} INFO - Sync 1 DAGs
[2024-08-27T22:33:26.135+0000] {logging_mixin.py:190} INFO - [2024-08-27T22:33:26.134+0000] {dag.py:4138} INFO - Setting next_dagrun for example_sla_dag to 2024-08-27 22:30:00+00:00, run_after=2024-08-27 22:32:00+00:00
[2024-08-27T22:33:26.209+0000] {processor.py:208} INFO - Processing /home/airflow/.local/lib/python3.12/site-packages/airflow/example_dags/example_sla_dag.py took 0.246 seconds
[2024-08-27T22:33:59.091+0000] {processor.py:186} INFO - Started process (PID=598) to work on /home/airflow/.local/lib/python3.12/site-packages/airflow/example_dags/example_sla_dag.py
[2024-08-27T22:33:59.102+0000] {processor.py:914} INFO - Processing file /home/airflow/.local/lib/python3.12/site-packages/airflow/example_dags/example_sla_dag.py for tasks to queue
[2024-08-27T22:33:59.110+0000] {logging_mixin.py:190} INFO - [2024-08-27T22:33:59.110+0000] {dagbag.py:587} INFO - Filling up the DagBag from /home/airflow/.local/lib/python3.12/site-packages/airflow/example_dags/example_sla_dag.py
[2024-08-27T22:33:59.138+0000] {processor.py:925} INFO - DAG(s) 'example_sla_dag' retrieved from /home/airflow/.local/lib/python3.12/site-packages/airflow/example_dags/example_sla_dag.py
[2024-08-27T22:33:59.228+0000] {logging_mixin.py:190} INFO - [2024-08-27T22:33:59.228+0000] {dag.py:3211} INFO - Sync 1 DAGs
[2024-08-27T22:33:59.299+0000] {logging_mixin.py:190} INFO - [2024-08-27T22:33:59.299+0000] {dag.py:4138} INFO - Setting next_dagrun for example_sla_dag to 2024-08-27 22:30:00+00:00, run_after=2024-08-27 22:32:00+00:00
[2024-08-27T22:33:59.322+0000] {processor.py:208} INFO - Processing /home/airflow/.local/lib/python3.12/site-packages/airflow/example_dags/example_sla_dag.py took 0.239 seconds
[2024-08-27T22:36:45.215+0000] {processor.py:186} INFO - Started process (PID=102) to work on /home/airflow/.local/lib/python3.12/site-packages/airflow/example_dags/example_sla_dag.py
[2024-08-27T22:36:45.217+0000] {processor.py:914} INFO - Processing file /home/airflow/.local/lib/python3.12/site-packages/airflow/example_dags/example_sla_dag.py for tasks to queue
[2024-08-27T22:36:45.219+0000] {logging_mixin.py:190} INFO - [2024-08-27T22:36:45.219+0000] {dagbag.py:587} INFO - Filling up the DagBag from /home/airflow/.local/lib/python3.12/site-packages/airflow/example_dags/example_sla_dag.py
[2024-08-27T22:36:45.236+0000] {processor.py:925} INFO - DAG(s) 'example_sla_dag' retrieved from /home/airflow/.local/lib/python3.12/site-packages/airflow/example_dags/example_sla_dag.py
[2024-08-27T22:36:46.139+0000] {logging_mixin.py:190} INFO - [2024-08-27T22:36:46.138+0000] {override.py:1858} INFO - Created Permission View: can delete on DAG:example_sla_dag
[2024-08-27T22:36:46.292+0000] {logging_mixin.py:190} INFO - [2024-08-27T22:36:46.292+0000] {override.py:1858} INFO - Created Permission View: can edit on DAG:example_sla_dag
[2024-08-27T22:36:46.358+0000] {logging_mixin.py:190} INFO - [2024-08-27T22:36:46.358+0000] {override.py:1858} INFO - Created Permission View: can read on DAG:example_sla_dag
[2024-08-27T22:36:46.359+0000] {logging_mixin.py:190} INFO - [2024-08-27T22:36:46.359+0000] {dag.py:3211} INFO - Sync 1 DAGs
[2024-08-27T22:36:46.459+0000] {logging_mixin.py:190} INFO - [2024-08-27T22:36:46.447+0000] {dag.py:3234} INFO - Creating ORM DAG for example_sla_dag
[2024-08-27T22:36:46.556+0000] {logging_mixin.py:190} INFO - [2024-08-27T22:36:46.556+0000] {dag.py:4138} INFO - Setting next_dagrun for example_sla_dag to 2024-08-27 22:34:00+00:00, run_after=2024-08-27 22:36:00+00:00
[2024-08-27T22:36:46.640+0000] {processor.py:208} INFO - Processing /home/airflow/.local/lib/python3.12/site-packages/airflow/example_dags/example_sla_dag.py took 1.430 seconds
[2024-08-27T22:37:17.454+0000] {processor.py:186} INFO - Started process (PID=164) to work on /home/airflow/.local/lib/python3.12/site-packages/airflow/example_dags/example_sla_dag.py
[2024-08-27T22:37:17.455+0000] {processor.py:914} INFO - Processing file /home/airflow/.local/lib/python3.12/site-packages/airflow/example_dags/example_sla_dag.py for tasks to queue
[2024-08-27T22:37:17.459+0000] {logging_mixin.py:190} INFO - [2024-08-27T22:37:17.458+0000] {dagbag.py:587} INFO - Filling up the DagBag from /home/airflow/.local/lib/python3.12/site-packages/airflow/example_dags/example_sla_dag.py
[2024-08-27T22:37:17.497+0000] {processor.py:925} INFO - DAG(s) 'example_sla_dag' retrieved from /home/airflow/.local/lib/python3.12/site-packages/airflow/example_dags/example_sla_dag.py
[2024-08-27T22:37:17.576+0000] {logging_mixin.py:190} INFO - [2024-08-27T22:37:17.576+0000] {dag.py:3211} INFO - Sync 1 DAGs
[2024-08-27T22:37:17.617+0000] {logging_mixin.py:190} INFO - [2024-08-27T22:37:17.617+0000] {dag.py:4138} INFO - Setting next_dagrun for example_sla_dag to 2024-08-27 22:34:00+00:00, run_after=2024-08-27 22:36:00+00:00
[2024-08-27T22:37:17.648+0000] {processor.py:208} INFO - Processing /home/airflow/.local/lib/python3.12/site-packages/airflow/example_dags/example_sla_dag.py took 0.204 seconds
[2024-08-27T22:37:47.977+0000] {processor.py:186} INFO - Started process (PID=226) to work on /home/airflow/.local/lib/python3.12/site-packages/airflow/example_dags/example_sla_dag.py
[2024-08-27T22:37:47.979+0000] {processor.py:914} INFO - Processing file /home/airflow/.local/lib/python3.12/site-packages/airflow/example_dags/example_sla_dag.py for tasks to queue
[2024-08-27T22:37:47.995+0000] {logging_mixin.py:190} INFO - [2024-08-27T22:37:47.983+0000] {dagbag.py:587} INFO - Filling up the DagBag from /home/airflow/.local/lib/python3.12/site-packages/airflow/example_dags/example_sla_dag.py
[2024-08-27T22:37:48.028+0000] {processor.py:925} INFO - DAG(s) 'example_sla_dag' retrieved from /home/airflow/.local/lib/python3.12/site-packages/airflow/example_dags/example_sla_dag.py
[2024-08-27T22:37:48.107+0000] {logging_mixin.py:190} INFO - [2024-08-27T22:37:48.106+0000] {dag.py:3211} INFO - Sync 1 DAGs
[2024-08-27T22:37:48.158+0000] {logging_mixin.py:190} INFO - [2024-08-27T22:37:48.158+0000] {dag.py:4138} INFO - Setting next_dagrun for example_sla_dag to 2024-08-27 22:34:00+00:00, run_after=2024-08-27 22:36:00+00:00
[2024-08-27T22:37:48.202+0000] {processor.py:208} INFO - Processing /home/airflow/.local/lib/python3.12/site-packages/airflow/example_dags/example_sla_dag.py took 0.235 seconds
