[2024-08-27T22:30:02.137+0000] {processor.py:186} INFO - Started process (PID=107) to work on /home/airflow/.local/lib/python3.12/site-packages/airflow/example_dags/example_display_name.py
[2024-08-27T22:30:02.138+0000] {processor.py:914} INFO - Processing file /home/airflow/.local/lib/python3.12/site-packages/airflow/example_dags/example_display_name.py for tasks to queue
[2024-08-27T22:30:02.140+0000] {logging_mixin.py:190} INFO - [2024-08-27T22:30:02.140+0000] {dagbag.py:587} INFO - Filling up the DagBag from /home/airflow/.local/lib/python3.12/site-packages/airflow/example_dags/example_display_name.py
[2024-08-27T22:30:02.156+0000] {processor.py:925} INFO - DAG(s) 'example_display_name' retrieved from /home/airflow/.local/lib/python3.12/site-packages/airflow/example_dags/example_display_name.py
[2024-08-27T22:30:02.330+0000] {logging_mixin.py:190} INFO - [2024-08-27T22:30:02.329+0000] {override.py:1858} INFO - Created Permission View: can edit on DAG:example_display_name
[2024-08-27T22:30:02.345+0000] {logging_mixin.py:190} INFO - [2024-08-27T22:30:02.344+0000] {override.py:1858} INFO - Created Permission View: can delete on DAG:example_display_name
[2024-08-27T22:30:02.370+0000] {logging_mixin.py:190} INFO - [2024-08-27T22:30:02.370+0000] {override.py:1858} INFO - Created Permission View: can read on DAG:example_display_name
[2024-08-27T22:30:02.370+0000] {logging_mixin.py:190} INFO - [2024-08-27T22:30:02.370+0000] {dag.py:3211} INFO - Sync 1 DAGs
[2024-08-27T22:30:02.394+0000] {logging_mixin.py:190} INFO - [2024-08-27T22:30:02.394+0000] {dag.py:3234} INFO - Creating ORM DAG for example_display_name
[2024-08-27T22:30:02.395+0000] {logging_mixin.py:190} INFO - [2024-08-27T22:30:02.395+0000] {dag.py:4138} INFO - Setting next_dagrun for example_display_name to None, run_after=None
[2024-08-27T22:30:02.425+0000] {processor.py:208} INFO - Processing /home/airflow/.local/lib/python3.12/site-packages/airflow/example_dags/example_display_name.py took 0.313 seconds
[2024-08-27T22:30:33.144+0000] {processor.py:186} INFO - Started process (PID=170) to work on /home/airflow/.local/lib/python3.12/site-packages/airflow/example_dags/example_display_name.py
[2024-08-27T22:30:33.145+0000] {processor.py:914} INFO - Processing file /home/airflow/.local/lib/python3.12/site-packages/airflow/example_dags/example_display_name.py for tasks to queue
[2024-08-27T22:30:33.147+0000] {logging_mixin.py:190} INFO - [2024-08-27T22:30:33.147+0000] {dagbag.py:587} INFO - Filling up the DagBag from /home/airflow/.local/lib/python3.12/site-packages/airflow/example_dags/example_display_name.py
[2024-08-27T22:30:33.160+0000] {processor.py:925} INFO - DAG(s) 'example_display_name' retrieved from /home/airflow/.local/lib/python3.12/site-packages/airflow/example_dags/example_display_name.py
[2024-08-27T22:30:33.191+0000] {logging_mixin.py:190} INFO - [2024-08-27T22:30:33.190+0000] {dag.py:3211} INFO - Sync 1 DAGs
[2024-08-27T22:30:33.212+0000] {logging_mixin.py:190} INFO - [2024-08-27T22:30:33.211+0000] {dag.py:4138} INFO - Setting next_dagrun for example_display_name to None, run_after=None
[2024-08-27T22:30:33.238+0000] {processor.py:208} INFO - Processing /home/airflow/.local/lib/python3.12/site-packages/airflow/example_dags/example_display_name.py took 0.102 seconds
[2024-08-27T22:30:53.973+0000] {processor.py:186} INFO - Started process (PID=233) to work on /home/airflow/.local/lib/python3.12/site-packages/airflow/example_dags/example_display_name.py
[2024-08-27T22:30:53.980+0000] {processor.py:914} INFO - Processing file /home/airflow/.local/lib/python3.12/site-packages/airflow/example_dags/example_display_name.py for tasks to queue
[2024-08-27T22:30:53.982+0000] {logging_mixin.py:190} INFO - [2024-08-27T22:30:53.982+0000] {dagbag.py:587} INFO - Filling up the DagBag from /home/airflow/.local/lib/python3.12/site-packages/airflow/example_dags/example_display_name.py
[2024-08-27T22:30:54.008+0000] {processor.py:925} INFO - DAG(s) 'example_display_name' retrieved from /home/airflow/.local/lib/python3.12/site-packages/airflow/example_dags/example_display_name.py
[2024-08-27T22:30:54.165+0000] {logging_mixin.py:190} INFO - [2024-08-27T22:30:54.164+0000] {dag.py:3211} INFO - Sync 1 DAGs
[2024-08-27T22:30:54.315+0000] {logging_mixin.py:190} INFO - [2024-08-27T22:30:54.303+0000] {dag.py:4138} INFO - Setting next_dagrun for example_display_name to None, run_after=None
[2024-08-27T22:30:54.446+0000] {processor.py:208} INFO - Processing /home/airflow/.local/lib/python3.12/site-packages/airflow/example_dags/example_display_name.py took 0.502 seconds
[2024-08-27T22:31:24.727+0000] {processor.py:186} INFO - Started process (PID=295) to work on /home/airflow/.local/lib/python3.12/site-packages/airflow/example_dags/example_display_name.py
[2024-08-27T22:31:24.728+0000] {processor.py:914} INFO - Processing file /home/airflow/.local/lib/python3.12/site-packages/airflow/example_dags/example_display_name.py for tasks to queue
[2024-08-27T22:31:24.731+0000] {logging_mixin.py:190} INFO - [2024-08-27T22:31:24.730+0000] {dagbag.py:587} INFO - Filling up the DagBag from /home/airflow/.local/lib/python3.12/site-packages/airflow/example_dags/example_display_name.py
[2024-08-27T22:31:24.745+0000] {processor.py:925} INFO - DAG(s) 'example_display_name' retrieved from /home/airflow/.local/lib/python3.12/site-packages/airflow/example_dags/example_display_name.py
[2024-08-27T22:31:24.798+0000] {logging_mixin.py:190} INFO - [2024-08-27T22:31:24.798+0000] {dag.py:3211} INFO - Sync 1 DAGs
[2024-08-27T22:31:24.814+0000] {logging_mixin.py:190} INFO - [2024-08-27T22:31:24.814+0000] {dag.py:4138} INFO - Setting next_dagrun for example_display_name to None, run_after=None
[2024-08-27T22:31:24.848+0000] {processor.py:208} INFO - Processing /home/airflow/.local/lib/python3.12/site-packages/airflow/example_dags/example_display_name.py took 0.140 seconds
[2024-08-27T22:31:55.156+0000] {processor.py:186} INFO - Started process (PID=356) to work on /home/airflow/.local/lib/python3.12/site-packages/airflow/example_dags/example_display_name.py
[2024-08-27T22:31:55.157+0000] {processor.py:914} INFO - Processing file /home/airflow/.local/lib/python3.12/site-packages/airflow/example_dags/example_display_name.py for tasks to queue
[2024-08-27T22:31:55.160+0000] {logging_mixin.py:190} INFO - [2024-08-27T22:31:55.160+0000] {dagbag.py:587} INFO - Filling up the DagBag from /home/airflow/.local/lib/python3.12/site-packages/airflow/example_dags/example_display_name.py
[2024-08-27T22:31:55.175+0000] {processor.py:925} INFO - DAG(s) 'example_display_name' retrieved from /home/airflow/.local/lib/python3.12/site-packages/airflow/example_dags/example_display_name.py
[2024-08-27T22:31:55.246+0000] {logging_mixin.py:190} INFO - [2024-08-27T22:31:55.245+0000] {dag.py:3211} INFO - Sync 1 DAGs
[2024-08-27T22:31:55.280+0000] {logging_mixin.py:190} INFO - [2024-08-27T22:31:55.280+0000] {dag.py:4138} INFO - Setting next_dagrun for example_display_name to None, run_after=None
[2024-08-27T22:31:55.371+0000] {processor.py:208} INFO - Processing /home/airflow/.local/lib/python3.12/site-packages/airflow/example_dags/example_display_name.py took 0.226 seconds
[2024-08-27T22:32:26.027+0000] {processor.py:186} INFO - Started process (PID=418) to work on /home/airflow/.local/lib/python3.12/site-packages/airflow/example_dags/example_display_name.py
[2024-08-27T22:32:26.028+0000] {processor.py:914} INFO - Processing file /home/airflow/.local/lib/python3.12/site-packages/airflow/example_dags/example_display_name.py for tasks to queue
[2024-08-27T22:32:26.030+0000] {logging_mixin.py:190} INFO - [2024-08-27T22:32:26.030+0000] {dagbag.py:587} INFO - Filling up the DagBag from /home/airflow/.local/lib/python3.12/site-packages/airflow/example_dags/example_display_name.py
[2024-08-27T22:32:26.040+0000] {processor.py:925} INFO - DAG(s) 'example_display_name' retrieved from /home/airflow/.local/lib/python3.12/site-packages/airflow/example_dags/example_display_name.py
[2024-08-27T22:32:26.080+0000] {logging_mixin.py:190} INFO - [2024-08-27T22:32:26.079+0000] {dag.py:3211} INFO - Sync 1 DAGs
[2024-08-27T22:32:26.094+0000] {logging_mixin.py:190} INFO - [2024-08-27T22:32:26.094+0000] {dag.py:4138} INFO - Setting next_dagrun for example_display_name to None, run_after=None
[2024-08-27T22:32:26.123+0000] {processor.py:208} INFO - Processing /home/airflow/.local/lib/python3.12/site-packages/airflow/example_dags/example_display_name.py took 0.112 seconds
[2024-08-27T22:32:56.859+0000] {processor.py:186} INFO - Started process (PID=480) to work on /home/airflow/.local/lib/python3.12/site-packages/airflow/example_dags/example_display_name.py
[2024-08-27T22:32:56.863+0000] {processor.py:914} INFO - Processing file /home/airflow/.local/lib/python3.12/site-packages/airflow/example_dags/example_display_name.py for tasks to queue
[2024-08-27T22:32:56.866+0000] {logging_mixin.py:190} INFO - [2024-08-27T22:32:56.866+0000] {dagbag.py:587} INFO - Filling up the DagBag from /home/airflow/.local/lib/python3.12/site-packages/airflow/example_dags/example_display_name.py
[2024-08-27T22:32:56.875+0000] {processor.py:925} INFO - DAG(s) 'example_display_name' retrieved from /home/airflow/.local/lib/python3.12/site-packages/airflow/example_dags/example_display_name.py
[2024-08-27T22:32:56.902+0000] {logging_mixin.py:190} INFO - [2024-08-27T22:32:56.902+0000] {dag.py:3211} INFO - Sync 1 DAGs
[2024-08-27T22:32:56.918+0000] {logging_mixin.py:190} INFO - [2024-08-27T22:32:56.917+0000] {dag.py:4138} INFO - Setting next_dagrun for example_display_name to None, run_after=None
[2024-08-27T22:32:56.939+0000] {processor.py:208} INFO - Processing /home/airflow/.local/lib/python3.12/site-packages/airflow/example_dags/example_display_name.py took 0.087 seconds
[2024-08-27T22:33:27.949+0000] {processor.py:186} INFO - Started process (PID=542) to work on /home/airflow/.local/lib/python3.12/site-packages/airflow/example_dags/example_display_name.py
[2024-08-27T22:33:27.951+0000] {processor.py:914} INFO - Processing file /home/airflow/.local/lib/python3.12/site-packages/airflow/example_dags/example_display_name.py for tasks to queue
[2024-08-27T22:33:27.953+0000] {logging_mixin.py:190} INFO - [2024-08-27T22:33:27.952+0000] {dagbag.py:587} INFO - Filling up the DagBag from /home/airflow/.local/lib/python3.12/site-packages/airflow/example_dags/example_display_name.py
[2024-08-27T22:33:27.963+0000] {processor.py:925} INFO - DAG(s) 'example_display_name' retrieved from /home/airflow/.local/lib/python3.12/site-packages/airflow/example_dags/example_display_name.py
[2024-08-27T22:33:27.997+0000] {logging_mixin.py:190} INFO - [2024-08-27T22:33:27.997+0000] {dag.py:3211} INFO - Sync 1 DAGs
[2024-08-27T22:33:28.036+0000] {logging_mixin.py:190} INFO - [2024-08-27T22:33:28.036+0000] {dag.py:4138} INFO - Setting next_dagrun for example_display_name to None, run_after=None
[2024-08-27T22:33:28.101+0000] {processor.py:208} INFO - Processing /home/airflow/.local/lib/python3.12/site-packages/airflow/example_dags/example_display_name.py took 0.159 seconds
[2024-08-27T22:36:48.267+0000] {processor.py:186} INFO - Started process (PID=107) to work on /home/airflow/.local/lib/python3.12/site-packages/airflow/example_dags/example_display_name.py
[2024-08-27T22:36:48.272+0000] {processor.py:914} INFO - Processing file /home/airflow/.local/lib/python3.12/site-packages/airflow/example_dags/example_display_name.py for tasks to queue
[2024-08-27T22:36:48.275+0000] {logging_mixin.py:190} INFO - [2024-08-27T22:36:48.275+0000] {dagbag.py:587} INFO - Filling up the DagBag from /home/airflow/.local/lib/python3.12/site-packages/airflow/example_dags/example_display_name.py
[2024-08-27T22:36:48.290+0000] {processor.py:925} INFO - DAG(s) 'example_display_name' retrieved from /home/airflow/.local/lib/python3.12/site-packages/airflow/example_dags/example_display_name.py
[2024-08-27T22:36:48.452+0000] {logging_mixin.py:190} INFO - [2024-08-27T22:36:48.451+0000] {override.py:1858} INFO - Created Permission View: can delete on DAG:example_display_name
[2024-08-27T22:36:48.468+0000] {logging_mixin.py:190} INFO - [2024-08-27T22:36:48.467+0000] {override.py:1858} INFO - Created Permission View: can edit on DAG:example_display_name
[2024-08-27T22:36:48.482+0000] {logging_mixin.py:190} INFO - [2024-08-27T22:36:48.481+0000] {override.py:1858} INFO - Created Permission View: can read on DAG:example_display_name
[2024-08-27T22:36:48.482+0000] {logging_mixin.py:190} INFO - [2024-08-27T22:36:48.482+0000] {dag.py:3211} INFO - Sync 1 DAGs
[2024-08-27T22:36:48.506+0000] {logging_mixin.py:190} INFO - [2024-08-27T22:36:48.505+0000] {dag.py:3234} INFO - Creating ORM DAG for example_display_name
[2024-08-27T22:36:48.507+0000] {logging_mixin.py:190} INFO - [2024-08-27T22:36:48.506+0000] {dag.py:4138} INFO - Setting next_dagrun for example_display_name to None, run_after=None
[2024-08-27T22:36:48.536+0000] {processor.py:208} INFO - Processing /home/airflow/.local/lib/python3.12/site-packages/airflow/example_dags/example_display_name.py took 0.279 seconds
[2024-08-27T22:37:18.966+0000] {processor.py:186} INFO - Started process (PID=168) to work on /home/airflow/.local/lib/python3.12/site-packages/airflow/example_dags/example_display_name.py
[2024-08-27T22:37:18.967+0000] {processor.py:914} INFO - Processing file /home/airflow/.local/lib/python3.12/site-packages/airflow/example_dags/example_display_name.py for tasks to queue
[2024-08-27T22:37:18.970+0000] {logging_mixin.py:190} INFO - [2024-08-27T22:37:18.969+0000] {dagbag.py:587} INFO - Filling up the DagBag from /home/airflow/.local/lib/python3.12/site-packages/airflow/example_dags/example_display_name.py
[2024-08-27T22:37:18.981+0000] {processor.py:925} INFO - DAG(s) 'example_display_name' retrieved from /home/airflow/.local/lib/python3.12/site-packages/airflow/example_dags/example_display_name.py
[2024-08-27T22:37:19.039+0000] {logging_mixin.py:190} INFO - [2024-08-27T22:37:19.038+0000] {dag.py:3211} INFO - Sync 1 DAGs
[2024-08-27T22:37:19.088+0000] {logging_mixin.py:190} INFO - [2024-08-27T22:37:19.087+0000] {dag.py:4138} INFO - Setting next_dagrun for example_display_name to None, run_after=None
[2024-08-27T22:37:19.190+0000] {processor.py:208} INFO - Processing /home/airflow/.local/lib/python3.12/site-packages/airflow/example_dags/example_display_name.py took 0.231 seconds
[2024-08-27T22:37:49.355+0000] {processor.py:186} INFO - Started process (PID=229) to work on /home/airflow/.local/lib/python3.12/site-packages/airflow/example_dags/example_display_name.py
[2024-08-27T22:37:49.355+0000] {processor.py:914} INFO - Processing file /home/airflow/.local/lib/python3.12/site-packages/airflow/example_dags/example_display_name.py for tasks to queue
[2024-08-27T22:37:49.360+0000] {logging_mixin.py:190} INFO - [2024-08-27T22:37:49.358+0000] {dagbag.py:587} INFO - Filling up the DagBag from /home/airflow/.local/lib/python3.12/site-packages/airflow/example_dags/example_display_name.py
[2024-08-27T22:37:49.399+0000] {processor.py:925} INFO - DAG(s) 'example_display_name' retrieved from /home/airflow/.local/lib/python3.12/site-packages/airflow/example_dags/example_display_name.py
