[2024-08-27T22:29:57.831+0000] {processor.py:186} INFO - Started process (PID=88) to work on /home/airflow/.local/lib/python3.12/site-packages/airflow/example_dags/example_xcom.py
[2024-08-27T22:29:57.832+0000] {processor.py:914} INFO - Processing file /home/airflow/.local/lib/python3.12/site-packages/airflow/example_dags/example_xcom.py for tasks to queue
[2024-08-27T22:29:57.838+0000] {logging_mixin.py:190} INFO - [2024-08-27T22:29:57.837+0000] {dagbag.py:587} INFO - Filling up the DagBag from /home/airflow/.local/lib/python3.12/site-packages/airflow/example_dags/example_xcom.py
[2024-08-27T22:29:57.857+0000] {processor.py:925} INFO - DAG(s) 'example_xcom' retrieved from /home/airflow/.local/lib/python3.12/site-packages/airflow/example_dags/example_xcom.py
[2024-08-27T22:29:58.030+0000] {logging_mixin.py:190} INFO - [2024-08-27T22:29:58.028+0000] {override.py:1858} INFO - Created Permission View: can edit on DAG:example_xcom
[2024-08-27T22:29:58.065+0000] {logging_mixin.py:190} INFO - [2024-08-27T22:29:58.064+0000] {override.py:1858} INFO - Created Permission View: can delete on DAG:example_xcom
[2024-08-27T22:29:58.081+0000] {logging_mixin.py:190} INFO - [2024-08-27T22:29:58.080+0000] {override.py:1858} INFO - Created Permission View: can read on DAG:example_xcom
[2024-08-27T22:29:58.082+0000] {logging_mixin.py:190} INFO - [2024-08-27T22:29:58.081+0000] {dag.py:3211} INFO - Sync 1 DAGs
[2024-08-27T22:29:58.111+0000] {logging_mixin.py:190} INFO - [2024-08-27T22:29:58.110+0000] {dag.py:3234} INFO - Creating ORM DAG for example_xcom
[2024-08-27T22:29:58.139+0000] {logging_mixin.py:190} INFO - [2024-08-27T22:29:58.139+0000] {dag.py:4138} INFO - Setting next_dagrun for example_xcom to 2021-01-01 00:00:00+00:00, run_after=2021-01-01 00:00:00+00:00
[2024-08-27T22:29:58.187+0000] {processor.py:208} INFO - Processing /home/airflow/.local/lib/python3.12/site-packages/airflow/example_dags/example_xcom.py took 0.372 seconds
[2024-08-27T22:30:28.526+0000] {processor.py:186} INFO - Started process (PID=151) to work on /home/airflow/.local/lib/python3.12/site-packages/airflow/example_dags/example_xcom.py
[2024-08-27T22:30:28.528+0000] {processor.py:914} INFO - Processing file /home/airflow/.local/lib/python3.12/site-packages/airflow/example_dags/example_xcom.py for tasks to queue
[2024-08-27T22:30:28.538+0000] {logging_mixin.py:190} INFO - [2024-08-27T22:30:28.537+0000] {dagbag.py:587} INFO - Filling up the DagBag from /home/airflow/.local/lib/python3.12/site-packages/airflow/example_dags/example_xcom.py
[2024-08-27T22:30:28.569+0000] {processor.py:925} INFO - DAG(s) 'example_xcom' retrieved from /home/airflow/.local/lib/python3.12/site-packages/airflow/example_dags/example_xcom.py
[2024-08-27T22:30:28.619+0000] {logging_mixin.py:190} INFO - [2024-08-27T22:30:28.615+0000] {dag.py:3211} INFO - Sync 1 DAGs
[2024-08-27T22:30:28.660+0000] {logging_mixin.py:190} INFO - [2024-08-27T22:30:28.658+0000] {dag.py:4138} INFO - Setting next_dagrun for example_xcom to 2021-01-01 00:00:00+00:00, run_after=2021-01-01 00:00:00+00:00
[2024-08-27T22:30:28.690+0000] {processor.py:208} INFO - Processing /home/airflow/.local/lib/python3.12/site-packages/airflow/example_dags/example_xcom.py took 0.194 seconds
[2024-08-27T22:30:47.175+0000] {processor.py:186} INFO - Started process (PID=214) to work on /home/airflow/.local/lib/python3.12/site-packages/airflow/example_dags/example_xcom.py
[2024-08-27T22:30:47.176+0000] {processor.py:914} INFO - Processing file /home/airflow/.local/lib/python3.12/site-packages/airflow/example_dags/example_xcom.py for tasks to queue
[2024-08-27T22:30:47.179+0000] {logging_mixin.py:190} INFO - [2024-08-27T22:30:47.179+0000] {dagbag.py:587} INFO - Filling up the DagBag from /home/airflow/.local/lib/python3.12/site-packages/airflow/example_dags/example_xcom.py
[2024-08-27T22:30:47.191+0000] {processor.py:925} INFO - DAG(s) 'example_xcom' retrieved from /home/airflow/.local/lib/python3.12/site-packages/airflow/example_dags/example_xcom.py
[2024-08-27T22:30:47.238+0000] {logging_mixin.py:190} INFO - [2024-08-27T22:30:47.237+0000] {dag.py:3211} INFO - Sync 1 DAGs
[2024-08-27T22:30:47.281+0000] {logging_mixin.py:190} INFO - [2024-08-27T22:30:47.281+0000] {dag.py:4138} INFO - Setting next_dagrun for example_xcom to 2021-01-01 00:00:00+00:00, run_after=2021-01-01 00:00:00+00:00
[2024-08-27T22:30:47.313+0000] {processor.py:208} INFO - Processing /home/airflow/.local/lib/python3.12/site-packages/airflow/example_dags/example_xcom.py took 0.149 seconds
[2024-08-27T22:31:17.413+0000] {processor.py:186} INFO - Started process (PID=276) to work on /home/airflow/.local/lib/python3.12/site-packages/airflow/example_dags/example_xcom.py
[2024-08-27T22:31:17.414+0000] {processor.py:914} INFO - Processing file /home/airflow/.local/lib/python3.12/site-packages/airflow/example_dags/example_xcom.py for tasks to queue
[2024-08-27T22:31:17.420+0000] {logging_mixin.py:190} INFO - [2024-08-27T22:31:17.419+0000] {dagbag.py:587} INFO - Filling up the DagBag from /home/airflow/.local/lib/python3.12/site-packages/airflow/example_dags/example_xcom.py
[2024-08-27T22:31:17.439+0000] {processor.py:925} INFO - DAG(s) 'example_xcom' retrieved from /home/airflow/.local/lib/python3.12/site-packages/airflow/example_dags/example_xcom.py
[2024-08-27T22:31:17.480+0000] {logging_mixin.py:190} INFO - [2024-08-27T22:31:17.479+0000] {dag.py:3211} INFO - Sync 1 DAGs
[2024-08-27T22:31:17.514+0000] {logging_mixin.py:190} INFO - [2024-08-27T22:31:17.513+0000] {dag.py:4138} INFO - Setting next_dagrun for example_xcom to 2021-01-01 00:00:00+00:00, run_after=2021-01-01 00:00:00+00:00
[2024-08-27T22:31:17.557+0000] {processor.py:208} INFO - Processing /home/airflow/.local/lib/python3.12/site-packages/airflow/example_dags/example_xcom.py took 0.154 seconds
[2024-08-27T22:31:48.449+0000] {processor.py:186} INFO - Started process (PID=337) to work on /home/airflow/.local/lib/python3.12/site-packages/airflow/example_dags/example_xcom.py
[2024-08-27T22:31:48.478+0000] {processor.py:914} INFO - Processing file /home/airflow/.local/lib/python3.12/site-packages/airflow/example_dags/example_xcom.py for tasks to queue
[2024-08-27T22:31:48.481+0000] {logging_mixin.py:190} INFO - [2024-08-27T22:31:48.481+0000] {dagbag.py:587} INFO - Filling up the DagBag from /home/airflow/.local/lib/python3.12/site-packages/airflow/example_dags/example_xcom.py
[2024-08-27T22:31:48.544+0000] {processor.py:925} INFO - DAG(s) 'example_xcom' retrieved from /home/airflow/.local/lib/python3.12/site-packages/airflow/example_dags/example_xcom.py
[2024-08-27T22:31:48.615+0000] {logging_mixin.py:190} INFO - [2024-08-27T22:31:48.615+0000] {dag.py:3211} INFO - Sync 1 DAGs
[2024-08-27T22:31:48.655+0000] {logging_mixin.py:190} INFO - [2024-08-27T22:31:48.655+0000] {dag.py:4138} INFO - Setting next_dagrun for example_xcom to 2021-01-01 00:00:00+00:00, run_after=2021-01-01 00:00:00+00:00
[2024-08-27T22:31:48.698+0000] {processor.py:208} INFO - Processing /home/airflow/.local/lib/python3.12/site-packages/airflow/example_dags/example_xcom.py took 0.266 seconds
[2024-08-27T22:32:18.936+0000] {processor.py:186} INFO - Started process (PID=399) to work on /home/airflow/.local/lib/python3.12/site-packages/airflow/example_dags/example_xcom.py
[2024-08-27T22:32:18.937+0000] {processor.py:914} INFO - Processing file /home/airflow/.local/lib/python3.12/site-packages/airflow/example_dags/example_xcom.py for tasks to queue
[2024-08-27T22:32:18.943+0000] {logging_mixin.py:190} INFO - [2024-08-27T22:32:18.941+0000] {dagbag.py:587} INFO - Filling up the DagBag from /home/airflow/.local/lib/python3.12/site-packages/airflow/example_dags/example_xcom.py
[2024-08-27T22:32:18.958+0000] {processor.py:925} INFO - DAG(s) 'example_xcom' retrieved from /home/airflow/.local/lib/python3.12/site-packages/airflow/example_dags/example_xcom.py
[2024-08-27T22:32:19.017+0000] {logging_mixin.py:190} INFO - [2024-08-27T22:32:19.016+0000] {dag.py:3211} INFO - Sync 1 DAGs
[2024-08-27T22:32:19.048+0000] {logging_mixin.py:190} INFO - [2024-08-27T22:32:19.047+0000] {dag.py:4138} INFO - Setting next_dagrun for example_xcom to 2021-01-01 00:00:00+00:00, run_after=2021-01-01 00:00:00+00:00
[2024-08-27T22:32:19.142+0000] {processor.py:208} INFO - Processing /home/airflow/.local/lib/python3.12/site-packages/airflow/example_dags/example_xcom.py took 0.220 seconds
[2024-08-27T22:32:50.416+0000] {processor.py:186} INFO - Started process (PID=461) to work on /home/airflow/.local/lib/python3.12/site-packages/airflow/example_dags/example_xcom.py
[2024-08-27T22:32:50.417+0000] {processor.py:914} INFO - Processing file /home/airflow/.local/lib/python3.12/site-packages/airflow/example_dags/example_xcom.py for tasks to queue
[2024-08-27T22:32:50.440+0000] {logging_mixin.py:190} INFO - [2024-08-27T22:32:50.440+0000] {dagbag.py:587} INFO - Filling up the DagBag from /home/airflow/.local/lib/python3.12/site-packages/airflow/example_dags/example_xcom.py
[2024-08-27T22:32:50.516+0000] {processor.py:925} INFO - DAG(s) 'example_xcom' retrieved from /home/airflow/.local/lib/python3.12/site-packages/airflow/example_dags/example_xcom.py
[2024-08-27T22:32:50.724+0000] {logging_mixin.py:190} INFO - [2024-08-27T22:32:50.724+0000] {dag.py:3211} INFO - Sync 1 DAGs
[2024-08-27T22:32:50.835+0000] {logging_mixin.py:190} INFO - [2024-08-27T22:32:50.834+0000] {dag.py:4138} INFO - Setting next_dagrun for example_xcom to 2021-01-01 00:00:00+00:00, run_after=2021-01-01 00:00:00+00:00
[2024-08-27T22:32:50.975+0000] {processor.py:208} INFO - Processing /home/airflow/.local/lib/python3.12/site-packages/airflow/example_dags/example_xcom.py took 0.600 seconds
[2024-08-27T22:33:21.170+0000] {processor.py:186} INFO - Started process (PID=523) to work on /home/airflow/.local/lib/python3.12/site-packages/airflow/example_dags/example_xcom.py
[2024-08-27T22:33:21.173+0000] {processor.py:914} INFO - Processing file /home/airflow/.local/lib/python3.12/site-packages/airflow/example_dags/example_xcom.py for tasks to queue
[2024-08-27T22:33:21.176+0000] {logging_mixin.py:190} INFO - [2024-08-27T22:33:21.175+0000] {dagbag.py:587} INFO - Filling up the DagBag from /home/airflow/.local/lib/python3.12/site-packages/airflow/example_dags/example_xcom.py
[2024-08-27T22:33:21.186+0000] {processor.py:925} INFO - DAG(s) 'example_xcom' retrieved from /home/airflow/.local/lib/python3.12/site-packages/airflow/example_dags/example_xcom.py
[2024-08-27T22:33:21.217+0000] {logging_mixin.py:190} INFO - [2024-08-27T22:33:21.217+0000] {dag.py:3211} INFO - Sync 1 DAGs
[2024-08-27T22:33:21.241+0000] {logging_mixin.py:190} INFO - [2024-08-27T22:33:21.241+0000] {dag.py:4138} INFO - Setting next_dagrun for example_xcom to 2021-01-01 00:00:00+00:00, run_after=2021-01-01 00:00:00+00:00
[2024-08-27T22:33:21.272+0000] {processor.py:208} INFO - Processing /home/airflow/.local/lib/python3.12/site-packages/airflow/example_dags/example_xcom.py took 0.108 seconds
[2024-08-27T22:33:53.617+0000] {processor.py:186} INFO - Started process (PID=584) to work on /home/airflow/.local/lib/python3.12/site-packages/airflow/example_dags/example_xcom.py
[2024-08-27T22:33:53.639+0000] {processor.py:914} INFO - Processing file /home/airflow/.local/lib/python3.12/site-packages/airflow/example_dags/example_xcom.py for tasks to queue
[2024-08-27T22:33:53.642+0000] {logging_mixin.py:190} INFO - [2024-08-27T22:33:53.641+0000] {dagbag.py:587} INFO - Filling up the DagBag from /home/airflow/.local/lib/python3.12/site-packages/airflow/example_dags/example_xcom.py
[2024-08-27T22:33:53.654+0000] {processor.py:925} INFO - DAG(s) 'example_xcom' retrieved from /home/airflow/.local/lib/python3.12/site-packages/airflow/example_dags/example_xcom.py
[2024-08-27T22:33:53.787+0000] {logging_mixin.py:190} INFO - [2024-08-27T22:33:53.786+0000] {dag.py:3211} INFO - Sync 1 DAGs
[2024-08-27T22:33:53.818+0000] {logging_mixin.py:190} INFO - [2024-08-27T22:33:53.817+0000] {dag.py:4138} INFO - Setting next_dagrun for example_xcom to 2021-01-01 00:00:00+00:00, run_after=2021-01-01 00:00:00+00:00
[2024-08-27T22:33:53.861+0000] {processor.py:208} INFO - Processing /home/airflow/.local/lib/python3.12/site-packages/airflow/example_dags/example_xcom.py took 0.257 seconds
[2024-08-27T22:36:38.429+0000] {processor.py:186} INFO - Started process (PID=83) to work on /home/airflow/.local/lib/python3.12/site-packages/airflow/example_dags/example_xcom.py
[2024-08-27T22:36:38.430+0000] {processor.py:914} INFO - Processing file /home/airflow/.local/lib/python3.12/site-packages/airflow/example_dags/example_xcom.py for tasks to queue
[2024-08-27T22:36:38.451+0000] {logging_mixin.py:190} INFO - [2024-08-27T22:36:38.433+0000] {dagbag.py:587} INFO - Filling up the DagBag from /home/airflow/.local/lib/python3.12/site-packages/airflow/example_dags/example_xcom.py
[2024-08-27T22:36:38.707+0000] {processor.py:925} INFO - DAG(s) 'example_xcom' retrieved from /home/airflow/.local/lib/python3.12/site-packages/airflow/example_dags/example_xcom.py
[2024-08-27T22:36:39.568+0000] {logging_mixin.py:190} INFO - [2024-08-27T22:36:39.567+0000] {override.py:1858} INFO - Created Permission View: can delete on DAG:example_xcom
[2024-08-27T22:36:39.670+0000] {logging_mixin.py:190} INFO - [2024-08-27T22:36:39.669+0000] {override.py:1858} INFO - Created Permission View: can edit on DAG:example_xcom
[2024-08-27T22:36:39.699+0000] {logging_mixin.py:190} INFO - [2024-08-27T22:36:39.699+0000] {override.py:1858} INFO - Created Permission View: can read on DAG:example_xcom
[2024-08-27T22:36:39.700+0000] {logging_mixin.py:190} INFO - [2024-08-27T22:36:39.699+0000] {dag.py:3211} INFO - Sync 1 DAGs
[2024-08-27T22:36:39.744+0000] {logging_mixin.py:190} INFO - [2024-08-27T22:36:39.744+0000] {dag.py:3234} INFO - Creating ORM DAG for example_xcom
[2024-08-27T22:36:39.790+0000] {logging_mixin.py:190} INFO - [2024-08-27T22:36:39.788+0000] {dag.py:4138} INFO - Setting next_dagrun for example_xcom to 2021-01-01 00:00:00+00:00, run_after=2021-01-01 00:00:00+00:00
[2024-08-27T22:36:40.092+0000] {processor.py:208} INFO - Processing /home/airflow/.local/lib/python3.12/site-packages/airflow/example_dags/example_xcom.py took 1.710 seconds
[2024-08-27T22:37:10.198+0000] {processor.py:186} INFO - Started process (PID=150) to work on /home/airflow/.local/lib/python3.12/site-packages/airflow/example_dags/example_xcom.py
[2024-08-27T22:37:10.199+0000] {processor.py:914} INFO - Processing file /home/airflow/.local/lib/python3.12/site-packages/airflow/example_dags/example_xcom.py for tasks to queue
[2024-08-27T22:37:10.202+0000] {logging_mixin.py:190} INFO - [2024-08-27T22:37:10.202+0000] {dagbag.py:587} INFO - Filling up the DagBag from /home/airflow/.local/lib/python3.12/site-packages/airflow/example_dags/example_xcom.py
[2024-08-27T22:37:10.215+0000] {processor.py:925} INFO - DAG(s) 'example_xcom' retrieved from /home/airflow/.local/lib/python3.12/site-packages/airflow/example_dags/example_xcom.py
[2024-08-27T22:37:10.249+0000] {logging_mixin.py:190} INFO - [2024-08-27T22:37:10.248+0000] {dag.py:3211} INFO - Sync 1 DAGs
[2024-08-27T22:37:10.283+0000] {logging_mixin.py:190} INFO - [2024-08-27T22:37:10.283+0000] {dag.py:4138} INFO - Setting next_dagrun for example_xcom to 2021-01-01 00:00:00+00:00, run_after=2021-01-01 00:00:00+00:00
[2024-08-27T22:37:10.315+0000] {processor.py:208} INFO - Processing /home/airflow/.local/lib/python3.12/site-packages/airflow/example_dags/example_xcom.py took 0.127 seconds
[2024-08-27T22:37:41.022+0000] {processor.py:186} INFO - Started process (PID=212) to work on /home/airflow/.local/lib/python3.12/site-packages/airflow/example_dags/example_xcom.py
[2024-08-27T22:37:41.025+0000] {processor.py:914} INFO - Processing file /home/airflow/.local/lib/python3.12/site-packages/airflow/example_dags/example_xcom.py for tasks to queue
[2024-08-27T22:37:41.028+0000] {logging_mixin.py:190} INFO - [2024-08-27T22:37:41.028+0000] {dagbag.py:587} INFO - Filling up the DagBag from /home/airflow/.local/lib/python3.12/site-packages/airflow/example_dags/example_xcom.py
[2024-08-27T22:37:41.092+0000] {processor.py:925} INFO - DAG(s) 'example_xcom' retrieved from /home/airflow/.local/lib/python3.12/site-packages/airflow/example_dags/example_xcom.py
[2024-08-27T22:37:41.181+0000] {logging_mixin.py:190} INFO - [2024-08-27T22:37:41.180+0000] {dag.py:3211} INFO - Sync 1 DAGs
[2024-08-27T22:37:41.223+0000] {logging_mixin.py:190} INFO - [2024-08-27T22:37:41.222+0000] {dag.py:4138} INFO - Setting next_dagrun for example_xcom to 2021-01-01 00:00:00+00:00, run_after=2021-01-01 00:00:00+00:00
[2024-08-27T22:37:41.253+0000] {processor.py:208} INFO - Processing /home/airflow/.local/lib/python3.12/site-packages/airflow/example_dags/example_xcom.py took 0.242 seconds
