[2024-08-27T22:29:52.287+0000] {processor.py:186} INFO - Started process (PID=71) to work on /home/airflow/.local/lib/python3.12/site-packages/airflow/example_dags/example_params_trigger_ui.py
[2024-08-27T22:29:52.287+0000] {processor.py:914} INFO - Processing file /home/airflow/.local/lib/python3.12/site-packages/airflow/example_dags/example_params_trigger_ui.py for tasks to queue
[2024-08-27T22:29:52.290+0000] {logging_mixin.py:190} INFO - [2024-08-27T22:29:52.289+0000] {dagbag.py:587} INFO - Filling up the DagBag from /home/airflow/.local/lib/python3.12/site-packages/airflow/example_dags/example_params_trigger_ui.py
[2024-08-27T22:29:52.321+0000] {processor.py:925} INFO - DAG(s) 'example_params_trigger_ui' retrieved from /home/airflow/.local/lib/python3.12/site-packages/airflow/example_dags/example_params_trigger_ui.py
[2024-08-27T22:29:52.630+0000] {logging_mixin.py:190} INFO - [2024-08-27T22:29:52.629+0000] {override.py:1858} INFO - Created Permission View: can edit on DAG:example_params_trigger_ui
[2024-08-27T22:29:52.656+0000] {logging_mixin.py:190} INFO - [2024-08-27T22:29:52.655+0000] {override.py:1858} INFO - Created Permission View: can delete on DAG:example_params_trigger_ui
[2024-08-27T22:29:52.669+0000] {logging_mixin.py:190} INFO - [2024-08-27T22:29:52.668+0000] {override.py:1858} INFO - Created Permission View: can read on DAG:example_params_trigger_ui
[2024-08-27T22:29:52.669+0000] {logging_mixin.py:190} INFO - [2024-08-27T22:29:52.669+0000] {dag.py:3211} INFO - Sync 1 DAGs
[2024-08-27T22:29:52.702+0000] {logging_mixin.py:190} INFO - [2024-08-27T22:29:52.701+0000] {dag.py:3234} INFO - Creating ORM DAG for example_params_trigger_ui
[2024-08-27T22:29:52.702+0000] {logging_mixin.py:190} INFO - [2024-08-27T22:29:52.702+0000] {dag.py:4138} INFO - Setting next_dagrun for example_params_trigger_ui to None, run_after=None
[2024-08-27T22:29:52.759+0000] {processor.py:208} INFO - Processing /home/airflow/.local/lib/python3.12/site-packages/airflow/example_dags/example_params_trigger_ui.py took 0.484 seconds
[2024-08-27T22:30:23.548+0000] {processor.py:186} INFO - Started process (PID=133) to work on /home/airflow/.local/lib/python3.12/site-packages/airflow/example_dags/example_params_trigger_ui.py
[2024-08-27T22:30:23.550+0000] {processor.py:914} INFO - Processing file /home/airflow/.local/lib/python3.12/site-packages/airflow/example_dags/example_params_trigger_ui.py for tasks to queue
[2024-08-27T22:30:23.555+0000] {logging_mixin.py:190} INFO - [2024-08-27T22:30:23.552+0000] {dagbag.py:587} INFO - Filling up the DagBag from /home/airflow/.local/lib/python3.12/site-packages/airflow/example_dags/example_params_trigger_ui.py
[2024-08-27T22:30:23.573+0000] {processor.py:925} INFO - DAG(s) 'example_params_trigger_ui' retrieved from /home/airflow/.local/lib/python3.12/site-packages/airflow/example_dags/example_params_trigger_ui.py
[2024-08-27T22:30:23.681+0000] {logging_mixin.py:190} INFO - [2024-08-27T22:30:23.681+0000] {dag.py:3211} INFO - Sync 1 DAGs
[2024-08-27T22:30:23.704+0000] {logging_mixin.py:190} INFO - [2024-08-27T22:30:23.704+0000] {dag.py:4138} INFO - Setting next_dagrun for example_params_trigger_ui to None, run_after=None
[2024-08-27T22:30:23.737+0000] {processor.py:208} INFO - Processing /home/airflow/.local/lib/python3.12/site-packages/airflow/example_dags/example_params_trigger_ui.py took 0.197 seconds
[2024-08-27T22:30:42.169+0000] {processor.py:186} INFO - Started process (PID=191) to work on /home/airflow/.local/lib/python3.12/site-packages/airflow/example_dags/example_params_trigger_ui.py
[2024-08-27T22:30:42.207+0000] {processor.py:914} INFO - Processing file /home/airflow/.local/lib/python3.12/site-packages/airflow/example_dags/example_params_trigger_ui.py for tasks to queue
[2024-08-27T22:30:42.221+0000] {logging_mixin.py:190} INFO - [2024-08-27T22:30:42.221+0000] {dagbag.py:587} INFO - Filling up the DagBag from /home/airflow/.local/lib/python3.12/site-packages/airflow/example_dags/example_params_trigger_ui.py
[2024-08-27T22:30:42.287+0000] {processor.py:925} INFO - DAG(s) 'example_params_trigger_ui' retrieved from /home/airflow/.local/lib/python3.12/site-packages/airflow/example_dags/example_params_trigger_ui.py
[2024-08-27T22:30:42.480+0000] {logging_mixin.py:190} INFO - [2024-08-27T22:30:42.478+0000] {dag.py:3211} INFO - Sync 1 DAGs
[2024-08-27T22:30:42.504+0000] {logging_mixin.py:190} INFO - [2024-08-27T22:30:42.504+0000] {dag.py:4138} INFO - Setting next_dagrun for example_params_trigger_ui to None, run_after=None
[2024-08-27T22:30:42.569+0000] {processor.py:208} INFO - Processing /home/airflow/.local/lib/python3.12/site-packages/airflow/example_dags/example_params_trigger_ui.py took 0.407 seconds
[2024-08-27T22:31:13.670+0000] {processor.py:186} INFO - Started process (PID=253) to work on /home/airflow/.local/lib/python3.12/site-packages/airflow/example_dags/example_params_trigger_ui.py
[2024-08-27T22:31:13.671+0000] {processor.py:914} INFO - Processing file /home/airflow/.local/lib/python3.12/site-packages/airflow/example_dags/example_params_trigger_ui.py for tasks to queue
[2024-08-27T22:31:13.673+0000] {logging_mixin.py:190} INFO - [2024-08-27T22:31:13.673+0000] {dagbag.py:587} INFO - Filling up the DagBag from /home/airflow/.local/lib/python3.12/site-packages/airflow/example_dags/example_params_trigger_ui.py
[2024-08-27T22:31:13.690+0000] {processor.py:925} INFO - DAG(s) 'example_params_trigger_ui' retrieved from /home/airflow/.local/lib/python3.12/site-packages/airflow/example_dags/example_params_trigger_ui.py
[2024-08-27T22:31:13.885+0000] {logging_mixin.py:190} INFO - [2024-08-27T22:31:13.885+0000] {dag.py:3211} INFO - Sync 1 DAGs
[2024-08-27T22:31:13.927+0000] {logging_mixin.py:190} INFO - [2024-08-27T22:31:13.927+0000] {dag.py:4138} INFO - Setting next_dagrun for example_params_trigger_ui to None, run_after=None
[2024-08-27T22:31:13.993+0000] {processor.py:208} INFO - Processing /home/airflow/.local/lib/python3.12/site-packages/airflow/example_dags/example_params_trigger_ui.py took 0.331 seconds
[2024-08-27T22:31:44.060+0000] {processor.py:186} INFO - Started process (PID=314) to work on /home/airflow/.local/lib/python3.12/site-packages/airflow/example_dags/example_params_trigger_ui.py
[2024-08-27T22:31:44.063+0000] {processor.py:914} INFO - Processing file /home/airflow/.local/lib/python3.12/site-packages/airflow/example_dags/example_params_trigger_ui.py for tasks to queue
[2024-08-27T22:31:44.065+0000] {logging_mixin.py:190} INFO - [2024-08-27T22:31:44.065+0000] {dagbag.py:587} INFO - Filling up the DagBag from /home/airflow/.local/lib/python3.12/site-packages/airflow/example_dags/example_params_trigger_ui.py
[2024-08-27T22:31:44.101+0000] {processor.py:925} INFO - DAG(s) 'example_params_trigger_ui' retrieved from /home/airflow/.local/lib/python3.12/site-packages/airflow/example_dags/example_params_trigger_ui.py
[2024-08-27T22:31:44.236+0000] {logging_mixin.py:190} INFO - [2024-08-27T22:31:44.235+0000] {dag.py:3211} INFO - Sync 1 DAGs
[2024-08-27T22:31:44.255+0000] {logging_mixin.py:190} INFO - [2024-08-27T22:31:44.254+0000] {dag.py:4138} INFO - Setting next_dagrun for example_params_trigger_ui to None, run_after=None
[2024-08-27T22:31:44.358+0000] {processor.py:208} INFO - Processing /home/airflow/.local/lib/python3.12/site-packages/airflow/example_dags/example_params_trigger_ui.py took 0.305 seconds
[2024-08-27T22:32:14.730+0000] {processor.py:186} INFO - Started process (PID=375) to work on /home/airflow/.local/lib/python3.12/site-packages/airflow/example_dags/example_params_trigger_ui.py
[2024-08-27T22:32:14.738+0000] {processor.py:914} INFO - Processing file /home/airflow/.local/lib/python3.12/site-packages/airflow/example_dags/example_params_trigger_ui.py for tasks to queue
[2024-08-27T22:32:14.750+0000] {logging_mixin.py:190} INFO - [2024-08-27T22:32:14.749+0000] {dagbag.py:587} INFO - Filling up the DagBag from /home/airflow/.local/lib/python3.12/site-packages/airflow/example_dags/example_params_trigger_ui.py
[2024-08-27T22:32:14.808+0000] {processor.py:925} INFO - DAG(s) 'example_params_trigger_ui' retrieved from /home/airflow/.local/lib/python3.12/site-packages/airflow/example_dags/example_params_trigger_ui.py
[2024-08-27T22:32:14.954+0000] {logging_mixin.py:190} INFO - [2024-08-27T22:32:14.954+0000] {dag.py:3211} INFO - Sync 1 DAGs
[2024-08-27T22:32:14.983+0000] {logging_mixin.py:190} INFO - [2024-08-27T22:32:14.982+0000] {dag.py:4138} INFO - Setting next_dagrun for example_params_trigger_ui to None, run_after=None
[2024-08-27T22:32:15.045+0000] {processor.py:208} INFO - Processing /home/airflow/.local/lib/python3.12/site-packages/airflow/example_dags/example_params_trigger_ui.py took 0.333 seconds
[2024-08-27T22:32:45.187+0000] {processor.py:186} INFO - Started process (PID=437) to work on /home/airflow/.local/lib/python3.12/site-packages/airflow/example_dags/example_params_trigger_ui.py
[2024-08-27T22:32:45.187+0000] {processor.py:914} INFO - Processing file /home/airflow/.local/lib/python3.12/site-packages/airflow/example_dags/example_params_trigger_ui.py for tasks to queue
[2024-08-27T22:32:45.194+0000] {logging_mixin.py:190} INFO - [2024-08-27T22:32:45.193+0000] {dagbag.py:587} INFO - Filling up the DagBag from /home/airflow/.local/lib/python3.12/site-packages/airflow/example_dags/example_params_trigger_ui.py
[2024-08-27T22:32:45.219+0000] {processor.py:925} INFO - DAG(s) 'example_params_trigger_ui' retrieved from /home/airflow/.local/lib/python3.12/site-packages/airflow/example_dags/example_params_trigger_ui.py
[2024-08-27T22:32:45.359+0000] {logging_mixin.py:190} INFO - [2024-08-27T22:32:45.358+0000] {dag.py:3211} INFO - Sync 1 DAGs
[2024-08-27T22:32:45.396+0000] {logging_mixin.py:190} INFO - [2024-08-27T22:32:45.396+0000] {dag.py:4138} INFO - Setting next_dagrun for example_params_trigger_ui to None, run_after=None
[2024-08-27T22:32:45.433+0000] {processor.py:208} INFO - Processing /home/airflow/.local/lib/python3.12/site-packages/airflow/example_dags/example_params_trigger_ui.py took 0.262 seconds
[2024-08-27T22:33:15.555+0000] {processor.py:186} INFO - Started process (PID=499) to work on /home/airflow/.local/lib/python3.12/site-packages/airflow/example_dags/example_params_trigger_ui.py
[2024-08-27T22:33:15.556+0000] {processor.py:914} INFO - Processing file /home/airflow/.local/lib/python3.12/site-packages/airflow/example_dags/example_params_trigger_ui.py for tasks to queue
[2024-08-27T22:33:15.558+0000] {logging_mixin.py:190} INFO - [2024-08-27T22:33:15.558+0000] {dagbag.py:587} INFO - Filling up the DagBag from /home/airflow/.local/lib/python3.12/site-packages/airflow/example_dags/example_params_trigger_ui.py
[2024-08-27T22:33:15.577+0000] {processor.py:925} INFO - DAG(s) 'example_params_trigger_ui' retrieved from /home/airflow/.local/lib/python3.12/site-packages/airflow/example_dags/example_params_trigger_ui.py
[2024-08-27T22:33:15.661+0000] {logging_mixin.py:190} INFO - [2024-08-27T22:33:15.661+0000] {dag.py:3211} INFO - Sync 1 DAGs
[2024-08-27T22:33:15.685+0000] {logging_mixin.py:190} INFO - [2024-08-27T22:33:15.685+0000] {dag.py:4138} INFO - Setting next_dagrun for example_params_trigger_ui to None, run_after=None
[2024-08-27T22:33:15.707+0000] {processor.py:208} INFO - Processing /home/airflow/.local/lib/python3.12/site-packages/airflow/example_dags/example_params_trigger_ui.py took 0.159 seconds
[2024-08-27T22:33:46.292+0000] {processor.py:186} INFO - Started process (PID=561) to work on /home/airflow/.local/lib/python3.12/site-packages/airflow/example_dags/example_params_trigger_ui.py
[2024-08-27T22:33:46.293+0000] {processor.py:914} INFO - Processing file /home/airflow/.local/lib/python3.12/site-packages/airflow/example_dags/example_params_trigger_ui.py for tasks to queue
[2024-08-27T22:33:46.295+0000] {logging_mixin.py:190} INFO - [2024-08-27T22:33:46.294+0000] {dagbag.py:587} INFO - Filling up the DagBag from /home/airflow/.local/lib/python3.12/site-packages/airflow/example_dags/example_params_trigger_ui.py
[2024-08-27T22:33:46.405+0000] {processor.py:925} INFO - DAG(s) 'example_params_trigger_ui' retrieved from /home/airflow/.local/lib/python3.12/site-packages/airflow/example_dags/example_params_trigger_ui.py
[2024-08-27T22:33:46.695+0000] {logging_mixin.py:190} INFO - [2024-08-27T22:33:46.695+0000] {dag.py:3211} INFO - Sync 1 DAGs
[2024-08-27T22:33:46.730+0000] {logging_mixin.py:190} INFO - [2024-08-27T22:33:46.730+0000] {dag.py:4138} INFO - Setting next_dagrun for example_params_trigger_ui to None, run_after=None
[2024-08-27T22:33:46.884+0000] {processor.py:208} INFO - Processing /home/airflow/.local/lib/python3.12/site-packages/airflow/example_dags/example_params_trigger_ui.py took 0.653 seconds
[2024-08-27T22:36:30.454+0000] {processor.py:186} INFO - Started process (PID=66) to work on /home/airflow/.local/lib/python3.12/site-packages/airflow/example_dags/example_params_trigger_ui.py
[2024-08-27T22:36:30.460+0000] {processor.py:914} INFO - Processing file /home/airflow/.local/lib/python3.12/site-packages/airflow/example_dags/example_params_trigger_ui.py for tasks to queue
[2024-08-27T22:36:30.463+0000] {logging_mixin.py:190} INFO - [2024-08-27T22:36:30.462+0000] {dagbag.py:587} INFO - Filling up the DagBag from /home/airflow/.local/lib/python3.12/site-packages/airflow/example_dags/example_params_trigger_ui.py
[2024-08-27T22:36:30.500+0000] {processor.py:925} INFO - DAG(s) 'example_params_trigger_ui' retrieved from /home/airflow/.local/lib/python3.12/site-packages/airflow/example_dags/example_params_trigger_ui.py
[2024-08-27T22:36:30.950+0000] {logging_mixin.py:190} INFO - [2024-08-27T22:36:30.950+0000] {override.py:1858} INFO - Created Permission View: can delete on DAG:example_params_trigger_ui
[2024-08-27T22:36:30.967+0000] {logging_mixin.py:190} INFO - [2024-08-27T22:36:30.967+0000] {override.py:1858} INFO - Created Permission View: can edit on DAG:example_params_trigger_ui
[2024-08-27T22:36:30.980+0000] {logging_mixin.py:190} INFO - [2024-08-27T22:36:30.980+0000] {override.py:1858} INFO - Created Permission View: can read on DAG:example_params_trigger_ui
[2024-08-27T22:36:30.981+0000] {logging_mixin.py:190} INFO - [2024-08-27T22:36:30.981+0000] {dag.py:3211} INFO - Sync 1 DAGs
[2024-08-27T22:36:31.001+0000] {logging_mixin.py:190} INFO - [2024-08-27T22:36:31.001+0000] {dag.py:3234} INFO - Creating ORM DAG for example_params_trigger_ui
[2024-08-27T22:36:31.002+0000] {logging_mixin.py:190} INFO - [2024-08-27T22:36:31.002+0000] {dag.py:4138} INFO - Setting next_dagrun for example_params_trigger_ui to None, run_after=None
[2024-08-27T22:36:31.044+0000] {processor.py:208} INFO - Processing /home/airflow/.local/lib/python3.12/site-packages/airflow/example_dags/example_params_trigger_ui.py took 0.619 seconds
[2024-08-27T22:37:01.251+0000] {processor.py:186} INFO - Started process (PID=126) to work on /home/airflow/.local/lib/python3.12/site-packages/airflow/example_dags/example_params_trigger_ui.py
[2024-08-27T22:37:01.258+0000] {processor.py:914} INFO - Processing file /home/airflow/.local/lib/python3.12/site-packages/airflow/example_dags/example_params_trigger_ui.py for tasks to queue
[2024-08-27T22:37:01.268+0000] {logging_mixin.py:190} INFO - [2024-08-27T22:37:01.267+0000] {dagbag.py:587} INFO - Filling up the DagBag from /home/airflow/.local/lib/python3.12/site-packages/airflow/example_dags/example_params_trigger_ui.py
[2024-08-27T22:37:01.299+0000] {processor.py:925} INFO - DAG(s) 'example_params_trigger_ui' retrieved from /home/airflow/.local/lib/python3.12/site-packages/airflow/example_dags/example_params_trigger_ui.py
[2024-08-27T22:37:01.394+0000] {logging_mixin.py:190} INFO - [2024-08-27T22:37:01.394+0000] {dag.py:3211} INFO - Sync 1 DAGs
[2024-08-27T22:37:01.445+0000] {logging_mixin.py:190} INFO - [2024-08-27T22:37:01.445+0000] {dag.py:4138} INFO - Setting next_dagrun for example_params_trigger_ui to None, run_after=None
[2024-08-27T22:37:01.489+0000] {processor.py:208} INFO - Processing /home/airflow/.local/lib/python3.12/site-packages/airflow/example_dags/example_params_trigger_ui.py took 0.249 seconds
[2024-08-27T22:37:31.979+0000] {processor.py:186} INFO - Started process (PID=188) to work on /home/airflow/.local/lib/python3.12/site-packages/airflow/example_dags/example_params_trigger_ui.py
[2024-08-27T22:37:31.980+0000] {processor.py:914} INFO - Processing file /home/airflow/.local/lib/python3.12/site-packages/airflow/example_dags/example_params_trigger_ui.py for tasks to queue
[2024-08-27T22:37:32.023+0000] {logging_mixin.py:190} INFO - [2024-08-27T22:37:32.023+0000] {dagbag.py:587} INFO - Filling up the DagBag from /home/airflow/.local/lib/python3.12/site-packages/airflow/example_dags/example_params_trigger_ui.py
[2024-08-27T22:37:32.088+0000] {processor.py:925} INFO - DAG(s) 'example_params_trigger_ui' retrieved from /home/airflow/.local/lib/python3.12/site-packages/airflow/example_dags/example_params_trigger_ui.py
[2024-08-27T22:37:32.162+0000] {logging_mixin.py:190} INFO - [2024-08-27T22:37:32.161+0000] {dag.py:3211} INFO - Sync 1 DAGs
[2024-08-27T22:37:32.207+0000] {logging_mixin.py:190} INFO - [2024-08-27T22:37:32.207+0000] {dag.py:4138} INFO - Setting next_dagrun for example_params_trigger_ui to None, run_after=None
[2024-08-27T22:37:32.299+0000] {processor.py:208} INFO - Processing /home/airflow/.local/lib/python3.12/site-packages/airflow/example_dags/example_params_trigger_ui.py took 0.359 seconds
