[2024-08-27T22:29:57.785+0000] {processor.py:186} INFO - Started process (PID=87) to work on /home/airflow/.local/lib/python3.12/site-packages/airflow/example_dags/example_sensor_decorator.py
[2024-08-27T22:29:57.786+0000] {processor.py:914} INFO - Processing file /home/airflow/.local/lib/python3.12/site-packages/airflow/example_dags/example_sensor_decorator.py for tasks to queue
[2024-08-27T22:29:57.788+0000] {logging_mixin.py:190} INFO - [2024-08-27T22:29:57.788+0000] {dagbag.py:587} INFO - Filling up the DagBag from /home/airflow/.local/lib/python3.12/site-packages/airflow/example_dags/example_sensor_decorator.py
[2024-08-27T22:29:57.797+0000] {processor.py:925} INFO - DAG(s) 'example_sensor_decorator' retrieved from /home/airflow/.local/lib/python3.12/site-packages/airflow/example_dags/example_sensor_decorator.py
[2024-08-27T22:29:57.992+0000] {logging_mixin.py:190} INFO - [2024-08-27T22:29:57.992+0000] {override.py:1858} INFO - Created Permission View: can edit on DAG:example_sensor_decorator
[2024-08-27T22:29:58.020+0000] {logging_mixin.py:190} INFO - [2024-08-27T22:29:58.020+0000] {override.py:1858} INFO - Created Permission View: can delete on DAG:example_sensor_decorator
[2024-08-27T22:29:58.041+0000] {logging_mixin.py:190} INFO - [2024-08-27T22:29:58.041+0000] {override.py:1858} INFO - Created Permission View: can read on DAG:example_sensor_decorator
[2024-08-27T22:29:58.041+0000] {logging_mixin.py:190} INFO - [2024-08-27T22:29:58.041+0000] {dag.py:3211} INFO - Sync 1 DAGs
[2024-08-27T22:29:58.059+0000] {logging_mixin.py:190} INFO - [2024-08-27T22:29:58.059+0000] {dag.py:3234} INFO - Creating ORM DAG for example_sensor_decorator
[2024-08-27T22:29:58.061+0000] {logging_mixin.py:190} INFO - [2024-08-27T22:29:58.061+0000] {dag.py:4138} INFO - Setting next_dagrun for example_sensor_decorator to None, run_after=None
[2024-08-27T22:29:58.093+0000] {processor.py:208} INFO - Processing /home/airflow/.local/lib/python3.12/site-packages/airflow/example_dags/example_sensor_decorator.py took 0.320 seconds
[2024-08-27T22:30:28.515+0000] {processor.py:186} INFO - Started process (PID=150) to work on /home/airflow/.local/lib/python3.12/site-packages/airflow/example_dags/example_sensor_decorator.py
[2024-08-27T22:30:28.518+0000] {processor.py:914} INFO - Processing file /home/airflow/.local/lib/python3.12/site-packages/airflow/example_dags/example_sensor_decorator.py for tasks to queue
[2024-08-27T22:30:28.523+0000] {logging_mixin.py:190} INFO - [2024-08-27T22:30:28.521+0000] {dagbag.py:587} INFO - Filling up the DagBag from /home/airflow/.local/lib/python3.12/site-packages/airflow/example_dags/example_sensor_decorator.py
[2024-08-27T22:30:28.542+0000] {processor.py:925} INFO - DAG(s) 'example_sensor_decorator' retrieved from /home/airflow/.local/lib/python3.12/site-packages/airflow/example_dags/example_sensor_decorator.py
[2024-08-27T22:30:28.585+0000] {logging_mixin.py:190} INFO - [2024-08-27T22:30:28.583+0000] {dag.py:3211} INFO - Sync 1 DAGs
[2024-08-27T22:30:28.614+0000] {logging_mixin.py:190} INFO - [2024-08-27T22:30:28.614+0000] {dag.py:4138} INFO - Setting next_dagrun for example_sensor_decorator to None, run_after=None
[2024-08-27T22:30:28.658+0000] {processor.py:208} INFO - Processing /home/airflow/.local/lib/python3.12/site-packages/airflow/example_dags/example_sensor_decorator.py took 0.159 seconds
[2024-08-27T22:30:46.854+0000] {processor.py:186} INFO - Started process (PID=213) to work on /home/airflow/.local/lib/python3.12/site-packages/airflow/example_dags/example_sensor_decorator.py
[2024-08-27T22:30:46.855+0000] {processor.py:914} INFO - Processing file /home/airflow/.local/lib/python3.12/site-packages/airflow/example_dags/example_sensor_decorator.py for tasks to queue
[2024-08-27T22:30:46.873+0000] {logging_mixin.py:190} INFO - [2024-08-27T22:30:46.873+0000] {dagbag.py:587} INFO - Filling up the DagBag from /home/airflow/.local/lib/python3.12/site-packages/airflow/example_dags/example_sensor_decorator.py
[2024-08-27T22:30:46.896+0000] {processor.py:925} INFO - DAG(s) 'example_sensor_decorator' retrieved from /home/airflow/.local/lib/python3.12/site-packages/airflow/example_dags/example_sensor_decorator.py
[2024-08-27T22:30:46.940+0000] {logging_mixin.py:190} INFO - [2024-08-27T22:30:46.939+0000] {dag.py:3211} INFO - Sync 1 DAGs
[2024-08-27T22:30:46.977+0000] {logging_mixin.py:190} INFO - [2024-08-27T22:30:46.976+0000] {dag.py:4138} INFO - Setting next_dagrun for example_sensor_decorator to None, run_after=None
[2024-08-27T22:30:47.101+0000] {processor.py:208} INFO - Processing /home/airflow/.local/lib/python3.12/site-packages/airflow/example_dags/example_sensor_decorator.py took 0.276 seconds
[2024-08-27T22:31:17.217+0000] {processor.py:186} INFO - Started process (PID=275) to work on /home/airflow/.local/lib/python3.12/site-packages/airflow/example_dags/example_sensor_decorator.py
[2024-08-27T22:31:17.222+0000] {processor.py:914} INFO - Processing file /home/airflow/.local/lib/python3.12/site-packages/airflow/example_dags/example_sensor_decorator.py for tasks to queue
[2024-08-27T22:31:17.227+0000] {logging_mixin.py:190} INFO - [2024-08-27T22:31:17.225+0000] {dagbag.py:587} INFO - Filling up the DagBag from /home/airflow/.local/lib/python3.12/site-packages/airflow/example_dags/example_sensor_decorator.py
[2024-08-27T22:31:17.244+0000] {processor.py:925} INFO - DAG(s) 'example_sensor_decorator' retrieved from /home/airflow/.local/lib/python3.12/site-packages/airflow/example_dags/example_sensor_decorator.py
[2024-08-27T22:31:17.299+0000] {logging_mixin.py:190} INFO - [2024-08-27T22:31:17.296+0000] {dag.py:3211} INFO - Sync 1 DAGs
[2024-08-27T22:31:17.329+0000] {logging_mixin.py:190} INFO - [2024-08-27T22:31:17.328+0000] {dag.py:4138} INFO - Setting next_dagrun for example_sensor_decorator to None, run_after=None
[2024-08-27T22:31:17.363+0000] {processor.py:208} INFO - Processing /home/airflow/.local/lib/python3.12/site-packages/airflow/example_dags/example_sensor_decorator.py took 0.158 seconds
[2024-08-27T22:31:48.225+0000] {processor.py:186} INFO - Started process (PID=336) to work on /home/airflow/.local/lib/python3.12/site-packages/airflow/example_dags/example_sensor_decorator.py
[2024-08-27T22:31:48.227+0000] {processor.py:914} INFO - Processing file /home/airflow/.local/lib/python3.12/site-packages/airflow/example_dags/example_sensor_decorator.py for tasks to queue
[2024-08-27T22:31:48.241+0000] {logging_mixin.py:190} INFO - [2024-08-27T22:31:48.241+0000] {dagbag.py:587} INFO - Filling up the DagBag from /home/airflow/.local/lib/python3.12/site-packages/airflow/example_dags/example_sensor_decorator.py
[2024-08-27T22:31:48.272+0000] {processor.py:925} INFO - DAG(s) 'example_sensor_decorator' retrieved from /home/airflow/.local/lib/python3.12/site-packages/airflow/example_dags/example_sensor_decorator.py
[2024-08-27T22:31:48.354+0000] {logging_mixin.py:190} INFO - [2024-08-27T22:31:48.354+0000] {dag.py:3211} INFO - Sync 1 DAGs
[2024-08-27T22:31:48.409+0000] {logging_mixin.py:190} INFO - [2024-08-27T22:31:48.409+0000] {dag.py:4138} INFO - Setting next_dagrun for example_sensor_decorator to None, run_after=None
[2024-08-27T22:31:48.486+0000] {processor.py:208} INFO - Processing /home/airflow/.local/lib/python3.12/site-packages/airflow/example_dags/example_sensor_decorator.py took 0.300 seconds
[2024-08-27T22:32:18.838+0000] {processor.py:186} INFO - Started process (PID=398) to work on /home/airflow/.local/lib/python3.12/site-packages/airflow/example_dags/example_sensor_decorator.py
[2024-08-27T22:32:18.839+0000] {processor.py:914} INFO - Processing file /home/airflow/.local/lib/python3.12/site-packages/airflow/example_dags/example_sensor_decorator.py for tasks to queue
[2024-08-27T22:32:18.841+0000] {logging_mixin.py:190} INFO - [2024-08-27T22:32:18.841+0000] {dagbag.py:587} INFO - Filling up the DagBag from /home/airflow/.local/lib/python3.12/site-packages/airflow/example_dags/example_sensor_decorator.py
[2024-08-27T22:32:18.866+0000] {processor.py:925} INFO - DAG(s) 'example_sensor_decorator' retrieved from /home/airflow/.local/lib/python3.12/site-packages/airflow/example_dags/example_sensor_decorator.py
[2024-08-27T22:32:18.908+0000] {logging_mixin.py:190} INFO - [2024-08-27T22:32:18.907+0000] {dag.py:3211} INFO - Sync 1 DAGs
[2024-08-27T22:32:18.931+0000] {logging_mixin.py:190} INFO - [2024-08-27T22:32:18.931+0000] {dag.py:4138} INFO - Setting next_dagrun for example_sensor_decorator to None, run_after=None
[2024-08-27T22:32:18.974+0000] {processor.py:208} INFO - Processing /home/airflow/.local/lib/python3.12/site-packages/airflow/example_dags/example_sensor_decorator.py took 0.148 seconds
[2024-08-27T22:32:50.230+0000] {processor.py:186} INFO - Started process (PID=460) to work on /home/airflow/.local/lib/python3.12/site-packages/airflow/example_dags/example_sensor_decorator.py
[2024-08-27T22:32:50.235+0000] {processor.py:914} INFO - Processing file /home/airflow/.local/lib/python3.12/site-packages/airflow/example_dags/example_sensor_decorator.py for tasks to queue
[2024-08-27T22:32:50.243+0000] {logging_mixin.py:190} INFO - [2024-08-27T22:32:50.243+0000] {dagbag.py:587} INFO - Filling up the DagBag from /home/airflow/.local/lib/python3.12/site-packages/airflow/example_dags/example_sensor_decorator.py
[2024-08-27T22:32:50.275+0000] {processor.py:925} INFO - DAG(s) 'example_sensor_decorator' retrieved from /home/airflow/.local/lib/python3.12/site-packages/airflow/example_dags/example_sensor_decorator.py
[2024-08-27T22:32:50.347+0000] {logging_mixin.py:190} INFO - [2024-08-27T22:32:50.347+0000] {dag.py:3211} INFO - Sync 1 DAGs
[2024-08-27T22:32:50.432+0000] {logging_mixin.py:190} INFO - [2024-08-27T22:32:50.432+0000] {dag.py:4138} INFO - Setting next_dagrun for example_sensor_decorator to None, run_after=None
[2024-08-27T22:32:50.614+0000] {processor.py:208} INFO - Processing /home/airflow/.local/lib/python3.12/site-packages/airflow/example_dags/example_sensor_decorator.py took 0.419 seconds
[2024-08-27T22:33:21.020+0000] {processor.py:186} INFO - Started process (PID=522) to work on /home/airflow/.local/lib/python3.12/site-packages/airflow/example_dags/example_sensor_decorator.py
[2024-08-27T22:33:21.023+0000] {processor.py:914} INFO - Processing file /home/airflow/.local/lib/python3.12/site-packages/airflow/example_dags/example_sensor_decorator.py for tasks to queue
[2024-08-27T22:33:21.031+0000] {logging_mixin.py:190} INFO - [2024-08-27T22:33:21.031+0000] {dagbag.py:587} INFO - Filling up the DagBag from /home/airflow/.local/lib/python3.12/site-packages/airflow/example_dags/example_sensor_decorator.py
[2024-08-27T22:33:21.044+0000] {processor.py:925} INFO - DAG(s) 'example_sensor_decorator' retrieved from /home/airflow/.local/lib/python3.12/site-packages/airflow/example_dags/example_sensor_decorator.py
[2024-08-27T22:33:21.074+0000] {logging_mixin.py:190} INFO - [2024-08-27T22:33:21.074+0000] {dag.py:3211} INFO - Sync 1 DAGs
[2024-08-27T22:33:21.091+0000] {logging_mixin.py:190} INFO - [2024-08-27T22:33:21.090+0000] {dag.py:4138} INFO - Setting next_dagrun for example_sensor_decorator to None, run_after=None
[2024-08-27T22:33:21.119+0000] {processor.py:208} INFO - Processing /home/airflow/.local/lib/python3.12/site-packages/airflow/example_dags/example_sensor_decorator.py took 0.113 seconds
[2024-08-27T22:33:53.287+0000] {processor.py:186} INFO - Started process (PID=583) to work on /home/airflow/.local/lib/python3.12/site-packages/airflow/example_dags/example_sensor_decorator.py
[2024-08-27T22:33:53.290+0000] {processor.py:914} INFO - Processing file /home/airflow/.local/lib/python3.12/site-packages/airflow/example_dags/example_sensor_decorator.py for tasks to queue
[2024-08-27T22:33:53.294+0000] {logging_mixin.py:190} INFO - [2024-08-27T22:33:53.293+0000] {dagbag.py:587} INFO - Filling up the DagBag from /home/airflow/.local/lib/python3.12/site-packages/airflow/example_dags/example_sensor_decorator.py
[2024-08-27T22:33:53.306+0000] {processor.py:925} INFO - DAG(s) 'example_sensor_decorator' retrieved from /home/airflow/.local/lib/python3.12/site-packages/airflow/example_dags/example_sensor_decorator.py
[2024-08-27T22:33:53.364+0000] {logging_mixin.py:190} INFO - [2024-08-27T22:33:53.353+0000] {dag.py:3211} INFO - Sync 1 DAGs
[2024-08-27T22:33:53.413+0000] {logging_mixin.py:190} INFO - [2024-08-27T22:33:53.413+0000] {dag.py:4138} INFO - Setting next_dagrun for example_sensor_decorator to None, run_after=None
[2024-08-27T22:33:53.503+0000] {processor.py:208} INFO - Processing /home/airflow/.local/lib/python3.12/site-packages/airflow/example_dags/example_sensor_decorator.py took 0.223 seconds
[2024-08-27T22:36:38.108+0000] {processor.py:186} INFO - Started process (PID=82) to work on /home/airflow/.local/lib/python3.12/site-packages/airflow/example_dags/example_sensor_decorator.py
[2024-08-27T22:36:38.114+0000] {processor.py:914} INFO - Processing file /home/airflow/.local/lib/python3.12/site-packages/airflow/example_dags/example_sensor_decorator.py for tasks to queue
[2024-08-27T22:36:38.117+0000] {logging_mixin.py:190} INFO - [2024-08-27T22:36:38.116+0000] {dagbag.py:587} INFO - Filling up the DagBag from /home/airflow/.local/lib/python3.12/site-packages/airflow/example_dags/example_sensor_decorator.py
[2024-08-27T22:36:38.168+0000] {processor.py:925} INFO - DAG(s) 'example_sensor_decorator' retrieved from /home/airflow/.local/lib/python3.12/site-packages/airflow/example_dags/example_sensor_decorator.py
[2024-08-27T22:36:38.340+0000] {logging_mixin.py:190} INFO - [2024-08-27T22:36:38.339+0000] {override.py:1858} INFO - Created Permission View: can delete on DAG:example_sensor_decorator
[2024-08-27T22:36:38.354+0000] {logging_mixin.py:190} INFO - [2024-08-27T22:36:38.354+0000] {override.py:1858} INFO - Created Permission View: can edit on DAG:example_sensor_decorator
[2024-08-27T22:36:38.370+0000] {logging_mixin.py:190} INFO - [2024-08-27T22:36:38.369+0000] {override.py:1858} INFO - Created Permission View: can read on DAG:example_sensor_decorator
[2024-08-27T22:36:38.370+0000] {logging_mixin.py:190} INFO - [2024-08-27T22:36:38.370+0000] {dag.py:3211} INFO - Sync 1 DAGs
[2024-08-27T22:36:38.400+0000] {logging_mixin.py:190} INFO - [2024-08-27T22:36:38.399+0000] {dag.py:3234} INFO - Creating ORM DAG for example_sensor_decorator
[2024-08-27T22:36:38.400+0000] {logging_mixin.py:190} INFO - [2024-08-27T22:36:38.400+0000] {dag.py:4138} INFO - Setting next_dagrun for example_sensor_decorator to None, run_after=None
[2024-08-27T22:36:38.449+0000] {processor.py:208} INFO - Processing /home/airflow/.local/lib/python3.12/site-packages/airflow/example_dags/example_sensor_decorator.py took 0.349 seconds
[2024-08-27T22:37:09.168+0000] {processor.py:186} INFO - Started process (PID=143) to work on /home/airflow/.local/lib/python3.12/site-packages/airflow/example_dags/example_sensor_decorator.py
[2024-08-27T22:37:09.169+0000] {processor.py:914} INFO - Processing file /home/airflow/.local/lib/python3.12/site-packages/airflow/example_dags/example_sensor_decorator.py for tasks to queue
[2024-08-27T22:37:09.172+0000] {logging_mixin.py:190} INFO - [2024-08-27T22:37:09.172+0000] {dagbag.py:587} INFO - Filling up the DagBag from /home/airflow/.local/lib/python3.12/site-packages/airflow/example_dags/example_sensor_decorator.py
[2024-08-27T22:37:09.181+0000] {processor.py:925} INFO - DAG(s) 'example_sensor_decorator' retrieved from /home/airflow/.local/lib/python3.12/site-packages/airflow/example_dags/example_sensor_decorator.py
[2024-08-27T22:37:09.215+0000] {logging_mixin.py:190} INFO - [2024-08-27T22:37:09.214+0000] {dag.py:3211} INFO - Sync 1 DAGs
[2024-08-27T22:37:09.286+0000] {logging_mixin.py:190} INFO - [2024-08-27T22:37:09.285+0000] {dag.py:4138} INFO - Setting next_dagrun for example_sensor_decorator to None, run_after=None
[2024-08-27T22:37:09.374+0000] {processor.py:208} INFO - Processing /home/airflow/.local/lib/python3.12/site-packages/airflow/example_dags/example_sensor_decorator.py took 0.218 seconds
[2024-08-27T22:37:39.963+0000] {processor.py:186} INFO - Started process (PID=211) to work on /home/airflow/.local/lib/python3.12/site-packages/airflow/example_dags/example_sensor_decorator.py
[2024-08-27T22:37:39.965+0000] {processor.py:914} INFO - Processing file /home/airflow/.local/lib/python3.12/site-packages/airflow/example_dags/example_sensor_decorator.py for tasks to queue
[2024-08-27T22:37:39.969+0000] {logging_mixin.py:190} INFO - [2024-08-27T22:37:39.969+0000] {dagbag.py:587} INFO - Filling up the DagBag from /home/airflow/.local/lib/python3.12/site-packages/airflow/example_dags/example_sensor_decorator.py
[2024-08-27T22:37:39.981+0000] {processor.py:925} INFO - DAG(s) 'example_sensor_decorator' retrieved from /home/airflow/.local/lib/python3.12/site-packages/airflow/example_dags/example_sensor_decorator.py
[2024-08-27T22:37:40.016+0000] {logging_mixin.py:190} INFO - [2024-08-27T22:37:40.016+0000] {dag.py:3211} INFO - Sync 1 DAGs
[2024-08-27T22:37:40.048+0000] {logging_mixin.py:190} INFO - [2024-08-27T22:37:40.048+0000] {dag.py:4138} INFO - Setting next_dagrun for example_sensor_decorator to None, run_after=None
[2024-08-27T22:37:40.075+0000] {processor.py:208} INFO - Processing /home/airflow/.local/lib/python3.12/site-packages/airflow/example_dags/example_sensor_decorator.py took 0.122 seconds
