[2024-08-27T22:29:45.281+0000] {processor.py:186} INFO - Started process (PID=68) to work on /home/airflow/.local/lib/python3.12/site-packages/airflow/example_dags/example_skip_dag.py
[2024-08-27T22:29:45.290+0000] {processor.py:914} INFO - Processing file /home/airflow/.local/lib/python3.12/site-packages/airflow/example_dags/example_skip_dag.py for tasks to queue
[2024-08-27T22:29:45.304+0000] {logging_mixin.py:190} INFO - [2024-08-27T22:29:45.299+0000] {dagbag.py:587} INFO - Filling up the DagBag from /home/airflow/.local/lib/python3.12/site-packages/airflow/example_dags/example_skip_dag.py
[2024-08-27T22:29:45.728+0000] {processor.py:925} INFO - DAG(s) 'example_skip_dag' retrieved from /home/airflow/.local/lib/python3.12/site-packages/airflow/example_dags/example_skip_dag.py
[2024-08-27T22:29:48.602+0000] {logging_mixin.py:190} INFO - [2024-08-27T22:29:48.599+0000] {override.py:1858} INFO - Created Permission View: can edit on DAG:example_skip_dag
[2024-08-27T22:29:48.683+0000] {logging_mixin.py:190} INFO - [2024-08-27T22:29:48.683+0000] {override.py:1858} INFO - Created Permission View: can delete on DAG:example_skip_dag
[2024-08-27T22:29:48.860+0000] {logging_mixin.py:190} INFO - [2024-08-27T22:29:48.859+0000] {override.py:1858} INFO - Created Permission View: can read on DAG:example_skip_dag
[2024-08-27T22:29:48.861+0000] {logging_mixin.py:190} INFO - [2024-08-27T22:29:48.860+0000] {dag.py:3211} INFO - Sync 1 DAGs
[2024-08-27T22:29:48.993+0000] {logging_mixin.py:190} INFO - [2024-08-27T22:29:48.992+0000] {dag.py:3234} INFO - Creating ORM DAG for example_skip_dag
[2024-08-27T22:29:49.114+0000] {logging_mixin.py:190} INFO - [2024-08-27T22:29:49.113+0000] {dag.py:4138} INFO - Setting next_dagrun for example_skip_dag to 2024-08-26 00:00:00+00:00, run_after=2024-08-27 00:00:00+00:00
[2024-08-27T22:29:49.204+0000] {processor.py:208} INFO - Processing /home/airflow/.local/lib/python3.12/site-packages/airflow/example_dags/example_skip_dag.py took 3.931 seconds
[2024-08-27T22:30:20.141+0000] {processor.py:186} INFO - Started process (PID=131) to work on /home/airflow/.local/lib/python3.12/site-packages/airflow/example_dags/example_skip_dag.py
[2024-08-27T22:30:20.155+0000] {processor.py:914} INFO - Processing file /home/airflow/.local/lib/python3.12/site-packages/airflow/example_dags/example_skip_dag.py for tasks to queue
[2024-08-27T22:30:20.164+0000] {logging_mixin.py:190} INFO - [2024-08-27T22:30:20.164+0000] {dagbag.py:587} INFO - Filling up the DagBag from /home/airflow/.local/lib/python3.12/site-packages/airflow/example_dags/example_skip_dag.py
[2024-08-27T22:30:20.198+0000] {processor.py:925} INFO - DAG(s) 'example_skip_dag' retrieved from /home/airflow/.local/lib/python3.12/site-packages/airflow/example_dags/example_skip_dag.py
[2024-08-27T22:30:20.286+0000] {logging_mixin.py:190} INFO - [2024-08-27T22:30:20.285+0000] {dag.py:3211} INFO - Sync 1 DAGs
[2024-08-27T22:30:20.388+0000] {logging_mixin.py:190} INFO - [2024-08-27T22:30:20.388+0000] {dag.py:4138} INFO - Setting next_dagrun for example_skip_dag to 2024-08-26 00:00:00+00:00, run_after=2024-08-27 00:00:00+00:00
[2024-08-27T22:30:20.464+0000] {processor.py:208} INFO - Processing /home/airflow/.local/lib/python3.12/site-packages/airflow/example_dags/example_skip_dag.py took 0.343 seconds
[2024-08-27T22:30:40.880+0000] {processor.py:186} INFO - Started process (PID=188) to work on /home/airflow/.local/lib/python3.12/site-packages/airflow/example_dags/example_skip_dag.py
[2024-08-27T22:30:40.892+0000] {processor.py:914} INFO - Processing file /home/airflow/.local/lib/python3.12/site-packages/airflow/example_dags/example_skip_dag.py for tasks to queue
[2024-08-27T22:30:40.901+0000] {logging_mixin.py:190} INFO - [2024-08-27T22:30:40.900+0000] {dagbag.py:587} INFO - Filling up the DagBag from /home/airflow/.local/lib/python3.12/site-packages/airflow/example_dags/example_skip_dag.py
[2024-08-27T22:30:40.961+0000] {processor.py:925} INFO - DAG(s) 'example_skip_dag' retrieved from /home/airflow/.local/lib/python3.12/site-packages/airflow/example_dags/example_skip_dag.py
[2024-08-27T22:30:41.091+0000] {logging_mixin.py:190} INFO - [2024-08-27T22:30:41.090+0000] {dag.py:3211} INFO - Sync 1 DAGs
[2024-08-27T22:30:41.202+0000] {logging_mixin.py:190} INFO - [2024-08-27T22:30:41.201+0000] {dag.py:4138} INFO - Setting next_dagrun for example_skip_dag to 2024-08-26 00:00:00+00:00, run_after=2024-08-27 00:00:00+00:00
[2024-08-27T22:30:41.290+0000] {processor.py:208} INFO - Processing /home/airflow/.local/lib/python3.12/site-packages/airflow/example_dags/example_skip_dag.py took 0.451 seconds
[2024-08-27T22:31:11.708+0000] {processor.py:186} INFO - Started process (PID=250) to work on /home/airflow/.local/lib/python3.12/site-packages/airflow/example_dags/example_skip_dag.py
[2024-08-27T22:31:11.721+0000] {processor.py:914} INFO - Processing file /home/airflow/.local/lib/python3.12/site-packages/airflow/example_dags/example_skip_dag.py for tasks to queue
[2024-08-27T22:31:11.724+0000] {logging_mixin.py:190} INFO - [2024-08-27T22:31:11.724+0000] {dagbag.py:587} INFO - Filling up the DagBag from /home/airflow/.local/lib/python3.12/site-packages/airflow/example_dags/example_skip_dag.py
[2024-08-27T22:31:11.775+0000] {processor.py:925} INFO - DAG(s) 'example_skip_dag' retrieved from /home/airflow/.local/lib/python3.12/site-packages/airflow/example_dags/example_skip_dag.py
[2024-08-27T22:31:11.898+0000] {logging_mixin.py:190} INFO - [2024-08-27T22:31:11.897+0000] {dag.py:3211} INFO - Sync 1 DAGs
[2024-08-27T22:31:11.925+0000] {logging_mixin.py:190} INFO - [2024-08-27T22:31:11.925+0000] {dag.py:4138} INFO - Setting next_dagrun for example_skip_dag to 2024-08-26 00:00:00+00:00, run_after=2024-08-27 00:00:00+00:00
[2024-08-27T22:31:11.950+0000] {processor.py:208} INFO - Processing /home/airflow/.local/lib/python3.12/site-packages/airflow/example_dags/example_skip_dag.py took 0.265 seconds
[2024-08-27T22:31:42.772+0000] {processor.py:186} INFO - Started process (PID=312) to work on /home/airflow/.local/lib/python3.12/site-packages/airflow/example_dags/example_skip_dag.py
[2024-08-27T22:31:42.780+0000] {processor.py:914} INFO - Processing file /home/airflow/.local/lib/python3.12/site-packages/airflow/example_dags/example_skip_dag.py for tasks to queue
[2024-08-27T22:31:42.785+0000] {logging_mixin.py:190} INFO - [2024-08-27T22:31:42.784+0000] {dagbag.py:587} INFO - Filling up the DagBag from /home/airflow/.local/lib/python3.12/site-packages/airflow/example_dags/example_skip_dag.py
[2024-08-27T22:31:42.811+0000] {processor.py:925} INFO - DAG(s) 'example_skip_dag' retrieved from /home/airflow/.local/lib/python3.12/site-packages/airflow/example_dags/example_skip_dag.py
[2024-08-27T22:31:42.879+0000] {logging_mixin.py:190} INFO - [2024-08-27T22:31:42.879+0000] {dag.py:3211} INFO - Sync 1 DAGs
[2024-08-27T22:31:42.941+0000] {logging_mixin.py:190} INFO - [2024-08-27T22:31:42.940+0000] {dag.py:4138} INFO - Setting next_dagrun for example_skip_dag to 2024-08-26 00:00:00+00:00, run_after=2024-08-27 00:00:00+00:00
[2024-08-27T22:31:42.977+0000] {processor.py:208} INFO - Processing /home/airflow/.local/lib/python3.12/site-packages/airflow/example_dags/example_skip_dag.py took 0.216 seconds
[2024-08-27T22:32:13.393+0000] {processor.py:186} INFO - Started process (PID=373) to work on /home/airflow/.local/lib/python3.12/site-packages/airflow/example_dags/example_skip_dag.py
[2024-08-27T22:32:13.396+0000] {processor.py:914} INFO - Processing file /home/airflow/.local/lib/python3.12/site-packages/airflow/example_dags/example_skip_dag.py for tasks to queue
[2024-08-27T22:32:13.418+0000] {logging_mixin.py:190} INFO - [2024-08-27T22:32:13.418+0000] {dagbag.py:587} INFO - Filling up the DagBag from /home/airflow/.local/lib/python3.12/site-packages/airflow/example_dags/example_skip_dag.py
[2024-08-27T22:32:13.504+0000] {processor.py:925} INFO - DAG(s) 'example_skip_dag' retrieved from /home/airflow/.local/lib/python3.12/site-packages/airflow/example_dags/example_skip_dag.py
[2024-08-27T22:32:13.604+0000] {logging_mixin.py:190} INFO - [2024-08-27T22:32:13.603+0000] {dag.py:3211} INFO - Sync 1 DAGs
[2024-08-27T22:32:13.649+0000] {logging_mixin.py:190} INFO - [2024-08-27T22:32:13.649+0000] {dag.py:4138} INFO - Setting next_dagrun for example_skip_dag to 2024-08-26 00:00:00+00:00, run_after=2024-08-27 00:00:00+00:00
[2024-08-27T22:32:13.691+0000] {processor.py:208} INFO - Processing /home/airflow/.local/lib/python3.12/site-packages/airflow/example_dags/example_skip_dag.py took 0.319 seconds
[2024-08-27T22:32:43.890+0000] {processor.py:186} INFO - Started process (PID=435) to work on /home/airflow/.local/lib/python3.12/site-packages/airflow/example_dags/example_skip_dag.py
[2024-08-27T22:32:43.892+0000] {processor.py:914} INFO - Processing file /home/airflow/.local/lib/python3.12/site-packages/airflow/example_dags/example_skip_dag.py for tasks to queue
[2024-08-27T22:32:43.898+0000] {logging_mixin.py:190} INFO - [2024-08-27T22:32:43.898+0000] {dagbag.py:587} INFO - Filling up the DagBag from /home/airflow/.local/lib/python3.12/site-packages/airflow/example_dags/example_skip_dag.py
[2024-08-27T22:32:43.929+0000] {processor.py:925} INFO - DAG(s) 'example_skip_dag' retrieved from /home/airflow/.local/lib/python3.12/site-packages/airflow/example_dags/example_skip_dag.py
[2024-08-27T22:32:44.014+0000] {logging_mixin.py:190} INFO - [2024-08-27T22:32:44.013+0000] {dag.py:3211} INFO - Sync 1 DAGs
[2024-08-27T22:32:44.073+0000] {logging_mixin.py:190} INFO - [2024-08-27T22:32:44.073+0000] {dag.py:4138} INFO - Setting next_dagrun for example_skip_dag to 2024-08-26 00:00:00+00:00, run_after=2024-08-27 00:00:00+00:00
[2024-08-27T22:32:44.126+0000] {processor.py:208} INFO - Processing /home/airflow/.local/lib/python3.12/site-packages/airflow/example_dags/example_skip_dag.py took 0.254 seconds
[2024-08-27T22:33:14.271+0000] {processor.py:186} INFO - Started process (PID=497) to work on /home/airflow/.local/lib/python3.12/site-packages/airflow/example_dags/example_skip_dag.py
[2024-08-27T22:33:14.272+0000] {processor.py:914} INFO - Processing file /home/airflow/.local/lib/python3.12/site-packages/airflow/example_dags/example_skip_dag.py for tasks to queue
[2024-08-27T22:33:14.275+0000] {logging_mixin.py:190} INFO - [2024-08-27T22:33:14.274+0000] {dagbag.py:587} INFO - Filling up the DagBag from /home/airflow/.local/lib/python3.12/site-packages/airflow/example_dags/example_skip_dag.py
[2024-08-27T22:33:14.282+0000] {processor.py:925} INFO - DAG(s) 'example_skip_dag' retrieved from /home/airflow/.local/lib/python3.12/site-packages/airflow/example_dags/example_skip_dag.py
[2024-08-27T22:33:14.310+0000] {logging_mixin.py:190} INFO - [2024-08-27T22:33:14.309+0000] {dag.py:3211} INFO - Sync 1 DAGs
[2024-08-27T22:33:14.339+0000] {logging_mixin.py:190} INFO - [2024-08-27T22:33:14.338+0000] {dag.py:4138} INFO - Setting next_dagrun for example_skip_dag to 2024-08-26 00:00:00+00:00, run_after=2024-08-27 00:00:00+00:00
[2024-08-27T22:33:14.372+0000] {processor.py:208} INFO - Processing /home/airflow/.local/lib/python3.12/site-packages/airflow/example_dags/example_skip_dag.py took 0.110 seconds
[2024-08-27T22:33:45.011+0000] {processor.py:186} INFO - Started process (PID=559) to work on /home/airflow/.local/lib/python3.12/site-packages/airflow/example_dags/example_skip_dag.py
[2024-08-27T22:33:45.011+0000] {processor.py:914} INFO - Processing file /home/airflow/.local/lib/python3.12/site-packages/airflow/example_dags/example_skip_dag.py for tasks to queue
[2024-08-27T22:33:45.020+0000] {logging_mixin.py:190} INFO - [2024-08-27T22:33:45.019+0000] {dagbag.py:587} INFO - Filling up the DagBag from /home/airflow/.local/lib/python3.12/site-packages/airflow/example_dags/example_skip_dag.py
[2024-08-27T22:33:45.042+0000] {processor.py:925} INFO - DAG(s) 'example_skip_dag' retrieved from /home/airflow/.local/lib/python3.12/site-packages/airflow/example_dags/example_skip_dag.py
[2024-08-27T22:33:45.123+0000] {logging_mixin.py:190} INFO - [2024-08-27T22:33:45.122+0000] {dag.py:3211} INFO - Sync 1 DAGs
[2024-08-27T22:33:45.179+0000] {logging_mixin.py:190} INFO - [2024-08-27T22:33:45.179+0000] {dag.py:4138} INFO - Setting next_dagrun for example_skip_dag to 2024-08-26 00:00:00+00:00, run_after=2024-08-27 00:00:00+00:00
[2024-08-27T22:33:45.216+0000] {processor.py:208} INFO - Processing /home/airflow/.local/lib/python3.12/site-packages/airflow/example_dags/example_skip_dag.py took 0.222 seconds
[2024-08-27T22:36:28.776+0000] {processor.py:186} INFO - Started process (PID=63) to work on /home/airflow/.local/lib/python3.12/site-packages/airflow/example_dags/example_skip_dag.py
[2024-08-27T22:36:28.778+0000] {processor.py:914} INFO - Processing file /home/airflow/.local/lib/python3.12/site-packages/airflow/example_dags/example_skip_dag.py for tasks to queue
[2024-08-27T22:36:28.781+0000] {logging_mixin.py:190} INFO - [2024-08-27T22:36:28.780+0000] {dagbag.py:587} INFO - Filling up the DagBag from /home/airflow/.local/lib/python3.12/site-packages/airflow/example_dags/example_skip_dag.py
[2024-08-27T22:36:28.819+0000] {processor.py:925} INFO - DAG(s) 'example_skip_dag' retrieved from /home/airflow/.local/lib/python3.12/site-packages/airflow/example_dags/example_skip_dag.py
[2024-08-27T22:36:29.304+0000] {logging_mixin.py:190} INFO - [2024-08-27T22:36:29.303+0000] {override.py:1858} INFO - Created Permission View: can delete on DAG:example_skip_dag
[2024-08-27T22:36:29.344+0000] {logging_mixin.py:190} INFO - [2024-08-27T22:36:29.342+0000] {override.py:1858} INFO - Created Permission View: can edit on DAG:example_skip_dag
[2024-08-27T22:36:29.357+0000] {logging_mixin.py:190} INFO - [2024-08-27T22:36:29.356+0000] {override.py:1858} INFO - Created Permission View: can read on DAG:example_skip_dag
[2024-08-27T22:36:29.357+0000] {logging_mixin.py:190} INFO - [2024-08-27T22:36:29.357+0000] {dag.py:3211} INFO - Sync 1 DAGs
[2024-08-27T22:36:29.410+0000] {logging_mixin.py:190} INFO - [2024-08-27T22:36:29.409+0000] {dag.py:3234} INFO - Creating ORM DAG for example_skip_dag
[2024-08-27T22:36:29.472+0000] {logging_mixin.py:190} INFO - [2024-08-27T22:36:29.472+0000] {dag.py:4138} INFO - Setting next_dagrun for example_skip_dag to 2024-08-26 00:00:00+00:00, run_after=2024-08-27 00:00:00+00:00
[2024-08-27T22:36:29.623+0000] {processor.py:208} INFO - Processing /home/airflow/.local/lib/python3.12/site-packages/airflow/example_dags/example_skip_dag.py took 0.860 seconds
[2024-08-27T22:37:00.003+0000] {processor.py:186} INFO - Started process (PID=124) to work on /home/airflow/.local/lib/python3.12/site-packages/airflow/example_dags/example_skip_dag.py
[2024-08-27T22:37:00.003+0000] {processor.py:914} INFO - Processing file /home/airflow/.local/lib/python3.12/site-packages/airflow/example_dags/example_skip_dag.py for tasks to queue
[2024-08-27T22:37:00.011+0000] {logging_mixin.py:190} INFO - [2024-08-27T22:37:00.010+0000] {dagbag.py:587} INFO - Filling up the DagBag from /home/airflow/.local/lib/python3.12/site-packages/airflow/example_dags/example_skip_dag.py
[2024-08-27T22:37:00.028+0000] {processor.py:925} INFO - DAG(s) 'example_skip_dag' retrieved from /home/airflow/.local/lib/python3.12/site-packages/airflow/example_dags/example_skip_dag.py
[2024-08-27T22:37:00.082+0000] {logging_mixin.py:190} INFO - [2024-08-27T22:37:00.081+0000] {dag.py:3211} INFO - Sync 1 DAGs
[2024-08-27T22:37:00.137+0000] {logging_mixin.py:190} INFO - [2024-08-27T22:37:00.136+0000] {dag.py:4138} INFO - Setting next_dagrun for example_skip_dag to 2024-08-26 00:00:00+00:00, run_after=2024-08-27 00:00:00+00:00
[2024-08-27T22:37:00.187+0000] {processor.py:208} INFO - Processing /home/airflow/.local/lib/python3.12/site-packages/airflow/example_dags/example_skip_dag.py took 0.198 seconds
[2024-08-27T22:37:30.542+0000] {processor.py:186} INFO - Started process (PID=186) to work on /home/airflow/.local/lib/python3.12/site-packages/airflow/example_dags/example_skip_dag.py
[2024-08-27T22:37:30.548+0000] {processor.py:914} INFO - Processing file /home/airflow/.local/lib/python3.12/site-packages/airflow/example_dags/example_skip_dag.py for tasks to queue
[2024-08-27T22:37:30.557+0000] {logging_mixin.py:190} INFO - [2024-08-27T22:37:30.554+0000] {dagbag.py:587} INFO - Filling up the DagBag from /home/airflow/.local/lib/python3.12/site-packages/airflow/example_dags/example_skip_dag.py
[2024-08-27T22:37:30.601+0000] {processor.py:925} INFO - DAG(s) 'example_skip_dag' retrieved from /home/airflow/.local/lib/python3.12/site-packages/airflow/example_dags/example_skip_dag.py
[2024-08-27T22:37:30.699+0000] {logging_mixin.py:190} INFO - [2024-08-27T22:37:30.699+0000] {dag.py:3211} INFO - Sync 1 DAGs
[2024-08-27T22:37:30.769+0000] {logging_mixin.py:190} INFO - [2024-08-27T22:37:30.768+0000] {dag.py:4138} INFO - Setting next_dagrun for example_skip_dag to 2024-08-26 00:00:00+00:00, run_after=2024-08-27 00:00:00+00:00
[2024-08-27T22:37:30.829+0000] {processor.py:208} INFO - Processing /home/airflow/.local/lib/python3.12/site-packages/airflow/example_dags/example_skip_dag.py took 0.305 seconds
