[2024-08-27T22:29:57.129+0000] {processor.py:186} INFO - Started process (PID=83) to work on /home/airflow/.local/lib/python3.12/site-packages/airflow/example_dags/example_bash_decorator.py
[2024-08-27T22:29:57.130+0000] {processor.py:914} INFO - Processing file /home/airflow/.local/lib/python3.12/site-packages/airflow/example_dags/example_bash_decorator.py for tasks to queue
[2024-08-27T22:29:57.135+0000] {logging_mixin.py:190} INFO - [2024-08-27T22:29:57.132+0000] {dagbag.py:587} INFO - Filling up the DagBag from /home/airflow/.local/lib/python3.12/site-packages/airflow/example_dags/example_bash_decorator.py
[2024-08-27T22:29:57.156+0000] {processor.py:925} INFO - DAG(s) 'example_bash_decorator' retrieved from /home/airflow/.local/lib/python3.12/site-packages/airflow/example_dags/example_bash_decorator.py
[2024-08-27T22:29:57.335+0000] {logging_mixin.py:190} INFO - [2024-08-27T22:29:57.334+0000] {override.py:1858} INFO - Created Permission View: can edit on DAG:example_bash_decorator
[2024-08-27T22:29:57.347+0000] {logging_mixin.py:190} INFO - [2024-08-27T22:29:57.347+0000] {override.py:1858} INFO - Created Permission View: can delete on DAG:example_bash_decorator
[2024-08-27T22:29:57.357+0000] {logging_mixin.py:190} INFO - [2024-08-27T22:29:57.357+0000] {override.py:1858} INFO - Created Permission View: can read on DAG:example_bash_decorator
[2024-08-27T22:29:57.357+0000] {logging_mixin.py:190} INFO - [2024-08-27T22:29:57.357+0000] {dag.py:3211} INFO - Sync 1 DAGs
[2024-08-27T22:29:57.371+0000] {logging_mixin.py:190} INFO - [2024-08-27T22:29:57.370+0000] {dag.py:3234} INFO - Creating ORM DAG for example_bash_decorator
[2024-08-27T22:29:57.372+0000] {logging_mixin.py:190} INFO - [2024-08-27T22:29:57.372+0000] {dag.py:4138} INFO - Setting next_dagrun for example_bash_decorator to None, run_after=None
[2024-08-27T22:29:57.389+0000] {processor.py:208} INFO - Processing /home/airflow/.local/lib/python3.12/site-packages/airflow/example_dags/example_bash_decorator.py took 0.267 seconds
[2024-08-27T22:30:27.792+0000] {processor.py:186} INFO - Started process (PID=146) to work on /home/airflow/.local/lib/python3.12/site-packages/airflow/example_dags/example_bash_decorator.py
[2024-08-27T22:30:27.808+0000] {processor.py:914} INFO - Processing file /home/airflow/.local/lib/python3.12/site-packages/airflow/example_dags/example_bash_decorator.py for tasks to queue
[2024-08-27T22:30:27.812+0000] {logging_mixin.py:190} INFO - [2024-08-27T22:30:27.812+0000] {dagbag.py:587} INFO - Filling up the DagBag from /home/airflow/.local/lib/python3.12/site-packages/airflow/example_dags/example_bash_decorator.py
[2024-08-27T22:30:27.880+0000] {processor.py:925} INFO - DAG(s) 'example_bash_decorator' retrieved from /home/airflow/.local/lib/python3.12/site-packages/airflow/example_dags/example_bash_decorator.py
[2024-08-27T22:30:27.947+0000] {logging_mixin.py:190} INFO - [2024-08-27T22:30:27.947+0000] {dag.py:3211} INFO - Sync 1 DAGs
[2024-08-27T22:30:27.987+0000] {logging_mixin.py:190} INFO - [2024-08-27T22:30:27.987+0000] {dag.py:4138} INFO - Setting next_dagrun for example_bash_decorator to None, run_after=None
[2024-08-27T22:30:28.059+0000] {processor.py:208} INFO - Processing /home/airflow/.local/lib/python3.12/site-packages/airflow/example_dags/example_bash_decorator.py took 0.286 seconds
[2024-08-27T22:30:45.693+0000] {processor.py:186} INFO - Started process (PID=209) to work on /home/airflow/.local/lib/python3.12/site-packages/airflow/example_dags/example_bash_decorator.py
[2024-08-27T22:30:45.696+0000] {processor.py:914} INFO - Processing file /home/airflow/.local/lib/python3.12/site-packages/airflow/example_dags/example_bash_decorator.py for tasks to queue
[2024-08-27T22:30:45.705+0000] {logging_mixin.py:190} INFO - [2024-08-27T22:30:45.705+0000] {dagbag.py:587} INFO - Filling up the DagBag from /home/airflow/.local/lib/python3.12/site-packages/airflow/example_dags/example_bash_decorator.py
[2024-08-27T22:30:45.760+0000] {processor.py:925} INFO - DAG(s) 'example_bash_decorator' retrieved from /home/airflow/.local/lib/python3.12/site-packages/airflow/example_dags/example_bash_decorator.py
[2024-08-27T22:30:45.858+0000] {logging_mixin.py:190} INFO - [2024-08-27T22:30:45.854+0000] {dag.py:3211} INFO - Sync 1 DAGs
[2024-08-27T22:30:45.935+0000] {logging_mixin.py:190} INFO - [2024-08-27T22:30:45.935+0000] {dag.py:4138} INFO - Setting next_dagrun for example_bash_decorator to None, run_after=None
[2024-08-27T22:30:46.025+0000] {processor.py:208} INFO - Processing /home/airflow/.local/lib/python3.12/site-packages/airflow/example_dags/example_bash_decorator.py took 0.343 seconds
[2024-08-27T22:31:16.324+0000] {processor.py:186} INFO - Started process (PID=271) to work on /home/airflow/.local/lib/python3.12/site-packages/airflow/example_dags/example_bash_decorator.py
[2024-08-27T22:31:16.329+0000] {processor.py:914} INFO - Processing file /home/airflow/.local/lib/python3.12/site-packages/airflow/example_dags/example_bash_decorator.py for tasks to queue
[2024-08-27T22:31:16.336+0000] {logging_mixin.py:190} INFO - [2024-08-27T22:31:16.336+0000] {dagbag.py:587} INFO - Filling up the DagBag from /home/airflow/.local/lib/python3.12/site-packages/airflow/example_dags/example_bash_decorator.py
[2024-08-27T22:31:16.377+0000] {processor.py:925} INFO - DAG(s) 'example_bash_decorator' retrieved from /home/airflow/.local/lib/python3.12/site-packages/airflow/example_dags/example_bash_decorator.py
[2024-08-27T22:31:16.454+0000] {logging_mixin.py:190} INFO - [2024-08-27T22:31:16.454+0000] {dag.py:3211} INFO - Sync 1 DAGs
[2024-08-27T22:31:16.488+0000] {logging_mixin.py:190} INFO - [2024-08-27T22:31:16.488+0000] {dag.py:4138} INFO - Setting next_dagrun for example_bash_decorator to None, run_after=None
[2024-08-27T22:31:16.542+0000] {processor.py:208} INFO - Processing /home/airflow/.local/lib/python3.12/site-packages/airflow/example_dags/example_bash_decorator.py took 0.228 seconds
[2024-08-27T22:31:47.382+0000] {processor.py:186} INFO - Started process (PID=332) to work on /home/airflow/.local/lib/python3.12/site-packages/airflow/example_dags/example_bash_decorator.py
[2024-08-27T22:31:47.383+0000] {processor.py:914} INFO - Processing file /home/airflow/.local/lib/python3.12/site-packages/airflow/example_dags/example_bash_decorator.py for tasks to queue
[2024-08-27T22:31:47.386+0000] {logging_mixin.py:190} INFO - [2024-08-27T22:31:47.385+0000] {dagbag.py:587} INFO - Filling up the DagBag from /home/airflow/.local/lib/python3.12/site-packages/airflow/example_dags/example_bash_decorator.py
[2024-08-27T22:31:47.413+0000] {processor.py:925} INFO - DAG(s) 'example_bash_decorator' retrieved from /home/airflow/.local/lib/python3.12/site-packages/airflow/example_dags/example_bash_decorator.py
[2024-08-27T22:31:47.466+0000] {logging_mixin.py:190} INFO - [2024-08-27T22:31:47.465+0000] {dag.py:3211} INFO - Sync 1 DAGs
[2024-08-27T22:31:47.499+0000] {logging_mixin.py:190} INFO - [2024-08-27T22:31:47.499+0000] {dag.py:4138} INFO - Setting next_dagrun for example_bash_decorator to None, run_after=None
[2024-08-27T22:31:47.550+0000] {processor.py:208} INFO - Processing /home/airflow/.local/lib/python3.12/site-packages/airflow/example_dags/example_bash_decorator.py took 0.175 seconds
[2024-08-27T22:32:17.949+0000] {processor.py:186} INFO - Started process (PID=393) to work on /home/airflow/.local/lib/python3.12/site-packages/airflow/example_dags/example_bash_decorator.py
[2024-08-27T22:32:17.958+0000] {processor.py:914} INFO - Processing file /home/airflow/.local/lib/python3.12/site-packages/airflow/example_dags/example_bash_decorator.py for tasks to queue
[2024-08-27T22:32:17.961+0000] {logging_mixin.py:190} INFO - [2024-08-27T22:32:17.960+0000] {dagbag.py:587} INFO - Filling up the DagBag from /home/airflow/.local/lib/python3.12/site-packages/airflow/example_dags/example_bash_decorator.py
[2024-08-27T22:32:17.988+0000] {processor.py:925} INFO - DAG(s) 'example_bash_decorator' retrieved from /home/airflow/.local/lib/python3.12/site-packages/airflow/example_dags/example_bash_decorator.py
[2024-08-27T22:32:18.035+0000] {logging_mixin.py:190} INFO - [2024-08-27T22:32:18.034+0000] {dag.py:3211} INFO - Sync 1 DAGs
[2024-08-27T22:32:18.057+0000] {logging_mixin.py:190} INFO - [2024-08-27T22:32:18.057+0000] {dag.py:4138} INFO - Setting next_dagrun for example_bash_decorator to None, run_after=None
[2024-08-27T22:32:18.099+0000] {processor.py:208} INFO - Processing /home/airflow/.local/lib/python3.12/site-packages/airflow/example_dags/example_bash_decorator.py took 0.160 seconds
[2024-08-27T22:32:49.019+0000] {processor.py:186} INFO - Started process (PID=455) to work on /home/airflow/.local/lib/python3.12/site-packages/airflow/example_dags/example_bash_decorator.py
[2024-08-27T22:32:49.022+0000] {processor.py:914} INFO - Processing file /home/airflow/.local/lib/python3.12/site-packages/airflow/example_dags/example_bash_decorator.py for tasks to queue
[2024-08-27T22:32:49.025+0000] {logging_mixin.py:190} INFO - [2024-08-27T22:32:49.025+0000] {dagbag.py:587} INFO - Filling up the DagBag from /home/airflow/.local/lib/python3.12/site-packages/airflow/example_dags/example_bash_decorator.py
[2024-08-27T22:32:49.098+0000] {processor.py:925} INFO - DAG(s) 'example_bash_decorator' retrieved from /home/airflow/.local/lib/python3.12/site-packages/airflow/example_dags/example_bash_decorator.py
[2024-08-27T22:32:49.257+0000] {logging_mixin.py:190} INFO - [2024-08-27T22:32:49.256+0000] {dag.py:3211} INFO - Sync 1 DAGs
[2024-08-27T22:32:49.295+0000] {logging_mixin.py:190} INFO - [2024-08-27T22:32:49.295+0000] {dag.py:4138} INFO - Setting next_dagrun for example_bash_decorator to None, run_after=None
[2024-08-27T22:32:49.359+0000] {processor.py:208} INFO - Processing /home/airflow/.local/lib/python3.12/site-packages/airflow/example_dags/example_bash_decorator.py took 0.353 seconds
[2024-08-27T22:33:20.106+0000] {processor.py:186} INFO - Started process (PID=517) to work on /home/airflow/.local/lib/python3.12/site-packages/airflow/example_dags/example_bash_decorator.py
[2024-08-27T22:33:20.108+0000] {processor.py:914} INFO - Processing file /home/airflow/.local/lib/python3.12/site-packages/airflow/example_dags/example_bash_decorator.py for tasks to queue
[2024-08-27T22:33:20.111+0000] {logging_mixin.py:190} INFO - [2024-08-27T22:33:20.110+0000] {dagbag.py:587} INFO - Filling up the DagBag from /home/airflow/.local/lib/python3.12/site-packages/airflow/example_dags/example_bash_decorator.py
[2024-08-27T22:33:20.134+0000] {processor.py:925} INFO - DAG(s) 'example_bash_decorator' retrieved from /home/airflow/.local/lib/python3.12/site-packages/airflow/example_dags/example_bash_decorator.py
[2024-08-27T22:33:20.179+0000] {logging_mixin.py:190} INFO - [2024-08-27T22:33:20.178+0000] {dag.py:3211} INFO - Sync 1 DAGs
[2024-08-27T22:33:20.235+0000] {logging_mixin.py:190} INFO - [2024-08-27T22:33:20.235+0000] {dag.py:4138} INFO - Setting next_dagrun for example_bash_decorator to None, run_after=None
[2024-08-27T22:33:20.346+0000] {processor.py:208} INFO - Processing /home/airflow/.local/lib/python3.12/site-packages/airflow/example_dags/example_bash_decorator.py took 0.250 seconds
[2024-08-27T22:33:51.651+0000] {processor.py:186} INFO - Started process (PID=578) to work on /home/airflow/.local/lib/python3.12/site-packages/airflow/example_dags/example_bash_decorator.py
[2024-08-27T22:33:51.707+0000] {processor.py:914} INFO - Processing file /home/airflow/.local/lib/python3.12/site-packages/airflow/example_dags/example_bash_decorator.py for tasks to queue
[2024-08-27T22:33:51.709+0000] {logging_mixin.py:190} INFO - [2024-08-27T22:33:51.709+0000] {dagbag.py:587} INFO - Filling up the DagBag from /home/airflow/.local/lib/python3.12/site-packages/airflow/example_dags/example_bash_decorator.py
[2024-08-27T22:33:51.766+0000] {processor.py:925} INFO - DAG(s) 'example_bash_decorator' retrieved from /home/airflow/.local/lib/python3.12/site-packages/airflow/example_dags/example_bash_decorator.py
[2024-08-27T22:33:51.801+0000] {logging_mixin.py:190} INFO - [2024-08-27T22:33:51.801+0000] {dag.py:3211} INFO - Sync 1 DAGs
[2024-08-27T22:33:51.819+0000] {logging_mixin.py:190} INFO - [2024-08-27T22:33:51.818+0000] {dag.py:4138} INFO - Setting next_dagrun for example_bash_decorator to None, run_after=None
[2024-08-27T22:33:51.851+0000] {processor.py:208} INFO - Processing /home/airflow/.local/lib/python3.12/site-packages/airflow/example_dags/example_bash_decorator.py took 0.217 seconds
[2024-08-27T22:36:36.226+0000] {processor.py:186} INFO - Started process (PID=78) to work on /home/airflow/.local/lib/python3.12/site-packages/airflow/example_dags/example_bash_decorator.py
[2024-08-27T22:36:36.286+0000] {processor.py:914} INFO - Processing file /home/airflow/.local/lib/python3.12/site-packages/airflow/example_dags/example_bash_decorator.py for tasks to queue
[2024-08-27T22:36:36.294+0000] {logging_mixin.py:190} INFO - [2024-08-27T22:36:36.293+0000] {dagbag.py:587} INFO - Filling up the DagBag from /home/airflow/.local/lib/python3.12/site-packages/airflow/example_dags/example_bash_decorator.py
[2024-08-27T22:36:36.350+0000] {processor.py:925} INFO - DAG(s) 'example_bash_decorator' retrieved from /home/airflow/.local/lib/python3.12/site-packages/airflow/example_dags/example_bash_decorator.py
[2024-08-27T22:36:36.783+0000] {logging_mixin.py:190} INFO - [2024-08-27T22:36:36.782+0000] {override.py:1858} INFO - Created Permission View: can delete on DAG:example_bash_decorator
[2024-08-27T22:36:36.801+0000] {logging_mixin.py:190} INFO - [2024-08-27T22:36:36.801+0000] {override.py:1858} INFO - Created Permission View: can edit on DAG:example_bash_decorator
[2024-08-27T22:36:36.811+0000] {logging_mixin.py:190} INFO - [2024-08-27T22:36:36.811+0000] {override.py:1858} INFO - Created Permission View: can read on DAG:example_bash_decorator
[2024-08-27T22:36:36.812+0000] {logging_mixin.py:190} INFO - [2024-08-27T22:36:36.812+0000] {dag.py:3211} INFO - Sync 1 DAGs
[2024-08-27T22:36:36.883+0000] {logging_mixin.py:190} INFO - [2024-08-27T22:36:36.883+0000] {dag.py:3234} INFO - Creating ORM DAG for example_bash_decorator
[2024-08-27T22:36:36.884+0000] {logging_mixin.py:190} INFO - [2024-08-27T22:36:36.884+0000] {dag.py:4138} INFO - Setting next_dagrun for example_bash_decorator to None, run_after=None
[2024-08-27T22:36:36.980+0000] {processor.py:208} INFO - Processing /home/airflow/.local/lib/python3.12/site-packages/airflow/example_dags/example_bash_decorator.py took 0.760 seconds
[2024-08-27T22:37:07.191+0000] {processor.py:186} INFO - Started process (PID=139) to work on /home/airflow/.local/lib/python3.12/site-packages/airflow/example_dags/example_bash_decorator.py
[2024-08-27T22:37:07.204+0000] {processor.py:914} INFO - Processing file /home/airflow/.local/lib/python3.12/site-packages/airflow/example_dags/example_bash_decorator.py for tasks to queue
[2024-08-27T22:37:07.215+0000] {logging_mixin.py:190} INFO - [2024-08-27T22:37:07.214+0000] {dagbag.py:587} INFO - Filling up the DagBag from /home/airflow/.local/lib/python3.12/site-packages/airflow/example_dags/example_bash_decorator.py
[2024-08-27T22:37:07.298+0000] {processor.py:925} INFO - DAG(s) 'example_bash_decorator' retrieved from /home/airflow/.local/lib/python3.12/site-packages/airflow/example_dags/example_bash_decorator.py
[2024-08-27T22:37:07.449+0000] {logging_mixin.py:190} INFO - [2024-08-27T22:37:07.449+0000] {dag.py:3211} INFO - Sync 1 DAGs
[2024-08-27T22:37:07.520+0000] {logging_mixin.py:190} INFO - [2024-08-27T22:37:07.512+0000] {dag.py:4138} INFO - Setting next_dagrun for example_bash_decorator to None, run_after=None
[2024-08-27T22:37:07.575+0000] {processor.py:208} INFO - Processing /home/airflow/.local/lib/python3.12/site-packages/airflow/example_dags/example_bash_decorator.py took 0.400 seconds
[2024-08-27T22:37:38.329+0000] {processor.py:186} INFO - Started process (PID=201) to work on /home/airflow/.local/lib/python3.12/site-packages/airflow/example_dags/example_bash_decorator.py
[2024-08-27T22:37:38.330+0000] {processor.py:914} INFO - Processing file /home/airflow/.local/lib/python3.12/site-packages/airflow/example_dags/example_bash_decorator.py for tasks to queue
[2024-08-27T22:37:38.337+0000] {logging_mixin.py:190} INFO - [2024-08-27T22:37:38.336+0000] {dagbag.py:587} INFO - Filling up the DagBag from /home/airflow/.local/lib/python3.12/site-packages/airflow/example_dags/example_bash_decorator.py
[2024-08-27T22:37:38.356+0000] {processor.py:925} INFO - DAG(s) 'example_bash_decorator' retrieved from /home/airflow/.local/lib/python3.12/site-packages/airflow/example_dags/example_bash_decorator.py
[2024-08-27T22:37:38.406+0000] {logging_mixin.py:190} INFO - [2024-08-27T22:37:38.406+0000] {dag.py:3211} INFO - Sync 1 DAGs
[2024-08-27T22:37:38.440+0000] {logging_mixin.py:190} INFO - [2024-08-27T22:37:38.440+0000] {dag.py:4138} INFO - Setting next_dagrun for example_bash_decorator to None, run_after=None
[2024-08-27T22:37:38.498+0000] {processor.py:208} INFO - Processing /home/airflow/.local/lib/python3.12/site-packages/airflow/example_dags/example_bash_decorator.py took 0.198 seconds
