[2024-08-27T22:30:03.281+0000] {processor.py:186} INFO - Started process (PID=113) to work on /home/airflow/.local/lib/python3.12/site-packages/airflow/example_dags/example_sensors.py
[2024-08-27T22:30:03.282+0000] {processor.py:914} INFO - Processing file /home/airflow/.local/lib/python3.12/site-packages/airflow/example_dags/example_sensors.py for tasks to queue
[2024-08-27T22:30:03.284+0000] {logging_mixin.py:190} INFO - [2024-08-27T22:30:03.284+0000] {dagbag.py:587} INFO - Filling up the DagBag from /home/airflow/.local/lib/python3.12/site-packages/airflow/example_dags/example_sensors.py
[2024-08-27T22:30:03.301+0000] {processor.py:925} INFO - DAG(s) 'example_sensors' retrieved from /home/airflow/.local/lib/python3.12/site-packages/airflow/example_dags/example_sensors.py
[2024-08-27T22:30:03.484+0000] {logging_mixin.py:190} INFO - [2024-08-27T22:30:03.483+0000] {override.py:1858} INFO - Created Permission View: can edit on DAG:example_sensors
[2024-08-27T22:30:03.504+0000] {logging_mixin.py:190} INFO - [2024-08-27T22:30:03.503+0000] {override.py:1858} INFO - Created Permission View: can delete on DAG:example_sensors
[2024-08-27T22:30:03.513+0000] {logging_mixin.py:190} INFO - [2024-08-27T22:30:03.513+0000] {override.py:1858} INFO - Created Permission View: can read on DAG:example_sensors
[2024-08-27T22:30:03.514+0000] {logging_mixin.py:190} INFO - [2024-08-27T22:30:03.513+0000] {dag.py:3211} INFO - Sync 1 DAGs
[2024-08-27T22:30:03.528+0000] {logging_mixin.py:190} INFO - [2024-08-27T22:30:03.527+0000] {dag.py:3234} INFO - Creating ORM DAG for example_sensors
[2024-08-27T22:30:03.528+0000] {logging_mixin.py:190} INFO - [2024-08-27T22:30:03.528+0000] {dag.py:4138} INFO - Setting next_dagrun for example_sensors to None, run_after=None
[2024-08-27T22:30:03.551+0000] {processor.py:208} INFO - Processing /home/airflow/.local/lib/python3.12/site-packages/airflow/example_dags/example_sensors.py took 0.277 seconds
[2024-08-27T22:30:33.738+0000] {processor.py:186} INFO - Started process (PID=176) to work on /home/airflow/.local/lib/python3.12/site-packages/airflow/example_dags/example_sensors.py
[2024-08-27T22:30:33.739+0000] {processor.py:914} INFO - Processing file /home/airflow/.local/lib/python3.12/site-packages/airflow/example_dags/example_sensors.py for tasks to queue
[2024-08-27T22:30:33.741+0000] {logging_mixin.py:190} INFO - [2024-08-27T22:30:33.741+0000] {dagbag.py:587} INFO - Filling up the DagBag from /home/airflow/.local/lib/python3.12/site-packages/airflow/example_dags/example_sensors.py
[2024-08-27T22:30:33.756+0000] {processor.py:925} INFO - DAG(s) 'example_sensors' retrieved from /home/airflow/.local/lib/python3.12/site-packages/airflow/example_dags/example_sensors.py
[2024-08-27T22:30:33.799+0000] {logging_mixin.py:190} INFO - [2024-08-27T22:30:33.799+0000] {dag.py:3211} INFO - Sync 1 DAGs
[2024-08-27T22:30:33.819+0000] {logging_mixin.py:190} INFO - [2024-08-27T22:30:33.819+0000] {dag.py:4138} INFO - Setting next_dagrun for example_sensors to None, run_after=None
[2024-08-27T22:30:33.847+0000] {processor.py:208} INFO - Processing /home/airflow/.local/lib/python3.12/site-packages/airflow/example_dags/example_sensors.py took 0.117 seconds
[2024-08-27T22:30:56.071+0000] {processor.py:186} INFO - Started process (PID=239) to work on /home/airflow/.local/lib/python3.12/site-packages/airflow/example_dags/example_sensors.py
[2024-08-27T22:30:56.073+0000] {processor.py:914} INFO - Processing file /home/airflow/.local/lib/python3.12/site-packages/airflow/example_dags/example_sensors.py for tasks to queue
[2024-08-27T22:30:56.081+0000] {logging_mixin.py:190} INFO - [2024-08-27T22:30:56.079+0000] {dagbag.py:587} INFO - Filling up the DagBag from /home/airflow/.local/lib/python3.12/site-packages/airflow/example_dags/example_sensors.py
[2024-08-27T22:30:56.162+0000] {processor.py:925} INFO - DAG(s) 'example_sensors' retrieved from /home/airflow/.local/lib/python3.12/site-packages/airflow/example_dags/example_sensors.py
[2024-08-27T22:30:56.306+0000] {logging_mixin.py:190} INFO - [2024-08-27T22:30:56.306+0000] {dag.py:3211} INFO - Sync 1 DAGs
[2024-08-27T22:30:56.329+0000] {logging_mixin.py:190} INFO - [2024-08-27T22:30:56.328+0000] {dag.py:4138} INFO - Setting next_dagrun for example_sensors to None, run_after=None
[2024-08-27T22:30:56.352+0000] {processor.py:208} INFO - Processing /home/airflow/.local/lib/python3.12/site-packages/airflow/example_dags/example_sensors.py took 0.307 seconds
[2024-08-27T22:31:26.488+0000] {processor.py:186} INFO - Started process (PID=301) to work on /home/airflow/.local/lib/python3.12/site-packages/airflow/example_dags/example_sensors.py
[2024-08-27T22:31:26.490+0000] {processor.py:914} INFO - Processing file /home/airflow/.local/lib/python3.12/site-packages/airflow/example_dags/example_sensors.py for tasks to queue
[2024-08-27T22:31:26.493+0000] {logging_mixin.py:190} INFO - [2024-08-27T22:31:26.492+0000] {dagbag.py:587} INFO - Filling up the DagBag from /home/airflow/.local/lib/python3.12/site-packages/airflow/example_dags/example_sensors.py
[2024-08-27T22:31:26.506+0000] {processor.py:925} INFO - DAG(s) 'example_sensors' retrieved from /home/airflow/.local/lib/python3.12/site-packages/airflow/example_dags/example_sensors.py
[2024-08-27T22:31:26.548+0000] {logging_mixin.py:190} INFO - [2024-08-27T22:31:26.548+0000] {dag.py:3211} INFO - Sync 1 DAGs
[2024-08-27T22:31:26.570+0000] {logging_mixin.py:190} INFO - [2024-08-27T22:31:26.570+0000] {dag.py:4138} INFO - Setting next_dagrun for example_sensors to None, run_after=None
[2024-08-27T22:31:26.620+0000] {processor.py:208} INFO - Processing /home/airflow/.local/lib/python3.12/site-packages/airflow/example_dags/example_sensors.py took 0.140 seconds
[2024-08-27T22:31:57.274+0000] {processor.py:186} INFO - Started process (PID=362) to work on /home/airflow/.local/lib/python3.12/site-packages/airflow/example_dags/example_sensors.py
[2024-08-27T22:31:57.290+0000] {processor.py:914} INFO - Processing file /home/airflow/.local/lib/python3.12/site-packages/airflow/example_dags/example_sensors.py for tasks to queue
[2024-08-27T22:31:57.293+0000] {logging_mixin.py:190} INFO - [2024-08-27T22:31:57.293+0000] {dagbag.py:587} INFO - Filling up the DagBag from /home/airflow/.local/lib/python3.12/site-packages/airflow/example_dags/example_sensors.py
[2024-08-27T22:31:57.335+0000] {processor.py:925} INFO - DAG(s) 'example_sensors' retrieved from /home/airflow/.local/lib/python3.12/site-packages/airflow/example_dags/example_sensors.py
[2024-08-27T22:31:57.467+0000] {logging_mixin.py:190} INFO - [2024-08-27T22:31:57.466+0000] {dag.py:3211} INFO - Sync 1 DAGs
[2024-08-27T22:31:57.491+0000] {logging_mixin.py:190} INFO - [2024-08-27T22:31:57.490+0000] {dag.py:4138} INFO - Setting next_dagrun for example_sensors to None, run_after=None
[2024-08-27T22:31:57.592+0000] {processor.py:208} INFO - Processing /home/airflow/.local/lib/python3.12/site-packages/airflow/example_dags/example_sensors.py took 0.335 seconds
[2024-08-27T22:32:27.765+0000] {processor.py:186} INFO - Started process (PID=424) to work on /home/airflow/.local/lib/python3.12/site-packages/airflow/example_dags/example_sensors.py
[2024-08-27T22:32:27.766+0000] {processor.py:914} INFO - Processing file /home/airflow/.local/lib/python3.12/site-packages/airflow/example_dags/example_sensors.py for tasks to queue
[2024-08-27T22:32:27.769+0000] {logging_mixin.py:190} INFO - [2024-08-27T22:32:27.768+0000] {dagbag.py:587} INFO - Filling up the DagBag from /home/airflow/.local/lib/python3.12/site-packages/airflow/example_dags/example_sensors.py
[2024-08-27T22:32:27.780+0000] {processor.py:925} INFO - DAG(s) 'example_sensors' retrieved from /home/airflow/.local/lib/python3.12/site-packages/airflow/example_dags/example_sensors.py
[2024-08-27T22:32:27.823+0000] {logging_mixin.py:190} INFO - [2024-08-27T22:32:27.822+0000] {dag.py:3211} INFO - Sync 1 DAGs
[2024-08-27T22:32:27.842+0000] {logging_mixin.py:190} INFO - [2024-08-27T22:32:27.842+0000] {dag.py:4138} INFO - Setting next_dagrun for example_sensors to None, run_after=None
[2024-08-27T22:32:27.880+0000] {processor.py:208} INFO - Processing /home/airflow/.local/lib/python3.12/site-packages/airflow/example_dags/example_sensors.py took 0.122 seconds
[2024-08-27T22:32:58.776+0000] {processor.py:186} INFO - Started process (PID=486) to work on /home/airflow/.local/lib/python3.12/site-packages/airflow/example_dags/example_sensors.py
[2024-08-27T22:32:58.779+0000] {processor.py:914} INFO - Processing file /home/airflow/.local/lib/python3.12/site-packages/airflow/example_dags/example_sensors.py for tasks to queue
[2024-08-27T22:32:58.784+0000] {logging_mixin.py:190} INFO - [2024-08-27T22:32:58.783+0000] {dagbag.py:587} INFO - Filling up the DagBag from /home/airflow/.local/lib/python3.12/site-packages/airflow/example_dags/example_sensors.py
[2024-08-27T22:32:58.806+0000] {processor.py:925} INFO - DAG(s) 'example_sensors' retrieved from /home/airflow/.local/lib/python3.12/site-packages/airflow/example_dags/example_sensors.py
[2024-08-27T22:32:58.849+0000] {logging_mixin.py:190} INFO - [2024-08-27T22:32:58.848+0000] {dag.py:3211} INFO - Sync 1 DAGs
[2024-08-27T22:32:58.872+0000] {logging_mixin.py:190} INFO - [2024-08-27T22:32:58.872+0000] {dag.py:4138} INFO - Setting next_dagrun for example_sensors to None, run_after=None
[2024-08-27T22:32:58.898+0000] {processor.py:208} INFO - Processing /home/airflow/.local/lib/python3.12/site-packages/airflow/example_dags/example_sensors.py took 0.138 seconds
[2024-08-27T22:33:29.910+0000] {processor.py:186} INFO - Started process (PID=548) to work on /home/airflow/.local/lib/python3.12/site-packages/airflow/example_dags/example_sensors.py
[2024-08-27T22:33:29.913+0000] {processor.py:914} INFO - Processing file /home/airflow/.local/lib/python3.12/site-packages/airflow/example_dags/example_sensors.py for tasks to queue
[2024-08-27T22:33:29.915+0000] {logging_mixin.py:190} INFO - [2024-08-27T22:33:29.915+0000] {dagbag.py:587} INFO - Filling up the DagBag from /home/airflow/.local/lib/python3.12/site-packages/airflow/example_dags/example_sensors.py
[2024-08-27T22:33:29.945+0000] {processor.py:925} INFO - DAG(s) 'example_sensors' retrieved from /home/airflow/.local/lib/python3.12/site-packages/airflow/example_dags/example_sensors.py
[2024-08-27T22:33:30.089+0000] {logging_mixin.py:190} INFO - [2024-08-27T22:33:30.088+0000] {dag.py:3211} INFO - Sync 1 DAGs
[2024-08-27T22:33:30.125+0000] {logging_mixin.py:190} INFO - [2024-08-27T22:33:30.125+0000] {dag.py:4138} INFO - Setting next_dagrun for example_sensors to None, run_after=None
[2024-08-27T22:33:30.173+0000] {processor.py:208} INFO - Processing /home/airflow/.local/lib/python3.12/site-packages/airflow/example_dags/example_sensors.py took 0.273 seconds
[2024-08-27T22:36:51.501+0000] {processor.py:186} INFO - Started process (PID=113) to work on /home/airflow/.local/lib/python3.12/site-packages/airflow/example_dags/example_sensors.py
[2024-08-27T22:36:51.526+0000] {processor.py:914} INFO - Processing file /home/airflow/.local/lib/python3.12/site-packages/airflow/example_dags/example_sensors.py for tasks to queue
[2024-08-27T22:36:51.530+0000] {logging_mixin.py:190} INFO - [2024-08-27T22:36:51.529+0000] {dagbag.py:587} INFO - Filling up the DagBag from /home/airflow/.local/lib/python3.12/site-packages/airflow/example_dags/example_sensors.py
[2024-08-27T22:36:51.583+0000] {processor.py:925} INFO - DAG(s) 'example_sensors' retrieved from /home/airflow/.local/lib/python3.12/site-packages/airflow/example_dags/example_sensors.py
[2024-08-27T22:36:51.833+0000] {logging_mixin.py:190} INFO - [2024-08-27T22:36:51.830+0000] {override.py:1858} INFO - Created Permission View: can delete on DAG:example_sensors
[2024-08-27T22:36:51.847+0000] {logging_mixin.py:190} INFO - [2024-08-27T22:36:51.847+0000] {override.py:1858} INFO - Created Permission View: can edit on DAG:example_sensors
[2024-08-27T22:36:51.884+0000] {logging_mixin.py:190} INFO - [2024-08-27T22:36:51.884+0000] {override.py:1858} INFO - Created Permission View: can read on DAG:example_sensors
[2024-08-27T22:36:51.885+0000] {logging_mixin.py:190} INFO - [2024-08-27T22:36:51.885+0000] {dag.py:3211} INFO - Sync 1 DAGs
[2024-08-27T22:36:52.006+0000] {logging_mixin.py:190} INFO - [2024-08-27T22:36:52.006+0000] {dag.py:3234} INFO - Creating ORM DAG for example_sensors
[2024-08-27T22:36:52.007+0000] {logging_mixin.py:190} INFO - [2024-08-27T22:36:52.007+0000] {dag.py:4138} INFO - Setting next_dagrun for example_sensors to None, run_after=None
[2024-08-27T22:36:52.099+0000] {processor.py:208} INFO - Processing /home/airflow/.local/lib/python3.12/site-packages/airflow/example_dags/example_sensors.py took 0.624 seconds
[2024-08-27T22:37:22.933+0000] {processor.py:186} INFO - Started process (PID=175) to work on /home/airflow/.local/lib/python3.12/site-packages/airflow/example_dags/example_sensors.py
[2024-08-27T22:37:22.959+0000] {processor.py:914} INFO - Processing file /home/airflow/.local/lib/python3.12/site-packages/airflow/example_dags/example_sensors.py for tasks to queue
[2024-08-27T22:37:22.965+0000] {logging_mixin.py:190} INFO - [2024-08-27T22:37:22.961+0000] {dagbag.py:587} INFO - Filling up the DagBag from /home/airflow/.local/lib/python3.12/site-packages/airflow/example_dags/example_sensors.py
[2024-08-27T22:37:23.049+0000] {processor.py:925} INFO - DAG(s) 'example_sensors' retrieved from /home/airflow/.local/lib/python3.12/site-packages/airflow/example_dags/example_sensors.py
[2024-08-27T22:37:23.263+0000] {logging_mixin.py:190} INFO - [2024-08-27T22:37:23.262+0000] {dag.py:3211} INFO - Sync 1 DAGs
[2024-08-27T22:37:23.294+0000] {logging_mixin.py:190} INFO - [2024-08-27T22:37:23.293+0000] {dag.py:4138} INFO - Setting next_dagrun for example_sensors to None, run_after=None
[2024-08-27T22:37:23.348+0000] {processor.py:208} INFO - Processing /home/airflow/.local/lib/python3.12/site-packages/airflow/example_dags/example_sensors.py took 0.448 seconds
