[2024-08-27T22:30:03.240+0000] {processor.py:186} INFO - Started process (PID=112) to work on /home/airflow/.local/lib/python3.12/site-packages/airflow/example_dags/tutorial_dag.py
[2024-08-27T22:30:03.241+0000] {processor.py:914} INFO - Processing file /home/airflow/.local/lib/python3.12/site-packages/airflow/example_dags/tutorial_dag.py for tasks to queue
[2024-08-27T22:30:03.243+0000] {logging_mixin.py:190} INFO - [2024-08-27T22:30:03.243+0000] {dagbag.py:587} INFO - Filling up the DagBag from /home/airflow/.local/lib/python3.12/site-packages/airflow/example_dags/tutorial_dag.py
[2024-08-27T22:30:03.254+0000] {processor.py:925} INFO - DAG(s) 'tutorial_dag' retrieved from /home/airflow/.local/lib/python3.12/site-packages/airflow/example_dags/tutorial_dag.py
[2024-08-27T22:30:03.410+0000] {logging_mixin.py:190} INFO - [2024-08-27T22:30:03.409+0000] {override.py:1858} INFO - Created Permission View: can edit on DAG:tutorial_dag
[2024-08-27T22:30:03.427+0000] {logging_mixin.py:190} INFO - [2024-08-27T22:30:03.426+0000] {override.py:1858} INFO - Created Permission View: can delete on DAG:tutorial_dag
[2024-08-27T22:30:03.442+0000] {logging_mixin.py:190} INFO - [2024-08-27T22:30:03.441+0000] {override.py:1858} INFO - Created Permission View: can read on DAG:tutorial_dag
[2024-08-27T22:30:03.442+0000] {logging_mixin.py:190} INFO - [2024-08-27T22:30:03.442+0000] {dag.py:3211} INFO - Sync 1 DAGs
[2024-08-27T22:30:03.464+0000] {logging_mixin.py:190} INFO - [2024-08-27T22:30:03.464+0000] {dag.py:3234} INFO - Creating ORM DAG for tutorial_dag
[2024-08-27T22:30:03.465+0000] {logging_mixin.py:190} INFO - [2024-08-27T22:30:03.464+0000] {dag.py:4138} INFO - Setting next_dagrun for tutorial_dag to None, run_after=None
[2024-08-27T22:30:03.500+0000] {processor.py:208} INFO - Processing /home/airflow/.local/lib/python3.12/site-packages/airflow/example_dags/tutorial_dag.py took 0.269 seconds
[2024-08-27T22:30:33.681+0000] {processor.py:186} INFO - Started process (PID=175) to work on /home/airflow/.local/lib/python3.12/site-packages/airflow/example_dags/tutorial_dag.py
[2024-08-27T22:30:33.684+0000] {processor.py:914} INFO - Processing file /home/airflow/.local/lib/python3.12/site-packages/airflow/example_dags/tutorial_dag.py for tasks to queue
[2024-08-27T22:30:33.689+0000] {logging_mixin.py:190} INFO - [2024-08-27T22:30:33.688+0000] {dagbag.py:587} INFO - Filling up the DagBag from /home/airflow/.local/lib/python3.12/site-packages/airflow/example_dags/tutorial_dag.py
[2024-08-27T22:30:33.700+0000] {processor.py:925} INFO - DAG(s) 'tutorial_dag' retrieved from /home/airflow/.local/lib/python3.12/site-packages/airflow/example_dags/tutorial_dag.py
[2024-08-27T22:30:33.733+0000] {logging_mixin.py:190} INFO - [2024-08-27T22:30:33.733+0000] {dag.py:3211} INFO - Sync 1 DAGs
[2024-08-27T22:30:33.757+0000] {logging_mixin.py:190} INFO - [2024-08-27T22:30:33.757+0000] {dag.py:4138} INFO - Setting next_dagrun for tutorial_dag to None, run_after=None
[2024-08-27T22:30:33.797+0000] {processor.py:208} INFO - Processing /home/airflow/.local/lib/python3.12/site-packages/airflow/example_dags/tutorial_dag.py took 0.123 seconds
[2024-08-27T22:30:55.999+0000] {processor.py:186} INFO - Started process (PID=238) to work on /home/airflow/.local/lib/python3.12/site-packages/airflow/example_dags/tutorial_dag.py
[2024-08-27T22:30:56.005+0000] {processor.py:914} INFO - Processing file /home/airflow/.local/lib/python3.12/site-packages/airflow/example_dags/tutorial_dag.py for tasks to queue
[2024-08-27T22:30:56.019+0000] {logging_mixin.py:190} INFO - [2024-08-27T22:30:56.014+0000] {dagbag.py:587} INFO - Filling up the DagBag from /home/airflow/.local/lib/python3.12/site-packages/airflow/example_dags/tutorial_dag.py
[2024-08-27T22:30:56.048+0000] {processor.py:925} INFO - DAG(s) 'tutorial_dag' retrieved from /home/airflow/.local/lib/python3.12/site-packages/airflow/example_dags/tutorial_dag.py
[2024-08-27T22:30:56.153+0000] {logging_mixin.py:190} INFO - [2024-08-27T22:30:56.153+0000] {dag.py:3211} INFO - Sync 1 DAGs
[2024-08-27T22:30:56.189+0000] {logging_mixin.py:190} INFO - [2024-08-27T22:30:56.188+0000] {dag.py:4138} INFO - Setting next_dagrun for tutorial_dag to None, run_after=None
[2024-08-27T22:30:56.216+0000] {processor.py:208} INFO - Processing /home/airflow/.local/lib/python3.12/site-packages/airflow/example_dags/tutorial_dag.py took 0.264 seconds
[2024-08-27T22:31:26.339+0000] {processor.py:186} INFO - Started process (PID=300) to work on /home/airflow/.local/lib/python3.12/site-packages/airflow/example_dags/tutorial_dag.py
[2024-08-27T22:31:26.342+0000] {processor.py:914} INFO - Processing file /home/airflow/.local/lib/python3.12/site-packages/airflow/example_dags/tutorial_dag.py for tasks to queue
[2024-08-27T22:31:26.345+0000] {logging_mixin.py:190} INFO - [2024-08-27T22:31:26.344+0000] {dagbag.py:587} INFO - Filling up the DagBag from /home/airflow/.local/lib/python3.12/site-packages/airflow/example_dags/tutorial_dag.py
[2024-08-27T22:31:26.353+0000] {processor.py:925} INFO - DAG(s) 'tutorial_dag' retrieved from /home/airflow/.local/lib/python3.12/site-packages/airflow/example_dags/tutorial_dag.py
[2024-08-27T22:31:26.388+0000] {logging_mixin.py:190} INFO - [2024-08-27T22:31:26.388+0000] {dag.py:3211} INFO - Sync 1 DAGs
[2024-08-27T22:31:26.415+0000] {logging_mixin.py:190} INFO - [2024-08-27T22:31:26.414+0000] {dag.py:4138} INFO - Setting next_dagrun for tutorial_dag to None, run_after=None
[2024-08-27T22:31:26.445+0000] {processor.py:208} INFO - Processing /home/airflow/.local/lib/python3.12/site-packages/airflow/example_dags/tutorial_dag.py took 0.126 seconds
[2024-08-27T22:31:57.080+0000] {processor.py:186} INFO - Started process (PID=361) to work on /home/airflow/.local/lib/python3.12/site-packages/airflow/example_dags/tutorial_dag.py
[2024-08-27T22:31:57.082+0000] {processor.py:914} INFO - Processing file /home/airflow/.local/lib/python3.12/site-packages/airflow/example_dags/tutorial_dag.py for tasks to queue
[2024-08-27T22:31:57.086+0000] {logging_mixin.py:190} INFO - [2024-08-27T22:31:57.085+0000] {dagbag.py:587} INFO - Filling up the DagBag from /home/airflow/.local/lib/python3.12/site-packages/airflow/example_dags/tutorial_dag.py
[2024-08-27T22:31:57.115+0000] {processor.py:925} INFO - DAG(s) 'tutorial_dag' retrieved from /home/airflow/.local/lib/python3.12/site-packages/airflow/example_dags/tutorial_dag.py
[2024-08-27T22:31:57.208+0000] {logging_mixin.py:190} INFO - [2024-08-27T22:31:57.208+0000] {dag.py:3211} INFO - Sync 1 DAGs
[2024-08-27T22:31:57.245+0000] {logging_mixin.py:190} INFO - [2024-08-27T22:31:57.245+0000] {dag.py:4138} INFO - Setting next_dagrun for tutorial_dag to None, run_after=None
[2024-08-27T22:31:57.321+0000] {processor.py:208} INFO - Processing /home/airflow/.local/lib/python3.12/site-packages/airflow/example_dags/tutorial_dag.py took 0.249 seconds
[2024-08-27T22:32:27.652+0000] {processor.py:186} INFO - Started process (PID=423) to work on /home/airflow/.local/lib/python3.12/site-packages/airflow/example_dags/tutorial_dag.py
[2024-08-27T22:32:27.653+0000] {processor.py:914} INFO - Processing file /home/airflow/.local/lib/python3.12/site-packages/airflow/example_dags/tutorial_dag.py for tasks to queue
[2024-08-27T22:32:27.655+0000] {logging_mixin.py:190} INFO - [2024-08-27T22:32:27.655+0000] {dagbag.py:587} INFO - Filling up the DagBag from /home/airflow/.local/lib/python3.12/site-packages/airflow/example_dags/tutorial_dag.py
[2024-08-27T22:32:27.664+0000] {processor.py:925} INFO - DAG(s) 'tutorial_dag' retrieved from /home/airflow/.local/lib/python3.12/site-packages/airflow/example_dags/tutorial_dag.py
[2024-08-27T22:32:27.690+0000] {logging_mixin.py:190} INFO - [2024-08-27T22:32:27.690+0000] {dag.py:3211} INFO - Sync 1 DAGs
[2024-08-27T22:32:27.704+0000] {logging_mixin.py:190} INFO - [2024-08-27T22:32:27.703+0000] {dag.py:4138} INFO - Setting next_dagrun for tutorial_dag to None, run_after=None
[2024-08-27T22:32:27.723+0000] {processor.py:208} INFO - Processing /home/airflow/.local/lib/python3.12/site-packages/airflow/example_dags/tutorial_dag.py took 0.077 seconds
[2024-08-27T22:32:58.349+0000] {processor.py:186} INFO - Started process (PID=485) to work on /home/airflow/.local/lib/python3.12/site-packages/airflow/example_dags/tutorial_dag.py
[2024-08-27T22:32:58.349+0000] {processor.py:914} INFO - Processing file /home/airflow/.local/lib/python3.12/site-packages/airflow/example_dags/tutorial_dag.py for tasks to queue
[2024-08-27T22:32:58.352+0000] {logging_mixin.py:190} INFO - [2024-08-27T22:32:58.351+0000] {dagbag.py:587} INFO - Filling up the DagBag from /home/airflow/.local/lib/python3.12/site-packages/airflow/example_dags/tutorial_dag.py
[2024-08-27T22:32:58.365+0000] {processor.py:925} INFO - DAG(s) 'tutorial_dag' retrieved from /home/airflow/.local/lib/python3.12/site-packages/airflow/example_dags/tutorial_dag.py
[2024-08-27T22:32:58.510+0000] {logging_mixin.py:190} INFO - [2024-08-27T22:32:58.510+0000] {dag.py:3211} INFO - Sync 1 DAGs
[2024-08-27T22:32:58.628+0000] {logging_mixin.py:190} INFO - [2024-08-27T22:32:58.619+0000] {dag.py:4138} INFO - Setting next_dagrun for tutorial_dag to None, run_after=None
[2024-08-27T22:32:58.725+0000] {processor.py:208} INFO - Processing /home/airflow/.local/lib/python3.12/site-packages/airflow/example_dags/tutorial_dag.py took 0.382 seconds
[2024-08-27T22:33:29.711+0000] {processor.py:186} INFO - Started process (PID=547) to work on /home/airflow/.local/lib/python3.12/site-packages/airflow/example_dags/tutorial_dag.py
[2024-08-27T22:33:29.714+0000] {processor.py:914} INFO - Processing file /home/airflow/.local/lib/python3.12/site-packages/airflow/example_dags/tutorial_dag.py for tasks to queue
[2024-08-27T22:33:29.731+0000] {logging_mixin.py:190} INFO - [2024-08-27T22:33:29.726+0000] {dagbag.py:587} INFO - Filling up the DagBag from /home/airflow/.local/lib/python3.12/site-packages/airflow/example_dags/tutorial_dag.py
[2024-08-27T22:33:29.768+0000] {processor.py:925} INFO - DAG(s) 'tutorial_dag' retrieved from /home/airflow/.local/lib/python3.12/site-packages/airflow/example_dags/tutorial_dag.py
[2024-08-27T22:33:29.852+0000] {logging_mixin.py:190} INFO - [2024-08-27T22:33:29.849+0000] {dag.py:3211} INFO - Sync 1 DAGs
[2024-08-27T22:33:29.933+0000] {logging_mixin.py:190} INFO - [2024-08-27T22:33:29.933+0000] {dag.py:4138} INFO - Setting next_dagrun for tutorial_dag to None, run_after=None
[2024-08-27T22:33:30.045+0000] {processor.py:208} INFO - Processing /home/airflow/.local/lib/python3.12/site-packages/airflow/example_dags/tutorial_dag.py took 0.357 seconds
[2024-08-27T22:36:51.374+0000] {processor.py:186} INFO - Started process (PID=112) to work on /home/airflow/.local/lib/python3.12/site-packages/airflow/example_dags/tutorial_dag.py
[2024-08-27T22:36:51.378+0000] {processor.py:914} INFO - Processing file /home/airflow/.local/lib/python3.12/site-packages/airflow/example_dags/tutorial_dag.py for tasks to queue
[2024-08-27T22:36:51.387+0000] {logging_mixin.py:190} INFO - [2024-08-27T22:36:51.386+0000] {dagbag.py:587} INFO - Filling up the DagBag from /home/airflow/.local/lib/python3.12/site-packages/airflow/example_dags/tutorial_dag.py
[2024-08-27T22:36:51.413+0000] {processor.py:925} INFO - DAG(s) 'tutorial_dag' retrieved from /home/airflow/.local/lib/python3.12/site-packages/airflow/example_dags/tutorial_dag.py
[2024-08-27T22:36:52.149+0000] {logging_mixin.py:190} INFO - [2024-08-27T22:36:52.148+0000] {override.py:1858} INFO - Created Permission View: can delete on DAG:tutorial_dag
[2024-08-27T22:36:52.196+0000] {logging_mixin.py:190} INFO - [2024-08-27T22:36:52.195+0000] {override.py:1858} INFO - Created Permission View: can edit on DAG:tutorial_dag
[2024-08-27T22:36:52.213+0000] {logging_mixin.py:190} INFO - [2024-08-27T22:36:52.212+0000] {override.py:1858} INFO - Created Permission View: can read on DAG:tutorial_dag
[2024-08-27T22:36:52.214+0000] {logging_mixin.py:190} INFO - [2024-08-27T22:36:52.213+0000] {dag.py:3211} INFO - Sync 1 DAGs
[2024-08-27T22:36:52.276+0000] {logging_mixin.py:190} INFO - [2024-08-27T22:36:52.276+0000] {dag.py:3234} INFO - Creating ORM DAG for tutorial_dag
[2024-08-27T22:36:52.283+0000] {logging_mixin.py:190} INFO - [2024-08-27T22:36:52.282+0000] {dag.py:4138} INFO - Setting next_dagrun for tutorial_dag to None, run_after=None
[2024-08-27T22:36:52.332+0000] {processor.py:208} INFO - Processing /home/airflow/.local/lib/python3.12/site-packages/airflow/example_dags/tutorial_dag.py took 0.976 seconds
[2024-08-27T22:37:22.875+0000] {processor.py:186} INFO - Started process (PID=174) to work on /home/airflow/.local/lib/python3.12/site-packages/airflow/example_dags/tutorial_dag.py
[2024-08-27T22:37:22.876+0000] {processor.py:914} INFO - Processing file /home/airflow/.local/lib/python3.12/site-packages/airflow/example_dags/tutorial_dag.py for tasks to queue
[2024-08-27T22:37:22.878+0000] {logging_mixin.py:190} INFO - [2024-08-27T22:37:22.877+0000] {dagbag.py:587} INFO - Filling up the DagBag from /home/airflow/.local/lib/python3.12/site-packages/airflow/example_dags/tutorial_dag.py
[2024-08-27T22:37:22.887+0000] {processor.py:925} INFO - DAG(s) 'tutorial_dag' retrieved from /home/airflow/.local/lib/python3.12/site-packages/airflow/example_dags/tutorial_dag.py
[2024-08-27T22:37:22.922+0000] {logging_mixin.py:190} INFO - [2024-08-27T22:37:22.921+0000] {dag.py:3211} INFO - Sync 1 DAGs
[2024-08-27T22:37:22.943+0000] {logging_mixin.py:190} INFO - [2024-08-27T22:37:22.942+0000] {dag.py:4138} INFO - Setting next_dagrun for tutorial_dag to None, run_after=None
[2024-08-27T22:37:23.027+0000] {processor.py:208} INFO - Processing /home/airflow/.local/lib/python3.12/site-packages/airflow/example_dags/tutorial_dag.py took 0.159 seconds
