[2024-08-27T22:29:56.055+0000] {processor.py:186} INFO - Started process (PID=79) to work on /home/airflow/.local/lib/python3.12/site-packages/airflow/example_dags/tutorial.py
[2024-08-27T22:29:56.056+0000] {processor.py:914} INFO - Processing file /home/airflow/.local/lib/python3.12/site-packages/airflow/example_dags/tutorial.py for tasks to queue
[2024-08-27T22:29:56.058+0000] {logging_mixin.py:190} INFO - [2024-08-27T22:29:56.058+0000] {dagbag.py:587} INFO - Filling up the DagBag from /home/airflow/.local/lib/python3.12/site-packages/airflow/example_dags/tutorial.py
[2024-08-27T22:29:56.066+0000] {processor.py:925} INFO - DAG(s) 'tutorial' retrieved from /home/airflow/.local/lib/python3.12/site-packages/airflow/example_dags/tutorial.py
[2024-08-27T22:29:56.201+0000] {logging_mixin.py:190} INFO - [2024-08-27T22:29:56.200+0000] {override.py:1858} INFO - Created Permission View: can edit on DAG:tutorial
[2024-08-27T22:29:56.213+0000] {logging_mixin.py:190} INFO - [2024-08-27T22:29:56.212+0000] {override.py:1858} INFO - Created Permission View: can delete on DAG:tutorial
[2024-08-27T22:29:56.221+0000] {logging_mixin.py:190} INFO - [2024-08-27T22:29:56.220+0000] {override.py:1858} INFO - Created Permission View: can read on DAG:tutorial
[2024-08-27T22:29:56.221+0000] {logging_mixin.py:190} INFO - [2024-08-27T22:29:56.221+0000] {dag.py:3211} INFO - Sync 1 DAGs
[2024-08-27T22:29:56.235+0000] {logging_mixin.py:190} INFO - [2024-08-27T22:29:56.235+0000] {dag.py:3234} INFO - Creating ORM DAG for tutorial
[2024-08-27T22:29:56.246+0000] {logging_mixin.py:190} INFO - [2024-08-27T22:29:56.245+0000] {dag.py:4138} INFO - Setting next_dagrun for tutorial to 2024-08-26 00:00:00+00:00, run_after=2024-08-27 00:00:00+00:00
[2024-08-27T22:29:56.265+0000] {processor.py:208} INFO - Processing /home/airflow/.local/lib/python3.12/site-packages/airflow/example_dags/tutorial.py took 0.215 seconds
[2024-08-27T22:30:26.876+0000] {processor.py:186} INFO - Started process (PID=142) to work on /home/airflow/.local/lib/python3.12/site-packages/airflow/example_dags/tutorial.py
[2024-08-27T22:30:26.879+0000] {processor.py:914} INFO - Processing file /home/airflow/.local/lib/python3.12/site-packages/airflow/example_dags/tutorial.py for tasks to queue
[2024-08-27T22:30:26.885+0000] {logging_mixin.py:190} INFO - [2024-08-27T22:30:26.884+0000] {dagbag.py:587} INFO - Filling up the DagBag from /home/airflow/.local/lib/python3.12/site-packages/airflow/example_dags/tutorial.py
[2024-08-27T22:30:26.911+0000] {processor.py:925} INFO - DAG(s) 'tutorial' retrieved from /home/airflow/.local/lib/python3.12/site-packages/airflow/example_dags/tutorial.py
[2024-08-27T22:30:26.958+0000] {logging_mixin.py:190} INFO - [2024-08-27T22:30:26.957+0000] {dag.py:3211} INFO - Sync 1 DAGs
[2024-08-27T22:30:27.000+0000] {logging_mixin.py:190} INFO - [2024-08-27T22:30:27.000+0000] {dag.py:4138} INFO - Setting next_dagrun for tutorial to 2024-08-26 00:00:00+00:00, run_after=2024-08-27 00:00:00+00:00
[2024-08-27T22:30:27.047+0000] {processor.py:208} INFO - Processing /home/airflow/.local/lib/python3.12/site-packages/airflow/example_dags/tutorial.py took 0.191 seconds
[2024-08-27T22:30:44.548+0000] {processor.py:186} INFO - Started process (PID=199) to work on /home/airflow/.local/lib/python3.12/site-packages/airflow/example_dags/tutorial.py
[2024-08-27T22:30:44.553+0000] {processor.py:914} INFO - Processing file /home/airflow/.local/lib/python3.12/site-packages/airflow/example_dags/tutorial.py for tasks to queue
[2024-08-27T22:30:44.560+0000] {logging_mixin.py:190} INFO - [2024-08-27T22:30:44.559+0000] {dagbag.py:587} INFO - Filling up the DagBag from /home/airflow/.local/lib/python3.12/site-packages/airflow/example_dags/tutorial.py
[2024-08-27T22:30:44.577+0000] {processor.py:925} INFO - DAG(s) 'tutorial' retrieved from /home/airflow/.local/lib/python3.12/site-packages/airflow/example_dags/tutorial.py
[2024-08-27T22:30:44.635+0000] {logging_mixin.py:190} INFO - [2024-08-27T22:30:44.634+0000] {dag.py:3211} INFO - Sync 1 DAGs
[2024-08-27T22:30:44.691+0000] {logging_mixin.py:190} INFO - [2024-08-27T22:30:44.691+0000] {dag.py:4138} INFO - Setting next_dagrun for tutorial to 2024-08-26 00:00:00+00:00, run_after=2024-08-27 00:00:00+00:00
[2024-08-27T22:30:44.745+0000] {processor.py:208} INFO - Processing /home/airflow/.local/lib/python3.12/site-packages/airflow/example_dags/tutorial.py took 0.207 seconds
[2024-08-27T22:31:15.120+0000] {processor.py:186} INFO - Started process (PID=260) to work on /home/airflow/.local/lib/python3.12/site-packages/airflow/example_dags/tutorial.py
[2024-08-27T22:31:15.124+0000] {processor.py:914} INFO - Processing file /home/airflow/.local/lib/python3.12/site-packages/airflow/example_dags/tutorial.py for tasks to queue
[2024-08-27T22:31:15.128+0000] {logging_mixin.py:190} INFO - [2024-08-27T22:31:15.127+0000] {dagbag.py:587} INFO - Filling up the DagBag from /home/airflow/.local/lib/python3.12/site-packages/airflow/example_dags/tutorial.py
[2024-08-27T22:31:15.138+0000] {processor.py:925} INFO - DAG(s) 'tutorial' retrieved from /home/airflow/.local/lib/python3.12/site-packages/airflow/example_dags/tutorial.py
[2024-08-27T22:31:15.171+0000] {logging_mixin.py:190} INFO - [2024-08-27T22:31:15.170+0000] {dag.py:3211} INFO - Sync 1 DAGs
[2024-08-27T22:31:15.197+0000] {logging_mixin.py:190} INFO - [2024-08-27T22:31:15.197+0000] {dag.py:4138} INFO - Setting next_dagrun for tutorial to 2024-08-26 00:00:00+00:00, run_after=2024-08-27 00:00:00+00:00
[2024-08-27T22:31:15.225+0000] {processor.py:208} INFO - Processing /home/airflow/.local/lib/python3.12/site-packages/airflow/example_dags/tutorial.py took 0.116 seconds
[2024-08-27T22:31:45.630+0000] {processor.py:186} INFO - Started process (PID=322) to work on /home/airflow/.local/lib/python3.12/site-packages/airflow/example_dags/tutorial.py
[2024-08-27T22:31:45.631+0000] {processor.py:914} INFO - Processing file /home/airflow/.local/lib/python3.12/site-packages/airflow/example_dags/tutorial.py for tasks to queue
[2024-08-27T22:31:45.633+0000] {logging_mixin.py:190} INFO - [2024-08-27T22:31:45.633+0000] {dagbag.py:587} INFO - Filling up the DagBag from /home/airflow/.local/lib/python3.12/site-packages/airflow/example_dags/tutorial.py
[2024-08-27T22:31:45.651+0000] {processor.py:925} INFO - DAG(s) 'tutorial' retrieved from /home/airflow/.local/lib/python3.12/site-packages/airflow/example_dags/tutorial.py
[2024-08-27T22:31:45.752+0000] {logging_mixin.py:190} INFO - [2024-08-27T22:31:45.751+0000] {dag.py:3211} INFO - Sync 1 DAGs
[2024-08-27T22:31:45.801+0000] {logging_mixin.py:190} INFO - [2024-08-27T22:31:45.800+0000] {dag.py:4138} INFO - Setting next_dagrun for tutorial to 2024-08-26 00:00:00+00:00, run_after=2024-08-27 00:00:00+00:00
[2024-08-27T22:31:45.942+0000] {processor.py:208} INFO - Processing /home/airflow/.local/lib/python3.12/site-packages/airflow/example_dags/tutorial.py took 0.319 seconds
[2024-08-27T22:32:16.888+0000] {processor.py:186} INFO - Started process (PID=389) to work on /home/airflow/.local/lib/python3.12/site-packages/airflow/example_dags/tutorial.py
[2024-08-27T22:32:16.895+0000] {processor.py:914} INFO - Processing file /home/airflow/.local/lib/python3.12/site-packages/airflow/example_dags/tutorial.py for tasks to queue
[2024-08-27T22:32:16.924+0000] {logging_mixin.py:190} INFO - [2024-08-27T22:32:16.922+0000] {dagbag.py:587} INFO - Filling up the DagBag from /home/airflow/.local/lib/python3.12/site-packages/airflow/example_dags/tutorial.py
[2024-08-27T22:32:16.989+0000] {processor.py:925} INFO - DAG(s) 'tutorial' retrieved from /home/airflow/.local/lib/python3.12/site-packages/airflow/example_dags/tutorial.py
[2024-08-27T22:32:17.078+0000] {logging_mixin.py:190} INFO - [2024-08-27T22:32:17.078+0000] {dag.py:3211} INFO - Sync 1 DAGs
[2024-08-27T22:32:17.206+0000] {logging_mixin.py:190} INFO - [2024-08-27T22:32:17.206+0000] {dag.py:4138} INFO - Setting next_dagrun for tutorial to 2024-08-26 00:00:00+00:00, run_after=2024-08-27 00:00:00+00:00
[2024-08-27T22:32:17.256+0000] {processor.py:208} INFO - Processing /home/airflow/.local/lib/python3.12/site-packages/airflow/example_dags/tutorial.py took 0.401 seconds
[2024-08-27T22:32:48.297+0000] {processor.py:186} INFO - Started process (PID=452) to work on /home/airflow/.local/lib/python3.12/site-packages/airflow/example_dags/tutorial.py
[2024-08-27T22:32:48.309+0000] {processor.py:914} INFO - Processing file /home/airflow/.local/lib/python3.12/site-packages/airflow/example_dags/tutorial.py for tasks to queue
[2024-08-27T22:32:48.326+0000] {logging_mixin.py:190} INFO - [2024-08-27T22:32:48.322+0000] {dagbag.py:587} INFO - Filling up the DagBag from /home/airflow/.local/lib/python3.12/site-packages/airflow/example_dags/tutorial.py
[2024-08-27T22:32:48.388+0000] {processor.py:925} INFO - DAG(s) 'tutorial' retrieved from /home/airflow/.local/lib/python3.12/site-packages/airflow/example_dags/tutorial.py
[2024-08-27T22:32:48.483+0000] {logging_mixin.py:190} INFO - [2024-08-27T22:32:48.483+0000] {dag.py:3211} INFO - Sync 1 DAGs
[2024-08-27T22:32:48.588+0000] {logging_mixin.py:190} INFO - [2024-08-27T22:32:48.588+0000] {dag.py:4138} INFO - Setting next_dagrun for tutorial to 2024-08-26 00:00:00+00:00, run_after=2024-08-27 00:00:00+00:00
[2024-08-27T22:32:48.695+0000] {processor.py:208} INFO - Processing /home/airflow/.local/lib/python3.12/site-packages/airflow/example_dags/tutorial.py took 0.426 seconds
[2024-08-27T22:33:19.635+0000] {processor.py:186} INFO - Started process (PID=514) to work on /home/airflow/.local/lib/python3.12/site-packages/airflow/example_dags/tutorial.py
[2024-08-27T22:33:19.638+0000] {processor.py:914} INFO - Processing file /home/airflow/.local/lib/python3.12/site-packages/airflow/example_dags/tutorial.py for tasks to queue
[2024-08-27T22:33:19.644+0000] {logging_mixin.py:190} INFO - [2024-08-27T22:33:19.644+0000] {dagbag.py:587} INFO - Filling up the DagBag from /home/airflow/.local/lib/python3.12/site-packages/airflow/example_dags/tutorial.py
[2024-08-27T22:33:19.656+0000] {processor.py:925} INFO - DAG(s) 'tutorial' retrieved from /home/airflow/.local/lib/python3.12/site-packages/airflow/example_dags/tutorial.py
[2024-08-27T22:33:19.699+0000] {logging_mixin.py:190} INFO - [2024-08-27T22:33:19.699+0000] {dag.py:3211} INFO - Sync 1 DAGs
[2024-08-27T22:33:19.729+0000] {logging_mixin.py:190} INFO - [2024-08-27T22:33:19.729+0000] {dag.py:4138} INFO - Setting next_dagrun for tutorial to 2024-08-26 00:00:00+00:00, run_after=2024-08-27 00:00:00+00:00
[2024-08-27T22:33:19.759+0000] {processor.py:208} INFO - Processing /home/airflow/.local/lib/python3.12/site-packages/airflow/example_dags/tutorial.py took 0.140 seconds
[2024-08-27T22:33:50.579+0000] {processor.py:186} INFO - Started process (PID=575) to work on /home/airflow/.local/lib/python3.12/site-packages/airflow/example_dags/tutorial.py
[2024-08-27T22:33:50.597+0000] {processor.py:914} INFO - Processing file /home/airflow/.local/lib/python3.12/site-packages/airflow/example_dags/tutorial.py for tasks to queue
[2024-08-27T22:33:50.600+0000] {logging_mixin.py:190} INFO - [2024-08-27T22:33:50.599+0000] {dagbag.py:587} INFO - Filling up the DagBag from /home/airflow/.local/lib/python3.12/site-packages/airflow/example_dags/tutorial.py
[2024-08-27T22:33:50.651+0000] {processor.py:925} INFO - DAG(s) 'tutorial' retrieved from /home/airflow/.local/lib/python3.12/site-packages/airflow/example_dags/tutorial.py
[2024-08-27T22:33:50.764+0000] {logging_mixin.py:190} INFO - [2024-08-27T22:33:50.764+0000] {dag.py:3211} INFO - Sync 1 DAGs
[2024-08-27T22:33:50.923+0000] {logging_mixin.py:190} INFO - [2024-08-27T22:33:50.923+0000] {dag.py:4138} INFO - Setting next_dagrun for tutorial to 2024-08-26 00:00:00+00:00, run_after=2024-08-27 00:00:00+00:00
[2024-08-27T22:33:50.992+0000] {processor.py:208} INFO - Processing /home/airflow/.local/lib/python3.12/site-packages/airflow/example_dags/tutorial.py took 0.428 seconds
[2024-08-27T22:36:34.020+0000] {processor.py:186} INFO - Started process (PID=74) to work on /home/airflow/.local/lib/python3.12/site-packages/airflow/example_dags/tutorial.py
[2024-08-27T22:36:34.024+0000] {processor.py:914} INFO - Processing file /home/airflow/.local/lib/python3.12/site-packages/airflow/example_dags/tutorial.py for tasks to queue
[2024-08-27T22:36:34.029+0000] {logging_mixin.py:190} INFO - [2024-08-27T22:36:34.028+0000] {dagbag.py:587} INFO - Filling up the DagBag from /home/airflow/.local/lib/python3.12/site-packages/airflow/example_dags/tutorial.py
[2024-08-27T22:36:34.043+0000] {processor.py:925} INFO - DAG(s) 'tutorial' retrieved from /home/airflow/.local/lib/python3.12/site-packages/airflow/example_dags/tutorial.py
[2024-08-27T22:36:34.306+0000] {logging_mixin.py:190} INFO - [2024-08-27T22:36:34.305+0000] {override.py:1858} INFO - Created Permission View: can delete on DAG:tutorial
[2024-08-27T22:36:34.332+0000] {logging_mixin.py:190} INFO - [2024-08-27T22:36:34.332+0000] {override.py:1858} INFO - Created Permission View: can edit on DAG:tutorial
[2024-08-27T22:36:34.355+0000] {logging_mixin.py:190} INFO - [2024-08-27T22:36:34.355+0000] {override.py:1858} INFO - Created Permission View: can read on DAG:tutorial
[2024-08-27T22:36:34.356+0000] {logging_mixin.py:190} INFO - [2024-08-27T22:36:34.356+0000] {dag.py:3211} INFO - Sync 1 DAGs
[2024-08-27T22:36:34.383+0000] {logging_mixin.py:190} INFO - [2024-08-27T22:36:34.383+0000] {dag.py:3234} INFO - Creating ORM DAG for tutorial
[2024-08-27T22:36:34.405+0000] {logging_mixin.py:190} INFO - [2024-08-27T22:36:34.404+0000] {dag.py:4138} INFO - Setting next_dagrun for tutorial to 2024-08-26 00:00:00+00:00, run_after=2024-08-27 00:00:00+00:00
[2024-08-27T22:36:34.457+0000] {processor.py:208} INFO - Processing /home/airflow/.local/lib/python3.12/site-packages/airflow/example_dags/tutorial.py took 0.451 seconds
[2024-08-27T22:37:04.673+0000] {processor.py:186} INFO - Started process (PID=134) to work on /home/airflow/.local/lib/python3.12/site-packages/airflow/example_dags/tutorial.py
[2024-08-27T22:37:04.682+0000] {processor.py:914} INFO - Processing file /home/airflow/.local/lib/python3.12/site-packages/airflow/example_dags/tutorial.py for tasks to queue
[2024-08-27T22:37:04.687+0000] {logging_mixin.py:190} INFO - [2024-08-27T22:37:04.686+0000] {dagbag.py:587} INFO - Filling up the DagBag from /home/airflow/.local/lib/python3.12/site-packages/airflow/example_dags/tutorial.py
[2024-08-27T22:37:04.717+0000] {processor.py:925} INFO - DAG(s) 'tutorial' retrieved from /home/airflow/.local/lib/python3.12/site-packages/airflow/example_dags/tutorial.py
[2024-08-27T22:37:04.797+0000] {logging_mixin.py:190} INFO - [2024-08-27T22:37:04.797+0000] {dag.py:3211} INFO - Sync 1 DAGs
[2024-08-27T22:37:04.847+0000] {logging_mixin.py:190} INFO - [2024-08-27T22:37:04.847+0000] {dag.py:4138} INFO - Setting next_dagrun for tutorial to 2024-08-26 00:00:00+00:00, run_after=2024-08-27 00:00:00+00:00
[2024-08-27T22:37:04.909+0000] {processor.py:208} INFO - Processing /home/airflow/.local/lib/python3.12/site-packages/airflow/example_dags/tutorial.py took 0.256 seconds
[2024-08-27T22:37:35.659+0000] {processor.py:186} INFO - Started process (PID=196) to work on /home/airflow/.local/lib/python3.12/site-packages/airflow/example_dags/tutorial.py
[2024-08-27T22:37:35.663+0000] {processor.py:914} INFO - Processing file /home/airflow/.local/lib/python3.12/site-packages/airflow/example_dags/tutorial.py for tasks to queue
[2024-08-27T22:37:35.669+0000] {logging_mixin.py:190} INFO - [2024-08-27T22:37:35.667+0000] {dagbag.py:587} INFO - Filling up the DagBag from /home/airflow/.local/lib/python3.12/site-packages/airflow/example_dags/tutorial.py
[2024-08-27T22:37:35.695+0000] {processor.py:925} INFO - DAG(s) 'tutorial' retrieved from /home/airflow/.local/lib/python3.12/site-packages/airflow/example_dags/tutorial.py
[2024-08-27T22:37:35.721+0000] {logging_mixin.py:190} INFO - [2024-08-27T22:37:35.720+0000] {dag.py:3211} INFO - Sync 1 DAGs
[2024-08-27T22:37:35.744+0000] {logging_mixin.py:190} INFO - [2024-08-27T22:37:35.744+0000] {dag.py:4138} INFO - Setting next_dagrun for tutorial to 2024-08-26 00:00:00+00:00, run_after=2024-08-27 00:00:00+00:00
[2024-08-27T22:37:35.768+0000] {processor.py:208} INFO - Processing /home/airflow/.local/lib/python3.12/site-packages/airflow/example_dags/tutorial.py took 0.122 seconds
