[2024-08-27T22:29:58.783+0000] {processor.py:186} INFO - Started process (PID=92) to work on /home/airflow/.local/lib/python3.12/site-packages/airflow/example_dags/tutorial_objectstorage.py
[2024-08-27T22:29:58.784+0000] {processor.py:914} INFO - Processing file /home/airflow/.local/lib/python3.12/site-packages/airflow/example_dags/tutorial_objectstorage.py for tasks to queue
[2024-08-27T22:29:58.787+0000] {logging_mixin.py:190} INFO - [2024-08-27T22:29:58.786+0000] {dagbag.py:587} INFO - Filling up the DagBag from /home/airflow/.local/lib/python3.12/site-packages/airflow/example_dags/tutorial_objectstorage.py
[2024-08-27T22:29:58.810+0000] {processor.py:925} INFO - DAG(s) 'tutorial_objectstorage' retrieved from /home/airflow/.local/lib/python3.12/site-packages/airflow/example_dags/tutorial_objectstorage.py
[2024-08-27T22:29:58.933+0000] {logging_mixin.py:190} INFO - [2024-08-27T22:29:58.932+0000] {override.py:1858} INFO - Created Permission View: can edit on DAG:tutorial_objectstorage
[2024-08-27T22:29:58.948+0000] {logging_mixin.py:190} INFO - [2024-08-27T22:29:58.948+0000] {override.py:1858} INFO - Created Permission View: can delete on DAG:tutorial_objectstorage
[2024-08-27T22:29:58.961+0000] {logging_mixin.py:190} INFO - [2024-08-27T22:29:58.960+0000] {override.py:1858} INFO - Created Permission View: can read on DAG:tutorial_objectstorage
[2024-08-27T22:29:58.961+0000] {logging_mixin.py:190} INFO - [2024-08-27T22:29:58.961+0000] {dag.py:3211} INFO - Sync 1 DAGs
[2024-08-27T22:29:58.980+0000] {logging_mixin.py:190} INFO - [2024-08-27T22:29:58.979+0000] {dag.py:3234} INFO - Creating ORM DAG for tutorial_objectstorage
[2024-08-27T22:29:58.981+0000] {logging_mixin.py:190} INFO - [2024-08-27T22:29:58.980+0000] {dag.py:4138} INFO - Setting next_dagrun for tutorial_objectstorage to None, run_after=None
[2024-08-27T22:29:59.011+0000] {processor.py:208} INFO - Processing /home/airflow/.local/lib/python3.12/site-packages/airflow/example_dags/tutorial_objectstorage.py took 0.235 seconds
[2024-08-27T22:30:29.137+0000] {processor.py:186} INFO - Started process (PID=155) to work on /home/airflow/.local/lib/python3.12/site-packages/airflow/example_dags/tutorial_objectstorage.py
[2024-08-27T22:30:29.139+0000] {processor.py:914} INFO - Processing file /home/airflow/.local/lib/python3.12/site-packages/airflow/example_dags/tutorial_objectstorage.py for tasks to queue
[2024-08-27T22:30:29.141+0000] {logging_mixin.py:190} INFO - [2024-08-27T22:30:29.141+0000] {dagbag.py:587} INFO - Filling up the DagBag from /home/airflow/.local/lib/python3.12/site-packages/airflow/example_dags/tutorial_objectstorage.py
[2024-08-27T22:30:29.164+0000] {processor.py:925} INFO - DAG(s) 'tutorial_objectstorage' retrieved from /home/airflow/.local/lib/python3.12/site-packages/airflow/example_dags/tutorial_objectstorage.py
[2024-08-27T22:30:29.215+0000] {logging_mixin.py:190} INFO - [2024-08-27T22:30:29.215+0000] {dag.py:3211} INFO - Sync 1 DAGs
[2024-08-27T22:30:29.236+0000] {logging_mixin.py:190} INFO - [2024-08-27T22:30:29.235+0000] {dag.py:4138} INFO - Setting next_dagrun for tutorial_objectstorage to None, run_after=None
[2024-08-27T22:30:29.261+0000] {processor.py:208} INFO - Processing /home/airflow/.local/lib/python3.12/site-packages/airflow/example_dags/tutorial_objectstorage.py took 0.132 seconds
[2024-08-27T22:30:48.043+0000] {processor.py:186} INFO - Started process (PID=218) to work on /home/airflow/.local/lib/python3.12/site-packages/airflow/example_dags/tutorial_objectstorage.py
[2024-08-27T22:30:48.058+0000] {processor.py:914} INFO - Processing file /home/airflow/.local/lib/python3.12/site-packages/airflow/example_dags/tutorial_objectstorage.py for tasks to queue
[2024-08-27T22:30:48.066+0000] {logging_mixin.py:190} INFO - [2024-08-27T22:30:48.066+0000] {dagbag.py:587} INFO - Filling up the DagBag from /home/airflow/.local/lib/python3.12/site-packages/airflow/example_dags/tutorial_objectstorage.py
[2024-08-27T22:30:48.126+0000] {processor.py:925} INFO - DAG(s) 'tutorial_objectstorage' retrieved from /home/airflow/.local/lib/python3.12/site-packages/airflow/example_dags/tutorial_objectstorage.py
[2024-08-27T22:30:48.287+0000] {logging_mixin.py:190} INFO - [2024-08-27T22:30:48.287+0000] {dag.py:3211} INFO - Sync 1 DAGs
[2024-08-27T22:30:48.385+0000] {logging_mixin.py:190} INFO - [2024-08-27T22:30:48.385+0000] {dag.py:4138} INFO - Setting next_dagrun for tutorial_objectstorage to None, run_after=None
[2024-08-27T22:30:48.474+0000] {processor.py:208} INFO - Processing /home/airflow/.local/lib/python3.12/site-packages/airflow/example_dags/tutorial_objectstorage.py took 0.465 seconds
[2024-08-27T22:31:18.780+0000] {processor.py:186} INFO - Started process (PID=280) to work on /home/airflow/.local/lib/python3.12/site-packages/airflow/example_dags/tutorial_objectstorage.py
[2024-08-27T22:31:18.781+0000] {processor.py:914} INFO - Processing file /home/airflow/.local/lib/python3.12/site-packages/airflow/example_dags/tutorial_objectstorage.py for tasks to queue
[2024-08-27T22:31:18.783+0000] {logging_mixin.py:190} INFO - [2024-08-27T22:31:18.783+0000] {dagbag.py:587} INFO - Filling up the DagBag from /home/airflow/.local/lib/python3.12/site-packages/airflow/example_dags/tutorial_objectstorage.py
[2024-08-27T22:31:18.801+0000] {processor.py:925} INFO - DAG(s) 'tutorial_objectstorage' retrieved from /home/airflow/.local/lib/python3.12/site-packages/airflow/example_dags/tutorial_objectstorage.py
[2024-08-27T22:31:18.848+0000] {logging_mixin.py:190} INFO - [2024-08-27T22:31:18.848+0000] {dag.py:3211} INFO - Sync 1 DAGs
[2024-08-27T22:31:18.873+0000] {logging_mixin.py:190} INFO - [2024-08-27T22:31:18.873+0000] {dag.py:4138} INFO - Setting next_dagrun for tutorial_objectstorage to None, run_after=None
[2024-08-27T22:31:18.920+0000] {processor.py:208} INFO - Processing /home/airflow/.local/lib/python3.12/site-packages/airflow/example_dags/tutorial_objectstorage.py took 0.150 seconds
[2024-08-27T22:31:49.181+0000] {processor.py:186} INFO - Started process (PID=341) to work on /home/airflow/.local/lib/python3.12/site-packages/airflow/example_dags/tutorial_objectstorage.py
[2024-08-27T22:31:49.182+0000] {processor.py:914} INFO - Processing file /home/airflow/.local/lib/python3.12/site-packages/airflow/example_dags/tutorial_objectstorage.py for tasks to queue
[2024-08-27T22:31:49.188+0000] {logging_mixin.py:190} INFO - [2024-08-27T22:31:49.187+0000] {dagbag.py:587} INFO - Filling up the DagBag from /home/airflow/.local/lib/python3.12/site-packages/airflow/example_dags/tutorial_objectstorage.py
[2024-08-27T22:31:49.206+0000] {processor.py:925} INFO - DAG(s) 'tutorial_objectstorage' retrieved from /home/airflow/.local/lib/python3.12/site-packages/airflow/example_dags/tutorial_objectstorage.py
[2024-08-27T22:31:49.269+0000] {logging_mixin.py:190} INFO - [2024-08-27T22:31:49.269+0000] {dag.py:3211} INFO - Sync 1 DAGs
[2024-08-27T22:31:49.291+0000] {logging_mixin.py:190} INFO - [2024-08-27T22:31:49.291+0000] {dag.py:4138} INFO - Setting next_dagrun for tutorial_objectstorage to None, run_after=None
[2024-08-27T22:31:49.330+0000] {processor.py:208} INFO - Processing /home/airflow/.local/lib/python3.12/site-packages/airflow/example_dags/tutorial_objectstorage.py took 0.164 seconds
[2024-08-27T22:32:19.403+0000] {processor.py:186} INFO - Started process (PID=402) to work on /home/airflow/.local/lib/python3.12/site-packages/airflow/example_dags/tutorial_objectstorage.py
[2024-08-27T22:32:19.407+0000] {processor.py:914} INFO - Processing file /home/airflow/.local/lib/python3.12/site-packages/airflow/example_dags/tutorial_objectstorage.py for tasks to queue
[2024-08-27T22:32:19.411+0000] {logging_mixin.py:190} INFO - [2024-08-27T22:32:19.411+0000] {dagbag.py:587} INFO - Filling up the DagBag from /home/airflow/.local/lib/python3.12/site-packages/airflow/example_dags/tutorial_objectstorage.py
[2024-08-27T22:32:19.425+0000] {processor.py:925} INFO - DAG(s) 'tutorial_objectstorage' retrieved from /home/airflow/.local/lib/python3.12/site-packages/airflow/example_dags/tutorial_objectstorage.py
[2024-08-27T22:32:19.470+0000] {logging_mixin.py:190} INFO - [2024-08-27T22:32:19.470+0000] {dag.py:3211} INFO - Sync 1 DAGs
[2024-08-27T22:32:19.489+0000] {logging_mixin.py:190} INFO - [2024-08-27T22:32:19.489+0000] {dag.py:4138} INFO - Setting next_dagrun for tutorial_objectstorage to None, run_after=None
[2024-08-27T22:32:19.515+0000] {processor.py:208} INFO - Processing /home/airflow/.local/lib/python3.12/site-packages/airflow/example_dags/tutorial_objectstorage.py took 0.124 seconds
[2024-08-27T22:32:51.464+0000] {processor.py:186} INFO - Started process (PID=465) to work on /home/airflow/.local/lib/python3.12/site-packages/airflow/example_dags/tutorial_objectstorage.py
[2024-08-27T22:32:51.465+0000] {processor.py:914} INFO - Processing file /home/airflow/.local/lib/python3.12/site-packages/airflow/example_dags/tutorial_objectstorage.py for tasks to queue
[2024-08-27T22:32:51.471+0000] {logging_mixin.py:190} INFO - [2024-08-27T22:32:51.470+0000] {dagbag.py:587} INFO - Filling up the DagBag from /home/airflow/.local/lib/python3.12/site-packages/airflow/example_dags/tutorial_objectstorage.py
[2024-08-27T22:32:51.486+0000] {processor.py:925} INFO - DAG(s) 'tutorial_objectstorage' retrieved from /home/airflow/.local/lib/python3.12/site-packages/airflow/example_dags/tutorial_objectstorage.py
[2024-08-27T22:32:51.609+0000] {logging_mixin.py:190} INFO - [2024-08-27T22:32:51.596+0000] {dag.py:3211} INFO - Sync 1 DAGs
[2024-08-27T22:32:51.706+0000] {logging_mixin.py:190} INFO - [2024-08-27T22:32:51.705+0000] {dag.py:4138} INFO - Setting next_dagrun for tutorial_objectstorage to None, run_after=None
[2024-08-27T22:32:51.786+0000] {processor.py:208} INFO - Processing /home/airflow/.local/lib/python3.12/site-packages/airflow/example_dags/tutorial_objectstorage.py took 0.329 seconds
[2024-08-27T22:33:22.607+0000] {processor.py:186} INFO - Started process (PID=527) to work on /home/airflow/.local/lib/python3.12/site-packages/airflow/example_dags/tutorial_objectstorage.py
[2024-08-27T22:33:22.609+0000] {processor.py:914} INFO - Processing file /home/airflow/.local/lib/python3.12/site-packages/airflow/example_dags/tutorial_objectstorage.py for tasks to queue
[2024-08-27T22:33:22.612+0000] {logging_mixin.py:190} INFO - [2024-08-27T22:33:22.611+0000] {dagbag.py:587} INFO - Filling up the DagBag from /home/airflow/.local/lib/python3.12/site-packages/airflow/example_dags/tutorial_objectstorage.py
[2024-08-27T22:33:22.624+0000] {processor.py:925} INFO - DAG(s) 'tutorial_objectstorage' retrieved from /home/airflow/.local/lib/python3.12/site-packages/airflow/example_dags/tutorial_objectstorage.py
[2024-08-27T22:33:22.669+0000] {logging_mixin.py:190} INFO - [2024-08-27T22:33:22.668+0000] {dag.py:3211} INFO - Sync 1 DAGs
[2024-08-27T22:33:22.687+0000] {logging_mixin.py:190} INFO - [2024-08-27T22:33:22.687+0000] {dag.py:4138} INFO - Setting next_dagrun for tutorial_objectstorage to None, run_after=None
[2024-08-27T22:33:22.714+0000] {processor.py:208} INFO - Processing /home/airflow/.local/lib/python3.12/site-packages/airflow/example_dags/tutorial_objectstorage.py took 0.115 seconds
[2024-08-27T22:33:54.843+0000] {processor.py:186} INFO - Started process (PID=588) to work on /home/airflow/.local/lib/python3.12/site-packages/airflow/example_dags/tutorial_objectstorage.py
[2024-08-27T22:33:54.905+0000] {processor.py:914} INFO - Processing file /home/airflow/.local/lib/python3.12/site-packages/airflow/example_dags/tutorial_objectstorage.py for tasks to queue
[2024-08-27T22:33:54.932+0000] {logging_mixin.py:190} INFO - [2024-08-27T22:33:54.923+0000] {dagbag.py:587} INFO - Filling up the DagBag from /home/airflow/.local/lib/python3.12/site-packages/airflow/example_dags/tutorial_objectstorage.py
[2024-08-27T22:33:55.102+0000] {processor.py:925} INFO - DAG(s) 'tutorial_objectstorage' retrieved from /home/airflow/.local/lib/python3.12/site-packages/airflow/example_dags/tutorial_objectstorage.py
[2024-08-27T22:33:55.347+0000] {logging_mixin.py:190} INFO - [2024-08-27T22:33:55.346+0000] {dag.py:3211} INFO - Sync 1 DAGs
[2024-08-27T22:33:55.581+0000] {logging_mixin.py:190} INFO - [2024-08-27T22:33:55.581+0000] {dag.py:4138} INFO - Setting next_dagrun for tutorial_objectstorage to None, run_after=None
[2024-08-27T22:33:55.759+0000] {processor.py:208} INFO - Processing /home/airflow/.local/lib/python3.12/site-packages/airflow/example_dags/tutorial_objectstorage.py took 0.961 seconds
[2024-08-27T22:36:40.676+0000] {processor.py:186} INFO - Started process (PID=92) to work on /home/airflow/.local/lib/python3.12/site-packages/airflow/example_dags/tutorial_objectstorage.py
[2024-08-27T22:36:40.697+0000] {processor.py:914} INFO - Processing file /home/airflow/.local/lib/python3.12/site-packages/airflow/example_dags/tutorial_objectstorage.py for tasks to queue
[2024-08-27T22:36:40.700+0000] {logging_mixin.py:190} INFO - [2024-08-27T22:36:40.700+0000] {dagbag.py:587} INFO - Filling up the DagBag from /home/airflow/.local/lib/python3.12/site-packages/airflow/example_dags/tutorial_objectstorage.py
[2024-08-27T22:36:40.745+0000] {processor.py:925} INFO - DAG(s) 'tutorial_objectstorage' retrieved from /home/airflow/.local/lib/python3.12/site-packages/airflow/example_dags/tutorial_objectstorage.py
[2024-08-27T22:36:41.330+0000] {logging_mixin.py:190} INFO - [2024-08-27T22:36:41.320+0000] {override.py:1858} INFO - Created Permission View: can delete on DAG:tutorial_objectstorage
[2024-08-27T22:36:41.422+0000] {logging_mixin.py:190} INFO - [2024-08-27T22:36:41.422+0000] {override.py:1858} INFO - Created Permission View: can edit on DAG:tutorial_objectstorage
[2024-08-27T22:36:41.506+0000] {logging_mixin.py:190} INFO - [2024-08-27T22:36:41.506+0000] {override.py:1858} INFO - Created Permission View: can read on DAG:tutorial_objectstorage
[2024-08-27T22:36:41.507+0000] {logging_mixin.py:190} INFO - [2024-08-27T22:36:41.507+0000] {dag.py:3211} INFO - Sync 1 DAGs
[2024-08-27T22:36:41.652+0000] {logging_mixin.py:190} INFO - [2024-08-27T22:36:41.634+0000] {dag.py:3234} INFO - Creating ORM DAG for tutorial_objectstorage
[2024-08-27T22:36:41.653+0000] {logging_mixin.py:190} INFO - [2024-08-27T22:36:41.653+0000] {dag.py:4138} INFO - Setting next_dagrun for tutorial_objectstorage to None, run_after=None
[2024-08-27T22:36:41.796+0000] {processor.py:208} INFO - Processing /home/airflow/.local/lib/python3.12/site-packages/airflow/example_dags/tutorial_objectstorage.py took 1.144 seconds
[2024-08-27T22:37:11.929+0000] {processor.py:186} INFO - Started process (PID=154) to work on /home/airflow/.local/lib/python3.12/site-packages/airflow/example_dags/tutorial_objectstorage.py
[2024-08-27T22:37:11.930+0000] {processor.py:914} INFO - Processing file /home/airflow/.local/lib/python3.12/site-packages/airflow/example_dags/tutorial_objectstorage.py for tasks to queue
[2024-08-27T22:37:11.933+0000] {logging_mixin.py:190} INFO - [2024-08-27T22:37:11.933+0000] {dagbag.py:587} INFO - Filling up the DagBag from /home/airflow/.local/lib/python3.12/site-packages/airflow/example_dags/tutorial_objectstorage.py
[2024-08-27T22:37:11.946+0000] {processor.py:925} INFO - DAG(s) 'tutorial_objectstorage' retrieved from /home/airflow/.local/lib/python3.12/site-packages/airflow/example_dags/tutorial_objectstorage.py
[2024-08-27T22:37:12.031+0000] {logging_mixin.py:190} INFO - [2024-08-27T22:37:12.031+0000] {dag.py:3211} INFO - Sync 1 DAGs
[2024-08-27T22:37:12.126+0000] {logging_mixin.py:190} INFO - [2024-08-27T22:37:12.126+0000] {dag.py:4138} INFO - Setting next_dagrun for tutorial_objectstorage to None, run_after=None
[2024-08-27T22:37:12.301+0000] {processor.py:208} INFO - Processing /home/airflow/.local/lib/python3.12/site-packages/airflow/example_dags/tutorial_objectstorage.py took 0.380 seconds
[2024-08-27T22:37:42.508+0000] {processor.py:186} INFO - Started process (PID=216) to work on /home/airflow/.local/lib/python3.12/site-packages/airflow/example_dags/tutorial_objectstorage.py
[2024-08-27T22:37:42.510+0000] {processor.py:914} INFO - Processing file /home/airflow/.local/lib/python3.12/site-packages/airflow/example_dags/tutorial_objectstorage.py for tasks to queue
[2024-08-27T22:37:42.513+0000] {logging_mixin.py:190} INFO - [2024-08-27T22:37:42.512+0000] {dagbag.py:587} INFO - Filling up the DagBag from /home/airflow/.local/lib/python3.12/site-packages/airflow/example_dags/tutorial_objectstorage.py
[2024-08-27T22:37:42.546+0000] {processor.py:925} INFO - DAG(s) 'tutorial_objectstorage' retrieved from /home/airflow/.local/lib/python3.12/site-packages/airflow/example_dags/tutorial_objectstorage.py
[2024-08-27T22:37:42.596+0000] {logging_mixin.py:190} INFO - [2024-08-27T22:37:42.596+0000] {dag.py:3211} INFO - Sync 1 DAGs
[2024-08-27T22:37:42.626+0000] {logging_mixin.py:190} INFO - [2024-08-27T22:37:42.626+0000] {dag.py:4138} INFO - Setting next_dagrun for tutorial_objectstorage to None, run_after=None
[2024-08-27T22:37:42.674+0000] {processor.py:208} INFO - Processing /home/airflow/.local/lib/python3.12/site-packages/airflow/example_dags/tutorial_objectstorage.py took 0.174 seconds
